[0.012s] Invoking command in '/home/roy/odri_dev/workspace/build/real_time_tools': CMAKE_PREFIX_PATH=/home/roy/odri_dev/workspace/install/pybind11:/home/roy/odri_dev/workspace/install/mpi_cmake_modules:/home/roy/odri_dev/workspace/install/googletest-distribution:/opt/openrobots:/opt/openrobots:/opt/openrobots:/opt/openrobots:/opt/openrobots PATH=/home/roy/odri_dev/workspace/install/mpi_cmake_modules/bin:${PATH} PYTHONPATH=/home/roy/odri_dev/workspace/install/mpi_cmake_modules/lib/python3.8/site-packages:/opt/openrobots/lib/python2.7/site-packages:/opt/openrobots/lib/python3.8/site-packages:/opt/openrobots/lib/python2.7/site-packages:/opt/openrobots/lib/python2.7/site-packages:/opt/openrobots/lib/python2.7/site-packages:/opt/openrobots/lib/python2.7/site-packages /usr/bin/cmake --build /home/roy/odri_dev/workspace/build/real_time_tools -- -j8 -l8
[0.089s] [  3%] [32m[1mLinking CXX shared library libreal_time_tools.so[0m
[0.297s] [ 31%] Built target real_time_tools
[0.316s] [35m[1mScanning dependencies of target demo_spinner[0m
[0.321s] [35m[1mScanning dependencies of target demo_checkpoint_timer[0m
[0.321s] [35m[1mScanning dependencies of target demo_realtime_strict_check[0m
[0.322s] [35m[1mScanning dependencies of target demo_thread[0m
[0.322s] [35m[1mScanning dependencies of target demo_realtime_check[0m
[0.322s] [35m[1mScanning dependencies of target demo_usb_stream_imu_3DM_GX3_25[0m
[0.324s] [35m[1mScanning dependencies of target test_real_time_tools[0m
[0.334s] [35m[1mScanning dependencies of target real_time_tools_cpp_bindings[0m
[0.340s] [ 37%] [32mBuilding CXX object CMakeFiles/demo_spinner.dir/demos/demo_spinner.cpp.o[0m
[0.340s] [ 37%] [32mBuilding CXX object CMakeFiles/demo_realtime_strict_check.dir/demos/demo_realtime_strict_check.cpp.o[0m
[0.343s] [ 41%] [32mBuilding CXX object CMakeFiles/demo_checkpoint_timer.dir/demos/demo_checkpoint_timer.cpp.o[0m
[0.346s] [ 44%] [32mBuilding CXX object CMakeFiles/demo_usb_stream_imu_3DM_GX3_25.dir/demos/demo_usb_stream_imu_3DM_GX3_25.cpp.o[0m
[0.353s] [ 48%] [32mBuilding CXX object CMakeFiles/demo_realtime_check.dir/demos/demo_realtime_check.cpp.o[0m
[0.363s] [ 55%] [32mBuilding CXX object CMakeFiles/test_real_time_tools.dir/tests/main.cpp.o[0m
[0.363s] [ 55%] [32mBuilding CXX object CMakeFiles/demo_thread.dir/demos/demo_thread.cpp.o[0m
[0.387s] [ 58%] [32mBuilding CXX object CMakeFiles/real_time_tools_cpp_bindings.dir/srcpy/real_time_tools.cpp.o[0m
[2.018s] [ 62%] [32m[1mLinking CXX executable demo_spinner[0m
[2.056s] [ 65%] [32m[1mLinking CXX executable demo_realtime_strict_check[0m
[2.402s] [ 65%] Built target demo_realtime_strict_check
[2.443s] [35m[1mScanning dependencies of target demo_timing[0m
[2.457s] [ 65%] Built target demo_spinner
[2.493s] [ 68%] [32mBuilding CXX object CMakeFiles/test_real_time_tools.dir/tests/test_real_time_tools.cpp.o[0m
[2.512s] [ 72%] [32mBuilding CXX object CMakeFiles/demo_timing.dir/demos/demo_timing.cpp.o[0m
[3.056s] [ 75%] [32mBuilding CXX object CMakeFiles/test_real_time_tools.dir/tests/threadsafe_object_test.cpp.o[0m
[3.434s] [ 79%] [32m[1mLinking CXX executable demo_realtime_check[0m
[3.582s] [ 82%] [32m[1mLinking CXX executable demo_checkpoint_timer[0m
[3.599s] [ 86%] [32m[1mLinking CXX executable demo_usb_stream_imu_3DM_GX3_25[0m
[3.735s] [ 89%] [32m[1mLinking CXX executable demo_thread[0m
[3.808s] [ 89%] Built target demo_realtime_check
[3.889s] [ 89%] Built target demo_usb_stream_imu_3DM_GX3_25
[3.928s] [ 89%] Built target demo_checkpoint_timer
[4.036s] [ 89%] Built target demo_thread
[5.024s] [ 93%] [32m[1mLinking CXX executable demo_timing[0m
[5.257s] [ 93%] Built target demo_timing
[7.334s] [ 96%] [32m[1mLinking CXX executable test_real_time_tools[0m
[7.522s] [ 96%] Built target test_real_time_tools
[9.193s] [100%] [32m[1mLinking CXX shared module real_time_tools_cpp_bindings.cpython-38-x86_64-linux-gnu.so[0m
[9.413s] [100%] Built target real_time_tools_cpp_bindings
[9.439s] Invoked command in '/home/roy/odri_dev/workspace/build/real_time_tools' returned '0': CMAKE_PREFIX_PATH=/home/roy/odri_dev/workspace/install/pybind11:/home/roy/odri_dev/workspace/install/mpi_cmake_modules:/home/roy/odri_dev/workspace/install/googletest-distribution:/opt/openrobots:/opt/openrobots:/opt/openrobots:/opt/openrobots:/opt/openrobots PATH=/home/roy/odri_dev/workspace/install/mpi_cmake_modules/bin:${PATH} PYTHONPATH=/home/roy/odri_dev/workspace/install/mpi_cmake_modules/lib/python3.8/site-packages:/opt/openrobots/lib/python2.7/site-packages:/opt/openrobots/lib/python3.8/site-packages:/opt/openrobots/lib/python2.7/site-packages:/opt/openrobots/lib/python2.7/site-packages:/opt/openrobots/lib/python2.7/site-packages:/opt/openrobots/lib/python2.7/site-packages /usr/bin/cmake --build /home/roy/odri_dev/workspace/build/real_time_tools -- -j8 -l8
[9.558s] Invoking command in '/home/roy/odri_dev/workspace/build/real_time_tools': CMAKE_PREFIX_PATH=/home/roy/odri_dev/workspace/install/pybind11:/home/roy/odri_dev/workspace/install/mpi_cmake_modules:/home/roy/odri_dev/workspace/install/googletest-distribution:/opt/openrobots:/opt/openrobots:/opt/openrobots:/opt/openrobots:/opt/openrobots PATH=/home/roy/odri_dev/workspace/install/mpi_cmake_modules/bin:${PATH} PYTHONPATH=/home/roy/odri_dev/workspace/install/mpi_cmake_modules/lib/python3.8/site-packages:/opt/openrobots/lib/python2.7/site-packages:/opt/openrobots/lib/python3.8/site-packages:/opt/openrobots/lib/python2.7/site-packages:/opt/openrobots/lib/python2.7/site-packages:/opt/openrobots/lib/python2.7/site-packages:/opt/openrobots/lib/python2.7/site-packages /usr/bin/cmake --install /home/roy/odri_dev/workspace/build/real_time_tools
[9.573s] -- Install configuration: "Release"
[9.574s] -- Installing: /home/roy/odri_dev/workspace/install/real_time_tools/lib/python3.8/site-packages/real_time_tools_cpp_bindings.cpython-38-x86_64-linux-gnu.so
[9.574s] -- Set runtime path of "/home/roy/odri_dev/workspace/install/real_time_tools/lib/python3.8/site-packages/real_time_tools_cpp_bindings.cpython-38-x86_64-linux-gnu.so" to "/home/roy/odri_dev/workspace/install/real_time_tools/lib:/home/roy/odri_dev/workspace/install/real_time_tools/lib/dynamic_graph_plugins"
[9.575s] -- Installing: /home/roy/odri_dev/workspace/install/real_time_tools/lib/python3.8/site-packages/real_time_tools/__init__.py
[9.575s] -- Installing: /home/roy/odri_dev/workspace/install/real_time_tools/include
[9.575s] -- Installing: /home/roy/odri_dev/workspace/install/real_time_tools/include/real_time_tools
[9.575s] -- Installing: /home/roy/odri_dev/workspace/install/real_time_tools/include/real_time_tools/usb_stream.hpp
[9.575s] -- Installing: /home/roy/odri_dev/workspace/install/real_time_tools/include/real_time_tools/checkpoint_timer.hpp
[9.575s] -- Installing: /home/roy/odri_dev/workspace/install/real_time_tools/include/real_time_tools/thread.hpp
[9.576s] -- Installing: /home/roy/odri_dev/workspace/install/real_time_tools/include/real_time_tools/spinner.hpp
[9.576s] -- Installing: /home/roy/odri_dev/workspace/install/real_time_tools/include/real_time_tools/timer.hpp
[9.576s] -- Installing: /home/roy/odri_dev/workspace/install/real_time_tools/include/real_time_tools/mutex.hpp
[9.576s] -- Installing: /home/roy/odri_dev/workspace/install/real_time_tools/include/real_time_tools/checkpoint_timer.hxx
[9.576s] -- Installing: /home/roy/odri_dev/workspace/install/real_time_tools/include/real_time_tools/frequency_manager.hpp
[9.576s] -- Installing: /home/roy/odri_dev/workspace/install/real_time_tools/include/real_time_tools/rt_mutex.hpp
[9.576s] -- Installing: /home/roy/odri_dev/workspace/install/real_time_tools/include/real_time_tools/threadsafe
[9.577s] -- Installing: /home/roy/odri_dev/workspace/install/real_time_tools/include/real_time_tools/threadsafe/threadsafe_object.hpp
[9.577s] -- Installing: /home/roy/odri_dev/workspace/install/real_time_tools/include/real_time_tools/threadsafe/threadsafe_object.hxx
[9.577s] -- Installing: /home/roy/odri_dev/workspace/install/real_time_tools/include/real_time_tools/realtime_check.hpp
[9.577s] -- Installing: /home/roy/odri_dev/workspace/install/real_time_tools/include/real_time_tools/iostream.hpp
[9.577s] -- Installing: /home/roy/odri_dev/workspace/install/real_time_tools/include/real_time_tools/process_manager.hpp
[9.577s] -- Installing: /home/roy/odri_dev/workspace/install/real_time_tools/lib/libreal_time_tools.so
[9.577s] -- Set runtime path of "/home/roy/odri_dev/workspace/install/real_time_tools/lib/libreal_time_tools.so" to "/home/roy/odri_dev/workspace/install/real_time_tools/lib:/home/roy/odri_dev/workspace/install/real_time_tools/lib/dynamic_graph_plugins"
[9.578s] -- Installing: /home/roy/odri_dev/workspace/install/real_time_tools/bin/demo_realtime_check
[9.578s] -- Set runtime path of "/home/roy/odri_dev/workspace/install/real_time_tools/bin/demo_realtime_check" to "/home/roy/odri_dev/workspace/install/real_time_tools/lib:/home/roy/odri_dev/workspace/install/real_time_tools/lib/dynamic_graph_plugins"
[9.578s] -- Installing: /home/roy/odri_dev/workspace/install/real_time_tools/bin/demo_realtime_strict_check
[9.579s] -- Set runtime path of "/home/roy/odri_dev/workspace/install/real_time_tools/bin/demo_realtime_strict_check" to "/home/roy/odri_dev/workspace/install/real_time_tools/lib:/home/roy/odri_dev/workspace/install/real_time_tools/lib/dynamic_graph_plugins"
[9.579s] -- Installing: /home/roy/odri_dev/workspace/install/real_time_tools/bin/demo_spinner
[9.579s] -- Set runtime path of "/home/roy/odri_dev/workspace/install/real_time_tools/bin/demo_spinner" to "/home/roy/odri_dev/workspace/install/real_time_tools/lib:/home/roy/odri_dev/workspace/install/real_time_tools/lib/dynamic_graph_plugins"
[9.579s] -- Installing: /home/roy/odri_dev/workspace/install/real_time_tools/bin/demo_timing
[9.580s] -- Set runtime path of "/home/roy/odri_dev/workspace/install/real_time_tools/bin/demo_timing" to "/home/roy/odri_dev/workspace/install/real_time_tools/lib:/home/roy/odri_dev/workspace/install/real_time_tools/lib/dynamic_graph_plugins"
[9.580s] -- Installing: /home/roy/odri_dev/workspace/install/real_time_tools/bin/demo_thread
[9.581s] -- Set runtime path of "/home/roy/odri_dev/workspace/install/real_time_tools/bin/demo_thread" to "/home/roy/odri_dev/workspace/install/real_time_tools/lib:/home/roy/odri_dev/workspace/install/real_time_tools/lib/dynamic_graph_plugins"
[9.581s] -- Installing: /home/roy/odri_dev/workspace/install/real_time_tools/bin/demo_usb_stream_imu_3DM_GX3_25
[9.581s] -- Set runtime path of "/home/roy/odri_dev/workspace/install/real_time_tools/bin/demo_usb_stream_imu_3DM_GX3_25" to "/home/roy/odri_dev/workspace/install/real_time_tools/lib:/home/roy/odri_dev/workspace/install/real_time_tools/lib/dynamic_graph_plugins"
[9.581s] -- Installing: /home/roy/odri_dev/workspace/install/real_time_tools/bin/demo_checkpoint_timer
[9.582s] -- Set runtime path of "/home/roy/odri_dev/workspace/install/real_time_tools/bin/demo_checkpoint_timer" to "/home/roy/odri_dev/workspace/install/real_time_tools/lib:/home/roy/odri_dev/workspace/install/real_time_tools/lib/dynamic_graph_plugins"
[9.582s] -- Installing: /home/roy/odri_dev/workspace/install/real_time_tools/share/real_time_tools/cmake/real_time_toolsConfig.cmake
[9.583s] -- Installing: /home/roy/odri_dev/workspace/install/real_time_tools/share/real_time_tools/cmake/real_time_toolsConfigVersion.cmake
[9.583s] -- Installing: /home/roy/odri_dev/workspace/install/real_time_tools/share/real_time_tools/cmake/real_time_toolsTargets.cmake
[9.583s] -- Installing: /home/roy/odri_dev/workspace/install/real_time_tools/share/real_time_tools/cmake/real_time_toolsTargets-release.cmake
[9.596s] Invoked command in '/home/roy/odri_dev/workspace/build/real_time_tools' returned '0': CMAKE_PREFIX_PATH=/home/roy/odri_dev/workspace/install/pybind11:/home/roy/odri_dev/workspace/install/mpi_cmake_modules:/home/roy/odri_dev/workspace/install/googletest-distribution:/opt/openrobots:/opt/openrobots:/opt/openrobots:/opt/openrobots:/opt/openrobots PATH=/home/roy/odri_dev/workspace/install/mpi_cmake_modules/bin:${PATH} PYTHONPATH=/home/roy/odri_dev/workspace/install/mpi_cmake_modules/lib/python3.8/site-packages:/opt/openrobots/lib/python2.7/site-packages:/opt/openrobots/lib/python3.8/site-packages:/opt/openrobots/lib/python2.7/site-packages:/opt/openrobots/lib/python2.7/site-packages:/opt/openrobots/lib/python2.7/site-packages:/opt/openrobots/lib/python2.7/site-packages /usr/bin/cmake --install /home/roy/odri_dev/workspace/build/real_time_tools
