[1.914s] Invoking command in '/home/roy/odri_dev/workspace/src/robot_properties_solo': PYTHONPATH=/home/roy/odri_dev/workspace/install/robot_properties_solo/lib/python3.8/site-packages:/home/roy/odri_dev/workspace/install/bullet_utils/lib/python3.8/site-packages /usr/bin/python3 setup.py egg_info --egg-base ../../build/robot_properties_solo build --build-base /home/roy/odri_dev/workspace/build/robot_properties_solo/build install --prefix /home/roy/odri_dev/workspace/install/robot_properties_solo --record /home/roy/odri_dev/workspace/build/robot_properties_solo/install.log --single-version-externally-managed
[2.514s] resources =  ['resources/impedance_ctrl.yaml', 'resources/dynamic_graph_manager/dgm_parameters_solo12_wireless_mpi_is.yaml', 'resources/dynamic_graph_manager/dgm_parameters_solo12_mpi_is.yaml', 'resources/dynamic_graph_manager/dgm_parameters_solo8.yaml', 'resources/dynamic_graph_manager/dgm_parameters_solo12_nyu.yaml', 'resources/dynamic_graph_manager/dgm_parameters_solo12.yaml', 'resources/dynamic_graph_manager/dgm_parameters_solo8ti.yaml', 'resources/odri_control_interface/solo12_driver.yaml', 'resources/launch/visual_rviz.launch', 'resources/launch/dashboard.launch', 'resources/launch/bringup.launch', 'resources/launch/rviz.launch', 'resources/rviz/display.rviz', 'resources/rviz/solo.rviz', 'resources/rviz/dgbullet_vs_pybullet.rviz', 'resources/srdf/solo.srdf', 'resources/pre_generated_urdf/readme.md', 'resources/xacro/solo8.urdf.xacro', 'resources/xacro/solo12.urdf.xacro', 'resources/xacro/plane_with_restitution.urdf.xacro', 'resources/xacro/leg.xacro', 'resources/rqt/solo.perspective.in', 'resources/meshes/cylinder.obj', 'resources/meshes/checker_blue.png', 'resources/meshes/cube.obj', 'resources/meshes/plane.obj', 'resources/meshes/sphere.obj', 'resources/meshes/plane.mtl', 'resources/meshes/obj/without_foot/solo_body.obj', 'resources/meshes/obj/without_foot/solo_lower_leg_left_side.mtl', 'resources/meshes/obj/without_foot/solo_upper_leg_right_side.obj', 'resources/meshes/obj/without_foot/solo_upper_leg_right_side.mtl', 'resources/meshes/obj/without_foot/solo_lower_leg_right_side.obj', 'resources/meshes/obj/without_foot/solo_lower_leg_right_side.mtl', 'resources/meshes/obj/without_foot/solo_upper_leg_left_side.mtl', 'resources/meshes/obj/without_foot/solo_body.mtl', 'resources/meshes/obj/without_foot/solo_lower_leg_left_side.obj', 'resources/meshes/obj/without_foot/solo_upper_leg_left_side.obj', 'resources/meshes/obj/with_foot/solo_body.obj', 'resources/meshes/obj/with_foot/solo_lower_leg_left_side.mtl', 'resources/meshes/obj/with_foot/solo_upper_leg_right_side.obj', 'resources/meshes/obj/with_foot/solo_foot.obj', 'resources/meshes/obj/with_foot/solo_upper_leg_right_side.mtl', 'resources/meshes/obj/with_foot/solo_lower_leg_right_side.obj', 'resources/meshes/obj/with_foot/solo_lower_leg_right_side.mtl', 'resources/meshes/obj/with_foot/solo_upper_leg_left_side.mtl', 'resources/meshes/obj/with_foot/solo_foot.mtl', 'resources/meshes/obj/with_foot/solo_body.mtl', 'resources/meshes/obj/with_foot/solo_lower_leg_left_side.obj', 'resources/meshes/obj/with_foot/solo_upper_leg_left_side.obj', 'resources/meshes/stl/without_foot/solo_body.stl', 'resources/meshes/stl/without_foot/solo_lower_leg_left_side.stl', 'resources/meshes/stl/without_foot/solo_upper_leg_left_side.stl', 'resources/meshes/stl/without_foot/solo_lower_leg_right_side.stl', 'resources/meshes/stl/without_foot/solo_upper_leg_right_side.stl', 'resources/meshes/stl/solo12/solo12_lower_leg_left_side.stl', 'resources/meshes/stl/solo12/_solo12_visualisation_model.PDF', 'resources/meshes/stl/solo12/solo_12_base.stl', 'resources/meshes/stl/solo12/solo12_hip_fe_hl.stl', 'resources/meshes/stl/solo12/solo12_hip_fe_fr.stl', 'resources/meshes/stl/solo12/solo12_upper_leg_left_side.stl', 'resources/meshes/stl/solo12/solo12_upper_leg_right_side.stl', 'resources/meshes/stl/solo12/solo12_hip_fe_fl.stl', 'resources/meshes/stl/solo12/solo12_hip_fe_hr.stl', 'resources/meshes/stl/solo12/solo12_coordinate_systems_4.png', 'resources/meshes/stl/solo12/solo12_lower_leg_right_side.stl', 'resources/meshes/stl/solo12/solo12_coordinate_systems_2.png', 'resources/meshes/stl/solo12/solo12_coordinate_systems.png', 'resources/meshes/stl/solo12/solo12_coordinate_systems_3.png', 'resources/meshes/stl/with_foot/solo_body.stl', 'resources/meshes/stl/with_foot/solo_lower_leg_left_side.stl', 'resources/meshes/stl/with_foot/solo_upper_leg_left_side.stl', 'resources/meshes/stl/with_foot/solo_lower_leg_right_side.stl', 'resources/meshes/stl/with_foot/solo_foot.stl', 'resources/meshes/stl/with_foot/solo_upper_leg_right_side.stl']
[2.550s] running egg_info
[2.553s] writing ../../build/robot_properties_solo/robot_properties_solo.egg-info/PKG-INFO
[2.554s] writing dependency_links to ../../build/robot_properties_solo/robot_properties_solo.egg-info/dependency_links.txt
[2.555s] writing entry points to ../../build/robot_properties_solo/robot_properties_solo.egg-info/entry_points.txt
[2.555s] writing requirements to ../../build/robot_properties_solo/robot_properties_solo.egg-info/requires.txt
[2.556s] writing top-level names to ../../build/robot_properties_solo/robot_properties_solo.egg-info/top_level.txt
[2.564s] reading manifest file '../../build/robot_properties_solo/robot_properties_solo.egg-info/SOURCES.txt'
[2.569s] writing manifest file '../../build/robot_properties_solo/robot_properties_solo.egg-info/SOURCES.txt'
[2.570s] running build
[2.571s] running build_py
[2.572s] 
[2.587s] building xacro file ( /home/roy/odri_dev/workspace/src/robot_properties_solo/src/robot_properties_solo/resources/xacro/solo8.urdf.xacro ) into ( /home/roy/odri_dev/workspace/build/robot_properties_solo/build/lib/robot_properties_solo/resources/urdf/solo8.urdf )
[2.690s] building xacro file ( /home/roy/odri_dev/workspace/src/robot_properties_solo/src/robot_properties_solo/resources/xacro/solo12.urdf.xacro ) into ( /home/roy/odri_dev/workspace/build/robot_properties_solo/build/lib/robot_properties_solo/resources/urdf/solo12.urdf )
[2.819s] building xacro file ( /home/roy/odri_dev/workspace/src/robot_properties_solo/src/robot_properties_solo/resources/xacro/plane_with_restitution.urdf.xacro ) into ( /home/roy/odri_dev/workspace/build/robot_properties_solo/build/lib/robot_properties_solo/resources/urdf/plane_with_restitution.urdf )
[2.821s] building xacro file ( /home/roy/odri_dev/workspace/src/robot_properties_solo/src/robot_properties_solo/resources/xacro/solo8.urdf.xacro ) into ( /home/roy/odri_dev/workspace/build/robot_properties_solo/build/lib/robot_properties_solo/resources/urdf/solo8.urdf )
[2.981s] building xacro file ( /home/roy/odri_dev/workspace/src/robot_properties_solo/src/robot_properties_solo/resources/xacro/solo12.urdf.xacro ) into ( /home/roy/odri_dev/workspace/build/robot_properties_solo/build/lib/robot_properties_solo/resources/urdf/solo12.urdf )
[3.166s] building xacro file ( /home/roy/odri_dev/workspace/src/robot_properties_solo/src/robot_properties_solo/resources/xacro/plane_with_restitution.urdf.xacro ) into ( /home/roy/odri_dev/workspace/build/robot_properties_solo/build/lib/robot_properties_solo/resources/urdf/plane_with_restitution.urdf )
[3.166s] building xacro file ( /home/roy/odri_dev/workspace/src/robot_properties_solo/src/robot_properties_solo/resources/xacro/solo8.urdf.xacro ) into ( /home/roy/odri_dev/workspace/build/robot_properties_solo/build/lib/robot_properties_solo/resources/urdf/solo8.urdf )
[3.242s] building xacro file ( /home/roy/odri_dev/workspace/src/robot_properties_solo/src/robot_properties_solo/resources/xacro/solo12.urdf.xacro ) into ( /home/roy/odri_dev/workspace/build/robot_properties_solo/build/lib/robot_properties_solo/resources/urdf/solo12.urdf )
[3.357s] building xacro file ( /home/roy/odri_dev/workspace/src/robot_properties_solo/src/robot_properties_solo/resources/xacro/plane_with_restitution.urdf.xacro ) into ( /home/roy/odri_dev/workspace/build/robot_properties_solo/build/lib/robot_properties_solo/resources/urdf/plane_with_restitution.urdf )
[3.360s] copying src/robot_properties_solo/solo12wrapper.py -> /home/roy/odri_dev/workspace/build/robot_properties_solo/build/lib/robot_properties_solo
[3.361s] copying src/robot_properties_solo/config.py -> /home/roy/odri_dev/workspace/build/robot_properties_solo/build/lib/robot_properties_solo
[3.362s] copying src/robot_properties_solo/resources.py -> /home/roy/odri_dev/workspace/build/robot_properties_solo/build/lib/robot_properties_solo
[3.363s] copying src/robot_properties_solo/solo8wrapper.py -> /home/roy/odri_dev/workspace/build/robot_properties_solo/build/lib/robot_properties_solo
[3.364s] copying src/robot_properties_solo/gepetto_gui_loader.py -> /home/roy/odri_dev/workspace/build/robot_properties_solo/build/lib/robot_properties_solo
[3.366s] copying src/robot_properties_solo/__init__.py -> /home/roy/odri_dev/workspace/build/robot_properties_solo/build/lib/robot_properties_solo
[3.367s] copying src/robot_properties_solo/quadruped12wrapper.py -> /home/roy/odri_dev/workspace/build/robot_properties_solo/build/lib/robot_properties_solo
[3.368s] copying src/robot_properties_solo/resources/impedance_ctrl.yaml -> /home/roy/odri_dev/workspace/build/robot_properties_solo/build/lib/robot_properties_solo/resources
[3.369s] creating /home/roy/odri_dev/workspace/build/robot_properties_solo/build/lib/robot_properties_solo/resources/dynamic_graph_manager
[3.370s] copying src/robot_properties_solo/resources/dynamic_graph_manager/dgm_parameters_solo12_wireless_mpi_is.yaml -> /home/roy/odri_dev/workspace/build/robot_properties_solo/build/lib/robot_properties_solo/resources/dynamic_graph_manager
[3.371s] copying src/robot_properties_solo/resources/dynamic_graph_manager/dgm_parameters_solo12_mpi_is.yaml -> /home/roy/odri_dev/workspace/build/robot_properties_solo/build/lib/robot_properties_solo/resources/dynamic_graph_manager
[3.372s] copying src/robot_properties_solo/resources/dynamic_graph_manager/dgm_parameters_solo8.yaml -> /home/roy/odri_dev/workspace/build/robot_properties_solo/build/lib/robot_properties_solo/resources/dynamic_graph_manager
[3.373s] copying src/robot_properties_solo/resources/dynamic_graph_manager/dgm_parameters_solo12_nyu.yaml -> /home/roy/odri_dev/workspace/build/robot_properties_solo/build/lib/robot_properties_solo/resources/dynamic_graph_manager
[3.375s] copying src/robot_properties_solo/resources/dynamic_graph_manager/dgm_parameters_solo12.yaml -> /home/roy/odri_dev/workspace/build/robot_properties_solo/build/lib/robot_properties_solo/resources/dynamic_graph_manager
[3.376s] copying src/robot_properties_solo/resources/dynamic_graph_manager/dgm_parameters_solo8ti.yaml -> /home/roy/odri_dev/workspace/build/robot_properties_solo/build/lib/robot_properties_solo/resources/dynamic_graph_manager
[3.377s] creating /home/roy/odri_dev/workspace/build/robot_properties_solo/build/lib/robot_properties_solo/resources/odri_control_interface
[3.377s] copying src/robot_properties_solo/resources/odri_control_interface/solo12_driver.yaml -> /home/roy/odri_dev/workspace/build/robot_properties_solo/build/lib/robot_properties_solo/resources/odri_control_interface
[3.379s] creating /home/roy/odri_dev/workspace/build/robot_properties_solo/build/lib/robot_properties_solo/resources/launch
[3.379s] copying src/robot_properties_solo/resources/launch/visual_rviz.launch -> /home/roy/odri_dev/workspace/build/robot_properties_solo/build/lib/robot_properties_solo/resources/launch
[3.380s] copying src/robot_properties_solo/resources/launch/dashboard.launch -> /home/roy/odri_dev/workspace/build/robot_properties_solo/build/lib/robot_properties_solo/resources/launch
[3.381s] copying src/robot_properties_solo/resources/launch/bringup.launch -> /home/roy/odri_dev/workspace/build/robot_properties_solo/build/lib/robot_properties_solo/resources/launch
[3.382s] copying src/robot_properties_solo/resources/launch/rviz.launch -> /home/roy/odri_dev/workspace/build/robot_properties_solo/build/lib/robot_properties_solo/resources/launch
[3.384s] creating /home/roy/odri_dev/workspace/build/robot_properties_solo/build/lib/robot_properties_solo/resources/rviz
[3.385s] copying src/robot_properties_solo/resources/rviz/display.rviz -> /home/roy/odri_dev/workspace/build/robot_properties_solo/build/lib/robot_properties_solo/resources/rviz
[3.386s] copying src/robot_properties_solo/resources/rviz/solo.rviz -> /home/roy/odri_dev/workspace/build/robot_properties_solo/build/lib/robot_properties_solo/resources/rviz
[3.387s] copying src/robot_properties_solo/resources/rviz/dgbullet_vs_pybullet.rviz -> /home/roy/odri_dev/workspace/build/robot_properties_solo/build/lib/robot_properties_solo/resources/rviz
[3.388s] creating /home/roy/odri_dev/workspace/build/robot_properties_solo/build/lib/robot_properties_solo/resources/srdf
[3.388s] copying src/robot_properties_solo/resources/srdf/solo.srdf -> /home/roy/odri_dev/workspace/build/robot_properties_solo/build/lib/robot_properties_solo/resources/srdf
[3.389s] creating /home/roy/odri_dev/workspace/build/robot_properties_solo/build/lib/robot_properties_solo/resources/pre_generated_urdf
[3.390s] copying src/robot_properties_solo/resources/pre_generated_urdf/readme.md -> /home/roy/odri_dev/workspace/build/robot_properties_solo/build/lib/robot_properties_solo/resources/pre_generated_urdf
[3.391s] creating /home/roy/odri_dev/workspace/build/robot_properties_solo/build/lib/robot_properties_solo/resources/xacro
[3.392s] copying src/robot_properties_solo/resources/xacro/solo8.urdf.xacro -> /home/roy/odri_dev/workspace/build/robot_properties_solo/build/lib/robot_properties_solo/resources/xacro
[3.393s] copying src/robot_properties_solo/resources/xacro/solo12.urdf.xacro -> /home/roy/odri_dev/workspace/build/robot_properties_solo/build/lib/robot_properties_solo/resources/xacro
[3.394s] copying src/robot_properties_solo/resources/xacro/plane_with_restitution.urdf.xacro -> /home/roy/odri_dev/workspace/build/robot_properties_solo/build/lib/robot_properties_solo/resources/xacro
[3.395s] copying src/robot_properties_solo/resources/xacro/leg.xacro -> /home/roy/odri_dev/workspace/build/robot_properties_solo/build/lib/robot_properties_solo/resources/xacro
[3.396s] creating /home/roy/odri_dev/workspace/build/robot_properties_solo/build/lib/robot_properties_solo/resources/rqt
[3.397s] copying src/robot_properties_solo/resources/rqt/solo.perspective.in -> /home/roy/odri_dev/workspace/build/robot_properties_solo/build/lib/robot_properties_solo/resources/rqt
[3.398s] creating /home/roy/odri_dev/workspace/build/robot_properties_solo/build/lib/robot_properties_solo/resources/meshes
[3.399s] copying src/robot_properties_solo/resources/meshes/cylinder.obj -> /home/roy/odri_dev/workspace/build/robot_properties_solo/build/lib/robot_properties_solo/resources/meshes
[3.400s] copying src/robot_properties_solo/resources/meshes/checker_blue.png -> /home/roy/odri_dev/workspace/build/robot_properties_solo/build/lib/robot_properties_solo/resources/meshes
[3.401s] copying src/robot_properties_solo/resources/meshes/cube.obj -> /home/roy/odri_dev/workspace/build/robot_properties_solo/build/lib/robot_properties_solo/resources/meshes
[3.402s] copying src/robot_properties_solo/resources/meshes/plane.obj -> /home/roy/odri_dev/workspace/build/robot_properties_solo/build/lib/robot_properties_solo/resources/meshes
[3.403s] copying src/robot_properties_solo/resources/meshes/sphere.obj -> /home/roy/odri_dev/workspace/build/robot_properties_solo/build/lib/robot_properties_solo/resources/meshes
[3.404s] copying src/robot_properties_solo/resources/meshes/plane.mtl -> /home/roy/odri_dev/workspace/build/robot_properties_solo/build/lib/robot_properties_solo/resources/meshes
[3.405s] creating /home/roy/odri_dev/workspace/build/robot_properties_solo/build/lib/robot_properties_solo/resources/meshes/obj
[3.406s] creating /home/roy/odri_dev/workspace/build/robot_properties_solo/build/lib/robot_properties_solo/resources/meshes/obj/without_foot
[3.407s] copying src/robot_properties_solo/resources/meshes/obj/without_foot/solo_body.obj -> /home/roy/odri_dev/workspace/build/robot_properties_solo/build/lib/robot_properties_solo/resources/meshes/obj/without_foot
[3.410s] copying src/robot_properties_solo/resources/meshes/obj/without_foot/solo_lower_leg_left_side.mtl -> /home/roy/odri_dev/workspace/build/robot_properties_solo/build/lib/robot_properties_solo/resources/meshes/obj/without_foot
[3.411s] copying src/robot_properties_solo/resources/meshes/obj/without_foot/solo_upper_leg_right_side.obj -> /home/roy/odri_dev/workspace/build/robot_properties_solo/build/lib/robot_properties_solo/resources/meshes/obj/without_foot
[3.413s] copying src/robot_properties_solo/resources/meshes/obj/without_foot/solo_upper_leg_right_side.mtl -> /home/roy/odri_dev/workspace/build/robot_properties_solo/build/lib/robot_properties_solo/resources/meshes/obj/without_foot
[3.413s] copying src/robot_properties_solo/resources/meshes/obj/without_foot/solo_lower_leg_right_side.obj -> /home/roy/odri_dev/workspace/build/robot_properties_solo/build/lib/robot_properties_solo/resources/meshes/obj/without_foot
[3.415s] copying src/robot_properties_solo/resources/meshes/obj/without_foot/solo_lower_leg_right_side.mtl -> /home/roy/odri_dev/workspace/build/robot_properties_solo/build/lib/robot_properties_solo/resources/meshes/obj/without_foot
[3.416s] copying src/robot_properties_solo/resources/meshes/obj/without_foot/solo_upper_leg_left_side.mtl -> /home/roy/odri_dev/workspace/build/robot_properties_solo/build/lib/robot_properties_solo/resources/meshes/obj/without_foot
[3.417s] copying src/robot_properties_solo/resources/meshes/obj/without_foot/solo_body.mtl -> /home/roy/odri_dev/workspace/build/robot_properties_solo/build/lib/robot_properties_solo/resources/meshes/obj/without_foot
[3.418s] copying src/robot_properties_solo/resources/meshes/obj/without_foot/solo_lower_leg_left_side.obj -> /home/roy/odri_dev/workspace/build/robot_properties_solo/build/lib/robot_properties_solo/resources/meshes/obj/without_foot
[3.419s] copying src/robot_properties_solo/resources/meshes/obj/without_foot/solo_upper_leg_left_side.obj -> /home/roy/odri_dev/workspace/build/robot_properties_solo/build/lib/robot_properties_solo/resources/meshes/obj/without_foot
[3.420s] creating /home/roy/odri_dev/workspace/build/robot_properties_solo/build/lib/robot_properties_solo/resources/meshes/obj/with_foot
[3.421s] copying src/robot_properties_solo/resources/meshes/obj/with_foot/solo_body.obj -> /home/roy/odri_dev/workspace/build/robot_properties_solo/build/lib/robot_properties_solo/resources/meshes/obj/with_foot
[3.424s] copying src/robot_properties_solo/resources/meshes/obj/with_foot/solo_lower_leg_left_side.mtl -> /home/roy/odri_dev/workspace/build/robot_properties_solo/build/lib/robot_properties_solo/resources/meshes/obj/with_foot
[3.425s] copying src/robot_properties_solo/resources/meshes/obj/with_foot/solo_upper_leg_right_side.obj -> /home/roy/odri_dev/workspace/build/robot_properties_solo/build/lib/robot_properties_solo/resources/meshes/obj/with_foot
[3.426s] copying src/robot_properties_solo/resources/meshes/obj/with_foot/solo_foot.obj -> /home/roy/odri_dev/workspace/build/robot_properties_solo/build/lib/robot_properties_solo/resources/meshes/obj/with_foot
[3.428s] copying src/robot_properties_solo/resources/meshes/obj/with_foot/solo_upper_leg_right_side.mtl -> /home/roy/odri_dev/workspace/build/robot_properties_solo/build/lib/robot_properties_solo/resources/meshes/obj/with_foot
[3.429s] copying src/robot_properties_solo/resources/meshes/obj/with_foot/solo_lower_leg_right_side.obj -> /home/roy/odri_dev/workspace/build/robot_properties_solo/build/lib/robot_properties_solo/resources/meshes/obj/with_foot
[3.430s] copying src/robot_properties_solo/resources/meshes/obj/with_foot/solo_lower_leg_right_side.mtl -> /home/roy/odri_dev/workspace/build/robot_properties_solo/build/lib/robot_properties_solo/resources/meshes/obj/with_foot
[3.431s] copying src/robot_properties_solo/resources/meshes/obj/with_foot/solo_upper_leg_left_side.mtl -> /home/roy/odri_dev/workspace/build/robot_properties_solo/build/lib/robot_properties_solo/resources/meshes/obj/with_foot
[3.432s] copying src/robot_properties_solo/resources/meshes/obj/with_foot/solo_foot.mtl -> /home/roy/odri_dev/workspace/build/robot_properties_solo/build/lib/robot_properties_solo/resources/meshes/obj/with_foot
[3.433s] copying src/robot_properties_solo/resources/meshes/obj/with_foot/solo_body.mtl -> /home/roy/odri_dev/workspace/build/robot_properties_solo/build/lib/robot_properties_solo/resources/meshes/obj/with_foot
[3.434s] copying src/robot_properties_solo/resources/meshes/obj/with_foot/solo_lower_leg_left_side.obj -> /home/roy/odri_dev/workspace/build/robot_properties_solo/build/lib/robot_properties_solo/resources/meshes/obj/with_foot
[3.435s] copying src/robot_properties_solo/resources/meshes/obj/with_foot/solo_upper_leg_left_side.obj -> /home/roy/odri_dev/workspace/build/robot_properties_solo/build/lib/robot_properties_solo/resources/meshes/obj/with_foot
[3.437s] creating /home/roy/odri_dev/workspace/build/robot_properties_solo/build/lib/robot_properties_solo/resources/meshes/stl
[3.437s] creating /home/roy/odri_dev/workspace/build/robot_properties_solo/build/lib/robot_properties_solo/resources/meshes/stl/without_foot
[3.438s] copying src/robot_properties_solo/resources/meshes/stl/without_foot/solo_body.stl -> /home/roy/odri_dev/workspace/build/robot_properties_solo/build/lib/robot_properties_solo/resources/meshes/stl/without_foot
[3.440s] copying src/robot_properties_solo/resources/meshes/stl/without_foot/solo_lower_leg_left_side.stl -> /home/roy/odri_dev/workspace/build/robot_properties_solo/build/lib/robot_properties_solo/resources/meshes/stl/without_foot
[3.442s] copying src/robot_properties_solo/resources/meshes/stl/without_foot/solo_upper_leg_left_side.stl -> /home/roy/odri_dev/workspace/build/robot_properties_solo/build/lib/robot_properties_solo/resources/meshes/stl/without_foot
[3.443s] copying src/robot_properties_solo/resources/meshes/stl/without_foot/solo_lower_leg_right_side.stl -> /home/roy/odri_dev/workspace/build/robot_properties_solo/build/lib/robot_properties_solo/resources/meshes/stl/without_foot
[3.444s] copying src/robot_properties_solo/resources/meshes/stl/without_foot/solo_upper_leg_right_side.stl -> /home/roy/odri_dev/workspace/build/robot_properties_solo/build/lib/robot_properties_solo/resources/meshes/stl/without_foot
[3.448s] creating /home/roy/odri_dev/workspace/build/robot_properties_solo/build/lib/robot_properties_solo/resources/meshes/stl/solo12
[3.449s] copying src/robot_properties_solo/resources/meshes/stl/solo12/solo12_lower_leg_left_side.stl -> /home/roy/odri_dev/workspace/build/robot_properties_solo/build/lib/robot_properties_solo/resources/meshes/stl/solo12
[3.450s] copying src/robot_properties_solo/resources/meshes/stl/solo12/_solo12_visualisation_model.PDF -> /home/roy/odri_dev/workspace/build/robot_properties_solo/build/lib/robot_properties_solo/resources/meshes/stl/solo12
[3.451s] copying src/robot_properties_solo/resources/meshes/stl/solo12/solo_12_base.stl -> /home/roy/odri_dev/workspace/build/robot_properties_solo/build/lib/robot_properties_solo/resources/meshes/stl/solo12
[3.453s] copying src/robot_properties_solo/resources/meshes/stl/solo12/solo12_hip_fe_hl.stl -> /home/roy/odri_dev/workspace/build/robot_properties_solo/build/lib/robot_properties_solo/resources/meshes/stl/solo12
[3.454s] copying src/robot_properties_solo/resources/meshes/stl/solo12/solo12_hip_fe_fr.stl -> /home/roy/odri_dev/workspace/build/robot_properties_solo/build/lib/robot_properties_solo/resources/meshes/stl/solo12
[3.455s] copying src/robot_properties_solo/resources/meshes/stl/solo12/solo12_upper_leg_left_side.stl -> /home/roy/odri_dev/workspace/build/robot_properties_solo/build/lib/robot_properties_solo/resources/meshes/stl/solo12
[3.456s] copying src/robot_properties_solo/resources/meshes/stl/solo12/solo12_upper_leg_right_side.stl -> /home/roy/odri_dev/workspace/build/robot_properties_solo/build/lib/robot_properties_solo/resources/meshes/stl/solo12
[3.458s] copying src/robot_properties_solo/resources/meshes/stl/solo12/solo12_hip_fe_fl.stl -> /home/roy/odri_dev/workspace/build/robot_properties_solo/build/lib/robot_properties_solo/resources/meshes/stl/solo12
[3.459s] copying src/robot_properties_solo/resources/meshes/stl/solo12/solo12_hip_fe_hr.stl -> /home/roy/odri_dev/workspace/build/robot_properties_solo/build/lib/robot_properties_solo/resources/meshes/stl/solo12
[3.460s] copying src/robot_properties_solo/resources/meshes/stl/solo12/solo12_coordinate_systems_4.png -> /home/roy/odri_dev/workspace/build/robot_properties_solo/build/lib/robot_properties_solo/resources/meshes/stl/solo12
[3.462s] copying src/robot_properties_solo/resources/meshes/stl/solo12/solo12_lower_leg_right_side.stl -> /home/roy/odri_dev/workspace/build/robot_properties_solo/build/lib/robot_properties_solo/resources/meshes/stl/solo12
[3.464s] copying src/robot_properties_solo/resources/meshes/stl/solo12/solo12_coordinate_systems_2.png -> /home/roy/odri_dev/workspace/build/robot_properties_solo/build/lib/robot_properties_solo/resources/meshes/stl/solo12
[3.465s] copying src/robot_properties_solo/resources/meshes/stl/solo12/solo12_coordinate_systems.png -> /home/roy/odri_dev/workspace/build/robot_properties_solo/build/lib/robot_properties_solo/resources/meshes/stl/solo12
[3.466s] copying src/robot_properties_solo/resources/meshes/stl/solo12/solo12_coordinate_systems_3.png -> /home/roy/odri_dev/workspace/build/robot_properties_solo/build/lib/robot_properties_solo/resources/meshes/stl/solo12
[3.468s] creating /home/roy/odri_dev/workspace/build/robot_properties_solo/build/lib/robot_properties_solo/resources/meshes/stl/with_foot
[3.468s] copying src/robot_properties_solo/resources/meshes/stl/with_foot/solo_body.stl -> /home/roy/odri_dev/workspace/build/robot_properties_solo/build/lib/robot_properties_solo/resources/meshes/stl/with_foot
[3.471s] copying src/robot_properties_solo/resources/meshes/stl/with_foot/solo_lower_leg_left_side.stl -> /home/roy/odri_dev/workspace/build/robot_properties_solo/build/lib/robot_properties_solo/resources/meshes/stl/with_foot
[3.472s] copying src/robot_properties_solo/resources/meshes/stl/with_foot/solo_upper_leg_left_side.stl -> /home/roy/odri_dev/workspace/build/robot_properties_solo/build/lib/robot_properties_solo/resources/meshes/stl/with_foot
[3.473s] copying src/robot_properties_solo/resources/meshes/stl/with_foot/solo_lower_leg_right_side.stl -> /home/roy/odri_dev/workspace/build/robot_properties_solo/build/lib/robot_properties_solo/resources/meshes/stl/with_foot
[3.474s] copying src/robot_properties_solo/resources/meshes/stl/with_foot/solo_foot.stl -> /home/roy/odri_dev/workspace/build/robot_properties_solo/build/lib/robot_properties_solo/resources/meshes/stl/with_foot
[3.476s] copying src/robot_properties_solo/resources/meshes/stl/with_foot/solo_upper_leg_right_side.stl -> /home/roy/odri_dev/workspace/build/robot_properties_solo/build/lib/robot_properties_solo/resources/meshes/stl/with_foot
[3.477s] running build_scripts
[3.478s] creating /home/roy/odri_dev/workspace/build/robot_properties_solo/build/scripts-3.8
[3.479s] copying and adjusting demos/demo_display_solo12.py -> /home/roy/odri_dev/workspace/build/robot_properties_solo/build/scripts-3.8
[3.480s] copying and adjusting demos/demo_simulate_solo8_fixed_base.py -> /home/roy/odri_dev/workspace/build/robot_properties_solo/build/scripts-3.8
[3.481s] copying and adjusting demos/demo_solo12_collision_detection.py -> /home/roy/odri_dev/workspace/build/robot_properties_solo/build/scripts-3.8
[3.481s] copying and adjusting demos/demo_display_solo8_meshcat.py -> /home/roy/odri_dev/workspace/build/robot_properties_solo/build/scripts-3.8
[3.482s] copying and adjusting demos/demo_simulate_solo12.py -> /home/roy/odri_dev/workspace/build/robot_properties_solo/build/scripts-3.8
[3.483s] copying and adjusting demos/demo_display_solo12_meshcat.py -> /home/roy/odri_dev/workspace/build/robot_properties_solo/build/scripts-3.8
[3.484s] copying and adjusting demos/demo_simulate_solo8.py -> /home/roy/odri_dev/workspace/build/robot_properties_solo/build/scripts-3.8
[3.485s] copying and adjusting demos/demo_display_solo8.py -> /home/roy/odri_dev/workspace/build/robot_properties_solo/build/scripts-3.8
[3.485s] copying and adjusting demos/demo_simulate_solo12_fixed_base.py -> /home/roy/odri_dev/workspace/build/robot_properties_solo/build/scripts-3.8
[3.486s] changing mode of /home/roy/odri_dev/workspace/build/robot_properties_solo/build/scripts-3.8/demo_display_solo12.py from 664 to 775
[3.486s] changing mode of /home/roy/odri_dev/workspace/build/robot_properties_solo/build/scripts-3.8/demo_simulate_solo8_fixed_base.py from 664 to 775
[3.487s] changing mode of /home/roy/odri_dev/workspace/build/robot_properties_solo/build/scripts-3.8/demo_solo12_collision_detection.py from 664 to 775
[3.487s] changing mode of /home/roy/odri_dev/workspace/build/robot_properties_solo/build/scripts-3.8/demo_display_solo8_meshcat.py from 664 to 775
[3.487s] changing mode of /home/roy/odri_dev/workspace/build/robot_properties_solo/build/scripts-3.8/demo_simulate_solo12.py from 664 to 775
[3.488s] changing mode of /home/roy/odri_dev/workspace/build/robot_properties_solo/build/scripts-3.8/demo_display_solo12_meshcat.py from 664 to 775
[3.488s] changing mode of /home/roy/odri_dev/workspace/build/robot_properties_solo/build/scripts-3.8/demo_simulate_solo8.py from 664 to 775
[3.488s] changing mode of /home/roy/odri_dev/workspace/build/robot_properties_solo/build/scripts-3.8/demo_display_solo8.py from 664 to 775
[3.489s] changing mode of /home/roy/odri_dev/workspace/build/robot_properties_solo/build/scripts-3.8/demo_simulate_solo12_fixed_base.py from 664 to 775
[3.489s] running install
[3.491s] running install_lib
[3.495s] creating /home/roy/odri_dev/workspace/install/robot_properties_solo/lib/python3.8/site-packages/robot_properties_solo
[3.495s] copying /home/roy/odri_dev/workspace/build/robot_properties_solo/build/lib/robot_properties_solo/solo12wrapper.py -> /home/roy/odri_dev/workspace/install/robot_properties_solo/lib/python3.8/site-packages/robot_properties_solo
[3.495s] copying /home/roy/odri_dev/workspace/build/robot_properties_solo/build/lib/robot_properties_solo/config.py -> /home/roy/odri_dev/workspace/install/robot_properties_solo/lib/python3.8/site-packages/robot_properties_solo
[3.496s] copying /home/roy/odri_dev/workspace/build/robot_properties_solo/build/lib/robot_properties_solo/resources.py -> /home/roy/odri_dev/workspace/install/robot_properties_solo/lib/python3.8/site-packages/robot_properties_solo
[3.497s] copying /home/roy/odri_dev/workspace/build/robot_properties_solo/build/lib/robot_properties_solo/solo8wrapper.py -> /home/roy/odri_dev/workspace/install/robot_properties_solo/lib/python3.8/site-packages/robot_properties_solo
[3.497s] copying /home/roy/odri_dev/workspace/build/robot_properties_solo/build/lib/robot_properties_solo/gepetto_gui_loader.py -> /home/roy/odri_dev/workspace/install/robot_properties_solo/lib/python3.8/site-packages/robot_properties_solo
[3.498s] copying /home/roy/odri_dev/workspace/build/robot_properties_solo/build/lib/robot_properties_solo/__init__.py -> /home/roy/odri_dev/workspace/install/robot_properties_solo/lib/python3.8/site-packages/robot_properties_solo
[3.499s] copying /home/roy/odri_dev/workspace/build/robot_properties_solo/build/lib/robot_properties_solo/quadruped12wrapper.py -> /home/roy/odri_dev/workspace/install/robot_properties_solo/lib/python3.8/site-packages/robot_properties_solo
[3.500s] creating /home/roy/odri_dev/workspace/install/robot_properties_solo/lib/python3.8/site-packages/robot_properties_solo/resources
[3.500s] creating /home/roy/odri_dev/workspace/install/robot_properties_solo/lib/python3.8/site-packages/robot_properties_solo/resources/dynamic_graph_manager
[3.501s] copying /home/roy/odri_dev/workspace/build/robot_properties_solo/build/lib/robot_properties_solo/resources/dynamic_graph_manager/dgm_parameters_solo12_wireless_mpi_is.yaml -> /home/roy/odri_dev/workspace/install/robot_properties_solo/lib/python3.8/site-packages/robot_properties_solo/resources/dynamic_graph_manager
[3.504s] copying /home/roy/odri_dev/workspace/build/robot_properties_solo/build/lib/robot_properties_solo/resources/dynamic_graph_manager/dgm_parameters_solo12_mpi_is.yaml -> /home/roy/odri_dev/workspace/install/robot_properties_solo/lib/python3.8/site-packages/robot_properties_solo/resources/dynamic_graph_manager
[3.505s] copying /home/roy/odri_dev/workspace/build/robot_properties_solo/build/lib/robot_properties_solo/resources/dynamic_graph_manager/dgm_parameters_solo8.yaml -> /home/roy/odri_dev/workspace/install/robot_properties_solo/lib/python3.8/site-packages/robot_properties_solo/resources/dynamic_graph_manager
[3.505s] copying /home/roy/odri_dev/workspace/build/robot_properties_solo/build/lib/robot_properties_solo/resources/dynamic_graph_manager/dgm_parameters_solo12_nyu.yaml -> /home/roy/odri_dev/workspace/install/robot_properties_solo/lib/python3.8/site-packages/robot_properties_solo/resources/dynamic_graph_manager
[3.505s] copying /home/roy/odri_dev/workspace/build/robot_properties_solo/build/lib/robot_properties_solo/resources/dynamic_graph_manager/dgm_parameters_solo12.yaml -> /home/roy/odri_dev/workspace/install/robot_properties_solo/lib/python3.8/site-packages/robot_properties_solo/resources/dynamic_graph_manager
[3.505s] copying /home/roy/odri_dev/workspace/build/robot_properties_solo/build/lib/robot_properties_solo/resources/dynamic_graph_manager/dgm_parameters_solo8ti.yaml -> /home/roy/odri_dev/workspace/install/robot_properties_solo/lib/python3.8/site-packages/robot_properties_solo/resources/dynamic_graph_manager
[3.505s] creating /home/roy/odri_dev/workspace/install/robot_properties_solo/lib/python3.8/site-packages/robot_properties_solo/resources/odri_control_interface
[3.505s] copying /home/roy/odri_dev/workspace/build/robot_properties_solo/build/lib/robot_properties_solo/resources/odri_control_interface/solo12_driver.yaml -> /home/roy/odri_dev/workspace/install/robot_properties_solo/lib/python3.8/site-packages/robot_properties_solo/resources/odri_control_interface
[3.505s] creating /home/roy/odri_dev/workspace/install/robot_properties_solo/lib/python3.8/site-packages/robot_properties_solo/resources/launch
[3.506s] copying /home/roy/odri_dev/workspace/build/robot_properties_solo/build/lib/robot_properties_solo/resources/launch/visual_rviz.launch -> /home/roy/odri_dev/workspace/install/robot_properties_solo/lib/python3.8/site-packages/robot_properties_solo/resources/launch
[3.506s] copying /home/roy/odri_dev/workspace/build/robot_properties_solo/build/lib/robot_properties_solo/resources/launch/dashboard.launch -> /home/roy/odri_dev/workspace/install/robot_properties_solo/lib/python3.8/site-packages/robot_properties_solo/resources/launch
[3.506s] copying /home/roy/odri_dev/workspace/build/robot_properties_solo/build/lib/robot_properties_solo/resources/launch/bringup.launch -> /home/roy/odri_dev/workspace/install/robot_properties_solo/lib/python3.8/site-packages/robot_properties_solo/resources/launch
[3.506s] copying /home/roy/odri_dev/workspace/build/robot_properties_solo/build/lib/robot_properties_solo/resources/launch/rviz.launch -> /home/roy/odri_dev/workspace/install/robot_properties_solo/lib/python3.8/site-packages/robot_properties_solo/resources/launch
[3.507s] creating /home/roy/odri_dev/workspace/install/robot_properties_solo/lib/python3.8/site-packages/robot_properties_solo/resources/urdf
[3.507s] copying /home/roy/odri_dev/workspace/build/robot_properties_solo/build/lib/robot_properties_solo/resources/urdf/solo8.urdf -> /home/roy/odri_dev/workspace/install/robot_properties_solo/lib/python3.8/site-packages/robot_properties_solo/resources/urdf
[3.508s] copying /home/roy/odri_dev/workspace/build/robot_properties_solo/build/lib/robot_properties_solo/resources/urdf/solo12.urdf -> /home/roy/odri_dev/workspace/install/robot_properties_solo/lib/python3.8/site-packages/robot_properties_solo/resources/urdf
[3.509s] copying /home/roy/odri_dev/workspace/build/robot_properties_solo/build/lib/robot_properties_solo/resources/urdf/plane_with_restitution.urdf -> /home/roy/odri_dev/workspace/install/robot_properties_solo/lib/python3.8/site-packages/robot_properties_solo/resources/urdf
[3.510s] creating /home/roy/odri_dev/workspace/install/robot_properties_solo/lib/python3.8/site-packages/robot_properties_solo/resources/rviz
[3.510s] copying /home/roy/odri_dev/workspace/build/robot_properties_solo/build/lib/robot_properties_solo/resources/rviz/display.rviz -> /home/roy/odri_dev/workspace/install/robot_properties_solo/lib/python3.8/site-packages/robot_properties_solo/resources/rviz
[3.511s] copying /home/roy/odri_dev/workspace/build/robot_properties_solo/build/lib/robot_properties_solo/resources/rviz/solo.rviz -> /home/roy/odri_dev/workspace/install/robot_properties_solo/lib/python3.8/site-packages/robot_properties_solo/resources/rviz
[3.512s] copying /home/roy/odri_dev/workspace/build/robot_properties_solo/build/lib/robot_properties_solo/resources/rviz/dgbullet_vs_pybullet.rviz -> /home/roy/odri_dev/workspace/install/robot_properties_solo/lib/python3.8/site-packages/robot_properties_solo/resources/rviz
[3.513s] copying /home/roy/odri_dev/workspace/build/robot_properties_solo/build/lib/robot_properties_solo/resources/impedance_ctrl.yaml -> /home/roy/odri_dev/workspace/install/robot_properties_solo/lib/python3.8/site-packages/robot_properties_solo/resources
[3.514s] creating /home/roy/odri_dev/workspace/install/robot_properties_solo/lib/python3.8/site-packages/robot_properties_solo/resources/srdf
[3.514s] copying /home/roy/odri_dev/workspace/build/robot_properties_solo/build/lib/robot_properties_solo/resources/srdf/solo.srdf -> /home/roy/odri_dev/workspace/install/robot_properties_solo/lib/python3.8/site-packages/robot_properties_solo/resources/srdf
[3.515s] creating /home/roy/odri_dev/workspace/install/robot_properties_solo/lib/python3.8/site-packages/robot_properties_solo/resources/pre_generated_urdf
[3.516s] copying /home/roy/odri_dev/workspace/build/robot_properties_solo/build/lib/robot_properties_solo/resources/pre_generated_urdf/readme.md -> /home/roy/odri_dev/workspace/install/robot_properties_solo/lib/python3.8/site-packages/robot_properties_solo/resources/pre_generated_urdf
[3.517s] creating /home/roy/odri_dev/workspace/install/robot_properties_solo/lib/python3.8/site-packages/robot_properties_solo/resources/xacro
[3.517s] copying /home/roy/odri_dev/workspace/build/robot_properties_solo/build/lib/robot_properties_solo/resources/xacro/solo8.urdf.xacro -> /home/roy/odri_dev/workspace/install/robot_properties_solo/lib/python3.8/site-packages/robot_properties_solo/resources/xacro
[3.518s] copying /home/roy/odri_dev/workspace/build/robot_properties_solo/build/lib/robot_properties_solo/resources/xacro/solo12.urdf.xacro -> /home/roy/odri_dev/workspace/install/robot_properties_solo/lib/python3.8/site-packages/robot_properties_solo/resources/xacro
[3.519s] copying /home/roy/odri_dev/workspace/build/robot_properties_solo/build/lib/robot_properties_solo/resources/xacro/plane_with_restitution.urdf.xacro -> /home/roy/odri_dev/workspace/install/robot_properties_solo/lib/python3.8/site-packages/robot_properties_solo/resources/xacro
[3.520s] copying /home/roy/odri_dev/workspace/build/robot_properties_solo/build/lib/robot_properties_solo/resources/xacro/leg.xacro -> /home/roy/odri_dev/workspace/install/robot_properties_solo/lib/python3.8/site-packages/robot_properties_solo/resources/xacro
[3.521s] creating /home/roy/odri_dev/workspace/install/robot_properties_solo/lib/python3.8/site-packages/robot_properties_solo/resources/rqt
[3.521s] copying /home/roy/odri_dev/workspace/build/robot_properties_solo/build/lib/robot_properties_solo/resources/rqt/solo.perspective.in -> /home/roy/odri_dev/workspace/install/robot_properties_solo/lib/python3.8/site-packages/robot_properties_solo/resources/rqt
[3.522s] creating /home/roy/odri_dev/workspace/install/robot_properties_solo/lib/python3.8/site-packages/robot_properties_solo/resources/meshes
[3.523s] copying /home/roy/odri_dev/workspace/build/robot_properties_solo/build/lib/robot_properties_solo/resources/meshes/cylinder.obj -> /home/roy/odri_dev/workspace/install/robot_properties_solo/lib/python3.8/site-packages/robot_properties_solo/resources/meshes
[3.524s] creating /home/roy/odri_dev/workspace/install/robot_properties_solo/lib/python3.8/site-packages/robot_properties_solo/resources/meshes/obj
[3.524s] creating /home/roy/odri_dev/workspace/install/robot_properties_solo/lib/python3.8/site-packages/robot_properties_solo/resources/meshes/obj/without_foot
[3.525s] copying /home/roy/odri_dev/workspace/build/robot_properties_solo/build/lib/robot_properties_solo/resources/meshes/obj/without_foot/solo_body.obj -> /home/roy/odri_dev/workspace/install/robot_properties_solo/lib/python3.8/site-packages/robot_properties_solo/resources/meshes/obj/without_foot
[3.528s] copying /home/roy/odri_dev/workspace/build/robot_properties_solo/build/lib/robot_properties_solo/resources/meshes/obj/without_foot/solo_lower_leg_left_side.mtl -> /home/roy/odri_dev/workspace/install/robot_properties_solo/lib/python3.8/site-packages/robot_properties_solo/resources/meshes/obj/without_foot
[3.528s] copying /home/roy/odri_dev/workspace/build/robot_properties_solo/build/lib/robot_properties_solo/resources/meshes/obj/without_foot/solo_upper_leg_right_side.obj -> /home/roy/odri_dev/workspace/install/robot_properties_solo/lib/python3.8/site-packages/robot_properties_solo/resources/meshes/obj/without_foot
[3.530s] copying /home/roy/odri_dev/workspace/build/robot_properties_solo/build/lib/robot_properties_solo/resources/meshes/obj/without_foot/solo_upper_leg_right_side.mtl -> /home/roy/odri_dev/workspace/install/robot_properties_solo/lib/python3.8/site-packages/robot_properties_solo/resources/meshes/obj/without_foot
[3.530s] copying /home/roy/odri_dev/workspace/build/robot_properties_solo/build/lib/robot_properties_solo/resources/meshes/obj/without_foot/solo_lower_leg_right_side.obj -> /home/roy/odri_dev/workspace/install/robot_properties_solo/lib/python3.8/site-packages/robot_properties_solo/resources/meshes/obj/without_foot
[3.531s] copying /home/roy/odri_dev/workspace/build/robot_properties_solo/build/lib/robot_properties_solo/resources/meshes/obj/without_foot/solo_lower_leg_right_side.mtl -> /home/roy/odri_dev/workspace/install/robot_properties_solo/lib/python3.8/site-packages/robot_properties_solo/resources/meshes/obj/without_foot
[3.532s] copying /home/roy/odri_dev/workspace/build/robot_properties_solo/build/lib/robot_properties_solo/resources/meshes/obj/without_foot/solo_upper_leg_left_side.mtl -> /home/roy/odri_dev/workspace/install/robot_properties_solo/lib/python3.8/site-packages/robot_properties_solo/resources/meshes/obj/without_foot
[3.533s] copying /home/roy/odri_dev/workspace/build/robot_properties_solo/build/lib/robot_properties_solo/resources/meshes/obj/without_foot/solo_body.mtl -> /home/roy/odri_dev/workspace/install/robot_properties_solo/lib/python3.8/site-packages/robot_properties_solo/resources/meshes/obj/without_foot
[3.534s] copying /home/roy/odri_dev/workspace/build/robot_properties_solo/build/lib/robot_properties_solo/resources/meshes/obj/without_foot/solo_lower_leg_left_side.obj -> /home/roy/odri_dev/workspace/install/robot_properties_solo/lib/python3.8/site-packages/robot_properties_solo/resources/meshes/obj/without_foot
[3.535s] copying /home/roy/odri_dev/workspace/build/robot_properties_solo/build/lib/robot_properties_solo/resources/meshes/obj/without_foot/solo_upper_leg_left_side.obj -> /home/roy/odri_dev/workspace/install/robot_properties_solo/lib/python3.8/site-packages/robot_properties_solo/resources/meshes/obj/without_foot
[3.537s] creating /home/roy/odri_dev/workspace/install/robot_properties_solo/lib/python3.8/site-packages/robot_properties_solo/resources/meshes/obj/with_foot
[3.538s] copying /home/roy/odri_dev/workspace/build/robot_properties_solo/build/lib/robot_properties_solo/resources/meshes/obj/with_foot/solo_body.obj -> /home/roy/odri_dev/workspace/install/robot_properties_solo/lib/python3.8/site-packages/robot_properties_solo/resources/meshes/obj/with_foot
[3.540s] copying /home/roy/odri_dev/workspace/build/robot_properties_solo/build/lib/robot_properties_solo/resources/meshes/obj/with_foot/solo_lower_leg_left_side.mtl -> /home/roy/odri_dev/workspace/install/robot_properties_solo/lib/python3.8/site-packages/robot_properties_solo/resources/meshes/obj/with_foot
[3.541s] copying /home/roy/odri_dev/workspace/build/robot_properties_solo/build/lib/robot_properties_solo/resources/meshes/obj/with_foot/solo_upper_leg_right_side.obj -> /home/roy/odri_dev/workspace/install/robot_properties_solo/lib/python3.8/site-packages/robot_properties_solo/resources/meshes/obj/with_foot
[3.542s] copying /home/roy/odri_dev/workspace/build/robot_properties_solo/build/lib/robot_properties_solo/resources/meshes/obj/with_foot/solo_foot.obj -> /home/roy/odri_dev/workspace/install/robot_properties_solo/lib/python3.8/site-packages/robot_properties_solo/resources/meshes/obj/with_foot
[3.543s] copying /home/roy/odri_dev/workspace/build/robot_properties_solo/build/lib/robot_properties_solo/resources/meshes/obj/with_foot/solo_upper_leg_right_side.mtl -> /home/roy/odri_dev/workspace/install/robot_properties_solo/lib/python3.8/site-packages/robot_properties_solo/resources/meshes/obj/with_foot
[3.544s] copying /home/roy/odri_dev/workspace/build/robot_properties_solo/build/lib/robot_properties_solo/resources/meshes/obj/with_foot/solo_lower_leg_right_side.obj -> /home/roy/odri_dev/workspace/install/robot_properties_solo/lib/python3.8/site-packages/robot_properties_solo/resources/meshes/obj/with_foot
[3.545s] copying /home/roy/odri_dev/workspace/build/robot_properties_solo/build/lib/robot_properties_solo/resources/meshes/obj/with_foot/solo_lower_leg_right_side.mtl -> /home/roy/odri_dev/workspace/install/robot_properties_solo/lib/python3.8/site-packages/robot_properties_solo/resources/meshes/obj/with_foot
[3.548s] copying /home/roy/odri_dev/workspace/build/robot_properties_solo/build/lib/robot_properties_solo/resources/meshes/obj/with_foot/solo_upper_leg_left_side.mtl -> /home/roy/odri_dev/workspace/install/robot_properties_solo/lib/python3.8/site-packages/robot_properties_solo/resources/meshes/obj/with_foot
[3.549s] copying /home/roy/odri_dev/workspace/build/robot_properties_solo/build/lib/robot_properties_solo/resources/meshes/obj/with_foot/solo_foot.mtl -> /home/roy/odri_dev/workspace/install/robot_properties_solo/lib/python3.8/site-packages/robot_properties_solo/resources/meshes/obj/with_foot
[3.550s] copying /home/roy/odri_dev/workspace/build/robot_properties_solo/build/lib/robot_properties_solo/resources/meshes/obj/with_foot/solo_body.mtl -> /home/roy/odri_dev/workspace/install/robot_properties_solo/lib/python3.8/site-packages/robot_properties_solo/resources/meshes/obj/with_foot
[3.551s] copying /home/roy/odri_dev/workspace/build/robot_properties_solo/build/lib/robot_properties_solo/resources/meshes/obj/with_foot/solo_lower_leg_left_side.obj -> /home/roy/odri_dev/workspace/install/robot_properties_solo/lib/python3.8/site-packages/robot_properties_solo/resources/meshes/obj/with_foot
[3.552s] copying /home/roy/odri_dev/workspace/build/robot_properties_solo/build/lib/robot_properties_solo/resources/meshes/obj/with_foot/solo_upper_leg_left_side.obj -> /home/roy/odri_dev/workspace/install/robot_properties_solo/lib/python3.8/site-packages/robot_properties_solo/resources/meshes/obj/with_foot
[3.553s] copying /home/roy/odri_dev/workspace/build/robot_properties_solo/build/lib/robot_properties_solo/resources/meshes/checker_blue.png -> /home/roy/odri_dev/workspace/install/robot_properties_solo/lib/python3.8/site-packages/robot_properties_solo/resources/meshes
[3.554s] copying /home/roy/odri_dev/workspace/build/robot_properties_solo/build/lib/robot_properties_solo/resources/meshes/cube.obj -> /home/roy/odri_dev/workspace/install/robot_properties_solo/lib/python3.8/site-packages/robot_properties_solo/resources/meshes
[3.555s] copying /home/roy/odri_dev/workspace/build/robot_properties_solo/build/lib/robot_properties_solo/resources/meshes/plane.obj -> /home/roy/odri_dev/workspace/install/robot_properties_solo/lib/python3.8/site-packages/robot_properties_solo/resources/meshes
[3.556s] creating /home/roy/odri_dev/workspace/install/robot_properties_solo/lib/python3.8/site-packages/robot_properties_solo/resources/meshes/stl
[3.557s] creating /home/roy/odri_dev/workspace/install/robot_properties_solo/lib/python3.8/site-packages/robot_properties_solo/resources/meshes/stl/without_foot
[3.557s] copying /home/roy/odri_dev/workspace/build/robot_properties_solo/build/lib/robot_properties_solo/resources/meshes/stl/without_foot/solo_body.stl -> /home/roy/odri_dev/workspace/install/robot_properties_solo/lib/python3.8/site-packages/robot_properties_solo/resources/meshes/stl/without_foot
[3.560s] copying /home/roy/odri_dev/workspace/build/robot_properties_solo/build/lib/robot_properties_solo/resources/meshes/stl/without_foot/solo_lower_leg_left_side.stl -> /home/roy/odri_dev/workspace/install/robot_properties_solo/lib/python3.8/site-packages/robot_properties_solo/resources/meshes/stl/without_foot
[3.561s] copying /home/roy/odri_dev/workspace/build/robot_properties_solo/build/lib/robot_properties_solo/resources/meshes/stl/without_foot/solo_upper_leg_left_side.stl -> /home/roy/odri_dev/workspace/install/robot_properties_solo/lib/python3.8/site-packages/robot_properties_solo/resources/meshes/stl/without_foot
[3.562s] copying /home/roy/odri_dev/workspace/build/robot_properties_solo/build/lib/robot_properties_solo/resources/meshes/stl/without_foot/solo_lower_leg_right_side.stl -> /home/roy/odri_dev/workspace/install/robot_properties_solo/lib/python3.8/site-packages/robot_properties_solo/resources/meshes/stl/without_foot
[3.564s] copying /home/roy/odri_dev/workspace/build/robot_properties_solo/build/lib/robot_properties_solo/resources/meshes/stl/without_foot/solo_upper_leg_right_side.stl -> /home/roy/odri_dev/workspace/install/robot_properties_solo/lib/python3.8/site-packages/robot_properties_solo/resources/meshes/stl/without_foot
[3.565s] creating /home/roy/odri_dev/workspace/install/robot_properties_solo/lib/python3.8/site-packages/robot_properties_solo/resources/meshes/stl/solo12
[3.565s] copying /home/roy/odri_dev/workspace/build/robot_properties_solo/build/lib/robot_properties_solo/resources/meshes/stl/solo12/solo12_lower_leg_left_side.stl -> /home/roy/odri_dev/workspace/install/robot_properties_solo/lib/python3.8/site-packages/robot_properties_solo/resources/meshes/stl/solo12
[3.566s] copying /home/roy/odri_dev/workspace/build/robot_properties_solo/build/lib/robot_properties_solo/resources/meshes/stl/solo12/_solo12_visualisation_model.PDF -> /home/roy/odri_dev/workspace/install/robot_properties_solo/lib/python3.8/site-packages/robot_properties_solo/resources/meshes/stl/solo12
[3.567s] copying /home/roy/odri_dev/workspace/build/robot_properties_solo/build/lib/robot_properties_solo/resources/meshes/stl/solo12/solo_12_base.stl -> /home/roy/odri_dev/workspace/install/robot_properties_solo/lib/python3.8/site-packages/robot_properties_solo/resources/meshes/stl/solo12
[3.569s] copying /home/roy/odri_dev/workspace/build/robot_properties_solo/build/lib/robot_properties_solo/resources/meshes/stl/solo12/solo12_hip_fe_hl.stl -> /home/roy/odri_dev/workspace/install/robot_properties_solo/lib/python3.8/site-packages/robot_properties_solo/resources/meshes/stl/solo12
[3.572s] copying /home/roy/odri_dev/workspace/build/robot_properties_solo/build/lib/robot_properties_solo/resources/meshes/stl/solo12/solo12_hip_fe_fr.stl -> /home/roy/odri_dev/workspace/install/robot_properties_solo/lib/python3.8/site-packages/robot_properties_solo/resources/meshes/stl/solo12
[3.572s] copying /home/roy/odri_dev/workspace/build/robot_properties_solo/build/lib/robot_properties_solo/resources/meshes/stl/solo12/solo12_upper_leg_left_side.stl -> /home/roy/odri_dev/workspace/install/robot_properties_solo/lib/python3.8/site-packages/robot_properties_solo/resources/meshes/stl/solo12
[3.572s] copying /home/roy/odri_dev/workspace/build/robot_properties_solo/build/lib/robot_properties_solo/resources/meshes/stl/solo12/solo12_upper_leg_right_side.stl -> /home/roy/odri_dev/workspace/install/robot_properties_solo/lib/python3.8/site-packages/robot_properties_solo/resources/meshes/stl/solo12
[3.573s] copying /home/roy/odri_dev/workspace/build/robot_properties_solo/build/lib/robot_properties_solo/resources/meshes/stl/solo12/solo12_hip_fe_fl.stl -> /home/roy/odri_dev/workspace/install/robot_properties_solo/lib/python3.8/site-packages/robot_properties_solo/resources/meshes/stl/solo12
[3.574s] copying /home/roy/odri_dev/workspace/build/robot_properties_solo/build/lib/robot_properties_solo/resources/meshes/stl/solo12/solo12_hip_fe_hr.stl -> /home/roy/odri_dev/workspace/install/robot_properties_solo/lib/python3.8/site-packages/robot_properties_solo/resources/meshes/stl/solo12
[3.575s] copying /home/roy/odri_dev/workspace/build/robot_properties_solo/build/lib/robot_properties_solo/resources/meshes/stl/solo12/solo12_coordinate_systems_4.png -> /home/roy/odri_dev/workspace/install/robot_properties_solo/lib/python3.8/site-packages/robot_properties_solo/resources/meshes/stl/solo12
[3.576s] copying /home/roy/odri_dev/workspace/build/robot_properties_solo/build/lib/robot_properties_solo/resources/meshes/stl/solo12/solo12_lower_leg_right_side.stl -> /home/roy/odri_dev/workspace/install/robot_properties_solo/lib/python3.8/site-packages/robot_properties_solo/resources/meshes/stl/solo12
[3.577s] copying /home/roy/odri_dev/workspace/build/robot_properties_solo/build/lib/robot_properties_solo/resources/meshes/stl/solo12/solo12_coordinate_systems_2.png -> /home/roy/odri_dev/workspace/install/robot_properties_solo/lib/python3.8/site-packages/robot_properties_solo/resources/meshes/stl/solo12
[3.578s] copying /home/roy/odri_dev/workspace/build/robot_properties_solo/build/lib/robot_properties_solo/resources/meshes/stl/solo12/solo12_coordinate_systems.png -> /home/roy/odri_dev/workspace/install/robot_properties_solo/lib/python3.8/site-packages/robot_properties_solo/resources/meshes/stl/solo12
[3.579s] copying /home/roy/odri_dev/workspace/build/robot_properties_solo/build/lib/robot_properties_solo/resources/meshes/stl/solo12/solo12_coordinate_systems_3.png -> /home/roy/odri_dev/workspace/install/robot_properties_solo/lib/python3.8/site-packages/robot_properties_solo/resources/meshes/stl/solo12
[3.580s] creating /home/roy/odri_dev/workspace/install/robot_properties_solo/lib/python3.8/site-packages/robot_properties_solo/resources/meshes/stl/with_foot
[3.580s] copying /home/roy/odri_dev/workspace/build/robot_properties_solo/build/lib/robot_properties_solo/resources/meshes/stl/with_foot/solo_body.stl -> /home/roy/odri_dev/workspace/install/robot_properties_solo/lib/python3.8/site-packages/robot_properties_solo/resources/meshes/stl/with_foot
[3.582s] copying /home/roy/odri_dev/workspace/build/robot_properties_solo/build/lib/robot_properties_solo/resources/meshes/stl/with_foot/solo_lower_leg_left_side.stl -> /home/roy/odri_dev/workspace/install/robot_properties_solo/lib/python3.8/site-packages/robot_properties_solo/resources/meshes/stl/with_foot
[3.583s] copying /home/roy/odri_dev/workspace/build/robot_properties_solo/build/lib/robot_properties_solo/resources/meshes/stl/with_foot/solo_upper_leg_left_side.stl -> /home/roy/odri_dev/workspace/install/robot_properties_solo/lib/python3.8/site-packages/robot_properties_solo/resources/meshes/stl/with_foot
[3.585s] copying /home/roy/odri_dev/workspace/build/robot_properties_solo/build/lib/robot_properties_solo/resources/meshes/stl/with_foot/solo_lower_leg_right_side.stl -> /home/roy/odri_dev/workspace/install/robot_properties_solo/lib/python3.8/site-packages/robot_properties_solo/resources/meshes/stl/with_foot
[3.586s] copying /home/roy/odri_dev/workspace/build/robot_properties_solo/build/lib/robot_properties_solo/resources/meshes/stl/with_foot/solo_foot.stl -> /home/roy/odri_dev/workspace/install/robot_properties_solo/lib/python3.8/site-packages/robot_properties_solo/resources/meshes/stl/with_foot
[3.587s] copying /home/roy/odri_dev/workspace/build/robot_properties_solo/build/lib/robot_properties_solo/resources/meshes/stl/with_foot/solo_upper_leg_right_side.stl -> /home/roy/odri_dev/workspace/install/robot_properties_solo/lib/python3.8/site-packages/robot_properties_solo/resources/meshes/stl/with_foot
[3.588s] copying /home/roy/odri_dev/workspace/build/robot_properties_solo/build/lib/robot_properties_solo/resources/meshes/sphere.obj -> /home/roy/odri_dev/workspace/install/robot_properties_solo/lib/python3.8/site-packages/robot_properties_solo/resources/meshes
[3.589s] copying /home/roy/odri_dev/workspace/build/robot_properties_solo/build/lib/robot_properties_solo/resources/meshes/plane.mtl -> /home/roy/odri_dev/workspace/install/robot_properties_solo/lib/python3.8/site-packages/robot_properties_solo/resources/meshes
[3.590s] byte-compiling /home/roy/odri_dev/workspace/install/robot_properties_solo/lib/python3.8/site-packages/robot_properties_solo/solo12wrapper.py to solo12wrapper.cpython-38.pyc
[3.593s] byte-compiling /home/roy/odri_dev/workspace/install/robot_properties_solo/lib/python3.8/site-packages/robot_properties_solo/config.py to config.cpython-38.pyc
[3.596s] byte-compiling /home/roy/odri_dev/workspace/install/robot_properties_solo/lib/python3.8/site-packages/robot_properties_solo/resources.py to resources.cpython-38.pyc
[3.598s] byte-compiling /home/roy/odri_dev/workspace/install/robot_properties_solo/lib/python3.8/site-packages/robot_properties_solo/solo8wrapper.py to solo8wrapper.cpython-38.pyc
[3.600s] byte-compiling /home/roy/odri_dev/workspace/install/robot_properties_solo/lib/python3.8/site-packages/robot_properties_solo/gepetto_gui_loader.py to gepetto_gui_loader.cpython-38.pyc
[3.601s] byte-compiling /home/roy/odri_dev/workspace/install/robot_properties_solo/lib/python3.8/site-packages/robot_properties_solo/__init__.py to __init__.cpython-38.pyc
[3.602s] byte-compiling /home/roy/odri_dev/workspace/install/robot_properties_solo/lib/python3.8/site-packages/robot_properties_solo/quadruped12wrapper.py to quadruped12wrapper.cpython-38.pyc
[3.604s] running install_data
[3.606s] copying package.xml -> /home/roy/odri_dev/workspace/install/robot_properties_solo/share/robot_properties_solo
[3.608s] creating /home/roy/odri_dev/workspace/install/robot_properties_solo/share/ament_index
[3.609s] creating /home/roy/odri_dev/workspace/install/robot_properties_solo/share/ament_index/resource_index
[3.610s] creating /home/roy/odri_dev/workspace/install/robot_properties_solo/share/ament_index/resource_index/packages
[3.612s] copying src/robot_properties_solo/resources/robot_properties_solo -> /home/roy/odri_dev/workspace/install/robot_properties_solo/share/ament_index/resource_index/packages
[3.613s] running install_egg_info
[3.618s] Copying ../../build/robot_properties_solo/robot_properties_solo.egg-info to /home/roy/odri_dev/workspace/install/robot_properties_solo/lib/python3.8/site-packages/robot_properties_solo-1.0.0-py3.8.egg-info
[3.621s] running install_scripts
[3.662s] creating /home/roy/odri_dev/workspace/install/robot_properties_solo/lib/robot_properties_solo
[3.664s] copying /home/roy/odri_dev/workspace/build/robot_properties_solo/build/scripts-3.8/demo_display_solo12.py -> /home/roy/odri_dev/workspace/install/robot_properties_solo/lib/robot_properties_solo
[3.665s] copying /home/roy/odri_dev/workspace/build/robot_properties_solo/build/scripts-3.8/demo_simulate_solo8_fixed_base.py -> /home/roy/odri_dev/workspace/install/robot_properties_solo/lib/robot_properties_solo
[3.666s] copying /home/roy/odri_dev/workspace/build/robot_properties_solo/build/scripts-3.8/demo_solo12_collision_detection.py -> /home/roy/odri_dev/workspace/install/robot_properties_solo/lib/robot_properties_solo
[3.666s] copying /home/roy/odri_dev/workspace/build/robot_properties_solo/build/scripts-3.8/demo_display_solo8_meshcat.py -> /home/roy/odri_dev/workspace/install/robot_properties_solo/lib/robot_properties_solo
[3.667s] copying /home/roy/odri_dev/workspace/build/robot_properties_solo/build/scripts-3.8/demo_simulate_solo12.py -> /home/roy/odri_dev/workspace/install/robot_properties_solo/lib/robot_properties_solo
[3.668s] copying /home/roy/odri_dev/workspace/build/robot_properties_solo/build/scripts-3.8/demo_display_solo12_meshcat.py -> /home/roy/odri_dev/workspace/install/robot_properties_solo/lib/robot_properties_solo
[3.669s] copying /home/roy/odri_dev/workspace/build/robot_properties_solo/build/scripts-3.8/demo_simulate_solo8.py -> /home/roy/odri_dev/workspace/install/robot_properties_solo/lib/robot_properties_solo
[3.670s] copying /home/roy/odri_dev/workspace/build/robot_properties_solo/build/scripts-3.8/demo_display_solo8.py -> /home/roy/odri_dev/workspace/install/robot_properties_solo/lib/robot_properties_solo
[3.671s] copying /home/roy/odri_dev/workspace/build/robot_properties_solo/build/scripts-3.8/demo_simulate_solo12_fixed_base.py -> /home/roy/odri_dev/workspace/install/robot_properties_solo/lib/robot_properties_solo
[3.672s] changing mode of /home/roy/odri_dev/workspace/install/robot_properties_solo/lib/robot_properties_solo/demo_display_solo12.py to 775
[3.672s] changing mode of /home/roy/odri_dev/workspace/install/robot_properties_solo/lib/robot_properties_solo/demo_simulate_solo8_fixed_base.py to 775
[3.673s] changing mode of /home/roy/odri_dev/workspace/install/robot_properties_solo/lib/robot_properties_solo/demo_solo12_collision_detection.py to 775
[3.673s] changing mode of /home/roy/odri_dev/workspace/install/robot_properties_solo/lib/robot_properties_solo/demo_display_solo8_meshcat.py to 775
[3.673s] changing mode of /home/roy/odri_dev/workspace/install/robot_properties_solo/lib/robot_properties_solo/demo_simulate_solo12.py to 775
[3.674s] changing mode of /home/roy/odri_dev/workspace/install/robot_properties_solo/lib/robot_properties_solo/demo_display_solo12_meshcat.py to 775
[3.674s] changing mode of /home/roy/odri_dev/workspace/install/robot_properties_solo/lib/robot_properties_solo/demo_simulate_solo8.py to 775
[3.674s] changing mode of /home/roy/odri_dev/workspace/install/robot_properties_solo/lib/robot_properties_solo/demo_display_solo8.py to 775
[3.675s] changing mode of /home/roy/odri_dev/workspace/install/robot_properties_solo/lib/robot_properties_solo/demo_simulate_solo12_fixed_base.py to 775
[3.680s] writing list of installed files to '/home/roy/odri_dev/workspace/build/robot_properties_solo/install.log'
[3.812s] Invoked command in '/home/roy/odri_dev/workspace/src/robot_properties_solo' returned '0': PYTHONPATH=/home/roy/odri_dev/workspace/install/robot_properties_solo/lib/python3.8/site-packages:/home/roy/odri_dev/workspace/install/bullet_utils/lib/python3.8/site-packages /usr/bin/python3 setup.py egg_info --egg-base ../../build/robot_properties_solo build --build-base /home/roy/odri_dev/workspace/build/robot_properties_solo/build install --prefix /home/roy/odri_dev/workspace/install/robot_properties_solo --record /home/roy/odri_dev/workspace/build/robot_properties_solo/install.log --single-version-externally-managed
