[0.024s] Invoking command in '/home/roy/odri_dev/workspace/build/mim_control': AMENT_PREFIX_PATH=/home/roy/odri_dev/workspace/install/robot_properties_solo:/home/roy/odri_dev/workspace/install/robot_properties_bolt CMAKE_PREFIX_PATH=/home/roy/odri_dev/workspace/install/yaml_utils:/home/roy/odri_dev/workspace/install/pybind11:/home/roy/odri_dev/workspace/install/mpi_cmake_modules:/home/roy/odri_dev/workspace/install/googletest-distribution:/opt/openrobots:/opt/openrobots:/opt/openrobots:/opt/openrobots:/opt/openrobots PATH=/home/roy/odri_dev/workspace/install/mpi_cmake_modules/bin:${PATH} PYTHONPATH=/home/roy/odri_dev/workspace/install/robot_properties_solo/lib/python3.8/site-packages:/home/roy/odri_dev/workspace/install/robot_properties_bolt/lib/python3.8/site-packages:/home/roy/odri_dev/workspace/install/bullet_utils/lib/python3.8/site-packages:/home/roy/odri_dev/workspace/install/mpi_cmake_modules/lib/python3.8/site-packages:/opt/openrobots/lib/python2.7/site-packages:/opt/openrobots/lib/python3.8/site-packages:/opt/openrobots/lib/python2.7/site-packages:/opt/openrobots/lib/python2.7/site-packages:/opt/openrobots/lib/python2.7/site-packages:/opt/openrobots/lib/python2.7/site-packages /usr/bin/cmake /home/roy/odri_dev/workspace/src/mim_control -DCMAKE_BUILD_TYPE=Release -DCMAKE_INSTALL_PREFIX=/home/roy/odri_dev/workspace/install/mim_control
[0.055s] -- The OS type is non-real-time
[0.067s] -- pinocchio FOUND. pinocchio at /opt/openrobots/lib/libpinocchio.so
[0.069s] -- boost_filesystem FOUND. boost_filesystem at /usr/lib/x86_64-linux-gnu/libboost_filesystem.so
[0.070s] -- boost_serialization FOUND. boost_serialization at /usr/lib/x86_64-linux-gnu/libboost_serialization.so
[0.071s] -- boost_system FOUND. boost_system at /usr/lib/x86_64-linux-gnu/libboost_system.so
[0.099s] -- Found Boost: /usr/include (found version "1.71.0") found components: filesystem serialization system 
[0.103s] -- hpp-fcl FOUND. hpp-fcl at /opt/openrobots/lib/libhpp-fcl.so
[0.119s] -- Found Boost: /usr/include (found version "1.71.0") found components: chrono serialization 
[0.650s] -- Default C++ standard: 201703
[0.650s] -- C++ standard sufficient: Minimal required 11, currently defined: 17
[0.652s] -- C++ standard sufficient: Minimal required 11, currently defined: 17
[0.698s] -- Found PythonInterp: /usr/bin/python3.8 (found version "3.8.10") 
[0.742s] -- Found PythonLibs: /usr/lib/x86_64-linux-gnu/libpython3.8.so
[0.892s] -- Found Python: /usr/bin/python3 (found suitable version "3.8.10", minimum required is "3.8.10") found components: Interpreter 
[0.927s] -- Found Boost: /usr/include (found version "1.71.0") found components: python38 
[0.927s] -- Boost_PYTHON_LIBRARY: /usr/lib/x86_64-linux-gnu/libboost_python38.so
[0.942s] -- Performing Test HAS_FLTO
[1.180s] -- Performing Test HAS_FLTO - Success
[1.181s] -- LTO enabled
[1.319s] -- Found Python: /usr/bin/python3 (found version "3.8.10") found components: Interpreter 
[1.416s] -- Found Doxygen: /usr/bin/doxygen (found version "1.8.17") found components: doxygen missing components: dot
[1.501s] -- Configuring done
[1.513s] -- Generating done
[1.524s] -- Build files have been written to: /home/roy/odri_dev/workspace/build/mim_control
[1.530s] Invoked command in '/home/roy/odri_dev/workspace/build/mim_control' returned '0': AMENT_PREFIX_PATH=/home/roy/odri_dev/workspace/install/robot_properties_solo:/home/roy/odri_dev/workspace/install/robot_properties_bolt CMAKE_PREFIX_PATH=/home/roy/odri_dev/workspace/install/yaml_utils:/home/roy/odri_dev/workspace/install/pybind11:/home/roy/odri_dev/workspace/install/mpi_cmake_modules:/home/roy/odri_dev/workspace/install/googletest-distribution:/opt/openrobots:/opt/openrobots:/opt/openrobots:/opt/openrobots:/opt/openrobots PATH=/home/roy/odri_dev/workspace/install/mpi_cmake_modules/bin:${PATH} PYTHONPATH=/home/roy/odri_dev/workspace/install/robot_properties_solo/lib/python3.8/site-packages:/home/roy/odri_dev/workspace/install/robot_properties_bolt/lib/python3.8/site-packages:/home/roy/odri_dev/workspace/install/bullet_utils/lib/python3.8/site-packages:/home/roy/odri_dev/workspace/install/mpi_cmake_modules/lib/python3.8/site-packages:/opt/openrobots/lib/python2.7/site-packages:/opt/openrobots/lib/python3.8/site-packages:/opt/openrobots/lib/python2.7/site-packages:/opt/openrobots/lib/python2.7/site-packages:/opt/openrobots/lib/python2.7/site-packages:/opt/openrobots/lib/python2.7/site-packages /usr/bin/cmake /home/roy/odri_dev/workspace/src/mim_control -DCMAKE_BUILD_TYPE=Release -DCMAKE_INSTALL_PREFIX=/home/roy/odri_dev/workspace/install/mim_control
[1.534s] Invoking command in '/home/roy/odri_dev/workspace/build/mim_control': AMENT_PREFIX_PATH=/home/roy/odri_dev/workspace/install/robot_properties_solo:/home/roy/odri_dev/workspace/install/robot_properties_bolt CMAKE_PREFIX_PATH=/home/roy/odri_dev/workspace/install/yaml_utils:/home/roy/odri_dev/workspace/install/pybind11:/home/roy/odri_dev/workspace/install/mpi_cmake_modules:/home/roy/odri_dev/workspace/install/googletest-distribution:/opt/openrobots:/opt/openrobots:/opt/openrobots:/opt/openrobots:/opt/openrobots PATH=/home/roy/odri_dev/workspace/install/mpi_cmake_modules/bin:${PATH} PYTHONPATH=/home/roy/odri_dev/workspace/install/robot_properties_solo/lib/python3.8/site-packages:/home/roy/odri_dev/workspace/install/robot_properties_bolt/lib/python3.8/site-packages:/home/roy/odri_dev/workspace/install/bullet_utils/lib/python3.8/site-packages:/home/roy/odri_dev/workspace/install/mpi_cmake_modules/lib/python3.8/site-packages:/opt/openrobots/lib/python2.7/site-packages:/opt/openrobots/lib/python3.8/site-packages:/opt/openrobots/lib/python2.7/site-packages:/opt/openrobots/lib/python2.7/site-packages:/opt/openrobots/lib/python2.7/site-packages:/opt/openrobots/lib/python2.7/site-packages /usr/bin/cmake --build /home/roy/odri_dev/workspace/build/mim_control -- -j8 -l8
[1.605s] [35m[1mScanning dependencies of target mim_control[0m
[1.683s] [  9%] [32mBuilding CXX object CMakeFiles/mim_control.dir/src/centroidal_pd_controller.cpp.o[0m
[1.683s] [ 18%] [32mBuilding CXX object CMakeFiles/mim_control.dir/src/impedance_controller.cpp.o[0m
[1.684s] [ 27%] [32mBuilding CXX object CMakeFiles/mim_control.dir/src/centroidal_force_qp_controller.cpp.o[0m
[1.689s] [ 36%] [32mBuilding CXX object CMakeFiles/mim_control.dir/src/centroidal_impedance_controller.cpp.o[0m
[35.414s] [ 45%] [32m[1mLinking CXX shared library libmim_control.so[0m
[35.644s] [ 45%] Built target mim_control
[35.664s] [35m[1mScanning dependencies of target mim_control_cpp[0m
[35.792s] [ 54%] [32mBuilding CXX object CMakeFiles/mim_control_cpp.dir/srcpy/centroidal_pd_controller.cpp.o[0m
[35.793s] [ 63%] [32mBuilding CXX object CMakeFiles/mim_control_cpp.dir/srcpy/centroidal_force_qp_controller.cpp.o[0m
[35.796s] [ 72%] [32mBuilding CXX object CMakeFiles/mim_control_cpp.dir/srcpy/mim_control.cpp.o[0m
[35.797s] [ 81%] [32mBuilding CXX object CMakeFiles/mim_control_cpp.dir/srcpy/centroidal_impedance_controller.cpp.o[0m
[35.800s] [ 90%] [32mBuilding CXX object CMakeFiles/mim_control_cpp.dir/srcpy/impedance_controller.cpp.o[0m
[49.588s] [100%] [32m[1mLinking CXX shared module mim_control_cpp.cpython-38-x86_64-linux-gnu.so[0m
[53.220s] [100%] Built target mim_control_cpp
