-- The C compiler identification is GNU 9.3.0
-- The CXX compiler identification is GNU 9.3.0
-- Check for working C compiler: /usr/bin/cc
-- Check for working C compiler: /usr/bin/cc -- works
-- Detecting C compiler ABI info
-- Detecting C compiler ABI info - done
-- Detecting C compile features
-- Detecting C compile features - done
-- Check for working CXX compiler: /usr/bin/c++
-- Check for working CXX compiler: /usr/bin/c++ -- works
-- Detecting CXX compiler ABI info
-- Detecting CXX compiler ABI info - done
-- Detecting CXX compile features
-- Detecting CXX compile features - done
-- The OS type is non-real-time
-- Found Python: /usr/bin/python3.8 (found version "3.8.10") found components: Interpreter 
CMake Error at cmake/sphinx.cmake:84 (message):
  sphinx-apidoc not found!Please install using: pip3 install sphinx
Call Stack (most recent call first):
  cmake/sphinx.cmake:243 (_build_sphinx_api_doc)
  cmake/documentation.cmake:46 (add_sphinx_documentation)
  CMakeLists.txt:84 (add_documentation)


-- Configuring incomplete, errors occurred!
See also "/home/roy/odri_dev/workspace/build/mpi_cmake_modules/CMakeFiles/CMakeOutput.log".
