[1.787s] Invoking command in '/home/roy/odri_dev/workspace/src/robot_properties_bolt': PYTHONPATH=/home/roy/odri_dev/workspace/install/robot_properties_bolt/lib/python3.8/site-packages:/home/roy/odri_dev/workspace/install/bullet_utils/lib/python3.8/site-packages:/opt/openrobots/lib/python2.7/site-packages /usr/bin/python3 setup.py egg_info --egg-base ../../build/robot_properties_bolt build --build-base /home/roy/odri_dev/workspace/build/robot_properties_bolt/build install --prefix /home/roy/odri_dev/workspace/install/robot_properties_bolt --record /home/roy/odri_dev/workspace/build/robot_properties_bolt/install.log --single-version-externally-managed
[2.411s] resources =  ['resources/impedance_ctrl.yaml', 'resources/dynamic_graph_manager/dgm_parameters_bolt.yaml', 'resources/odri_control_interface/bolt_driver.yaml', 'resources/xacro/bolt_passive_ankle.urdf.xacro', 'resources/xacro/bolt.urdf.xacro', 'resources/xacro/plane_with_restitution.urdf.xacro', 'resources/xacro/bolt.xacro', 'resources/xacro/leg.xacro', 'resources/meshes/checker_blue.png', 'resources/meshes/plane.obj', 'resources/meshes/plane.mtl', 'resources/meshes/obj/bolt_upper_leg_right_side.obj', 'resources/meshes/obj/bolt_hip_fe_left_side.obj', 'resources/meshes/obj/bolt_upper_leg_left_side.obj', 'resources/meshes/obj/bolt_lower_leg_right_side.obj', 'resources/meshes/obj/bolt_hip_fe_right_side.obj', 'resources/meshes/obj/bolt_body.obj', 'resources/meshes/obj/bolt_foot.obj', 'resources/meshes/obj/bolt_lower_leg_left_side.obj', 'resources/meshes/stl/lower_leg_200mm_right_side.stl', 'resources/meshes/stl/bolt_upper_leg_left_side.stl', 'resources/meshes/stl/upper_leg_200mm_right_side.stl', 'resources/meshes/stl/upper_leg_200mm_left_side.stl', 'resources/meshes/stl/bolt_hip_fe_right_side.stl', 'resources/meshes/stl/bolt_lower_leg_left_side.stl', 'resources/meshes/stl/bolt_foot.stl', 'resources/meshes/stl/lower_leg_200mm_left_side.stl', 'resources/meshes/stl/bolt_hip_fe_left_side.stl', 'resources/meshes/stl/bolt_lower_leg_right_side.stl', 'resources/meshes/stl/bolt_upper_leg_right_side.stl', 'resources/meshes/stl/bolt_body.stl']
[2.452s] running egg_info
[2.455s] writing ../../build/robot_properties_bolt/robot_properties_bolt.egg-info/PKG-INFO
[2.456s] writing dependency_links to ../../build/robot_properties_bolt/robot_properties_bolt.egg-info/dependency_links.txt
[2.457s] writing entry points to ../../build/robot_properties_bolt/robot_properties_bolt.egg-info/entry_points.txt
[2.458s] writing requirements to ../../build/robot_properties_bolt/robot_properties_bolt.egg-info/requires.txt
[2.459s] writing top-level names to ../../build/robot_properties_bolt/robot_properties_bolt.egg-info/top_level.txt
[2.466s] reading manifest file '../../build/robot_properties_bolt/robot_properties_bolt.egg-info/SOURCES.txt'
[2.470s] writing manifest file '../../build/robot_properties_bolt/robot_properties_bolt.egg-info/SOURCES.txt'
[2.471s] running build
[2.471s] running build_py
[2.472s] 
[2.488s] building xacro file ( /home/roy/odri_dev/workspace/src/robot_properties_bolt/src/robot_properties_bolt/resources/xacro/bolt_passive_ankle.urdf.xacro ) into ( /home/roy/odri_dev/workspace/build/robot_properties_bolt/build/lib/robot_properties_bolt/resources/urdf/bolt_passive_ankle.urdf )
[2.564s] building xacro file ( /home/roy/odri_dev/workspace/src/robot_properties_bolt/src/robot_properties_bolt/resources/xacro/bolt.urdf.xacro ) into ( /home/roy/odri_dev/workspace/build/robot_properties_bolt/build/lib/robot_properties_bolt/resources/urdf/bolt.urdf )
[2.727s] building xacro file ( /home/roy/odri_dev/workspace/src/robot_properties_bolt/src/robot_properties_bolt/resources/xacro/plane_with_restitution.urdf.xacro ) into ( /home/roy/odri_dev/workspace/build/robot_properties_bolt/build/lib/robot_properties_bolt/resources/urdf/plane_with_restitution.urdf )
[2.731s] building xacro file ( /home/roy/odri_dev/workspace/src/robot_properties_bolt/src/robot_properties_bolt/resources/xacro/bolt_passive_ankle.urdf.xacro ) into ( /home/roy/odri_dev/workspace/build/robot_properties_bolt/build/lib/robot_properties_bolt/resources/urdf/bolt_passive_ankle.urdf )
[2.932s] building xacro file ( /home/roy/odri_dev/workspace/src/robot_properties_bolt/src/robot_properties_bolt/resources/xacro/bolt.urdf.xacro ) into ( /home/roy/odri_dev/workspace/build/robot_properties_bolt/build/lib/robot_properties_bolt/resources/urdf/bolt.urdf )
[3.068s] building xacro file ( /home/roy/odri_dev/workspace/src/robot_properties_bolt/src/robot_properties_bolt/resources/xacro/plane_with_restitution.urdf.xacro ) into ( /home/roy/odri_dev/workspace/build/robot_properties_bolt/build/lib/robot_properties_bolt/resources/urdf/plane_with_restitution.urdf )
[3.071s] building xacro file ( /home/roy/odri_dev/workspace/src/robot_properties_bolt/src/robot_properties_bolt/resources/xacro/bolt_passive_ankle.urdf.xacro ) into ( /home/roy/odri_dev/workspace/build/robot_properties_bolt/build/lib/robot_properties_bolt/resources/urdf/bolt_passive_ankle.urdf )
[3.293s] building xacro file ( /home/roy/odri_dev/workspace/src/robot_properties_bolt/src/robot_properties_bolt/resources/xacro/bolt.urdf.xacro ) into ( /home/roy/odri_dev/workspace/build/robot_properties_bolt/build/lib/robot_properties_bolt/resources/urdf/bolt.urdf )
[3.377s] building xacro file ( /home/roy/odri_dev/workspace/src/robot_properties_bolt/src/robot_properties_bolt/resources/xacro/plane_with_restitution.urdf.xacro ) into ( /home/roy/odri_dev/workspace/build/robot_properties_bolt/build/lib/robot_properties_bolt/resources/urdf/plane_with_restitution.urdf )
[3.382s] running build_scripts
[3.383s] running install
[3.386s] running install_lib
[3.406s] copying /home/roy/odri_dev/workspace/build/robot_properties_bolt/build/lib/robot_properties_bolt/resources/urdf/bolt_passive_ankle.urdf -> /home/roy/odri_dev/workspace/install/robot_properties_bolt/lib/python3.8/site-packages/robot_properties_bolt/resources/urdf
[3.406s] copying /home/roy/odri_dev/workspace/build/robot_properties_bolt/build/lib/robot_properties_bolt/resources/urdf/bolt.urdf -> /home/roy/odri_dev/workspace/install/robot_properties_bolt/lib/python3.8/site-packages/robot_properties_bolt/resources/urdf
[3.407s] copying /home/roy/odri_dev/workspace/build/robot_properties_bolt/build/lib/robot_properties_bolt/resources/urdf/plane_with_restitution.urdf -> /home/roy/odri_dev/workspace/install/robot_properties_bolt/lib/python3.8/site-packages/robot_properties_bolt/resources/urdf
[3.410s] running install_data
[3.412s] running install_egg_info
[3.415s] removing '/home/roy/odri_dev/workspace/install/robot_properties_bolt/lib/python3.8/site-packages/robot_properties_bolt-1.0.0-py3.8.egg-info' (and everything under it)
[3.416s] Copying ../../build/robot_properties_bolt/robot_properties_bolt.egg-info to /home/roy/odri_dev/workspace/install/robot_properties_bolt/lib/python3.8/site-packages/robot_properties_bolt-1.0.0-py3.8.egg-info
[3.419s] running install_scripts
[3.511s] changing mode of /home/roy/odri_dev/workspace/install/robot_properties_bolt/lib/robot_properties_bolt/demo_display_bolt.py to 775
[3.511s] changing mode of /home/roy/odri_dev/workspace/install/robot_properties_bolt/lib/robot_properties_bolt/demo_display_bolt_meshcat.py to 775
[3.512s] changing mode of /home/roy/odri_dev/workspace/install/robot_properties_bolt/lib/robot_properties_bolt/demo_simulate_bolt.py to 775
[3.516s] writing list of installed files to '/home/roy/odri_dev/workspace/build/robot_properties_bolt/install.log'
[3.686s] Invoked command in '/home/roy/odri_dev/workspace/src/robot_properties_bolt' returned '0': PYTHONPATH=/home/roy/odri_dev/workspace/install/robot_properties_bolt/lib/python3.8/site-packages:/home/roy/odri_dev/workspace/install/bullet_utils/lib/python3.8/site-packages:/opt/openrobots/lib/python2.7/site-packages /usr/bin/python3 setup.py egg_info --egg-base ../../build/robot_properties_bolt build --build-base /home/roy/odri_dev/workspace/build/robot_properties_bolt/build install --prefix /home/roy/odri_dev/workspace/install/robot_properties_bolt --record /home/roy/odri_dev/workspace/build/robot_properties_bolt/install.log --single-version-externally-managed
