[0.455s] DEBUG:colcon:Command line arguments: ['/usr/local/bin/colcon', 'build', '--cmake-args', '-DCMAKE_BUILD_TYPE=Release']
[0.455s] DEBUG:colcon:Parsed command line arguments: Namespace(ament_cmake_args=None, base_paths=['.'], build_base='build', catkin_cmake_args=None, catkin_skip_building_tests=False, cmake_args=['-DCMAKE_BUILD_TYPE=Release'], cmake_clean_cache=False, cmake_clean_first=False, cmake_force_configure=False, cmake_target=None, cmake_target_skip_unavailable=False, continue_on_error=False, event_handlers=None, executor='parallel', ignore_user_meta=False, install_base='install', log_base=None, log_level=None, main=<bound method BuildVerb.main of <colcon_core.verb.build.BuildVerb object at 0x7f890456e5b0>>, merge_install=False, metas=['./colcon.meta'], packages_above=None, packages_above_and_dependencies=None, packages_above_depth=None, packages_end=None, packages_ignore=None, packages_ignore_regex=None, packages_select=None, packages_select_build_failed=False, packages_select_by_dep=None, packages_select_regex=None, packages_select_test_failures=False, packages_skip=None, packages_skip_build_finished=False, packages_skip_by_dep=None, packages_skip_regex=None, packages_skip_test_passed=False, packages_skip_up_to=None, packages_start=None, packages_up_to=None, packages_up_to_regex=None, parallel_workers=8, paths=None, symlink_install=False, test_result_base=None, verb_extension=<colcon_core.verb.build.BuildVerb object at 0x7f890456e5b0>, verb_name='build', verb_parser=<colcon_defaults.argument_parser.defaults.DefaultArgumentsDecorator object at 0x7f890456eaf0>)
[0.471s] Level 1:colcon.colcon_core.package_discovery:discover_packages(colcon_meta) check parameters
[0.471s] Level 1:colcon.colcon_core.package_discovery:discover_packages(recursive) check parameters
[0.471s] Level 1:colcon.colcon_core.package_discovery:discover_packages(ignore) check parameters
[0.471s] Level 1:colcon.colcon_core.package_discovery:discover_packages(path) check parameters
[0.471s] Level 1:colcon.colcon_core.package_discovery:discover_packages(colcon_meta) discover
[0.471s] Level 1:colcon.colcon_core.package_discovery:discover_packages(recursive) discover
[0.471s] INFO:colcon.colcon_core.package_discovery:Crawling recursively for packages in '/home/roy/odri_dev/workspace'
[0.471s] Level 1:colcon.colcon_core.package_identification:_identify(.) by extensions ['ignore', 'ignore_ament_install']
[0.471s] Level 1:colcon.colcon_core.package_identification:_identify(.) by extension 'ignore'
[0.471s] Level 1:colcon.colcon_core.package_identification:_identify(.) by extension 'ignore_ament_install'
[0.471s] Level 1:colcon.colcon_core.package_identification:_identify(.) by extensions ['colcon_pkg']
[0.471s] Level 1:colcon.colcon_core.package_identification:_identify(.) by extension 'colcon_pkg'
[0.471s] Level 1:colcon.colcon_core.package_identification:_identify(.) by extensions ['colcon_meta']
[0.471s] Level 1:colcon.colcon_core.package_identification:_identify(.) by extension 'colcon_meta'
[0.471s] Level 1:colcon.colcon_core.package_identification:_identify(.) by extensions ['ros']
[0.471s] Level 1:colcon.colcon_core.package_identification:_identify(.) by extension 'ros'
[0.541s] Level 1:colcon.colcon_core.package_identification:_identify(.) by extensions ['cmake', 'python']
[0.541s] Level 1:colcon.colcon_core.package_identification:_identify(.) by extension 'cmake'
[0.541s] Level 1:colcon.colcon_core.package_identification:_identify(.) by extension 'python'
[0.541s] Level 1:colcon.colcon_core.package_identification:_identify(.) by extensions ['python_setup_py']
[0.541s] Level 1:colcon.colcon_core.package_identification:_identify(.) by extension 'python_setup_py'
[0.541s] Level 1:colcon.colcon_core.package_identification:_identify(build) by extensions ['ignore', 'ignore_ament_install']
[0.541s] Level 1:colcon.colcon_core.package_identification:_identify(build) by extension 'ignore'
[0.541s] Level 1:colcon.colcon_core.package_identification:_identify(build) ignored
[0.541s] Level 1:colcon.colcon_core.package_identification:_identify(install) by extensions ['ignore', 'ignore_ament_install']
[0.542s] Level 1:colcon.colcon_core.package_identification:_identify(install) by extension 'ignore'
[0.542s] Level 1:colcon.colcon_core.package_identification:_identify(install) ignored
[0.542s] Level 1:colcon.colcon_core.package_identification:_identify(log) by extensions ['ignore', 'ignore_ament_install']
[0.542s] Level 1:colcon.colcon_core.package_identification:_identify(log) by extension 'ignore'
[0.542s] Level 1:colcon.colcon_core.package_identification:_identify(log) ignored
[0.542s] Level 1:colcon.colcon_core.package_identification:_identify(src) by extensions ['ignore', 'ignore_ament_install']
[0.542s] Level 1:colcon.colcon_core.package_identification:_identify(src) by extension 'ignore'
[0.542s] Level 1:colcon.colcon_core.package_identification:_identify(src) by extension 'ignore_ament_install'
[0.542s] Level 1:colcon.colcon_core.package_identification:_identify(src) by extensions ['colcon_pkg']
[0.542s] Level 1:colcon.colcon_core.package_identification:_identify(src) by extension 'colcon_pkg'
[0.542s] Level 1:colcon.colcon_core.package_identification:_identify(src) by extensions ['colcon_meta']
[0.542s] Level 1:colcon.colcon_core.package_identification:_identify(src) by extension 'colcon_meta'
[0.542s] Level 1:colcon.colcon_core.package_identification:_identify(src) by extensions ['ros']
[0.542s] Level 1:colcon.colcon_core.package_identification:_identify(src) by extension 'ros'
[0.542s] Level 1:colcon.colcon_core.package_identification:_identify(src) by extensions ['cmake', 'python']
[0.542s] Level 1:colcon.colcon_core.package_identification:_identify(src) by extension 'cmake'
[0.542s] Level 1:colcon.colcon_core.package_identification:_identify(src) by extension 'python'
[0.542s] Level 1:colcon.colcon_core.package_identification:_identify(src) by extensions ['python_setup_py']
[0.542s] Level 1:colcon.colcon_core.package_identification:_identify(src) by extension 'python_setup_py'
[0.543s] Level 1:colcon.colcon_core.package_identification:_identify(src/bullet_utils) by extensions ['ignore', 'ignore_ament_install']
[0.543s] Level 1:colcon.colcon_core.package_identification:_identify(src/bullet_utils) by extension 'ignore'
[0.543s] Level 1:colcon.colcon_core.package_identification:_identify(src/bullet_utils) by extension 'ignore_ament_install'
[0.543s] Level 1:colcon.colcon_core.package_identification:_identify(src/bullet_utils) by extensions ['colcon_pkg']
[0.543s] Level 1:colcon.colcon_core.package_identification:_identify(src/bullet_utils) by extension 'colcon_pkg'
[0.543s] Level 1:colcon.colcon_core.package_identification:_identify(src/bullet_utils) by extensions ['colcon_meta']
[0.543s] Level 1:colcon.colcon_core.package_identification:_identify(src/bullet_utils) by extension 'colcon_meta'
[0.543s] Level 1:colcon.colcon_core.package_identification:_identify(src/bullet_utils) by extensions ['ros']
[0.543s] Level 1:colcon.colcon_core.package_identification:_identify(src/bullet_utils) by extension 'ros'
[0.543s] Level 1:colcon.colcon_core.package_identification:_identify(src/bullet_utils) by extensions ['cmake', 'python']
[0.543s] Level 1:colcon.colcon_core.package_identification:_identify(src/bullet_utils) by extension 'cmake'
[0.543s] Level 1:colcon.colcon_core.package_identification:_identify(src/bullet_utils) by extension 'python'
[0.543s] DEBUG:colcon.colcon_core.package_identification:Python package in 'src/bullet_utils' passes arguments to the setup() function which requires a different identification extension than 'python'
[0.543s] Level 1:colcon.colcon_core.package_identification:_identify(src/bullet_utils) by extensions ['python_setup_py']
[0.543s] Level 1:colcon.colcon_core.package_identification:_identify(src/bullet_utils) by extension 'python_setup_py'
[0.771s] DEBUG:colcon.colcon_core.package_identification:Package 'src/bullet_utils' with type 'python' and name 'bullet_utils'
[0.772s] Level 1:colcon.colcon_core.package_identification:_identify(src/googletest) by extensions ['ignore', 'ignore_ament_install']
[0.772s] Level 1:colcon.colcon_core.package_identification:_identify(src/googletest) by extension 'ignore'
[0.772s] Level 1:colcon.colcon_core.package_identification:_identify(src/googletest) by extension 'ignore_ament_install'
[0.773s] Level 1:colcon.colcon_core.package_identification:_identify(src/googletest) by extensions ['colcon_pkg']
[0.773s] Level 1:colcon.colcon_core.package_identification:_identify(src/googletest) by extension 'colcon_pkg'
[0.773s] Level 1:colcon.colcon_core.package_identification:_identify(src/googletest) by extensions ['colcon_meta']
[0.773s] Level 1:colcon.colcon_core.package_identification:_identify(src/googletest) by extension 'colcon_meta'
[0.773s] Level 1:colcon.colcon_core.package_identification:_identify(src/googletest) by extensions ['ros']
[0.773s] Level 1:colcon.colcon_core.package_identification:_identify(src/googletest) by extension 'ros'
[0.773s] Level 1:colcon.colcon_core.package_identification:_identify(src/googletest) by extensions ['cmake', 'python']
[0.773s] Level 1:colcon.colcon_core.package_identification:_identify(src/googletest) by extension 'cmake'
[0.783s] Level 1:colcon.colcon_core.package_identification:_identify(src/googletest) by extension 'python'
[0.783s] DEBUG:colcon.colcon_core.package_identification:Package 'src/googletest' with type 'cmake' and name 'googletest-distribution'
[0.783s] Level 1:colcon.colcon_core.package_identification:_identify(src/mim_control) by extensions ['ignore', 'ignore_ament_install']
[0.784s] Level 1:colcon.colcon_core.package_identification:_identify(src/mim_control) by extension 'ignore'
[0.784s] Level 1:colcon.colcon_core.package_identification:_identify(src/mim_control) by extension 'ignore_ament_install'
[0.784s] Level 1:colcon.colcon_core.package_identification:_identify(src/mim_control) by extensions ['colcon_pkg']
[0.784s] Level 1:colcon.colcon_core.package_identification:_identify(src/mim_control) by extension 'colcon_pkg'
[0.784s] Level 1:colcon.colcon_core.package_identification:_identify(src/mim_control) by extensions ['colcon_meta']
[0.785s] Level 1:colcon.colcon_core.package_identification:_identify(src/mim_control) by extension 'colcon_meta'
[0.785s] Level 1:colcon.colcon_core.package_identification:_identify(src/mim_control) by extensions ['ros']
[0.785s] Level 1:colcon.colcon_core.package_identification:_identify(src/mim_control) by extension 'ros'
[0.785s] Level 1:colcon.colcon_core.package_identification:_identify(src/mim_control) by extensions ['cmake', 'python']
[0.785s] Level 1:colcon.colcon_core.package_identification:_identify(src/mim_control) by extension 'cmake'
[0.786s] Level 1:colcon.colcon_core.package_identification:_identify(src/mim_control) by extension 'python'
[0.786s] DEBUG:colcon.colcon_core.package_identification:Package 'src/mim_control' with type 'cmake' and name 'mim_control'
[0.786s] Level 1:colcon.colcon_core.package_identification:_identify(src/mpi_cmake_modules) by extensions ['ignore', 'ignore_ament_install']
[0.786s] Level 1:colcon.colcon_core.package_identification:_identify(src/mpi_cmake_modules) by extension 'ignore'
[0.786s] Level 1:colcon.colcon_core.package_identification:_identify(src/mpi_cmake_modules) by extension 'ignore_ament_install'
[0.786s] Level 1:colcon.colcon_core.package_identification:_identify(src/mpi_cmake_modules) by extensions ['colcon_pkg']
[0.786s] Level 1:colcon.colcon_core.package_identification:_identify(src/mpi_cmake_modules) by extension 'colcon_pkg'
[0.786s] Level 1:colcon.colcon_core.package_identification:_identify(src/mpi_cmake_modules) by extensions ['colcon_meta']
[0.786s] Level 1:colcon.colcon_core.package_identification:_identify(src/mpi_cmake_modules) by extension 'colcon_meta'
[0.786s] Level 1:colcon.colcon_core.package_identification:_identify(src/mpi_cmake_modules) by extensions ['ros']
[0.786s] Level 1:colcon.colcon_core.package_identification:_identify(src/mpi_cmake_modules) by extension 'ros'
[0.786s] Level 1:colcon.colcon_core.package_identification:_identify(src/mpi_cmake_modules) by extensions ['cmake', 'python']
[0.787s] Level 1:colcon.colcon_core.package_identification:_identify(src/mpi_cmake_modules) by extension 'cmake'
[0.794s] Level 1:colcon.colcon_core.package_identification:_identify(src/mpi_cmake_modules) by extension 'python'
[0.794s] DEBUG:colcon.colcon_core.package_identification:Package 'src/mpi_cmake_modules' with type 'cmake' and name 'mpi_cmake_modules'
[0.794s] Level 1:colcon.colcon_core.package_identification:_identify(src/pybind11) by extensions ['ignore', 'ignore_ament_install']
[0.794s] Level 1:colcon.colcon_core.package_identification:_identify(src/pybind11) by extension 'ignore'
[0.794s] Level 1:colcon.colcon_core.package_identification:_identify(src/pybind11) by extension 'ignore_ament_install'
[0.794s] Level 1:colcon.colcon_core.package_identification:_identify(src/pybind11) by extensions ['colcon_pkg']
[0.794s] Level 1:colcon.colcon_core.package_identification:_identify(src/pybind11) by extension 'colcon_pkg'
[0.794s] Level 1:colcon.colcon_core.package_identification:_identify(src/pybind11) by extensions ['colcon_meta']
[0.794s] Level 1:colcon.colcon_core.package_identification:_identify(src/pybind11) by extension 'colcon_meta'
[0.794s] Level 1:colcon.colcon_core.package_identification:_identify(src/pybind11) by extensions ['ros']
[0.795s] Level 1:colcon.colcon_core.package_identification:_identify(src/pybind11) by extension 'ros'
[0.795s] Level 1:colcon.colcon_core.package_identification:_identify(src/pybind11) by extensions ['cmake', 'python']
[0.795s] Level 1:colcon.colcon_core.package_identification:_identify(src/pybind11) by extension 'cmake'
[0.799s] Level 1:colcon.colcon_core.package_identification:_identify(src/pybind11) by extension 'python'
[0.799s] DEBUG:colcon.colcon_core.package_identification:Python package in 'src/pybind11' passes arguments to the setup() function which requires a different identification extension than 'python'
[0.799s] DEBUG:colcon.colcon_core.package_identification:Package 'src/pybind11' with type 'cmake' and name 'pybind11'
[0.799s] Level 1:colcon.colcon_core.package_identification:_identify(src/reactive_planners) by extensions ['ignore', 'ignore_ament_install']
[0.800s] Level 1:colcon.colcon_core.package_identification:_identify(src/reactive_planners) by extension 'ignore'
[0.800s] Level 1:colcon.colcon_core.package_identification:_identify(src/reactive_planners) by extension 'ignore_ament_install'
[0.800s] Level 1:colcon.colcon_core.package_identification:_identify(src/reactive_planners) by extensions ['colcon_pkg']
[0.800s] Level 1:colcon.colcon_core.package_identification:_identify(src/reactive_planners) by extension 'colcon_pkg'
[0.800s] Level 1:colcon.colcon_core.package_identification:_identify(src/reactive_planners) by extensions ['colcon_meta']
[0.800s] Level 1:colcon.colcon_core.package_identification:_identify(src/reactive_planners) by extension 'colcon_meta'
[0.800s] Level 1:colcon.colcon_core.package_identification:_identify(src/reactive_planners) by extensions ['ros']
[0.800s] Level 1:colcon.colcon_core.package_identification:_identify(src/reactive_planners) by extension 'ros'
[0.800s] Level 1:colcon.colcon_core.package_identification:_identify(src/reactive_planners) by extensions ['cmake', 'python']
[0.800s] Level 1:colcon.colcon_core.package_identification:_identify(src/reactive_planners) by extension 'cmake'
[0.802s] Level 1:colcon.colcon_core.package_identification:_identify(src/reactive_planners) by extension 'python'
[0.802s] DEBUG:colcon.colcon_core.package_identification:Package 'src/reactive_planners' with type 'cmake' and name 'reactive_planners'
[0.802s] Level 1:colcon.colcon_core.package_identification:_identify(src/real_time_tools) by extensions ['ignore', 'ignore_ament_install']
[0.802s] Level 1:colcon.colcon_core.package_identification:_identify(src/real_time_tools) by extension 'ignore'
[0.802s] Level 1:colcon.colcon_core.package_identification:_identify(src/real_time_tools) by extension 'ignore_ament_install'
[0.802s] Level 1:colcon.colcon_core.package_identification:_identify(src/real_time_tools) by extensions ['colcon_pkg']
[0.802s] Level 1:colcon.colcon_core.package_identification:_identify(src/real_time_tools) by extension 'colcon_pkg'
[0.802s] Level 1:colcon.colcon_core.package_identification:_identify(src/real_time_tools) by extensions ['colcon_meta']
[0.802s] Level 1:colcon.colcon_core.package_identification:_identify(src/real_time_tools) by extension 'colcon_meta'
[0.802s] Level 1:colcon.colcon_core.package_identification:_identify(src/real_time_tools) by extensions ['ros']
[0.803s] Level 1:colcon.colcon_core.package_identification:_identify(src/real_time_tools) by extension 'ros'
[0.803s] Level 1:colcon.colcon_core.package_identification:_identify(src/real_time_tools) by extensions ['cmake', 'python']
[0.803s] Level 1:colcon.colcon_core.package_identification:_identify(src/real_time_tools) by extension 'cmake'
[0.803s] Level 1:colcon.colcon_core.package_identification:_identify(src/real_time_tools) by extension 'python'
[0.804s] DEBUG:colcon.colcon_core.package_identification:Package 'src/real_time_tools' with type 'cmake' and name 'real_time_tools'
[0.804s] Level 1:colcon.colcon_core.package_identification:_identify(src/robot_properties_bolt) by extensions ['ignore', 'ignore_ament_install']
[0.804s] Level 1:colcon.colcon_core.package_identification:_identify(src/robot_properties_bolt) by extension 'ignore'
[0.804s] Level 1:colcon.colcon_core.package_identification:_identify(src/robot_properties_bolt) by extension 'ignore_ament_install'
[0.804s] Level 1:colcon.colcon_core.package_identification:_identify(src/robot_properties_bolt) by extensions ['colcon_pkg']
[0.804s] Level 1:colcon.colcon_core.package_identification:_identify(src/robot_properties_bolt) by extension 'colcon_pkg'
[0.804s] Level 1:colcon.colcon_core.package_identification:_identify(src/robot_properties_bolt) by extensions ['colcon_meta']
[0.804s] Level 1:colcon.colcon_core.package_identification:_identify(src/robot_properties_bolt) by extension 'colcon_meta'
[0.804s] Level 1:colcon.colcon_core.package_identification:_identify(src/robot_properties_bolt) by extensions ['ros']
[0.804s] Level 1:colcon.colcon_core.package_identification:_identify(src/robot_properties_bolt) by extension 'ros'
[0.807s] DEBUG:colcon.colcon_core.package_identification:Package 'src/robot_properties_bolt' with type 'ros.ament_python' and name 'robot_properties_bolt'
[0.807s] Level 1:colcon.colcon_core.package_identification:_identify(src/robot_properties_solo) by extensions ['ignore', 'ignore_ament_install']
[0.807s] Level 1:colcon.colcon_core.package_identification:_identify(src/robot_properties_solo) by extension 'ignore'
[0.807s] Level 1:colcon.colcon_core.package_identification:_identify(src/robot_properties_solo) by extension 'ignore_ament_install'
[0.807s] Level 1:colcon.colcon_core.package_identification:_identify(src/robot_properties_solo) by extensions ['colcon_pkg']
[0.807s] Level 1:colcon.colcon_core.package_identification:_identify(src/robot_properties_solo) by extension 'colcon_pkg'
[0.808s] Level 1:colcon.colcon_core.package_identification:_identify(src/robot_properties_solo) by extensions ['colcon_meta']
[0.808s] Level 1:colcon.colcon_core.package_identification:_identify(src/robot_properties_solo) by extension 'colcon_meta'
[0.808s] Level 1:colcon.colcon_core.package_identification:_identify(src/robot_properties_solo) by extensions ['ros']
[0.808s] Level 1:colcon.colcon_core.package_identification:_identify(src/robot_properties_solo) by extension 'ros'
[0.809s] DEBUG:colcon.colcon_core.package_identification:Package 'src/robot_properties_solo' with type 'ros.ament_python' and name 'robot_properties_solo'
[0.809s] Level 1:colcon.colcon_core.package_identification:_identify(src/yaml_utils) by extensions ['ignore', 'ignore_ament_install']
[0.809s] Level 1:colcon.colcon_core.package_identification:_identify(src/yaml_utils) by extension 'ignore'
[0.809s] Level 1:colcon.colcon_core.package_identification:_identify(src/yaml_utils) by extension 'ignore_ament_install'
[0.809s] Level 1:colcon.colcon_core.package_identification:_identify(src/yaml_utils) by extensions ['colcon_pkg']
[0.809s] Level 1:colcon.colcon_core.package_identification:_identify(src/yaml_utils) by extension 'colcon_pkg'
[0.809s] Level 1:colcon.colcon_core.package_identification:_identify(src/yaml_utils) by extensions ['colcon_meta']
[0.809s] Level 1:colcon.colcon_core.package_identification:_identify(src/yaml_utils) by extension 'colcon_meta'
[0.809s] Level 1:colcon.colcon_core.package_identification:_identify(src/yaml_utils) by extensions ['ros']
[0.809s] Level 1:colcon.colcon_core.package_identification:_identify(src/yaml_utils) by extension 'ros'
[0.810s] Level 1:colcon.colcon_core.package_identification:_identify(src/yaml_utils) by extensions ['cmake', 'python']
[0.810s] Level 1:colcon.colcon_core.package_identification:_identify(src/yaml_utils) by extension 'cmake'
[0.810s] Level 1:colcon.colcon_core.package_identification:_identify(src/yaml_utils) by extension 'python'
[0.810s] DEBUG:colcon.colcon_core.package_identification:Package 'src/yaml_utils' with type 'cmake' and name 'yaml_utils'
[0.810s] Level 1:colcon.colcon_core.package_discovery:discover_packages(recursive) using defaults
[0.810s] Level 1:colcon.colcon_core.package_discovery:discover_packages(ignore) discover
[0.810s] Level 1:colcon.colcon_core.package_discovery:discover_packages(ignore) using defaults
[0.810s] Level 1:colcon.colcon_core.package_discovery:discover_packages(path) discover
[0.810s] Level 1:colcon.colcon_core.package_discovery:discover_packages(path) using defaults
[0.839s] INFO:colcon.colcon_metadata.metadata.colcon_pkg:Updating descriptor of package 'src/mim_control' from colcon.pkg: {'test-dependencies': ['googletest-distribution', 'robot_properties_solo', 'robot_properties_bolt', 'robot_properties_teststand']}
[0.840s] INFO:colcon.colcon_metadata.metadata.colcon_pkg:Updating descriptor of package 'src/yaml_utils' from colcon.pkg: {'test-dependencies': ['googletest-distribution']}
[0.840s] INFO:colcon.colcon_metadata.metadata.colcon_pkg:Updating descriptor of package 'src/reactive_planners' from colcon.pkg: {'test-dependencies': ['googletest-distribution']}
[0.840s] INFO:colcon.colcon_metadata.metadata.colcon_pkg:Updating descriptor of package 'src/real_time_tools' from colcon.pkg: {'test-dependencies': ['googletest-distribution']}
[0.855s] Level 5:colcon.colcon_core.verb:set package 'googletest-distribution' build argument 'cmake_args' from command line to '['-DCMAKE_BUILD_TYPE=Release']'
[0.855s] Level 5:colcon.colcon_core.verb:set package 'googletest-distribution' build argument 'cmake_target' from command line to 'None'
[0.855s] Level 5:colcon.colcon_core.verb:set package 'googletest-distribution' build argument 'cmake_target_skip_unavailable' from command line to 'False'
[0.855s] Level 5:colcon.colcon_core.verb:set package 'googletest-distribution' build argument 'cmake_clean_cache' from command line to 'False'
[0.855s] Level 5:colcon.colcon_core.verb:set package 'googletest-distribution' build argument 'cmake_clean_first' from command line to 'False'
[0.855s] Level 5:colcon.colcon_core.verb:set package 'googletest-distribution' build argument 'cmake_force_configure' from command line to 'False'
[0.855s] Level 5:colcon.colcon_core.verb:set package 'googletest-distribution' build argument 'ament_cmake_args' from command line to 'None'
[0.855s] Level 5:colcon.colcon_core.verb:set package 'googletest-distribution' build argument 'catkin_cmake_args' from command line to 'None'
[0.855s] Level 5:colcon.colcon_core.verb:set package 'googletest-distribution' build argument 'catkin_skip_building_tests' from command line to 'False'
[0.855s] DEBUG:colcon.colcon_core.verb:Building package 'googletest-distribution' with the following arguments: {'ament_cmake_args': None, 'build_base': '/home/roy/odri_dev/workspace/build/googletest-distribution', 'catkin_cmake_args': None, 'catkin_skip_building_tests': False, 'cmake_args': ['-DCMAKE_BUILD_TYPE=Release'], 'cmake_clean_cache': False, 'cmake_clean_first': False, 'cmake_force_configure': False, 'cmake_target': None, 'cmake_target_skip_unavailable': False, 'install_base': '/home/roy/odri_dev/workspace/install/googletest-distribution', 'merge_install': False, 'path': '/home/roy/odri_dev/workspace/src/googletest', 'symlink_install': False, 'test_result_base': None}
[0.863s] Level 5:colcon.colcon_core.verb:set package 'mpi_cmake_modules' build argument 'cmake_args' from command line to '['-DCMAKE_BUILD_TYPE=Release']'
[0.863s] Level 5:colcon.colcon_core.verb:set package 'mpi_cmake_modules' build argument 'cmake_target' from command line to 'None'
[0.863s] Level 5:colcon.colcon_core.verb:set package 'mpi_cmake_modules' build argument 'cmake_target_skip_unavailable' from command line to 'False'
[0.863s] Level 5:colcon.colcon_core.verb:set package 'mpi_cmake_modules' build argument 'cmake_clean_cache' from command line to 'False'
[0.863s] Level 5:colcon.colcon_core.verb:set package 'mpi_cmake_modules' build argument 'cmake_clean_first' from command line to 'False'
[0.863s] Level 5:colcon.colcon_core.verb:set package 'mpi_cmake_modules' build argument 'cmake_force_configure' from command line to 'False'
[0.863s] Level 5:colcon.colcon_core.verb:set package 'mpi_cmake_modules' build argument 'ament_cmake_args' from command line to 'None'
[0.863s] Level 5:colcon.colcon_core.verb:set package 'mpi_cmake_modules' build argument 'catkin_cmake_args' from command line to 'None'
[0.863s] Level 5:colcon.colcon_core.verb:set package 'mpi_cmake_modules' build argument 'catkin_skip_building_tests' from command line to 'False'
[0.863s] DEBUG:colcon.colcon_core.verb:Building package 'mpi_cmake_modules' with the following arguments: {'ament_cmake_args': None, 'build_base': '/home/roy/odri_dev/workspace/build/mpi_cmake_modules', 'catkin_cmake_args': None, 'catkin_skip_building_tests': False, 'cmake_args': ['-DCMAKE_BUILD_TYPE=Release'], 'cmake_clean_cache': False, 'cmake_clean_first': False, 'cmake_force_configure': False, 'cmake_target': None, 'cmake_target_skip_unavailable': False, 'install_base': '/home/roy/odri_dev/workspace/install/mpi_cmake_modules', 'merge_install': False, 'path': '/home/roy/odri_dev/workspace/src/mpi_cmake_modules', 'symlink_install': False, 'test_result_base': None}
[0.874s] Level 5:colcon.colcon_core.verb:set package 'pybind11' build argument 'cmake_args' from command line to '['-DCMAKE_BUILD_TYPE=Release']'
[0.874s] Level 5:colcon.colcon_core.verb:set package 'pybind11' build argument 'cmake_target' from command line to 'None'
[0.874s] Level 5:colcon.colcon_core.verb:set package 'pybind11' build argument 'cmake_target_skip_unavailable' from command line to 'False'
[0.874s] Level 5:colcon.colcon_core.verb:set package 'pybind11' build argument 'cmake_clean_cache' from command line to 'False'
[0.874s] Level 5:colcon.colcon_core.verb:set package 'pybind11' build argument 'cmake_clean_first' from command line to 'False'
[0.874s] Level 5:colcon.colcon_core.verb:set package 'pybind11' build argument 'cmake_force_configure' from command line to 'False'
[0.874s] Level 5:colcon.colcon_core.verb:set package 'pybind11' build argument 'ament_cmake_args' from command line to 'None'
[0.874s] Level 5:colcon.colcon_core.verb:set package 'pybind11' build argument 'catkin_cmake_args' from command line to 'None'
[0.875s] Level 5:colcon.colcon_core.verb:set package 'pybind11' build argument 'catkin_skip_building_tests' from command line to 'False'
[0.875s] DEBUG:colcon.colcon_core.verb:Building package 'pybind11' with the following arguments: {'ament_cmake_args': None, 'build_base': '/home/roy/odri_dev/workspace/build/pybind11', 'catkin_cmake_args': None, 'catkin_skip_building_tests': False, 'cmake_args': ['-DCMAKE_BUILD_TYPE=Release'], 'cmake_clean_cache': False, 'cmake_clean_first': False, 'cmake_force_configure': False, 'cmake_target': None, 'cmake_target_skip_unavailable': False, 'install_base': '/home/roy/odri_dev/workspace/install/pybind11', 'merge_install': False, 'path': '/home/roy/odri_dev/workspace/src/pybind11', 'symlink_install': False, 'test_result_base': None}
[0.888s] Level 5:colcon.colcon_core.verb:set package 'bullet_utils' build argument 'cmake_args' from command line to '['-DCMAKE_BUILD_TYPE=Release']'
[0.888s] Level 5:colcon.colcon_core.verb:set package 'bullet_utils' build argument 'cmake_target' from command line to 'None'
[0.888s] Level 5:colcon.colcon_core.verb:set package 'bullet_utils' build argument 'cmake_target_skip_unavailable' from command line to 'False'
[0.888s] Level 5:colcon.colcon_core.verb:set package 'bullet_utils' build argument 'cmake_clean_cache' from command line to 'False'
[0.888s] Level 5:colcon.colcon_core.verb:set package 'bullet_utils' build argument 'cmake_clean_first' from command line to 'False'
[0.888s] Level 5:colcon.colcon_core.verb:set package 'bullet_utils' build argument 'cmake_force_configure' from command line to 'False'
[0.888s] Level 5:colcon.colcon_core.verb:set package 'bullet_utils' build argument 'ament_cmake_args' from command line to 'None'
[0.888s] Level 5:colcon.colcon_core.verb:set package 'bullet_utils' build argument 'catkin_cmake_args' from command line to 'None'
[0.888s] Level 5:colcon.colcon_core.verb:set package 'bullet_utils' build argument 'catkin_skip_building_tests' from command line to 'False'
[0.888s] DEBUG:colcon.colcon_core.verb:Building package 'bullet_utils' with the following arguments: {'ament_cmake_args': None, 'build_base': '/home/roy/odri_dev/workspace/build/bullet_utils', 'catkin_cmake_args': None, 'catkin_skip_building_tests': False, 'cmake_args': ['-DCMAKE_BUILD_TYPE=Release'], 'cmake_clean_cache': False, 'cmake_clean_first': False, 'cmake_force_configure': False, 'cmake_target': None, 'cmake_target_skip_unavailable': False, 'install_base': '/home/roy/odri_dev/workspace/install/bullet_utils', 'merge_install': False, 'path': '/home/roy/odri_dev/workspace/src/bullet_utils', 'symlink_install': False, 'test_result_base': None}
[0.897s] Level 5:colcon.colcon_core.verb:set package 'real_time_tools' build argument 'cmake_args' from command line to '['-DCMAKE_BUILD_TYPE=Release']'
[0.897s] Level 5:colcon.colcon_core.verb:set package 'real_time_tools' build argument 'cmake_target' from command line to 'None'
[0.897s] Level 5:colcon.colcon_core.verb:set package 'real_time_tools' build argument 'cmake_target_skip_unavailable' from command line to 'False'
[0.897s] Level 5:colcon.colcon_core.verb:set package 'real_time_tools' build argument 'cmake_clean_cache' from command line to 'False'
[0.897s] Level 5:colcon.colcon_core.verb:set package 'real_time_tools' build argument 'cmake_clean_first' from command line to 'False'
[0.897s] Level 5:colcon.colcon_core.verb:set package 'real_time_tools' build argument 'cmake_force_configure' from command line to 'False'
[0.897s] Level 5:colcon.colcon_core.verb:set package 'real_time_tools' build argument 'ament_cmake_args' from command line to 'None'
[0.897s] Level 5:colcon.colcon_core.verb:set package 'real_time_tools' build argument 'catkin_cmake_args' from command line to 'None'
[0.897s] Level 5:colcon.colcon_core.verb:set package 'real_time_tools' build argument 'catkin_skip_building_tests' from command line to 'False'
[0.897s] DEBUG:colcon.colcon_core.verb:Building package 'real_time_tools' with the following arguments: {'ament_cmake_args': None, 'build_base': '/home/roy/odri_dev/workspace/build/real_time_tools', 'catkin_cmake_args': None, 'catkin_skip_building_tests': False, 'cmake_args': ['-DCMAKE_BUILD_TYPE=Release'], 'cmake_clean_cache': False, 'cmake_clean_first': False, 'cmake_force_configure': False, 'cmake_target': None, 'cmake_target_skip_unavailable': False, 'install_base': '/home/roy/odri_dev/workspace/install/real_time_tools', 'merge_install': False, 'path': '/home/roy/odri_dev/workspace/src/real_time_tools', 'symlink_install': False, 'test_result_base': None}
[0.906s] Level 5:colcon.colcon_core.verb:set package 'yaml_utils' build argument 'cmake_args' from command line to '['-DCMAKE_BUILD_TYPE=Release']'
[0.906s] Level 5:colcon.colcon_core.verb:set package 'yaml_utils' build argument 'cmake_target' from command line to 'None'
[0.906s] Level 5:colcon.colcon_core.verb:set package 'yaml_utils' build argument 'cmake_target_skip_unavailable' from command line to 'False'
[0.906s] Level 5:colcon.colcon_core.verb:set package 'yaml_utils' build argument 'cmake_clean_cache' from command line to 'False'
[0.906s] Level 5:colcon.colcon_core.verb:set package 'yaml_utils' build argument 'cmake_clean_first' from command line to 'False'
[0.906s] Level 5:colcon.colcon_core.verb:set package 'yaml_utils' build argument 'cmake_force_configure' from command line to 'False'
[0.906s] Level 5:colcon.colcon_core.verb:set package 'yaml_utils' build argument 'ament_cmake_args' from command line to 'None'
[0.906s] Level 5:colcon.colcon_core.verb:set package 'yaml_utils' build argument 'catkin_cmake_args' from command line to 'None'
[0.906s] Level 5:colcon.colcon_core.verb:set package 'yaml_utils' build argument 'catkin_skip_building_tests' from command line to 'False'
[0.906s] DEBUG:colcon.colcon_core.verb:Building package 'yaml_utils' with the following arguments: {'ament_cmake_args': None, 'build_base': '/home/roy/odri_dev/workspace/build/yaml_utils', 'catkin_cmake_args': None, 'catkin_skip_building_tests': False, 'cmake_args': ['-DCMAKE_BUILD_TYPE=Release'], 'cmake_clean_cache': False, 'cmake_clean_first': False, 'cmake_force_configure': False, 'cmake_target': None, 'cmake_target_skip_unavailable': False, 'install_base': '/home/roy/odri_dev/workspace/install/yaml_utils', 'merge_install': False, 'path': '/home/roy/odri_dev/workspace/src/yaml_utils', 'symlink_install': False, 'test_result_base': None}
[0.914s] Level 5:colcon.colcon_core.verb:set package 'reactive_planners' build argument 'cmake_args' from command line to '['-DCMAKE_BUILD_TYPE=Release']'
[0.914s] Level 5:colcon.colcon_core.verb:set package 'reactive_planners' build argument 'cmake_target' from command line to 'None'
[0.914s] Level 5:colcon.colcon_core.verb:set package 'reactive_planners' build argument 'cmake_target_skip_unavailable' from command line to 'False'
[0.914s] Level 5:colcon.colcon_core.verb:set package 'reactive_planners' build argument 'cmake_clean_cache' from command line to 'False'
[0.914s] Level 5:colcon.colcon_core.verb:set package 'reactive_planners' build argument 'cmake_clean_first' from command line to 'False'
[0.914s] Level 5:colcon.colcon_core.verb:set package 'reactive_planners' build argument 'cmake_force_configure' from command line to 'False'
[0.914s] Level 5:colcon.colcon_core.verb:set package 'reactive_planners' build argument 'ament_cmake_args' from command line to 'None'
[0.914s] Level 5:colcon.colcon_core.verb:set package 'reactive_planners' build argument 'catkin_cmake_args' from command line to 'None'
[0.914s] Level 5:colcon.colcon_core.verb:set package 'reactive_planners' build argument 'catkin_skip_building_tests' from command line to 'False'
[0.914s] DEBUG:colcon.colcon_core.verb:Building package 'reactive_planners' with the following arguments: {'ament_cmake_args': None, 'build_base': '/home/roy/odri_dev/workspace/build/reactive_planners', 'catkin_cmake_args': None, 'catkin_skip_building_tests': False, 'cmake_args': ['-DCMAKE_BUILD_TYPE=Release'], 'cmake_clean_cache': False, 'cmake_clean_first': False, 'cmake_force_configure': False, 'cmake_target': None, 'cmake_target_skip_unavailable': False, 'install_base': '/home/roy/odri_dev/workspace/install/reactive_planners', 'merge_install': False, 'path': '/home/roy/odri_dev/workspace/src/reactive_planners', 'symlink_install': False, 'test_result_base': None}
[0.922s] Level 5:colcon.colcon_core.verb:set package 'robot_properties_bolt' build argument 'cmake_args' from command line to '['-DCMAKE_BUILD_TYPE=Release']'
[0.922s] Level 5:colcon.colcon_core.verb:set package 'robot_properties_bolt' build argument 'cmake_target' from command line to 'None'
[0.922s] Level 5:colcon.colcon_core.verb:set package 'robot_properties_bolt' build argument 'cmake_target_skip_unavailable' from command line to 'False'
[0.922s] Level 5:colcon.colcon_core.verb:set package 'robot_properties_bolt' build argument 'cmake_clean_cache' from command line to 'False'
[0.922s] Level 5:colcon.colcon_core.verb:set package 'robot_properties_bolt' build argument 'cmake_clean_first' from command line to 'False'
[0.922s] Level 5:colcon.colcon_core.verb:set package 'robot_properties_bolt' build argument 'cmake_force_configure' from command line to 'False'
[0.922s] Level 5:colcon.colcon_core.verb:set package 'robot_properties_bolt' build argument 'ament_cmake_args' from command line to 'None'
[0.922s] Level 5:colcon.colcon_core.verb:set package 'robot_properties_bolt' build argument 'catkin_cmake_args' from command line to 'None'
[0.922s] Level 5:colcon.colcon_core.verb:set package 'robot_properties_bolt' build argument 'catkin_skip_building_tests' from command line to 'False'
[0.922s] DEBUG:colcon.colcon_core.verb:Building package 'robot_properties_bolt' with the following arguments: {'ament_cmake_args': None, 'build_base': '/home/roy/odri_dev/workspace/build/robot_properties_bolt', 'catkin_cmake_args': None, 'catkin_skip_building_tests': False, 'cmake_args': ['-DCMAKE_BUILD_TYPE=Release'], 'cmake_clean_cache': False, 'cmake_clean_first': False, 'cmake_force_configure': False, 'cmake_target': None, 'cmake_target_skip_unavailable': False, 'install_base': '/home/roy/odri_dev/workspace/install/robot_properties_bolt', 'merge_install': False, 'path': '/home/roy/odri_dev/workspace/src/robot_properties_bolt', 'symlink_install': False, 'test_result_base': None}
[0.930s] Level 5:colcon.colcon_core.verb:set package 'robot_properties_solo' build argument 'cmake_args' from command line to '['-DCMAKE_BUILD_TYPE=Release']'
[0.930s] Level 5:colcon.colcon_core.verb:set package 'robot_properties_solo' build argument 'cmake_target' from command line to 'None'
[0.930s] Level 5:colcon.colcon_core.verb:set package 'robot_properties_solo' build argument 'cmake_target_skip_unavailable' from command line to 'False'
[0.930s] Level 5:colcon.colcon_core.verb:set package 'robot_properties_solo' build argument 'cmake_clean_cache' from command line to 'False'
[0.930s] Level 5:colcon.colcon_core.verb:set package 'robot_properties_solo' build argument 'cmake_clean_first' from command line to 'False'
[0.930s] Level 5:colcon.colcon_core.verb:set package 'robot_properties_solo' build argument 'cmake_force_configure' from command line to 'False'
[0.930s] Level 5:colcon.colcon_core.verb:set package 'robot_properties_solo' build argument 'ament_cmake_args' from command line to 'None'
[0.930s] Level 5:colcon.colcon_core.verb:set package 'robot_properties_solo' build argument 'catkin_cmake_args' from command line to 'None'
[0.930s] Level 5:colcon.colcon_core.verb:set package 'robot_properties_solo' build argument 'catkin_skip_building_tests' from command line to 'False'
[0.930s] DEBUG:colcon.colcon_core.verb:Building package 'robot_properties_solo' with the following arguments: {'ament_cmake_args': None, 'build_base': '/home/roy/odri_dev/workspace/build/robot_properties_solo', 'catkin_cmake_args': None, 'catkin_skip_building_tests': False, 'cmake_args': ['-DCMAKE_BUILD_TYPE=Release'], 'cmake_clean_cache': False, 'cmake_clean_first': False, 'cmake_force_configure': False, 'cmake_target': None, 'cmake_target_skip_unavailable': False, 'install_base': '/home/roy/odri_dev/workspace/install/robot_properties_solo', 'merge_install': False, 'path': '/home/roy/odri_dev/workspace/src/robot_properties_solo', 'symlink_install': False, 'test_result_base': None}
[0.938s] Level 5:colcon.colcon_core.verb:set package 'mim_control' build argument 'cmake_args' from command line to '['-DCMAKE_BUILD_TYPE=Release']'
[0.938s] Level 5:colcon.colcon_core.verb:set package 'mim_control' build argument 'cmake_target' from command line to 'None'
[0.938s] Level 5:colcon.colcon_core.verb:set package 'mim_control' build argument 'cmake_target_skip_unavailable' from command line to 'False'
[0.938s] Level 5:colcon.colcon_core.verb:set package 'mim_control' build argument 'cmake_clean_cache' from command line to 'False'
[0.938s] Level 5:colcon.colcon_core.verb:set package 'mim_control' build argument 'cmake_clean_first' from command line to 'False'
[0.938s] Level 5:colcon.colcon_core.verb:set package 'mim_control' build argument 'cmake_force_configure' from command line to 'False'
[0.938s] Level 5:colcon.colcon_core.verb:set package 'mim_control' build argument 'ament_cmake_args' from command line to 'None'
[0.938s] Level 5:colcon.colcon_core.verb:set package 'mim_control' build argument 'catkin_cmake_args' from command line to 'None'
[0.938s] Level 5:colcon.colcon_core.verb:set package 'mim_control' build argument 'catkin_skip_building_tests' from command line to 'False'
[0.938s] DEBUG:colcon.colcon_core.verb:Building package 'mim_control' with the following arguments: {'ament_cmake_args': None, 'build_base': '/home/roy/odri_dev/workspace/build/mim_control', 'catkin_cmake_args': None, 'catkin_skip_building_tests': False, 'cmake_args': ['-DCMAKE_BUILD_TYPE=Release'], 'cmake_clean_cache': False, 'cmake_clean_first': False, 'cmake_force_configure': False, 'cmake_target': None, 'cmake_target_skip_unavailable': False, 'install_base': '/home/roy/odri_dev/workspace/install/mim_control', 'merge_install': False, 'path': '/home/roy/odri_dev/workspace/src/mim_control', 'symlink_install': False, 'test_result_base': None}
[0.940s] INFO:colcon.colcon_core.executor:Executing jobs using 'parallel' executor
[0.953s] DEBUG:colcon.colcon_parallel_executor.executor.parallel:run_until_complete
[0.954s] INFO:colcon.colcon_cmake.task.cmake.build:Building CMake package in '/home/roy/odri_dev/workspace/src/googletest'
[0.964s] INFO:colcon.colcon_core.plugin_system:Skipping extension 'colcon_core.shell.bat': Not used on non-Windows systems
[0.964s] INFO:colcon.colcon_core.shell:Skip shell extension 'powershell' for command environment: Not usable outside of PowerShell
[0.964s] DEBUG:colcon.colcon_core.shell:Skip shell extension 'dsv' for command environment
[0.973s] INFO:colcon.colcon_cmake.task.cmake.build:Building CMake package in '/home/roy/odri_dev/workspace/src/mpi_cmake_modules'
[0.980s] INFO:colcon.colcon_core.shell:Skip shell extension 'powershell' for command environment: Not usable outside of PowerShell
[0.980s] DEBUG:colcon.colcon_core.shell:Skip shell extension 'dsv' for command environment
[0.988s] INFO:colcon.colcon_cmake.task.cmake.build:Building CMake package in '/home/roy/odri_dev/workspace/src/pybind11'
[0.995s] INFO:colcon.colcon_core.shell:Skip shell extension 'powershell' for command environment: Not usable outside of PowerShell
[0.995s] DEBUG:colcon.colcon_core.shell:Skip shell extension 'dsv' for command environment
[1.011s] DEBUG:colcon.colcon_core.event_handler.log_command:Invoking command in '/home/roy/odri_dev/workspace/build/googletest-distribution': /usr/bin/cmake --build /home/roy/odri_dev/workspace/build/googletest-distribution -- -j8 -l8
[1.019s] DEBUG:colcon.colcon_core.event_handler.log_command:Invoking command in '/home/roy/odri_dev/workspace/build/mpi_cmake_modules': /usr/bin/cmake --build /home/roy/odri_dev/workspace/build/mpi_cmake_modules -- -j8 -l8
[1.033s] DEBUG:colcon.colcon_core.event_handler.log_command:Invoking command in '/home/roy/odri_dev/workspace/build/pybind11': /usr/bin/cmake --build /home/roy/odri_dev/workspace/build/pybind11 -- -j8 -l8
[1.058s] DEBUG:colcon.colcon_core.event_handler.log_command:Invoked command in '/home/roy/odri_dev/workspace/build/mpi_cmake_modules' returned '0': /usr/bin/cmake --build /home/roy/odri_dev/workspace/build/mpi_cmake_modules -- -j8 -l8
[1.108s] DEBUG:colcon.colcon_core.event_handler.log_command:Invoking command in '/home/roy/odri_dev/workspace/build/mpi_cmake_modules': /usr/bin/cmake --install /home/roy/odri_dev/workspace/build/mpi_cmake_modules
[1.123s] Level 1:colcon.colcon_core.environment:create_environment_scripts_only(mpi_cmake_modules)
[1.134s] DEBUG:colcon.colcon_core.event_handler.log_command:Invoked command in '/home/roy/odri_dev/workspace/build/mpi_cmake_modules' returned '0': /usr/bin/cmake --install /home/roy/odri_dev/workspace/build/mpi_cmake_modules
[1.146s] Level 1:colcon.colcon_core.environment:checking '/home/roy/odri_dev/workspace/install/mpi_cmake_modules' for CMake module files
[1.147s] Level 1:colcon.colcon_core.environment:checking '/home/roy/odri_dev/workspace/install/mpi_cmake_modules' for CMake config files
[1.148s] Level 1:colcon.colcon_core.shell:create_environment_hook('mpi_cmake_modules', 'cmake_prefix_path')
[1.158s] INFO:colcon.colcon_core.shell:Creating environment hook '/home/roy/odri_dev/workspace/install/mpi_cmake_modules/share/mpi_cmake_modules/hook/cmake_prefix_path.ps1'
[1.160s] INFO:colcon.colcon_core.shell:Creating environment descriptor '/home/roy/odri_dev/workspace/install/mpi_cmake_modules/share/mpi_cmake_modules/hook/cmake_prefix_path.dsv'
[1.161s] INFO:colcon.colcon_core.shell:Creating environment hook '/home/roy/odri_dev/workspace/install/mpi_cmake_modules/share/mpi_cmake_modules/hook/cmake_prefix_path.sh'
[1.162s] Level 1:colcon.colcon_core.environment:checking '/home/roy/odri_dev/workspace/install/mpi_cmake_modules/lib'
[1.163s] Level 1:colcon.colcon_core.environment:checking '/home/roy/odri_dev/workspace/install/mpi_cmake_modules/bin'
[1.163s] Level 1:colcon.colcon_core.shell:create_environment_hook('mpi_cmake_modules', 'path')
[1.173s] INFO:colcon.colcon_core.shell:Creating environment hook '/home/roy/odri_dev/workspace/install/mpi_cmake_modules/share/mpi_cmake_modules/hook/path.ps1'
[1.174s] INFO:colcon.colcon_core.shell:Creating environment descriptor '/home/roy/odri_dev/workspace/install/mpi_cmake_modules/share/mpi_cmake_modules/hook/path.dsv'
[1.174s] INFO:colcon.colcon_core.shell:Creating environment hook '/home/roy/odri_dev/workspace/install/mpi_cmake_modules/share/mpi_cmake_modules/hook/path.sh'
[1.175s] Level 1:colcon.colcon_core.environment:checking '/home/roy/odri_dev/workspace/install/mpi_cmake_modules/lib/pkgconfig/mpi_cmake_modules.pc'
[1.175s] Level 1:colcon.colcon_core.environment:checking '/home/roy/odri_dev/workspace/install/mpi_cmake_modules/lib/python3.8/site-packages'
[1.175s] Level 1:colcon.colcon_core.shell:create_environment_hook('mpi_cmake_modules', 'pythonpath')
[1.185s] INFO:colcon.colcon_core.shell:Creating environment hook '/home/roy/odri_dev/workspace/install/mpi_cmake_modules/share/mpi_cmake_modules/hook/pythonpath.ps1'
[1.186s] INFO:colcon.colcon_core.shell:Creating environment descriptor '/home/roy/odri_dev/workspace/install/mpi_cmake_modules/share/mpi_cmake_modules/hook/pythonpath.dsv'
[1.187s] INFO:colcon.colcon_core.shell:Creating environment hook '/home/roy/odri_dev/workspace/install/mpi_cmake_modules/share/mpi_cmake_modules/hook/pythonpath.sh'
[1.198s] INFO:colcon.colcon_core.shell:Creating package script '/home/roy/odri_dev/workspace/install/mpi_cmake_modules/share/mpi_cmake_modules/package.ps1'
[1.199s] INFO:colcon.colcon_core.shell:Creating package descriptor '/home/roy/odri_dev/workspace/install/mpi_cmake_modules/share/mpi_cmake_modules/package.dsv'
[1.200s] INFO:colcon.colcon_core.shell:Creating package script '/home/roy/odri_dev/workspace/install/mpi_cmake_modules/share/mpi_cmake_modules/package.sh'
[1.204s] INFO:colcon.colcon_core.shell:Creating package script '/home/roy/odri_dev/workspace/install/mpi_cmake_modules/share/mpi_cmake_modules/package.bash'
[1.205s] INFO:colcon.colcon_core.shell:Creating package script '/home/roy/odri_dev/workspace/install/mpi_cmake_modules/share/mpi_cmake_modules/package.zsh'
[1.206s] Level 1:colcon.colcon_core.environment:create_file_with_runtime_dependencies(/home/roy/odri_dev/workspace/install/mpi_cmake_modules/share/colcon-core/packages/mpi_cmake_modules)
[1.208s] INFO:colcon.colcon_core.task.python.build:Building Python package in '/home/roy/odri_dev/workspace/src/bullet_utils'
[1.220s] INFO:colcon.colcon_core.shell:Skip shell extension 'powershell' for command environment: Not usable outside of PowerShell
[1.220s] DEBUG:colcon.colcon_core.shell:Skip shell extension 'dsv' for command environment
[1.985s] DEBUG:colcon.colcon_core.event_handler.log_command:Invoking command in '/home/roy/odri_dev/workspace/src/bullet_utils': CMAKE_PREFIX_PATH=/home/roy/odri_dev/workspace/install/mpi_cmake_modules PATH=/home/roy/odri_dev/workspace/install/mpi_cmake_modules/bin:${PATH} PYTHONPATH=/home/roy/odri_dev/workspace/install/bullet_utils/lib/python3.8/site-packages:/home/roy/odri_dev/workspace/install/mpi_cmake_modules/lib/python3.8/site-packages /usr/bin/python3 setup.py egg_info --egg-base ../../build/bullet_utils build --build-base /home/roy/odri_dev/workspace/build/bullet_utils/build install --prefix /home/roy/odri_dev/workspace/install/bullet_utils --record /home/roy/odri_dev/workspace/build/bullet_utils/install.log --single-version-externally-managed
[7.333s] DEBUG:colcon.colcon_core.event_handler.log_command:Invoked command in '/home/roy/odri_dev/workspace/src/bullet_utils' returned '0': CMAKE_PREFIX_PATH=/home/roy/odri_dev/workspace/install/mpi_cmake_modules PATH=/home/roy/odri_dev/workspace/install/mpi_cmake_modules/bin:${PATH} PYTHONPATH=/home/roy/odri_dev/workspace/install/bullet_utils/lib/python3.8/site-packages:/home/roy/odri_dev/workspace/install/mpi_cmake_modules/lib/python3.8/site-packages /usr/bin/python3 setup.py egg_info --egg-base ../../build/bullet_utils build --build-base /home/roy/odri_dev/workspace/build/bullet_utils/build install --prefix /home/roy/odri_dev/workspace/install/bullet_utils --record /home/roy/odri_dev/workspace/build/bullet_utils/install.log --single-version-externally-managed
[7.342s] Level 1:colcon.colcon_core.environment:checking '/home/roy/odri_dev/workspace/install/bullet_utils' for CMake module files
[7.343s] Level 1:colcon.colcon_core.environment:checking '/home/roy/odri_dev/workspace/install/bullet_utils' for CMake config files
[7.345s] Level 1:colcon.colcon_core.environment:checking '/home/roy/odri_dev/workspace/install/bullet_utils/lib'
[7.345s] Level 1:colcon.colcon_core.environment:checking '/home/roy/odri_dev/workspace/install/bullet_utils/bin'
[7.345s] Level 1:colcon.colcon_core.environment:checking '/home/roy/odri_dev/workspace/install/bullet_utils/lib/pkgconfig/bullet_utils.pc'
[7.345s] Level 1:colcon.colcon_core.environment:checking '/home/roy/odri_dev/workspace/install/bullet_utils/lib/python3.8/site-packages'
[7.345s] Level 1:colcon.colcon_core.shell:create_environment_hook('bullet_utils', 'pythonpath')
[7.363s] INFO:colcon.colcon_core.shell:Creating environment hook '/home/roy/odri_dev/workspace/install/bullet_utils/share/bullet_utils/hook/pythonpath.ps1'
[7.364s] INFO:colcon.colcon_core.shell:Creating environment descriptor '/home/roy/odri_dev/workspace/install/bullet_utils/share/bullet_utils/hook/pythonpath.dsv'
[7.365s] INFO:colcon.colcon_core.shell:Creating environment hook '/home/roy/odri_dev/workspace/install/bullet_utils/share/bullet_utils/hook/pythonpath.sh'
[7.366s] Level 1:colcon.colcon_core.environment:create_environment_scripts_only(bullet_utils)
[7.378s] INFO:colcon.colcon_core.shell:Creating package script '/home/roy/odri_dev/workspace/install/bullet_utils/share/bullet_utils/package.ps1'
[7.380s] INFO:colcon.colcon_core.shell:Creating package descriptor '/home/roy/odri_dev/workspace/install/bullet_utils/share/bullet_utils/package.dsv'
[7.381s] INFO:colcon.colcon_core.shell:Creating package script '/home/roy/odri_dev/workspace/install/bullet_utils/share/bullet_utils/package.sh'
[7.382s] INFO:colcon.colcon_core.shell:Creating package script '/home/roy/odri_dev/workspace/install/bullet_utils/share/bullet_utils/package.bash'
[7.384s] INFO:colcon.colcon_core.shell:Creating package script '/home/roy/odri_dev/workspace/install/bullet_utils/share/bullet_utils/package.zsh'
[7.385s] Level 1:colcon.colcon_core.environment:create_file_with_runtime_dependencies(/home/roy/odri_dev/workspace/install/bullet_utils/share/colcon-core/packages/bullet_utils)
[7.387s] INFO:colcon.colcon_ros.task.ament_python.build:Building ROS package in '/home/roy/odri_dev/workspace/src/robot_properties_bolt' with build type 'ament_python'
[7.388s] Level 1:colcon.colcon_core.shell:create_environment_hook('robot_properties_bolt', 'ament_prefix_path')
[7.400s] INFO:colcon.colcon_core.shell:Creating environment hook '/home/roy/odri_dev/workspace/install/robot_properties_bolt/share/robot_properties_bolt/hook/ament_prefix_path.ps1'
[7.404s] INFO:colcon.colcon_core.shell:Creating environment descriptor '/home/roy/odri_dev/workspace/install/robot_properties_bolt/share/robot_properties_bolt/hook/ament_prefix_path.dsv'
[7.405s] INFO:colcon.colcon_core.shell:Creating environment hook '/home/roy/odri_dev/workspace/install/robot_properties_bolt/share/robot_properties_bolt/hook/ament_prefix_path.sh'
[7.423s] INFO:colcon.colcon_core.shell:Skip shell extension 'powershell' for command environment: Not usable outside of PowerShell
[7.424s] DEBUG:colcon.colcon_core.shell:Skip shell extension 'dsv' for command environment
[7.446s] INFO:colcon.colcon_ros.task.ament_python.build:Building ROS package in '/home/roy/odri_dev/workspace/src/robot_properties_solo' with build type 'ament_python'
[7.447s] Level 1:colcon.colcon_core.shell:create_environment_hook('robot_properties_solo', 'ament_prefix_path')
[7.462s] INFO:colcon.colcon_core.shell:Creating environment hook '/home/roy/odri_dev/workspace/install/robot_properties_solo/share/robot_properties_solo/hook/ament_prefix_path.ps1'
[7.463s] INFO:colcon.colcon_core.shell:Creating environment descriptor '/home/roy/odri_dev/workspace/install/robot_properties_solo/share/robot_properties_solo/hook/ament_prefix_path.dsv'
[7.464s] INFO:colcon.colcon_core.shell:Creating environment hook '/home/roy/odri_dev/workspace/install/robot_properties_solo/share/robot_properties_solo/hook/ament_prefix_path.sh'
[7.479s] INFO:colcon.colcon_core.shell:Skip shell extension 'powershell' for command environment: Not usable outside of PowerShell
[7.479s] DEBUG:colcon.colcon_core.shell:Skip shell extension 'dsv' for command environment
[8.282s] INFO:colcon.colcon_core.task.python.build:Building Python package in '/home/roy/odri_dev/workspace/src/robot_properties_bolt'
[8.320s] INFO:colcon.colcon_core.shell:Skip shell extension 'powershell' for command environment: Not usable outside of PowerShell
[8.357s] DEBUG:colcon.colcon_core.shell:Skip shell extension 'dsv' for command environment
[9.203s] INFO:colcon.colcon_core.task.python.build:Building Python package in '/home/roy/odri_dev/workspace/src/robot_properties_solo'
[9.219s] INFO:colcon.colcon_core.shell:Skip shell extension 'powershell' for command environment: Not usable outside of PowerShell
[9.219s] DEBUG:colcon.colcon_core.shell:Skip shell extension 'dsv' for command environment
[9.271s] DEBUG:colcon.colcon_core.event_handler.log_command:Invoking command in '/home/roy/odri_dev/workspace/src/robot_properties_bolt': PYTHONPATH=/home/roy/odri_dev/workspace/install/robot_properties_bolt/lib/python3.8/site-packages:/home/roy/odri_dev/workspace/install/bullet_utils/lib/python3.8/site-packages /usr/bin/python3 setup.py egg_info --egg-base ../../build/robot_properties_bolt build --build-base /home/roy/odri_dev/workspace/build/robot_properties_bolt/build install --prefix /home/roy/odri_dev/workspace/install/robot_properties_bolt --record /home/roy/odri_dev/workspace/build/robot_properties_bolt/install.log --single-version-externally-managed
[9.301s] DEBUG:colcon.colcon_core.event_handler.log_command:Invoking command in '/home/roy/odri_dev/workspace/src/robot_properties_solo': PYTHONPATH=/home/roy/odri_dev/workspace/install/robot_properties_solo/lib/python3.8/site-packages:/home/roy/odri_dev/workspace/install/bullet_utils/lib/python3.8/site-packages /usr/bin/python3 setup.py egg_info --egg-base ../../build/robot_properties_solo build --build-base /home/roy/odri_dev/workspace/build/robot_properties_solo/build install --prefix /home/roy/odri_dev/workspace/install/robot_properties_solo --record /home/roy/odri_dev/workspace/build/robot_properties_solo/install.log --single-version-externally-managed
[10.042s] DEBUG:colcon.colcon_parallel_executor.executor.parallel:run_until_complete was interrupted
[10.042s] DEBUG:colcon.colcon_parallel_executor.executor.parallel:run_until_complete again
[10.082s] DEBUG:colcon.colcon_core.event_handler.log_command:Invoked command in '/home/roy/odri_dev/workspace/build/googletest-distribution' returned '-2': /usr/bin/cmake --build /home/roy/odri_dev/workspace/build/googletest-distribution -- -j8 -l8
[10.131s] DEBUG:colcon.colcon_parallel_executor.executor.parallel:run_until_complete finished
[10.131s] DEBUG:colcon.colcon_parallel_executor.executor.parallel:closing loop
[10.132s] DEBUG:colcon.colcon_parallel_executor.executor.parallel:loop closed
[10.132s] DEBUG:colcon.colcon_core.event_reactor:joining thread
[10.142s] INFO:colcon.colcon_core.plugin_system:Skipping extension 'colcon_notification.desktop_notification.terminal_notifier': Not used on non-Darwin systems
[10.143s] INFO:colcon.colcon_core.plugin_system:Skipping extension 'colcon_notification.desktop_notification.win32': Not used on non-Windows systems
[10.143s] INFO:colcon.colcon_notification.desktop_notification:Sending desktop notification using 'notify2'
[10.173s] DEBUG:colcon.colcon_core.event_reactor:joined thread
[10.187s] INFO:colcon.colcon_core.shell:Creating prefix script '/home/roy/odri_dev/workspace/install/local_setup.ps1'
[10.189s] INFO:colcon.colcon_core.shell:Creating prefix util module '/home/roy/odri_dev/workspace/install/_local_setup_util_ps1.py'
[10.191s] INFO:colcon.colcon_core.shell:Creating prefix chain script '/home/roy/odri_dev/workspace/install/setup.ps1'
[10.196s] INFO:colcon.colcon_core.shell:Creating prefix script '/home/roy/odri_dev/workspace/install/local_setup.sh'
[10.196s] INFO:colcon.colcon_core.shell:Creating prefix util module '/home/roy/odri_dev/workspace/install/_local_setup_util_sh.py'
[10.197s] INFO:colcon.colcon_core.shell:Creating prefix chain script '/home/roy/odri_dev/workspace/install/setup.sh'
[10.205s] INFO:colcon.colcon_core.shell:Creating prefix script '/home/roy/odri_dev/workspace/install/local_setup.bash'
[10.206s] INFO:colcon.colcon_core.shell:Creating prefix chain script '/home/roy/odri_dev/workspace/install/setup.bash'
[10.211s] INFO:colcon.colcon_core.shell:Creating prefix script '/home/roy/odri_dev/workspace/install/local_setup.zsh'
[10.212s] INFO:colcon.colcon_core.shell:Creating prefix chain script '/home/roy/odri_dev/workspace/install/setup.zsh'
