[2.033s] Invoking command in '/home/roy/odri_dev/workspace/src/robot_properties_solo': PYTHONPATH=/home/roy/odri_dev/workspace/install/robot_properties_solo/lib/python3.8/site-packages:/home/roy/odri_dev/workspace/install/bullet_utils/lib/python3.8/site-packages /usr/bin/python3 setup.py egg_info --egg-base ../../build/robot_properties_solo build --build-base /home/roy/odri_dev/workspace/build/robot_properties_solo/build install --prefix /home/roy/odri_dev/workspace/install/robot_properties_solo --record /home/roy/odri_dev/workspace/build/robot_properties_solo/install.log --single-version-externally-managed
[2.528s] resources =  ['resources/impedance_ctrl.yaml', 'resources/dynamic_graph_manager/dgm_parameters_solo12_wireless_mpi_is.yaml', 'resources/dynamic_graph_manager/dgm_parameters_solo12_mpi_is.yaml', 'resources/dynamic_graph_manager/dgm_parameters_solo8.yaml', 'resources/dynamic_graph_manager/dgm_parameters_solo12_nyu.yaml', 'resources/dynamic_graph_manager/dgm_parameters_solo12.yaml', 'resources/dynamic_graph_manager/dgm_parameters_solo8ti.yaml', 'resources/odri_control_interface/solo12_driver.yaml', 'resources/launch/visual_rviz.launch', 'resources/launch/dashboard.launch', 'resources/launch/bringup.launch', 'resources/launch/rviz.launch', 'resources/rviz/display.rviz', 'resources/rviz/solo.rviz', 'resources/rviz/dgbullet_vs_pybullet.rviz', 'resources/srdf/solo.srdf', 'resources/pre_generated_urdf/readme.md', 'resources/xacro/solo8.urdf.xacro', 'resources/xacro/solo12.urdf.xacro', 'resources/xacro/plane_with_restitution.urdf.xacro', 'resources/xacro/leg.xacro', 'resources/rqt/solo.perspective.in', 'resources/meshes/cylinder.obj', 'resources/meshes/checker_blue.png', 'resources/meshes/cube.obj', 'resources/meshes/plane.obj', 'resources/meshes/sphere.obj', 'resources/meshes/plane.mtl', 'resources/meshes/obj/without_foot/solo_body.obj', 'resources/meshes/obj/without_foot/solo_lower_leg_left_side.mtl', 'resources/meshes/obj/without_foot/solo_upper_leg_right_side.obj', 'resources/meshes/obj/without_foot/solo_upper_leg_right_side.mtl', 'resources/meshes/obj/without_foot/solo_lower_leg_right_side.obj', 'resources/meshes/obj/without_foot/solo_lower_leg_right_side.mtl', 'resources/meshes/obj/without_foot/solo_upper_leg_left_side.mtl', 'resources/meshes/obj/without_foot/solo_body.mtl', 'resources/meshes/obj/without_foot/solo_lower_leg_left_side.obj', 'resources/meshes/obj/without_foot/solo_upper_leg_left_side.obj', 'resources/meshes/obj/with_foot/solo_body.obj', 'resources/meshes/obj/with_foot/solo_lower_leg_left_side.mtl', 'resources/meshes/obj/with_foot/solo_upper_leg_right_side.obj', 'resources/meshes/obj/with_foot/solo_foot.obj', 'resources/meshes/obj/with_foot/solo_upper_leg_right_side.mtl', 'resources/meshes/obj/with_foot/solo_lower_leg_right_side.obj', 'resources/meshes/obj/with_foot/solo_lower_leg_right_side.mtl', 'resources/meshes/obj/with_foot/solo_upper_leg_left_side.mtl', 'resources/meshes/obj/with_foot/solo_foot.mtl', 'resources/meshes/obj/with_foot/solo_body.mtl', 'resources/meshes/obj/with_foot/solo_lower_leg_left_side.obj', 'resources/meshes/obj/with_foot/solo_upper_leg_left_side.obj', 'resources/meshes/stl/without_foot/solo_body.stl', 'resources/meshes/stl/without_foot/solo_lower_leg_left_side.stl', 'resources/meshes/stl/without_foot/solo_upper_leg_left_side.stl', 'resources/meshes/stl/without_foot/solo_lower_leg_right_side.stl', 'resources/meshes/stl/without_foot/solo_upper_leg_right_side.stl', 'resources/meshes/stl/solo12/solo12_lower_leg_left_side.stl', 'resources/meshes/stl/solo12/_solo12_visualisation_model.PDF', 'resources/meshes/stl/solo12/solo_12_base.stl', 'resources/meshes/stl/solo12/solo12_hip_fe_hl.stl', 'resources/meshes/stl/solo12/solo12_hip_fe_fr.stl', 'resources/meshes/stl/solo12/solo12_upper_leg_left_side.stl', 'resources/meshes/stl/solo12/solo12_upper_leg_right_side.stl', 'resources/meshes/stl/solo12/solo12_hip_fe_fl.stl', 'resources/meshes/stl/solo12/solo12_hip_fe_hr.stl', 'resources/meshes/stl/solo12/solo12_coordinate_systems_4.png', 'resources/meshes/stl/solo12/solo12_lower_leg_right_side.stl', 'resources/meshes/stl/solo12/solo12_coordinate_systems_2.png', 'resources/meshes/stl/solo12/solo12_coordinate_systems.png', 'resources/meshes/stl/solo12/solo12_coordinate_systems_3.png', 'resources/meshes/stl/with_foot/solo_body.stl', 'resources/meshes/stl/with_foot/solo_lower_leg_left_side.stl', 'resources/meshes/stl/with_foot/solo_upper_leg_left_side.stl', 'resources/meshes/stl/with_foot/solo_lower_leg_right_side.stl', 'resources/meshes/stl/with_foot/solo_foot.stl', 'resources/meshes/stl/with_foot/solo_upper_leg_right_side.stl']
[2.566s] running egg_info
[2.567s] creating ../../build/robot_properties_solo/robot_properties_solo.egg-info
[2.568s] writing ../../build/robot_properties_solo/robot_properties_solo.egg-info/PKG-INFO
[2.568s] writing dependency_links to ../../build/robot_properties_solo/robot_properties_solo.egg-info/dependency_links.txt
[2.569s] writing entry points to ../../build/robot_properties_solo/robot_properties_solo.egg-info/entry_points.txt
[2.569s] writing requirements to ../../build/robot_properties_solo/robot_properties_solo.egg-info/requires.txt
[2.570s] writing top-level names to ../../build/robot_properties_solo/robot_properties_solo.egg-info/top_level.txt
[2.570s] writing manifest file '../../build/robot_properties_solo/robot_properties_solo.egg-info/SOURCES.txt'
[2.579s] reading manifest file '../../build/robot_properties_solo/robot_properties_solo.egg-info/SOURCES.txt'
[2.582s] writing manifest file '../../build/robot_properties_solo/robot_properties_solo.egg-info/SOURCES.txt'
[2.583s] running build
[2.583s] running build_py
[2.583s] 
[2.881s] Traceback (most recent call last):
[2.882s]   File "setup.py", line 159, in <module>
[2.882s]     setup(
[2.882s]   File "/usr/lib/python3/dist-packages/setuptools/__init__.py", line 144, in setup
[2.883s]     return distutils.core.setup(**attrs)
[2.883s]   File "/usr/lib/python3.8/distutils/core.py", line 148, in setup
[2.883s]     dist.run_commands()
[2.883s]   File "/usr/lib/python3.8/distutils/dist.py", line 966, in run_commands
[2.884s]     self.run_command(cmd)
[2.884s]   File "/usr/lib/python3.8/distutils/dist.py", line 985, in run_command
[2.884s]     cmd_obj.run()
[2.885s]   File "/usr/lib/python3.8/distutils/command/build.py", line 135, in run
[2.885s]     self.run_command(cmd_name)
[2.885s]   File "/usr/lib/python3.8/distutils/cmd.py", line 313, in run_command
[2.885s]     self.distribution.run_command(command)
[2.885s]   File "/usr/lib/python3.8/distutils/dist.py", line 985, in run_command
[2.897s]     cmd_obj.run()
[2.897s]   File "setup.py", line 153, in run
[2.898s]     self._build_xacro()
[2.898s]   File "setup.py", line 117, in _build_xacro
[2.898s]     self._build_single_xacro_file(xacro_file, generated_urdf_path)
[2.898s]   File "setup.py", line 120, in _build_single_xacro_file
[2.899s]     from xacro import process_file, open_output
[2.899s] ModuleNotFoundError: No module named 'xacro'
