[1.854s] Invoking command in '/home/roy/odri_dev/workspace/src/robot_properties_solo': PYTHONPATH=/home/roy/odri_dev/workspace/install/robot_properties_solo/lib/python3.8/site-packages:/home/roy/odri_dev/workspace/install/bullet_utils/lib/python3.8/site-packages /usr/bin/python3 setup.py egg_info --egg-base ../../build/robot_properties_solo build --build-base /home/roy/odri_dev/workspace/build/robot_properties_solo/build install --prefix /home/roy/odri_dev/workspace/install/robot_properties_solo --record /home/roy/odri_dev/workspace/build/robot_properties_solo/install.log --single-version-externally-managed
[2.596s] Traceback (most recent call last):
[2.596s]   File "setup.py", line 12, in <module>
[2.596s]     from setuptools.command.build_py import build_py
[2.596s]   File "/usr/lib/python3/dist-packages/setuptools/command/build_py.py", line 15, in <module>
[2.596s]     from setuptools.lib2to3_ex import Mixin2to3
[2.597s]   File "/usr/lib/python3/dist-packages/setuptools/lib2to3_ex.py", line 12, in <module>
[2.597s]     from lib2to3.refactor import RefactoringTool, get_fixers_from_package
[2.597s]   File "/usr/lib/python3.8/lib2to3/refactor.py", line 19, in <module>
[2.623s]     import logging
[2.623s]   File "/usr/lib/python3.8/logging/__init__.py", line 417, in <module>
[2.624s]     class PercentStyle(object):
[2.624s]   File "/usr/lib/python3.8/logging/__init__.py", line 422, in PercentStyle
[2.624s]     validation_pattern = re.compile(r'%\(\w+\)[#0+ -]*(\*|\d+)?(\.(\*|\d+))?[diouxefgcrsa%]', re.I)
[2.624s]   File "/usr/lib/python3.8/re.py", line 252, in compile
[2.624s]     return _compile(pattern, flags)
[2.624s]   File "/usr/lib/python3.8/re.py", line 305, in _compile
[2.625s]     if not (flags & DEBUG):
[2.625s]   File "/usr/lib/python3.8/enum.py", line 939, in __and__
[2.625s]     if not isinstance(other, (self.__class__, int)):
[2.625s] KeyboardInterrupt
