[0.430s] DEBUG:colcon:Command line arguments: ['/usr/local/bin/colcon', 'build', '--cmake-args', '-DCMAKE_BUILD_TYPE=Release']
[0.430s] DEBUG:colcon:Parsed command line arguments: Namespace(ament_cmake_args=None, base_paths=['.'], build_base='build', catkin_cmake_args=None, catkin_skip_building_tests=False, cmake_args=['-DCMAKE_BUILD_TYPE=Release'], cmake_clean_cache=False, cmake_clean_first=False, cmake_force_configure=False, cmake_target=None, cmake_target_skip_unavailable=False, continue_on_error=False, event_handlers=None, executor='parallel', ignore_user_meta=False, install_base='install', log_base=None, log_level=None, main=<bound method BuildVerb.main of <colcon_core.verb.build.BuildVerb object at 0x7f6e4b849a90>>, merge_install=False, metas=['./colcon.meta'], packages_above=None, packages_above_and_dependencies=None, packages_above_depth=None, packages_end=None, packages_ignore=None, packages_ignore_regex=None, packages_select=None, packages_select_build_failed=False, packages_select_by_dep=None, packages_select_regex=None, packages_select_test_failures=False, packages_skip=None, packages_skip_build_finished=False, packages_skip_by_dep=None, packages_skip_regex=None, packages_skip_test_passed=False, packages_skip_up_to=None, packages_start=None, packages_up_to=None, packages_up_to_regex=None, parallel_workers=8, paths=None, symlink_install=False, test_result_base=None, verb_extension=<colcon_core.verb.build.BuildVerb object at 0x7f6e4b849a90>, verb_name='build', verb_parser=<colcon_defaults.argument_parser.defaults.DefaultArgumentsDecorator object at 0x7f6e4b831d90>)
[0.446s] Level 1:colcon.colcon_core.package_discovery:discover_packages(colcon_meta) check parameters
[0.446s] Level 1:colcon.colcon_core.package_discovery:discover_packages(recursive) check parameters
[0.446s] Level 1:colcon.colcon_core.package_discovery:discover_packages(ignore) check parameters
[0.446s] Level 1:colcon.colcon_core.package_discovery:discover_packages(path) check parameters
[0.446s] Level 1:colcon.colcon_core.package_discovery:discover_packages(colcon_meta) discover
[0.446s] Level 1:colcon.colcon_core.package_discovery:discover_packages(recursive) discover
[0.446s] INFO:colcon.colcon_core.package_discovery:Crawling recursively for packages in '/home/roy/odri_dev/workspace'
[0.446s] Level 1:colcon.colcon_core.package_identification:_identify(.) by extensions ['ignore', 'ignore_ament_install']
[0.446s] Level 1:colcon.colcon_core.package_identification:_identify(.) by extension 'ignore'
[0.446s] Level 1:colcon.colcon_core.package_identification:_identify(.) by extension 'ignore_ament_install'
[0.446s] Level 1:colcon.colcon_core.package_identification:_identify(.) by extensions ['colcon_pkg']
[0.446s] Level 1:colcon.colcon_core.package_identification:_identify(.) by extension 'colcon_pkg'
[0.446s] Level 1:colcon.colcon_core.package_identification:_identify(.) by extensions ['colcon_meta']
[0.446s] Level 1:colcon.colcon_core.package_identification:_identify(.) by extension 'colcon_meta'
[0.447s] Level 1:colcon.colcon_core.package_identification:_identify(.) by extensions ['ros']
[0.447s] Level 1:colcon.colcon_core.package_identification:_identify(.) by extension 'ros'
[0.516s] Level 1:colcon.colcon_core.package_identification:_identify(.) by extensions ['cmake', 'python']
[0.516s] Level 1:colcon.colcon_core.package_identification:_identify(.) by extension 'cmake'
[0.516s] Level 1:colcon.colcon_core.package_identification:_identify(.) by extension 'python'
[0.516s] Level 1:colcon.colcon_core.package_identification:_identify(.) by extensions ['python_setup_py']
[0.516s] Level 1:colcon.colcon_core.package_identification:_identify(.) by extension 'python_setup_py'
[0.516s] Level 1:colcon.colcon_core.package_identification:_identify(build) by extensions ['ignore', 'ignore_ament_install']
[0.516s] Level 1:colcon.colcon_core.package_identification:_identify(build) by extension 'ignore'
[0.517s] Level 1:colcon.colcon_core.package_identification:_identify(build) ignored
[0.517s] Level 1:colcon.colcon_core.package_identification:_identify(install) by extensions ['ignore', 'ignore_ament_install']
[0.517s] Level 1:colcon.colcon_core.package_identification:_identify(install) by extension 'ignore'
[0.517s] Level 1:colcon.colcon_core.package_identification:_identify(install) ignored
[0.517s] Level 1:colcon.colcon_core.package_identification:_identify(log) by extensions ['ignore', 'ignore_ament_install']
[0.517s] Level 1:colcon.colcon_core.package_identification:_identify(log) by extension 'ignore'
[0.517s] Level 1:colcon.colcon_core.package_identification:_identify(log) ignored
[0.517s] Level 1:colcon.colcon_core.package_identification:_identify(src) by extensions ['ignore', 'ignore_ament_install']
[0.517s] Level 1:colcon.colcon_core.package_identification:_identify(src) by extension 'ignore'
[0.517s] Level 1:colcon.colcon_core.package_identification:_identify(src) by extension 'ignore_ament_install'
[0.517s] Level 1:colcon.colcon_core.package_identification:_identify(src) by extensions ['colcon_pkg']
[0.517s] Level 1:colcon.colcon_core.package_identification:_identify(src) by extension 'colcon_pkg'
[0.517s] Level 1:colcon.colcon_core.package_identification:_identify(src) by extensions ['colcon_meta']
[0.517s] Level 1:colcon.colcon_core.package_identification:_identify(src) by extension 'colcon_meta'
[0.517s] Level 1:colcon.colcon_core.package_identification:_identify(src) by extensions ['ros']
[0.517s] Level 1:colcon.colcon_core.package_identification:_identify(src) by extension 'ros'
[0.518s] Level 1:colcon.colcon_core.package_identification:_identify(src) by extensions ['cmake', 'python']
[0.518s] Level 1:colcon.colcon_core.package_identification:_identify(src) by extension 'cmake'
[0.518s] Level 1:colcon.colcon_core.package_identification:_identify(src) by extension 'python'
[0.518s] Level 1:colcon.colcon_core.package_identification:_identify(src) by extensions ['python_setup_py']
[0.518s] Level 1:colcon.colcon_core.package_identification:_identify(src) by extension 'python_setup_py'
[0.518s] Level 1:colcon.colcon_core.package_identification:_identify(src/bullet_utils) by extensions ['ignore', 'ignore_ament_install']
[0.518s] Level 1:colcon.colcon_core.package_identification:_identify(src/bullet_utils) by extension 'ignore'
[0.518s] Level 1:colcon.colcon_core.package_identification:_identify(src/bullet_utils) by extension 'ignore_ament_install'
[0.518s] Level 1:colcon.colcon_core.package_identification:_identify(src/bullet_utils) by extensions ['colcon_pkg']
[0.518s] Level 1:colcon.colcon_core.package_identification:_identify(src/bullet_utils) by extension 'colcon_pkg'
[0.518s] Level 1:colcon.colcon_core.package_identification:_identify(src/bullet_utils) by extensions ['colcon_meta']
[0.518s] Level 1:colcon.colcon_core.package_identification:_identify(src/bullet_utils) by extension 'colcon_meta'
[0.518s] Level 1:colcon.colcon_core.package_identification:_identify(src/bullet_utils) by extensions ['ros']
[0.518s] Level 1:colcon.colcon_core.package_identification:_identify(src/bullet_utils) by extension 'ros'
[0.518s] Level 1:colcon.colcon_core.package_identification:_identify(src/bullet_utils) by extensions ['cmake', 'python']
[0.518s] Level 1:colcon.colcon_core.package_identification:_identify(src/bullet_utils) by extension 'cmake'
[0.518s] Level 1:colcon.colcon_core.package_identification:_identify(src/bullet_utils) by extension 'python'
[0.519s] DEBUG:colcon.colcon_core.package_identification:Python package in 'src/bullet_utils' passes arguments to the setup() function which requires a different identification extension than 'python'
[0.519s] Level 1:colcon.colcon_core.package_identification:_identify(src/bullet_utils) by extensions ['python_setup_py']
[0.519s] Level 1:colcon.colcon_core.package_identification:_identify(src/bullet_utils) by extension 'python_setup_py'
[0.757s] DEBUG:colcon.colcon_core.package_identification:Package 'src/bullet_utils' with type 'python' and name 'bullet_utils'
[0.758s] Level 1:colcon.colcon_core.package_identification:_identify(src/googletest) by extensions ['ignore', 'ignore_ament_install']
[0.758s] Level 1:colcon.colcon_core.package_identification:_identify(src/googletest) by extension 'ignore'
[0.758s] Level 1:colcon.colcon_core.package_identification:_identify(src/googletest) by extension 'ignore_ament_install'
[0.758s] Level 1:colcon.colcon_core.package_identification:_identify(src/googletest) by extensions ['colcon_pkg']
[0.758s] Level 1:colcon.colcon_core.package_identification:_identify(src/googletest) by extension 'colcon_pkg'
[0.758s] Level 1:colcon.colcon_core.package_identification:_identify(src/googletest) by extensions ['colcon_meta']
[0.759s] Level 1:colcon.colcon_core.package_identification:_identify(src/googletest) by extension 'colcon_meta'
[0.759s] Level 1:colcon.colcon_core.package_identification:_identify(src/googletest) by extensions ['ros']
[0.759s] Level 1:colcon.colcon_core.package_identification:_identify(src/googletest) by extension 'ros'
[0.759s] Level 1:colcon.colcon_core.package_identification:_identify(src/googletest) by extensions ['cmake', 'python']
[0.759s] Level 1:colcon.colcon_core.package_identification:_identify(src/googletest) by extension 'cmake'
[0.767s] Level 1:colcon.colcon_core.package_identification:_identify(src/googletest) by extension 'python'
[0.767s] DEBUG:colcon.colcon_core.package_identification:Package 'src/googletest' with type 'cmake' and name 'googletest-distribution'
[0.768s] Level 1:colcon.colcon_core.package_identification:_identify(src/mim_control) by extensions ['ignore', 'ignore_ament_install']
[0.768s] Level 1:colcon.colcon_core.package_identification:_identify(src/mim_control) by extension 'ignore'
[0.768s] Level 1:colcon.colcon_core.package_identification:_identify(src/mim_control) by extension 'ignore_ament_install'
[0.768s] Level 1:colcon.colcon_core.package_identification:_identify(src/mim_control) by extensions ['colcon_pkg']
[0.768s] Level 1:colcon.colcon_core.package_identification:_identify(src/mim_control) by extension 'colcon_pkg'
[0.769s] Level 1:colcon.colcon_core.package_identification:_identify(src/mim_control) by extensions ['colcon_meta']
[0.769s] Level 1:colcon.colcon_core.package_identification:_identify(src/mim_control) by extension 'colcon_meta'
[0.769s] Level 1:colcon.colcon_core.package_identification:_identify(src/mim_control) by extensions ['ros']
[0.769s] Level 1:colcon.colcon_core.package_identification:_identify(src/mim_control) by extension 'ros'
[0.769s] Level 1:colcon.colcon_core.package_identification:_identify(src/mim_control) by extensions ['cmake', 'python']
[0.769s] Level 1:colcon.colcon_core.package_identification:_identify(src/mim_control) by extension 'cmake'
[0.770s] Level 1:colcon.colcon_core.package_identification:_identify(src/mim_control) by extension 'python'
[0.770s] DEBUG:colcon.colcon_core.package_identification:Package 'src/mim_control' with type 'cmake' and name 'mim_control'
[0.770s] Level 1:colcon.colcon_core.package_identification:_identify(src/mpi_cmake_modules) by extensions ['ignore', 'ignore_ament_install']
[0.770s] Level 1:colcon.colcon_core.package_identification:_identify(src/mpi_cmake_modules) by extension 'ignore'
[0.770s] Level 1:colcon.colcon_core.package_identification:_identify(src/mpi_cmake_modules) by extension 'ignore_ament_install'
[0.770s] Level 1:colcon.colcon_core.package_identification:_identify(src/mpi_cmake_modules) by extensions ['colcon_pkg']
[0.770s] Level 1:colcon.colcon_core.package_identification:_identify(src/mpi_cmake_modules) by extension 'colcon_pkg'
[0.770s] Level 1:colcon.colcon_core.package_identification:_identify(src/mpi_cmake_modules) by extensions ['colcon_meta']
[0.770s] Level 1:colcon.colcon_core.package_identification:_identify(src/mpi_cmake_modules) by extension 'colcon_meta'
[0.770s] Level 1:colcon.colcon_core.package_identification:_identify(src/mpi_cmake_modules) by extensions ['ros']
[0.770s] Level 1:colcon.colcon_core.package_identification:_identify(src/mpi_cmake_modules) by extension 'ros'
[0.771s] Level 1:colcon.colcon_core.package_identification:_identify(src/mpi_cmake_modules) by extensions ['cmake', 'python']
[0.771s] Level 1:colcon.colcon_core.package_identification:_identify(src/mpi_cmake_modules) by extension 'cmake'
[0.777s] Level 1:colcon.colcon_core.package_identification:_identify(src/mpi_cmake_modules) by extension 'python'
[0.778s] DEBUG:colcon.colcon_core.package_identification:Package 'src/mpi_cmake_modules' with type 'cmake' and name 'mpi_cmake_modules'
[0.778s] Level 1:colcon.colcon_core.package_identification:_identify(src/pybind11) by extensions ['ignore', 'ignore_ament_install']
[0.778s] Level 1:colcon.colcon_core.package_identification:_identify(src/pybind11) by extension 'ignore'
[0.778s] Level 1:colcon.colcon_core.package_identification:_identify(src/pybind11) by extension 'ignore_ament_install'
[0.778s] Level 1:colcon.colcon_core.package_identification:_identify(src/pybind11) by extensions ['colcon_pkg']
[0.778s] Level 1:colcon.colcon_core.package_identification:_identify(src/pybind11) by extension 'colcon_pkg'
[0.778s] Level 1:colcon.colcon_core.package_identification:_identify(src/pybind11) by extensions ['colcon_meta']
[0.778s] Level 1:colcon.colcon_core.package_identification:_identify(src/pybind11) by extension 'colcon_meta'
[0.778s] Level 1:colcon.colcon_core.package_identification:_identify(src/pybind11) by extensions ['ros']
[0.778s] Level 1:colcon.colcon_core.package_identification:_identify(src/pybind11) by extension 'ros'
[0.778s] Level 1:colcon.colcon_core.package_identification:_identify(src/pybind11) by extensions ['cmake', 'python']
[0.778s] Level 1:colcon.colcon_core.package_identification:_identify(src/pybind11) by extension 'cmake'
[0.783s] Level 1:colcon.colcon_core.package_identification:_identify(src/pybind11) by extension 'python'
[0.783s] DEBUG:colcon.colcon_core.package_identification:Python package in 'src/pybind11' passes arguments to the setup() function which requires a different identification extension than 'python'
[0.783s] DEBUG:colcon.colcon_core.package_identification:Package 'src/pybind11' with type 'cmake' and name 'pybind11'
[0.783s] Level 1:colcon.colcon_core.package_identification:_identify(src/reactive_planners) by extensions ['ignore', 'ignore_ament_install']
[0.783s] Level 1:colcon.colcon_core.package_identification:_identify(src/reactive_planners) by extension 'ignore'
[0.783s] Level 1:colcon.colcon_core.package_identification:_identify(src/reactive_planners) by extension 'ignore_ament_install'
[0.784s] Level 1:colcon.colcon_core.package_identification:_identify(src/reactive_planners) by extensions ['colcon_pkg']
[0.784s] Level 1:colcon.colcon_core.package_identification:_identify(src/reactive_planners) by extension 'colcon_pkg'
[0.784s] Level 1:colcon.colcon_core.package_identification:_identify(src/reactive_planners) by extensions ['colcon_meta']
[0.784s] Level 1:colcon.colcon_core.package_identification:_identify(src/reactive_planners) by extension 'colcon_meta'
[0.784s] Level 1:colcon.colcon_core.package_identification:_identify(src/reactive_planners) by extensions ['ros']
[0.784s] Level 1:colcon.colcon_core.package_identification:_identify(src/reactive_planners) by extension 'ros'
[0.784s] Level 1:colcon.colcon_core.package_identification:_identify(src/reactive_planners) by extensions ['cmake', 'python']
[0.784s] Level 1:colcon.colcon_core.package_identification:_identify(src/reactive_planners) by extension 'cmake'
[0.786s] Level 1:colcon.colcon_core.package_identification:_identify(src/reactive_planners) by extension 'python'
[0.786s] DEBUG:colcon.colcon_core.package_identification:Package 'src/reactive_planners' with type 'cmake' and name 'reactive_planners'
[0.786s] Level 1:colcon.colcon_core.package_identification:_identify(src/real_time_tools) by extensions ['ignore', 'ignore_ament_install']
[0.786s] Level 1:colcon.colcon_core.package_identification:_identify(src/real_time_tools) by extension 'ignore'
[0.786s] Level 1:colcon.colcon_core.package_identification:_identify(src/real_time_tools) by extension 'ignore_ament_install'
[0.786s] Level 1:colcon.colcon_core.package_identification:_identify(src/real_time_tools) by extensions ['colcon_pkg']
[0.786s] Level 1:colcon.colcon_core.package_identification:_identify(src/real_time_tools) by extension 'colcon_pkg'
[0.786s] Level 1:colcon.colcon_core.package_identification:_identify(src/real_time_tools) by extensions ['colcon_meta']
[0.786s] Level 1:colcon.colcon_core.package_identification:_identify(src/real_time_tools) by extension 'colcon_meta'
[0.786s] Level 1:colcon.colcon_core.package_identification:_identify(src/real_time_tools) by extensions ['ros']
[0.786s] Level 1:colcon.colcon_core.package_identification:_identify(src/real_time_tools) by extension 'ros'
[0.787s] Level 1:colcon.colcon_core.package_identification:_identify(src/real_time_tools) by extensions ['cmake', 'python']
[0.787s] Level 1:colcon.colcon_core.package_identification:_identify(src/real_time_tools) by extension 'cmake'
[0.787s] Level 1:colcon.colcon_core.package_identification:_identify(src/real_time_tools) by extension 'python'
[0.788s] DEBUG:colcon.colcon_core.package_identification:Package 'src/real_time_tools' with type 'cmake' and name 'real_time_tools'
[0.788s] Level 1:colcon.colcon_core.package_identification:_identify(src/robot_properties_bolt) by extensions ['ignore', 'ignore_ament_install']
[0.788s] Level 1:colcon.colcon_core.package_identification:_identify(src/robot_properties_bolt) by extension 'ignore'
[0.788s] Level 1:colcon.colcon_core.package_identification:_identify(src/robot_properties_bolt) by extension 'ignore_ament_install'
[0.788s] Level 1:colcon.colcon_core.package_identification:_identify(src/robot_properties_bolt) by extensions ['colcon_pkg']
[0.788s] Level 1:colcon.colcon_core.package_identification:_identify(src/robot_properties_bolt) by extension 'colcon_pkg'
[0.788s] Level 1:colcon.colcon_core.package_identification:_identify(src/robot_properties_bolt) by extensions ['colcon_meta']
[0.788s] Level 1:colcon.colcon_core.package_identification:_identify(src/robot_properties_bolt) by extension 'colcon_meta'
[0.788s] Level 1:colcon.colcon_core.package_identification:_identify(src/robot_properties_bolt) by extensions ['ros']
[0.788s] Level 1:colcon.colcon_core.package_identification:_identify(src/robot_properties_bolt) by extension 'ros'
[0.791s] DEBUG:colcon.colcon_core.package_identification:Package 'src/robot_properties_bolt' with type 'ros.ament_python' and name 'robot_properties_bolt'
[0.791s] Level 1:colcon.colcon_core.package_identification:_identify(src/robot_properties_solo) by extensions ['ignore', 'ignore_ament_install']
[0.791s] Level 1:colcon.colcon_core.package_identification:_identify(src/robot_properties_solo) by extension 'ignore'
[0.791s] Level 1:colcon.colcon_core.package_identification:_identify(src/robot_properties_solo) by extension 'ignore_ament_install'
[0.792s] Level 1:colcon.colcon_core.package_identification:_identify(src/robot_properties_solo) by extensions ['colcon_pkg']
[0.792s] Level 1:colcon.colcon_core.package_identification:_identify(src/robot_properties_solo) by extension 'colcon_pkg'
[0.792s] Level 1:colcon.colcon_core.package_identification:_identify(src/robot_properties_solo) by extensions ['colcon_meta']
[0.792s] Level 1:colcon.colcon_core.package_identification:_identify(src/robot_properties_solo) by extension 'colcon_meta'
[0.792s] Level 1:colcon.colcon_core.package_identification:_identify(src/robot_properties_solo) by extensions ['ros']
[0.792s] Level 1:colcon.colcon_core.package_identification:_identify(src/robot_properties_solo) by extension 'ros'
[0.793s] DEBUG:colcon.colcon_core.package_identification:Package 'src/robot_properties_solo' with type 'ros.ament_python' and name 'robot_properties_solo'
[0.793s] Level 1:colcon.colcon_core.package_identification:_identify(src/yaml_utils) by extensions ['ignore', 'ignore_ament_install']
[0.793s] Level 1:colcon.colcon_core.package_identification:_identify(src/yaml_utils) by extension 'ignore'
[0.793s] Level 1:colcon.colcon_core.package_identification:_identify(src/yaml_utils) by extension 'ignore_ament_install'
[0.793s] Level 1:colcon.colcon_core.package_identification:_identify(src/yaml_utils) by extensions ['colcon_pkg']
[0.793s] Level 1:colcon.colcon_core.package_identification:_identify(src/yaml_utils) by extension 'colcon_pkg'
[0.794s] Level 1:colcon.colcon_core.package_identification:_identify(src/yaml_utils) by extensions ['colcon_meta']
[0.794s] Level 1:colcon.colcon_core.package_identification:_identify(src/yaml_utils) by extension 'colcon_meta'
[0.794s] Level 1:colcon.colcon_core.package_identification:_identify(src/yaml_utils) by extensions ['ros']
[0.794s] Level 1:colcon.colcon_core.package_identification:_identify(src/yaml_utils) by extension 'ros'
[0.794s] Level 1:colcon.colcon_core.package_identification:_identify(src/yaml_utils) by extensions ['cmake', 'python']
[0.794s] Level 1:colcon.colcon_core.package_identification:_identify(src/yaml_utils) by extension 'cmake'
[0.794s] Level 1:colcon.colcon_core.package_identification:_identify(src/yaml_utils) by extension 'python'
[0.794s] DEBUG:colcon.colcon_core.package_identification:Package 'src/yaml_utils' with type 'cmake' and name 'yaml_utils'
[0.794s] Level 1:colcon.colcon_core.package_discovery:discover_packages(recursive) using defaults
[0.795s] Level 1:colcon.colcon_core.package_discovery:discover_packages(ignore) discover
[0.795s] Level 1:colcon.colcon_core.package_discovery:discover_packages(ignore) using defaults
[0.795s] Level 1:colcon.colcon_core.package_discovery:discover_packages(path) discover
[0.795s] Level 1:colcon.colcon_core.package_discovery:discover_packages(path) using defaults
[0.826s] INFO:colcon.colcon_metadata.metadata.colcon_pkg:Updating descriptor of package 'src/reactive_planners' from colcon.pkg: {'test-dependencies': ['googletest-distribution']}
[0.827s] INFO:colcon.colcon_metadata.metadata.colcon_pkg:Updating descriptor of package 'src/mim_control' from colcon.pkg: {'test-dependencies': ['googletest-distribution', 'robot_properties_solo', 'robot_properties_bolt', 'robot_properties_teststand']}
[0.828s] INFO:colcon.colcon_metadata.metadata.colcon_pkg:Updating descriptor of package 'src/real_time_tools' from colcon.pkg: {'test-dependencies': ['googletest-distribution']}
[0.829s] INFO:colcon.colcon_metadata.metadata.colcon_pkg:Updating descriptor of package 'src/yaml_utils' from colcon.pkg: {'test-dependencies': ['googletest-distribution']}
[0.845s] Level 5:colcon.colcon_core.verb:set package 'googletest-distribution' build argument 'cmake_args' from command line to '['-DCMAKE_BUILD_TYPE=Release']'
[0.845s] Level 5:colcon.colcon_core.verb:set package 'googletest-distribution' build argument 'cmake_target' from command line to 'None'
[0.845s] Level 5:colcon.colcon_core.verb:set package 'googletest-distribution' build argument 'cmake_target_skip_unavailable' from command line to 'False'
[0.845s] Level 5:colcon.colcon_core.verb:set package 'googletest-distribution' build argument 'cmake_clean_cache' from command line to 'False'
[0.845s] Level 5:colcon.colcon_core.verb:set package 'googletest-distribution' build argument 'cmake_clean_first' from command line to 'False'
[0.845s] Level 5:colcon.colcon_core.verb:set package 'googletest-distribution' build argument 'cmake_force_configure' from command line to 'False'
[0.845s] Level 5:colcon.colcon_core.verb:set package 'googletest-distribution' build argument 'ament_cmake_args' from command line to 'None'
[0.845s] Level 5:colcon.colcon_core.verb:set package 'googletest-distribution' build argument 'catkin_cmake_args' from command line to 'None'
[0.845s] Level 5:colcon.colcon_core.verb:set package 'googletest-distribution' build argument 'catkin_skip_building_tests' from command line to 'False'
[0.845s] DEBUG:colcon.colcon_core.verb:Building package 'googletest-distribution' with the following arguments: {'ament_cmake_args': None, 'build_base': '/home/roy/odri_dev/workspace/build/googletest-distribution', 'catkin_cmake_args': None, 'catkin_skip_building_tests': False, 'cmake_args': ['-DCMAKE_BUILD_TYPE=Release'], 'cmake_clean_cache': False, 'cmake_clean_first': False, 'cmake_force_configure': False, 'cmake_target': None, 'cmake_target_skip_unavailable': False, 'install_base': '/home/roy/odri_dev/workspace/install/googletest-distribution', 'merge_install': False, 'path': '/home/roy/odri_dev/workspace/src/googletest', 'symlink_install': False, 'test_result_base': None}
[0.854s] Level 5:colcon.colcon_core.verb:set package 'mpi_cmake_modules' build argument 'cmake_args' from command line to '['-DCMAKE_BUILD_TYPE=Release']'
[0.854s] Level 5:colcon.colcon_core.verb:set package 'mpi_cmake_modules' build argument 'cmake_target' from command line to 'None'
[0.854s] Level 5:colcon.colcon_core.verb:set package 'mpi_cmake_modules' build argument 'cmake_target_skip_unavailable' from command line to 'False'
[0.854s] Level 5:colcon.colcon_core.verb:set package 'mpi_cmake_modules' build argument 'cmake_clean_cache' from command line to 'False'
[0.854s] Level 5:colcon.colcon_core.verb:set package 'mpi_cmake_modules' build argument 'cmake_clean_first' from command line to 'False'
[0.854s] Level 5:colcon.colcon_core.verb:set package 'mpi_cmake_modules' build argument 'cmake_force_configure' from command line to 'False'
[0.854s] Level 5:colcon.colcon_core.verb:set package 'mpi_cmake_modules' build argument 'ament_cmake_args' from command line to 'None'
[0.854s] Level 5:colcon.colcon_core.verb:set package 'mpi_cmake_modules' build argument 'catkin_cmake_args' from command line to 'None'
[0.854s] Level 5:colcon.colcon_core.verb:set package 'mpi_cmake_modules' build argument 'catkin_skip_building_tests' from command line to 'False'
[0.854s] DEBUG:colcon.colcon_core.verb:Building package 'mpi_cmake_modules' with the following arguments: {'ament_cmake_args': None, 'build_base': '/home/roy/odri_dev/workspace/build/mpi_cmake_modules', 'catkin_cmake_args': None, 'catkin_skip_building_tests': False, 'cmake_args': ['-DCMAKE_BUILD_TYPE=Release'], 'cmake_clean_cache': False, 'cmake_clean_first': False, 'cmake_force_configure': False, 'cmake_target': None, 'cmake_target_skip_unavailable': False, 'install_base': '/home/roy/odri_dev/workspace/install/mpi_cmake_modules', 'merge_install': False, 'path': '/home/roy/odri_dev/workspace/src/mpi_cmake_modules', 'symlink_install': False, 'test_result_base': None}
[0.863s] Level 5:colcon.colcon_core.verb:set package 'pybind11' build argument 'cmake_args' from command line to '['-DCMAKE_BUILD_TYPE=Release']'
[0.863s] Level 5:colcon.colcon_core.verb:set package 'pybind11' build argument 'cmake_target' from command line to 'None'
[0.863s] Level 5:colcon.colcon_core.verb:set package 'pybind11' build argument 'cmake_target_skip_unavailable' from command line to 'False'
[0.863s] Level 5:colcon.colcon_core.verb:set package 'pybind11' build argument 'cmake_clean_cache' from command line to 'False'
[0.863s] Level 5:colcon.colcon_core.verb:set package 'pybind11' build argument 'cmake_clean_first' from command line to 'False'
[0.863s] Level 5:colcon.colcon_core.verb:set package 'pybind11' build argument 'cmake_force_configure' from command line to 'False'
[0.863s] Level 5:colcon.colcon_core.verb:set package 'pybind11' build argument 'ament_cmake_args' from command line to 'None'
[0.863s] Level 5:colcon.colcon_core.verb:set package 'pybind11' build argument 'catkin_cmake_args' from command line to 'None'
[0.863s] Level 5:colcon.colcon_core.verb:set package 'pybind11' build argument 'catkin_skip_building_tests' from command line to 'False'
[0.863s] DEBUG:colcon.colcon_core.verb:Building package 'pybind11' with the following arguments: {'ament_cmake_args': None, 'build_base': '/home/roy/odri_dev/workspace/build/pybind11', 'catkin_cmake_args': None, 'catkin_skip_building_tests': False, 'cmake_args': ['-DCMAKE_BUILD_TYPE=Release'], 'cmake_clean_cache': False, 'cmake_clean_first': False, 'cmake_force_configure': False, 'cmake_target': None, 'cmake_target_skip_unavailable': False, 'install_base': '/home/roy/odri_dev/workspace/install/pybind11', 'merge_install': False, 'path': '/home/roy/odri_dev/workspace/src/pybind11', 'symlink_install': False, 'test_result_base': None}
[0.871s] Level 5:colcon.colcon_core.verb:set package 'bullet_utils' build argument 'cmake_args' from command line to '['-DCMAKE_BUILD_TYPE=Release']'
[0.871s] Level 5:colcon.colcon_core.verb:set package 'bullet_utils' build argument 'cmake_target' from command line to 'None'
[0.871s] Level 5:colcon.colcon_core.verb:set package 'bullet_utils' build argument 'cmake_target_skip_unavailable' from command line to 'False'
[0.871s] Level 5:colcon.colcon_core.verb:set package 'bullet_utils' build argument 'cmake_clean_cache' from command line to 'False'
[0.871s] Level 5:colcon.colcon_core.verb:set package 'bullet_utils' build argument 'cmake_clean_first' from command line to 'False'
[0.871s] Level 5:colcon.colcon_core.verb:set package 'bullet_utils' build argument 'cmake_force_configure' from command line to 'False'
[0.871s] Level 5:colcon.colcon_core.verb:set package 'bullet_utils' build argument 'ament_cmake_args' from command line to 'None'
[0.871s] Level 5:colcon.colcon_core.verb:set package 'bullet_utils' build argument 'catkin_cmake_args' from command line to 'None'
[0.872s] Level 5:colcon.colcon_core.verb:set package 'bullet_utils' build argument 'catkin_skip_building_tests' from command line to 'False'
[0.872s] DEBUG:colcon.colcon_core.verb:Building package 'bullet_utils' with the following arguments: {'ament_cmake_args': None, 'build_base': '/home/roy/odri_dev/workspace/build/bullet_utils', 'catkin_cmake_args': None, 'catkin_skip_building_tests': False, 'cmake_args': ['-DCMAKE_BUILD_TYPE=Release'], 'cmake_clean_cache': False, 'cmake_clean_first': False, 'cmake_force_configure': False, 'cmake_target': None, 'cmake_target_skip_unavailable': False, 'install_base': '/home/roy/odri_dev/workspace/install/bullet_utils', 'merge_install': False, 'path': '/home/roy/odri_dev/workspace/src/bullet_utils', 'symlink_install': False, 'test_result_base': None}
[0.880s] Level 5:colcon.colcon_core.verb:set package 'real_time_tools' build argument 'cmake_args' from command line to '['-DCMAKE_BUILD_TYPE=Release']'
[0.880s] Level 5:colcon.colcon_core.verb:set package 'real_time_tools' build argument 'cmake_target' from command line to 'None'
[0.880s] Level 5:colcon.colcon_core.verb:set package 'real_time_tools' build argument 'cmake_target_skip_unavailable' from command line to 'False'
[0.880s] Level 5:colcon.colcon_core.verb:set package 'real_time_tools' build argument 'cmake_clean_cache' from command line to 'False'
[0.880s] Level 5:colcon.colcon_core.verb:set package 'real_time_tools' build argument 'cmake_clean_first' from command line to 'False'
[0.880s] Level 5:colcon.colcon_core.verb:set package 'real_time_tools' build argument 'cmake_force_configure' from command line to 'False'
[0.880s] Level 5:colcon.colcon_core.verb:set package 'real_time_tools' build argument 'ament_cmake_args' from command line to 'None'
[0.880s] Level 5:colcon.colcon_core.verb:set package 'real_time_tools' build argument 'catkin_cmake_args' from command line to 'None'
[0.880s] Level 5:colcon.colcon_core.verb:set package 'real_time_tools' build argument 'catkin_skip_building_tests' from command line to 'False'
[0.880s] DEBUG:colcon.colcon_core.verb:Building package 'real_time_tools' with the following arguments: {'ament_cmake_args': None, 'build_base': '/home/roy/odri_dev/workspace/build/real_time_tools', 'catkin_cmake_args': None, 'catkin_skip_building_tests': False, 'cmake_args': ['-DCMAKE_BUILD_TYPE=Release'], 'cmake_clean_cache': False, 'cmake_clean_first': False, 'cmake_force_configure': False, 'cmake_target': None, 'cmake_target_skip_unavailable': False, 'install_base': '/home/roy/odri_dev/workspace/install/real_time_tools', 'merge_install': False, 'path': '/home/roy/odri_dev/workspace/src/real_time_tools', 'symlink_install': False, 'test_result_base': None}
[0.889s] Level 5:colcon.colcon_core.verb:set package 'yaml_utils' build argument 'cmake_args' from command line to '['-DCMAKE_BUILD_TYPE=Release']'
[0.889s] Level 5:colcon.colcon_core.verb:set package 'yaml_utils' build argument 'cmake_target' from command line to 'None'
[0.889s] Level 5:colcon.colcon_core.verb:set package 'yaml_utils' build argument 'cmake_target_skip_unavailable' from command line to 'False'
[0.889s] Level 5:colcon.colcon_core.verb:set package 'yaml_utils' build argument 'cmake_clean_cache' from command line to 'False'
[0.889s] Level 5:colcon.colcon_core.verb:set package 'yaml_utils' build argument 'cmake_clean_first' from command line to 'False'
[0.889s] Level 5:colcon.colcon_core.verb:set package 'yaml_utils' build argument 'cmake_force_configure' from command line to 'False'
[0.889s] Level 5:colcon.colcon_core.verb:set package 'yaml_utils' build argument 'ament_cmake_args' from command line to 'None'
[0.889s] Level 5:colcon.colcon_core.verb:set package 'yaml_utils' build argument 'catkin_cmake_args' from command line to 'None'
[0.889s] Level 5:colcon.colcon_core.verb:set package 'yaml_utils' build argument 'catkin_skip_building_tests' from command line to 'False'
[0.889s] DEBUG:colcon.colcon_core.verb:Building package 'yaml_utils' with the following arguments: {'ament_cmake_args': None, 'build_base': '/home/roy/odri_dev/workspace/build/yaml_utils', 'catkin_cmake_args': None, 'catkin_skip_building_tests': False, 'cmake_args': ['-DCMAKE_BUILD_TYPE=Release'], 'cmake_clean_cache': False, 'cmake_clean_first': False, 'cmake_force_configure': False, 'cmake_target': None, 'cmake_target_skip_unavailable': False, 'install_base': '/home/roy/odri_dev/workspace/install/yaml_utils', 'merge_install': False, 'path': '/home/roy/odri_dev/workspace/src/yaml_utils', 'symlink_install': False, 'test_result_base': None}
[0.898s] Level 5:colcon.colcon_core.verb:set package 'reactive_planners' build argument 'cmake_args' from command line to '['-DCMAKE_BUILD_TYPE=Release']'
[0.898s] Level 5:colcon.colcon_core.verb:set package 'reactive_planners' build argument 'cmake_target' from command line to 'None'
[0.898s] Level 5:colcon.colcon_core.verb:set package 'reactive_planners' build argument 'cmake_target_skip_unavailable' from command line to 'False'
[0.898s] Level 5:colcon.colcon_core.verb:set package 'reactive_planners' build argument 'cmake_clean_cache' from command line to 'False'
[0.899s] Level 5:colcon.colcon_core.verb:set package 'reactive_planners' build argument 'cmake_clean_first' from command line to 'False'
[0.899s] Level 5:colcon.colcon_core.verb:set package 'reactive_planners' build argument 'cmake_force_configure' from command line to 'False'
[0.899s] Level 5:colcon.colcon_core.verb:set package 'reactive_planners' build argument 'ament_cmake_args' from command line to 'None'
[0.899s] Level 5:colcon.colcon_core.verb:set package 'reactive_planners' build argument 'catkin_cmake_args' from command line to 'None'
[0.899s] Level 5:colcon.colcon_core.verb:set package 'reactive_planners' build argument 'catkin_skip_building_tests' from command line to 'False'
[0.899s] DEBUG:colcon.colcon_core.verb:Building package 'reactive_planners' with the following arguments: {'ament_cmake_args': None, 'build_base': '/home/roy/odri_dev/workspace/build/reactive_planners', 'catkin_cmake_args': None, 'catkin_skip_building_tests': False, 'cmake_args': ['-DCMAKE_BUILD_TYPE=Release'], 'cmake_clean_cache': False, 'cmake_clean_first': False, 'cmake_force_configure': False, 'cmake_target': None, 'cmake_target_skip_unavailable': False, 'install_base': '/home/roy/odri_dev/workspace/install/reactive_planners', 'merge_install': False, 'path': '/home/roy/odri_dev/workspace/src/reactive_planners', 'symlink_install': False, 'test_result_base': None}
[0.907s] Level 5:colcon.colcon_core.verb:set package 'robot_properties_bolt' build argument 'cmake_args' from command line to '['-DCMAKE_BUILD_TYPE=Release']'
[0.907s] Level 5:colcon.colcon_core.verb:set package 'robot_properties_bolt' build argument 'cmake_target' from command line to 'None'
[0.907s] Level 5:colcon.colcon_core.verb:set package 'robot_properties_bolt' build argument 'cmake_target_skip_unavailable' from command line to 'False'
[0.907s] Level 5:colcon.colcon_core.verb:set package 'robot_properties_bolt' build argument 'cmake_clean_cache' from command line to 'False'
[0.907s] Level 5:colcon.colcon_core.verb:set package 'robot_properties_bolt' build argument 'cmake_clean_first' from command line to 'False'
[0.907s] Level 5:colcon.colcon_core.verb:set package 'robot_properties_bolt' build argument 'cmake_force_configure' from command line to 'False'
[0.907s] Level 5:colcon.colcon_core.verb:set package 'robot_properties_bolt' build argument 'ament_cmake_args' from command line to 'None'
[0.907s] Level 5:colcon.colcon_core.verb:set package 'robot_properties_bolt' build argument 'catkin_cmake_args' from command line to 'None'
[0.907s] Level 5:colcon.colcon_core.verb:set package 'robot_properties_bolt' build argument 'catkin_skip_building_tests' from command line to 'False'
[0.907s] DEBUG:colcon.colcon_core.verb:Building package 'robot_properties_bolt' with the following arguments: {'ament_cmake_args': None, 'build_base': '/home/roy/odri_dev/workspace/build/robot_properties_bolt', 'catkin_cmake_args': None, 'catkin_skip_building_tests': False, 'cmake_args': ['-DCMAKE_BUILD_TYPE=Release'], 'cmake_clean_cache': False, 'cmake_clean_first': False, 'cmake_force_configure': False, 'cmake_target': None, 'cmake_target_skip_unavailable': False, 'install_base': '/home/roy/odri_dev/workspace/install/robot_properties_bolt', 'merge_install': False, 'path': '/home/roy/odri_dev/workspace/src/robot_properties_bolt', 'symlink_install': False, 'test_result_base': None}
[0.915s] Level 5:colcon.colcon_core.verb:set package 'robot_properties_solo' build argument 'cmake_args' from command line to '['-DCMAKE_BUILD_TYPE=Release']'
[0.915s] Level 5:colcon.colcon_core.verb:set package 'robot_properties_solo' build argument 'cmake_target' from command line to 'None'
[0.916s] Level 5:colcon.colcon_core.verb:set package 'robot_properties_solo' build argument 'cmake_target_skip_unavailable' from command line to 'False'
[0.916s] Level 5:colcon.colcon_core.verb:set package 'robot_properties_solo' build argument 'cmake_clean_cache' from command line to 'False'
[0.916s] Level 5:colcon.colcon_core.verb:set package 'robot_properties_solo' build argument 'cmake_clean_first' from command line to 'False'
[0.916s] Level 5:colcon.colcon_core.verb:set package 'robot_properties_solo' build argument 'cmake_force_configure' from command line to 'False'
[0.916s] Level 5:colcon.colcon_core.verb:set package 'robot_properties_solo' build argument 'ament_cmake_args' from command line to 'None'
[0.916s] Level 5:colcon.colcon_core.verb:set package 'robot_properties_solo' build argument 'catkin_cmake_args' from command line to 'None'
[0.916s] Level 5:colcon.colcon_core.verb:set package 'robot_properties_solo' build argument 'catkin_skip_building_tests' from command line to 'False'
[0.916s] DEBUG:colcon.colcon_core.verb:Building package 'robot_properties_solo' with the following arguments: {'ament_cmake_args': None, 'build_base': '/home/roy/odri_dev/workspace/build/robot_properties_solo', 'catkin_cmake_args': None, 'catkin_skip_building_tests': False, 'cmake_args': ['-DCMAKE_BUILD_TYPE=Release'], 'cmake_clean_cache': False, 'cmake_clean_first': False, 'cmake_force_configure': False, 'cmake_target': None, 'cmake_target_skip_unavailable': False, 'install_base': '/home/roy/odri_dev/workspace/install/robot_properties_solo', 'merge_install': False, 'path': '/home/roy/odri_dev/workspace/src/robot_properties_solo', 'symlink_install': False, 'test_result_base': None}
[0.924s] Level 5:colcon.colcon_core.verb:set package 'mim_control' build argument 'cmake_args' from command line to '['-DCMAKE_BUILD_TYPE=Release']'
[0.924s] Level 5:colcon.colcon_core.verb:set package 'mim_control' build argument 'cmake_target' from command line to 'None'
[0.924s] Level 5:colcon.colcon_core.verb:set package 'mim_control' build argument 'cmake_target_skip_unavailable' from command line to 'False'
[0.924s] Level 5:colcon.colcon_core.verb:set package 'mim_control' build argument 'cmake_clean_cache' from command line to 'False'
[0.924s] Level 5:colcon.colcon_core.verb:set package 'mim_control' build argument 'cmake_clean_first' from command line to 'False'
[0.924s] Level 5:colcon.colcon_core.verb:set package 'mim_control' build argument 'cmake_force_configure' from command line to 'False'
[0.924s] Level 5:colcon.colcon_core.verb:set package 'mim_control' build argument 'ament_cmake_args' from command line to 'None'
[0.924s] Level 5:colcon.colcon_core.verb:set package 'mim_control' build argument 'catkin_cmake_args' from command line to 'None'
[0.924s] Level 5:colcon.colcon_core.verb:set package 'mim_control' build argument 'catkin_skip_building_tests' from command line to 'False'
[0.924s] DEBUG:colcon.colcon_core.verb:Building package 'mim_control' with the following arguments: {'ament_cmake_args': None, 'build_base': '/home/roy/odri_dev/workspace/build/mim_control', 'catkin_cmake_args': None, 'catkin_skip_building_tests': False, 'cmake_args': ['-DCMAKE_BUILD_TYPE=Release'], 'cmake_clean_cache': False, 'cmake_clean_first': False, 'cmake_force_configure': False, 'cmake_target': None, 'cmake_target_skip_unavailable': False, 'install_base': '/home/roy/odri_dev/workspace/install/mim_control', 'merge_install': False, 'path': '/home/roy/odri_dev/workspace/src/mim_control', 'symlink_install': False, 'test_result_base': None}
[0.926s] INFO:colcon.colcon_core.executor:Executing jobs using 'parallel' executor
[0.940s] DEBUG:colcon.colcon_parallel_executor.executor.parallel:run_until_complete
[0.941s] INFO:colcon.colcon_cmake.task.cmake.build:Building CMake package in '/home/roy/odri_dev/workspace/src/googletest'
[0.952s] INFO:colcon.colcon_core.plugin_system:Skipping extension 'colcon_core.shell.bat': Not used on non-Windows systems
[0.952s] INFO:colcon.colcon_core.shell:Skip shell extension 'powershell' for command environment: Not usable outside of PowerShell
[0.952s] DEBUG:colcon.colcon_core.shell:Skip shell extension 'dsv' for command environment
[0.962s] INFO:colcon.colcon_cmake.task.cmake.build:Building CMake package in '/home/roy/odri_dev/workspace/src/mpi_cmake_modules'
[0.969s] INFO:colcon.colcon_core.shell:Skip shell extension 'powershell' for command environment: Not usable outside of PowerShell
[0.970s] DEBUG:colcon.colcon_core.shell:Skip shell extension 'dsv' for command environment
[0.980s] INFO:colcon.colcon_cmake.task.cmake.build:Building CMake package in '/home/roy/odri_dev/workspace/src/pybind11'
[0.993s] INFO:colcon.colcon_core.shell:Skip shell extension 'powershell' for command environment: Not usable outside of PowerShell
[0.993s] DEBUG:colcon.colcon_core.shell:Skip shell extension 'dsv' for command environment
[1.010s] DEBUG:colcon.colcon_core.event_handler.log_command:Invoking command in '/home/roy/odri_dev/workspace/build/googletest-distribution': /usr/bin/cmake --build /home/roy/odri_dev/workspace/build/googletest-distribution -- -j8 -l8
[1.022s] DEBUG:colcon.colcon_core.event_handler.log_command:Invoking command in '/home/roy/odri_dev/workspace/build/mpi_cmake_modules': /usr/bin/cmake --build /home/roy/odri_dev/workspace/build/mpi_cmake_modules -- -j8 -l8
[1.035s] DEBUG:colcon.colcon_core.event_handler.log_command:Invoking command in '/home/roy/odri_dev/workspace/build/pybind11': /usr/bin/cmake --build /home/roy/odri_dev/workspace/build/pybind11 -- -j8 -l8
[1.078s] DEBUG:colcon.colcon_core.event_handler.log_command:Invoked command in '/home/roy/odri_dev/workspace/build/mpi_cmake_modules' returned '0': /usr/bin/cmake --build /home/roy/odri_dev/workspace/build/mpi_cmake_modules -- -j8 -l8
[1.136s] DEBUG:colcon.colcon_core.event_handler.log_command:Invoking command in '/home/roy/odri_dev/workspace/build/mpi_cmake_modules': /usr/bin/cmake --install /home/roy/odri_dev/workspace/build/mpi_cmake_modules
[1.157s] Level 1:colcon.colcon_core.environment:create_environment_scripts_only(mpi_cmake_modules)
[1.182s] Level 1:colcon.colcon_core.environment:checking '/home/roy/odri_dev/workspace/install/mpi_cmake_modules' for CMake module files
[1.183s] Level 1:colcon.colcon_core.environment:checking '/home/roy/odri_dev/workspace/install/mpi_cmake_modules' for CMake config files
[1.184s] Level 1:colcon.colcon_core.shell:create_environment_hook('mpi_cmake_modules', 'cmake_prefix_path')
[1.191s] INFO:colcon.colcon_core.shell:Creating environment hook '/home/roy/odri_dev/workspace/install/mpi_cmake_modules/share/mpi_cmake_modules/hook/cmake_prefix_path.ps1'
[1.194s] INFO:colcon.colcon_core.shell:Creating environment descriptor '/home/roy/odri_dev/workspace/install/mpi_cmake_modules/share/mpi_cmake_modules/hook/cmake_prefix_path.dsv'
[1.195s] INFO:colcon.colcon_core.shell:Creating environment hook '/home/roy/odri_dev/workspace/install/mpi_cmake_modules/share/mpi_cmake_modules/hook/cmake_prefix_path.sh'
[1.197s] Level 1:colcon.colcon_core.environment:checking '/home/roy/odri_dev/workspace/install/mpi_cmake_modules/lib'
[1.197s] Level 1:colcon.colcon_core.environment:checking '/home/roy/odri_dev/workspace/install/mpi_cmake_modules/bin'
[1.197s] Level 1:colcon.colcon_core.shell:create_environment_hook('mpi_cmake_modules', 'path')
[1.204s] INFO:colcon.colcon_core.shell:Creating environment hook '/home/roy/odri_dev/workspace/install/mpi_cmake_modules/share/mpi_cmake_modules/hook/path.ps1'
[1.205s] DEBUG:colcon.colcon_core.event_handler.log_command:Invoked command in '/home/roy/odri_dev/workspace/build/mpi_cmake_modules' returned '0': /usr/bin/cmake --install /home/roy/odri_dev/workspace/build/mpi_cmake_modules
[1.205s] INFO:colcon.colcon_core.shell:Creating environment descriptor '/home/roy/odri_dev/workspace/install/mpi_cmake_modules/share/mpi_cmake_modules/hook/path.dsv'
[1.206s] INFO:colcon.colcon_core.shell:Creating environment hook '/home/roy/odri_dev/workspace/install/mpi_cmake_modules/share/mpi_cmake_modules/hook/path.sh'
[1.206s] Level 1:colcon.colcon_core.environment:checking '/home/roy/odri_dev/workspace/install/mpi_cmake_modules/lib/pkgconfig/mpi_cmake_modules.pc'
[1.206s] Level 1:colcon.colcon_core.environment:checking '/home/roy/odri_dev/workspace/install/mpi_cmake_modules/lib/python3.8/site-packages'
[1.206s] Level 1:colcon.colcon_core.shell:create_environment_hook('mpi_cmake_modules', 'pythonpath')
[1.215s] INFO:colcon.colcon_core.shell:Creating environment hook '/home/roy/odri_dev/workspace/install/mpi_cmake_modules/share/mpi_cmake_modules/hook/pythonpath.ps1'
[1.216s] INFO:colcon.colcon_core.shell:Creating environment descriptor '/home/roy/odri_dev/workspace/install/mpi_cmake_modules/share/mpi_cmake_modules/hook/pythonpath.dsv'
[1.216s] INFO:colcon.colcon_core.shell:Creating environment hook '/home/roy/odri_dev/workspace/install/mpi_cmake_modules/share/mpi_cmake_modules/hook/pythonpath.sh'
[1.222s] INFO:colcon.colcon_core.shell:Creating package script '/home/roy/odri_dev/workspace/install/mpi_cmake_modules/share/mpi_cmake_modules/package.ps1'
[1.224s] INFO:colcon.colcon_core.shell:Creating package descriptor '/home/roy/odri_dev/workspace/install/mpi_cmake_modules/share/mpi_cmake_modules/package.dsv'
[1.224s] INFO:colcon.colcon_core.shell:Creating package script '/home/roy/odri_dev/workspace/install/mpi_cmake_modules/share/mpi_cmake_modules/package.sh'
[1.225s] INFO:colcon.colcon_core.shell:Creating package script '/home/roy/odri_dev/workspace/install/mpi_cmake_modules/share/mpi_cmake_modules/package.bash'
[1.226s] INFO:colcon.colcon_core.shell:Creating package script '/home/roy/odri_dev/workspace/install/mpi_cmake_modules/share/mpi_cmake_modules/package.zsh'
[1.227s] Level 1:colcon.colcon_core.environment:create_file_with_runtime_dependencies(/home/roy/odri_dev/workspace/install/mpi_cmake_modules/share/colcon-core/packages/mpi_cmake_modules)
[1.228s] INFO:colcon.colcon_core.task.python.build:Building Python package in '/home/roy/odri_dev/workspace/src/bullet_utils'
[1.236s] INFO:colcon.colcon_core.shell:Skip shell extension 'powershell' for command environment: Not usable outside of PowerShell
[1.236s] DEBUG:colcon.colcon_core.shell:Skip shell extension 'dsv' for command environment
[1.252s] DEBUG:colcon.colcon_core.event_handler.log_command:Invoked command in '/home/roy/odri_dev/workspace/build/pybind11' returned '0': /usr/bin/cmake --build /home/roy/odri_dev/workspace/build/pybind11 -- -j8 -l8
[1.258s] DEBUG:colcon.colcon_core.event_handler.log_command:Invoked command in '/home/roy/odri_dev/workspace/build/googletest-distribution' returned '0': /usr/bin/cmake --build /home/roy/odri_dev/workspace/build/googletest-distribution -- -j8 -l8
[1.527s] DEBUG:colcon.colcon_core.event_handler.log_command:Invoking command in '/home/roy/odri_dev/workspace/src/bullet_utils': CMAKE_PREFIX_PATH=/home/roy/odri_dev/workspace/install/mpi_cmake_modules:/opt/openrobots:/opt/openrobots PATH=/home/roy/odri_dev/workspace/install/mpi_cmake_modules/bin:${PATH} PYTHONPATH=/home/roy/odri_dev/workspace/install/bullet_utils/lib/python3.8/site-packages:/home/roy/odri_dev/workspace/install/mpi_cmake_modules/lib/python3.8/site-packages:/opt/openrobots/lib/python2.7/site-packages:/opt/openrobots/lib/python2.7/site-packages /usr/bin/python3 setup.py egg_info --egg-base ../../build/bullet_utils build --build-base /home/roy/odri_dev/workspace/build/bullet_utils/build install --prefix /home/roy/odri_dev/workspace/install/bullet_utils --record /home/roy/odri_dev/workspace/build/bullet_utils/install.log --single-version-externally-managed
[1.532s] DEBUG:colcon.colcon_core.event_handler.log_command:Invoking command in '/home/roy/odri_dev/workspace/build/pybind11': /usr/bin/cmake --install /home/roy/odri_dev/workspace/build/pybind11
[1.538s] DEBUG:colcon.colcon_core.event_handler.log_command:Invoking command in '/home/roy/odri_dev/workspace/build/googletest-distribution': /usr/bin/cmake --install /home/roy/odri_dev/workspace/build/googletest-distribution
[1.545s] Level 1:colcon.colcon_core.environment:create_environment_scripts_only(pybind11)
[1.552s] Level 1:colcon.colcon_core.environment:checking '/home/roy/odri_dev/workspace/install/pybind11' for CMake module files
[1.553s] Level 1:colcon.colcon_core.shell:create_environment_hook('pybind11', 'cmake_module_path')
[1.560s] INFO:colcon.colcon_core.shell:Creating environment hook '/home/roy/odri_dev/workspace/install/pybind11/share/pybind11/hook/cmake_module_path.ps1'
[1.562s] INFO:colcon.colcon_core.shell:Creating environment descriptor '/home/roy/odri_dev/workspace/install/pybind11/share/pybind11/hook/cmake_module_path.dsv'
[1.563s] INFO:colcon.colcon_core.shell:Creating environment hook '/home/roy/odri_dev/workspace/install/pybind11/share/pybind11/hook/cmake_module_path.sh'
[1.564s] Level 1:colcon.colcon_core.environment:checking '/home/roy/odri_dev/workspace/install/pybind11' for CMake config files
[1.565s] Level 1:colcon.colcon_core.shell:create_environment_hook('pybind11', 'cmake_prefix_path')
[1.571s] INFO:colcon.colcon_core.shell:Creating environment hook '/home/roy/odri_dev/workspace/install/pybind11/share/pybind11/hook/cmake_prefix_path.ps1'
[1.572s] DEBUG:colcon.colcon_core.event_handler.log_command:Invoked command in '/home/roy/odri_dev/workspace/build/pybind11' returned '0': /usr/bin/cmake --install /home/roy/odri_dev/workspace/build/pybind11
[1.572s] INFO:colcon.colcon_core.shell:Creating environment descriptor '/home/roy/odri_dev/workspace/install/pybind11/share/pybind11/hook/cmake_prefix_path.dsv'
[1.573s] INFO:colcon.colcon_core.shell:Creating environment hook '/home/roy/odri_dev/workspace/install/pybind11/share/pybind11/hook/cmake_prefix_path.sh'
[1.573s] Level 1:colcon.colcon_core.environment:checking '/home/roy/odri_dev/workspace/install/pybind11/bin'
[1.574s] Level 1:colcon.colcon_core.environment:checking '/home/roy/odri_dev/workspace/install/pybind11/lib/pkgconfig/pybind11.pc'
[1.574s] Level 1:colcon.colcon_core.environment:checking '/home/roy/odri_dev/workspace/install/pybind11/lib/python3.8/site-packages'
[1.580s] INFO:colcon.colcon_core.shell:Creating package script '/home/roy/odri_dev/workspace/install/pybind11/share/pybind11/package.ps1'
[1.581s] INFO:colcon.colcon_core.shell:Creating package descriptor '/home/roy/odri_dev/workspace/install/pybind11/share/pybind11/package.dsv'
[1.582s] INFO:colcon.colcon_core.shell:Creating package script '/home/roy/odri_dev/workspace/install/pybind11/share/pybind11/package.sh'
[1.583s] INFO:colcon.colcon_core.shell:Creating package script '/home/roy/odri_dev/workspace/install/pybind11/share/pybind11/package.bash'
[1.584s] INFO:colcon.colcon_core.shell:Creating package script '/home/roy/odri_dev/workspace/install/pybind11/share/pybind11/package.zsh'
[1.586s] Level 1:colcon.colcon_core.environment:create_file_with_runtime_dependencies(/home/roy/odri_dev/workspace/install/pybind11/share/colcon-core/packages/pybind11)
[1.588s] Level 1:colcon.colcon_core.environment:create_environment_scripts_only(googletest-distribution)
[1.600s] Level 1:colcon.colcon_core.environment:checking '/home/roy/odri_dev/workspace/install/googletest-distribution' for CMake module files
[1.601s] Level 1:colcon.colcon_core.environment:checking '/home/roy/odri_dev/workspace/install/googletest-distribution' for CMake config files
[1.602s] Level 1:colcon.colcon_core.shell:create_environment_hook('googletest-distribution', 'cmake_prefix_path')
[1.609s] INFO:colcon.colcon_core.shell:Creating environment hook '/home/roy/odri_dev/workspace/install/googletest-distribution/share/googletest-distribution/hook/cmake_prefix_path.ps1'
[1.610s] INFO:colcon.colcon_core.shell:Creating environment descriptor '/home/roy/odri_dev/workspace/install/googletest-distribution/share/googletest-distribution/hook/cmake_prefix_path.dsv'
[1.611s] INFO:colcon.colcon_core.shell:Creating environment hook '/home/roy/odri_dev/workspace/install/googletest-distribution/share/googletest-distribution/hook/cmake_prefix_path.sh'
[1.612s] Level 1:colcon.colcon_core.environment:checking '/home/roy/odri_dev/workspace/install/googletest-distribution/lib'
[1.612s] Level 1:colcon.colcon_core.environment:checking '/home/roy/odri_dev/workspace/install/googletest-distribution/bin'
[1.613s] Level 1:colcon.colcon_core.environment:checking '/home/roy/odri_dev/workspace/install/googletest-distribution/lib/pkgconfig/googletest-distribution.pc'
[1.613s] Level 1:colcon.colcon_core.environment:checking '/home/roy/odri_dev/workspace/install/googletest-distribution/lib/python3.8/site-packages'
[1.619s] INFO:colcon.colcon_core.shell:Creating package script '/home/roy/odri_dev/workspace/install/googletest-distribution/share/googletest-distribution/package.ps1'
[1.620s] INFO:colcon.colcon_core.shell:Creating package descriptor '/home/roy/odri_dev/workspace/install/googletest-distribution/share/googletest-distribution/package.dsv'
[1.621s] INFO:colcon.colcon_core.shell:Creating package script '/home/roy/odri_dev/workspace/install/googletest-distribution/share/googletest-distribution/package.sh'
[1.622s] INFO:colcon.colcon_core.shell:Creating package script '/home/roy/odri_dev/workspace/install/googletest-distribution/share/googletest-distribution/package.bash'
[1.624s] INFO:colcon.colcon_core.shell:Creating package script '/home/roy/odri_dev/workspace/install/googletest-distribution/share/googletest-distribution/package.zsh'
[1.625s] Level 1:colcon.colcon_core.environment:create_file_with_runtime_dependencies(/home/roy/odri_dev/workspace/install/googletest-distribution/share/colcon-core/packages/googletest-distribution)
[1.626s] INFO:colcon.colcon_cmake.task.cmake.build:Building CMake package in '/home/roy/odri_dev/workspace/src/yaml_utils'
[1.638s] INFO:colcon.colcon_core.shell:Skip shell extension 'powershell' for command environment: Not usable outside of PowerShell
[1.638s] DEBUG:colcon.colcon_core.shell:Skip shell extension 'dsv' for command environment
[1.647s] DEBUG:colcon.colcon_core.event_handler.log_command:Invoked command in '/home/roy/odri_dev/workspace/build/googletest-distribution' returned '0': /usr/bin/cmake --install /home/roy/odri_dev/workspace/build/googletest-distribution
[1.647s] INFO:colcon.colcon_cmake.task.cmake.build:Building CMake package in '/home/roy/odri_dev/workspace/src/real_time_tools'
[1.654s] INFO:colcon.colcon_core.shell:Skip shell extension 'powershell' for command environment: Not usable outside of PowerShell
[1.654s] DEBUG:colcon.colcon_core.shell:Skip shell extension 'dsv' for command environment
[1.683s] DEBUG:colcon.colcon_core.event_handler.log_command:Invoking command in '/home/roy/odri_dev/workspace/build/yaml_utils': CMAKE_PREFIX_PATH=/home/roy/odri_dev/workspace/install/googletest-distribution:/opt/openrobots:/opt/openrobots /usr/bin/cmake --build /home/roy/odri_dev/workspace/build/yaml_utils -- -j8 -l8
[1.692s] DEBUG:colcon.colcon_core.event_handler.log_command:Invoking command in '/home/roy/odri_dev/workspace/build/real_time_tools': CMAKE_PREFIX_PATH=/home/roy/odri_dev/workspace/install/pybind11:/home/roy/odri_dev/workspace/install/mpi_cmake_modules:/home/roy/odri_dev/workspace/install/googletest-distribution:/opt/openrobots:/opt/openrobots PATH=/home/roy/odri_dev/workspace/install/mpi_cmake_modules/bin:${PATH} PYTHONPATH=/home/roy/odri_dev/workspace/install/mpi_cmake_modules/lib/python3.8/site-packages:/opt/openrobots/lib/python2.7/site-packages:/opt/openrobots/lib/python2.7/site-packages /usr/bin/cmake /home/roy/odri_dev/workspace/src/real_time_tools -DCMAKE_BUILD_TYPE=Release -DCMAKE_INSTALL_PREFIX=/home/roy/odri_dev/workspace/install/real_time_tools
[1.802s] DEBUG:colcon.colcon_core.event_handler.log_command:Invoked command in '/home/roy/odri_dev/workspace/build/yaml_utils' returned '0': CMAKE_PREFIX_PATH=/home/roy/odri_dev/workspace/install/googletest-distribution:/opt/openrobots:/opt/openrobots /usr/bin/cmake --build /home/roy/odri_dev/workspace/build/yaml_utils -- -j8 -l8
[1.858s] DEBUG:colcon.colcon_core.event_handler.log_command:Invoking command in '/home/roy/odri_dev/workspace/build/yaml_utils': CMAKE_PREFIX_PATH=/home/roy/odri_dev/workspace/install/googletest-distribution:/opt/openrobots:/opt/openrobots /usr/bin/cmake --install /home/roy/odri_dev/workspace/build/yaml_utils
[1.876s] Level 1:colcon.colcon_core.environment:create_environment_scripts_only(yaml_utils)
[1.885s] Level 1:colcon.colcon_core.environment:checking '/home/roy/odri_dev/workspace/install/yaml_utils' for CMake module files
[1.886s] DEBUG:colcon.colcon_core.event_handler.log_command:Invoked command in '/home/roy/odri_dev/workspace/build/yaml_utils' returned '0': CMAKE_PREFIX_PATH=/home/roy/odri_dev/workspace/install/googletest-distribution:/opt/openrobots:/opt/openrobots /usr/bin/cmake --install /home/roy/odri_dev/workspace/build/yaml_utils
[1.886s] Level 1:colcon.colcon_core.environment:checking '/home/roy/odri_dev/workspace/install/yaml_utils' for CMake config files
[1.886s] Level 1:colcon.colcon_core.shell:create_environment_hook('yaml_utils', 'cmake_prefix_path')
[1.894s] INFO:colcon.colcon_core.shell:Creating environment hook '/home/roy/odri_dev/workspace/install/yaml_utils/share/yaml_utils/hook/cmake_prefix_path.ps1'
[1.894s] INFO:colcon.colcon_core.shell:Creating environment descriptor '/home/roy/odri_dev/workspace/install/yaml_utils/share/yaml_utils/hook/cmake_prefix_path.dsv'
[1.895s] INFO:colcon.colcon_core.shell:Creating environment hook '/home/roy/odri_dev/workspace/install/yaml_utils/share/yaml_utils/hook/cmake_prefix_path.sh'
[1.896s] Level 1:colcon.colcon_core.environment:checking '/home/roy/odri_dev/workspace/install/yaml_utils/bin'
[1.896s] Level 1:colcon.colcon_core.environment:checking '/home/roy/odri_dev/workspace/install/yaml_utils/lib/pkgconfig/yaml_utils.pc'
[1.897s] Level 1:colcon.colcon_core.environment:checking '/home/roy/odri_dev/workspace/install/yaml_utils/lib/python3.8/site-packages'
[1.904s] INFO:colcon.colcon_core.shell:Creating package script '/home/roy/odri_dev/workspace/install/yaml_utils/share/yaml_utils/package.ps1'
[1.905s] INFO:colcon.colcon_core.shell:Creating package descriptor '/home/roy/odri_dev/workspace/install/yaml_utils/share/yaml_utils/package.dsv'
[1.906s] INFO:colcon.colcon_core.shell:Creating package script '/home/roy/odri_dev/workspace/install/yaml_utils/share/yaml_utils/package.sh'
[1.907s] INFO:colcon.colcon_core.shell:Creating package script '/home/roy/odri_dev/workspace/install/yaml_utils/share/yaml_utils/package.bash'
[1.907s] INFO:colcon.colcon_core.shell:Creating package script '/home/roy/odri_dev/workspace/install/yaml_utils/share/yaml_utils/package.zsh'
[1.908s] Level 1:colcon.colcon_core.environment:create_file_with_runtime_dependencies(/home/roy/odri_dev/workspace/install/yaml_utils/share/colcon-core/packages/yaml_utils)
[2.037s] DEBUG:colcon.colcon_core.event_handler.log_command:Invoked command in '/home/roy/odri_dev/workspace/build/real_time_tools' returned '1': CMAKE_PREFIX_PATH=/home/roy/odri_dev/workspace/install/pybind11:/home/roy/odri_dev/workspace/install/mpi_cmake_modules:/home/roy/odri_dev/workspace/install/googletest-distribution:/opt/openrobots:/opt/openrobots PATH=/home/roy/odri_dev/workspace/install/mpi_cmake_modules/bin:${PATH} PYTHONPATH=/home/roy/odri_dev/workspace/install/mpi_cmake_modules/lib/python3.8/site-packages:/opt/openrobots/lib/python2.7/site-packages:/opt/openrobots/lib/python2.7/site-packages /usr/bin/cmake /home/roy/odri_dev/workspace/src/real_time_tools -DCMAKE_BUILD_TYPE=Release -DCMAKE_INSTALL_PREFIX=/home/roy/odri_dev/workspace/install/real_time_tools
[3.749s] DEBUG:colcon.colcon_parallel_executor.executor.parallel:closing loop
[3.749s] DEBUG:colcon.colcon_parallel_executor.executor.parallel:loop closed
[3.749s] DEBUG:colcon.colcon_parallel_executor.executor.parallel:run_until_complete finished with '1'
[3.750s] DEBUG:colcon.colcon_core.event_reactor:joining thread
[3.767s] INFO:colcon.colcon_core.plugin_system:Skipping extension 'colcon_notification.desktop_notification.terminal_notifier': Not used on non-Darwin systems
[3.767s] INFO:colcon.colcon_core.plugin_system:Skipping extension 'colcon_notification.desktop_notification.win32': Not used on non-Windows systems
[3.767s] INFO:colcon.colcon_notification.desktop_notification:Sending desktop notification using 'notify2'
[3.794s] DEBUG:colcon.colcon_core.event_reactor:joined thread
[3.807s] INFO:colcon.colcon_core.shell:Creating prefix script '/home/roy/odri_dev/workspace/install/local_setup.ps1'
[3.809s] INFO:colcon.colcon_core.shell:Creating prefix util module '/home/roy/odri_dev/workspace/install/_local_setup_util_ps1.py'
[3.810s] INFO:colcon.colcon_core.shell:Creating prefix chain script '/home/roy/odri_dev/workspace/install/setup.ps1'
[3.814s] INFO:colcon.colcon_core.shell:Creating prefix script '/home/roy/odri_dev/workspace/install/local_setup.sh'
[3.815s] INFO:colcon.colcon_core.shell:Creating prefix util module '/home/roy/odri_dev/workspace/install/_local_setup_util_sh.py'
[3.815s] INFO:colcon.colcon_core.shell:Creating prefix chain script '/home/roy/odri_dev/workspace/install/setup.sh'
[3.820s] INFO:colcon.colcon_core.shell:Creating prefix script '/home/roy/odri_dev/workspace/install/local_setup.bash'
[3.821s] INFO:colcon.colcon_core.shell:Creating prefix chain script '/home/roy/odri_dev/workspace/install/setup.bash'
[3.831s] INFO:colcon.colcon_core.shell:Creating prefix script '/home/roy/odri_dev/workspace/install/local_setup.zsh'
[3.832s] INFO:colcon.colcon_core.shell:Creating prefix chain script '/home/roy/odri_dev/workspace/install/setup.zsh'
