resources =  ['resources/impedance_ctrl.yaml', 'resources/dynamic_graph_manager/dgm_parameters_bolt.yaml', 'resources/odri_control_interface/bolt_driver.yaml', 'resources/xacro/bolt_passive_ankle.urdf.xacro', 'resources/xacro/bolt.urdf.xacro', 'resources/xacro/plane_with_restitution.urdf.xacro', 'resources/xacro/bolt.xacro', 'resources/xacro/leg.xacro', 'resources/meshes/checker_blue.png', 'resources/meshes/plane.obj', 'resources/meshes/plane.mtl', 'resources/meshes/obj/bolt_upper_leg_right_side.obj', 'resources/meshes/obj/bolt_hip_fe_left_side.obj', 'resources/meshes/obj/bolt_upper_leg_left_side.obj', 'resources/meshes/obj/bolt_lower_leg_right_side.obj', 'resources/meshes/obj/bolt_hip_fe_right_side.obj', 'resources/meshes/obj/bolt_body.obj', 'resources/meshes/obj/bolt_foot.obj', 'resources/meshes/obj/bolt_lower_leg_left_side.obj', 'resources/meshes/stl/lower_leg_200mm_right_side.stl', 'resources/meshes/stl/bolt_upper_leg_left_side.stl', 'resources/meshes/stl/upper_leg_200mm_right_side.stl', 'resources/meshes/stl/upper_leg_200mm_left_side.stl', 'resources/meshes/stl/bolt_hip_fe_right_side.stl', 'resources/meshes/stl/bolt_lower_leg_left_side.stl', 'resources/meshes/stl/bolt_foot.stl', 'resources/meshes/stl/lower_leg_200mm_left_side.stl', 'resources/meshes/stl/bolt_hip_fe_left_side.stl', 'resources/meshes/stl/bolt_lower_leg_right_side.stl', 'resources/meshes/stl/bolt_upper_leg_right_side.stl', 'resources/meshes/stl/bolt_body.stl']
running egg_info
creating ../../build/robot_properties_bolt/robot_properties_bolt.egg-info
writing ../../build/robot_properties_bolt/robot_properties_bolt.egg-info/PKG-INFO
writing dependency_links to ../../build/robot_properties_bolt/robot_properties_bolt.egg-info/dependency_links.txt
writing entry points to ../../build/robot_properties_bolt/robot_properties_bolt.egg-info/entry_points.txt
writing requirements to ../../build/robot_properties_bolt/robot_properties_bolt.egg-info/requires.txt
writing top-level names to ../../build/robot_properties_bolt/robot_properties_bolt.egg-info/top_level.txt
writing manifest file '../../build/robot_properties_bolt/robot_properties_bolt.egg-info/SOURCES.txt'
reading manifest file '../../build/robot_properties_bolt/robot_properties_bolt.egg-info/SOURCES.txt'
writing manifest file '../../build/robot_properties_bolt/robot_properties_bolt.egg-info/SOURCES.txt'
running build
running build_py

Traceback (most recent call last):
  File "setup.py", line 159, in <module>
    setup(
  File "/usr/lib/python3/dist-packages/setuptools/__init__.py", line 144, in setup
    return distutils.core.setup(**attrs)
  File "/usr/lib/python3.8/distutils/core.py", line 148, in setup
    dist.run_commands()
  File "/usr/lib/python3.8/distutils/dist.py", line 966, in run_commands
    self.run_command(cmd)
  File "/usr/lib/python3.8/distutils/dist.py", line 985, in run_command
    cmd_obj.run()
  File "/usr/lib/python3.8/distutils/command/build.py", line 135, in run
    self.run_command(cmd_name)
  File "/usr/lib/python3.8/distutils/cmd.py", line 313, in run_command
    self.distribution.run_command(command)
  File "/usr/lib/python3.8/distutils/dist.py", line 985, in run_command
    cmd_obj.run()
  File "setup.py", line 153, in run
    self._build_xacro()
  File "setup.py", line 117, in _build_xacro
    self._build_single_xacro_file(xacro_file, generated_urdf_path)
  File "setup.py", line 120, in _build_single_xacro_file
    from xacro import process_file, open_output
ModuleNotFoundError: No module named 'xacro'
