resources =  ['resources/impedance_ctrl.yaml', 'resources/dynamic_graph_manager/dgm_parameters_bolt.yaml', 'resources/odri_control_interface/bolt_driver.yaml', 'resources/__pycache__/__init__.cpython-38.pyc', 'resources/xacro/bolt_passive_ankle.urdf.xacro', 'resources/xacro/bolt.urdf.xacro', 'resources/xacro/plane_with_restitution.urdf.xacro', 'resources/xacro/bolt.xacro', 'resources/xacro/leg.xacro', 'resources/meshes/checker_blue.png', 'resources/meshes/plane.obj', 'resources/meshes/plane.mtl', 'resources/meshes/obj/bolt_upper_leg_right_side.obj', 'resources/meshes/obj/bolt_hip_fe_left_side.obj', 'resources/meshes/obj/bolt_upper_leg_left_side.obj', 'resources/meshes/obj/bolt_lower_leg_right_side.obj', 'resources/meshes/obj/bolt_hip_fe_right_side.obj', 'resources/meshes/obj/bolt_body.obj', 'resources/meshes/obj/bolt_foot.obj', 'resources/meshes/obj/bolt_lower_leg_left_side.obj', 'resources/meshes/stl/lower_leg_200mm_right_side.stl', 'resources/meshes/stl/bolt_upper_leg_left_side.stl', 'resources/meshes/stl/upper_leg_200mm_right_side.stl', 'resources/meshes/stl/upper_leg_200mm_left_side.stl', 'resources/meshes/stl/bolt_hip_fe_right_side.stl', 'resources/meshes/stl/bolt_lower_leg_left_side.stl', 'resources/meshes/stl/bolt_foot.stl', 'resources/meshes/stl/lower_leg_200mm_left_side.stl', 'resources/meshes/stl/bolt_hip_fe_left_side.stl', 'resources/meshes/stl/bolt_lower_leg_right_side.stl', 'resources/meshes/stl/bolt_upper_leg_right_side.stl', 'resources/meshes/stl/bolt_body.stl']
/home/roy/.local/lib/python3.8/site-packages/recommonmark/parser.py:75: UserWarning: Container node skipped: type=document
  warn("Container node skipped: type={0}".format(mdnode.t))
pybullet build time: Oct 11 2021 20:59:39
WARNING: autodoc: failed to import module 'bolt_wrapper' from module 'robot_properties_bolt'; the following exception was raised:
cannot import name 'Resources' from 'robot_properties_bolt.resources' (/home/roy/odri_dev/workspace/src/robot_properties_bolt/src/robot_properties_bolt/resources/__init__.py)
WARNING: autodoc: failed to import module 'config' from module 'robot_properties_bolt'; the following exception was raised:
cannot import name 'Resources' from 'robot_properties_bolt.resources' (/home/roy/odri_dev/workspace/src/robot_properties_bolt/src/robot_properties_bolt/resources/__init__.py)
WARNING: autodoc: failed to import module 'gepetto_gui_loader' from module 'robot_properties_bolt'; the following exception was raised:
No module named 'config'
/home/roy/odri_dev/workspace/src/robot_properties_bolt/src/robot_properties_bolt/resources/__init__.py:docstring of robot_properties_bolt.resources:1: WARNING: duplicate object description of robot_properties_bolt.resources, other instance in robot_properties_bolt, use :noindex: for one of them
/home/roy/odri_dev/workspace/build/robot_properties_bolt/build/lib/robot_properties_bolt/doc/readme.md: WARNING: document isn't included in any toctree
building xacro file ( /home/roy/odri_dev/workspace/src/robot_properties_bolt/src/robot_properties_bolt/resources/xacro/bolt_passive_ankle.urdf.xacro ) into ( /home/roy/odri_dev/workspace/build/robot_properties_bolt/build/lib/robot_properties_bolt/resources/urdf/bolt_passive_ankle.urdf )
building xacro file ( /home/roy/odri_dev/workspace/src/robot_properties_bolt/src/robot_properties_bolt/resources/xacro/bolt.urdf.xacro ) into ( /home/roy/odri_dev/workspace/build/robot_properties_bolt/build/lib/robot_properties_bolt/resources/urdf/bolt.urdf )
building xacro file ( /home/roy/odri_dev/workspace/src/robot_properties_bolt/src/robot_properties_bolt/resources/xacro/plane_with_restitution.urdf.xacro ) into ( /home/roy/odri_dev/workspace/build/robot_properties_bolt/build/lib/robot_properties_bolt/resources/urdf/plane_with_restitution.urdf )
building xacro file ( /home/roy/odri_dev/workspace/src/robot_properties_bolt/src/robot_properties_bolt/resources/xacro/bolt_passive_ankle.urdf.xacro ) into ( /home/roy/odri_dev/workspace/build/robot_properties_bolt/build/lib/robot_properties_bolt/resources/urdf/bolt_passive_ankle.urdf )
building xacro file ( /home/roy/odri_dev/workspace/src/robot_properties_bolt/src/robot_properties_bolt/resources/xacro/bolt.urdf.xacro ) into ( /home/roy/odri_dev/workspace/build/robot_properties_bolt/build/lib/robot_properties_bolt/resources/urdf/bolt.urdf )
building xacro file ( /home/roy/odri_dev/workspace/src/robot_properties_bolt/src/robot_properties_bolt/resources/xacro/plane_with_restitution.urdf.xacro ) into ( /home/roy/odri_dev/workspace/build/robot_properties_bolt/build/lib/robot_properties_bolt/resources/urdf/plane_with_restitution.urdf )
building xacro file ( /home/roy/odri_dev/workspace/src/robot_properties_bolt/src/robot_properties_bolt/resources/xacro/bolt_passive_ankle.urdf.xacro ) into ( /home/roy/odri_dev/workspace/build/robot_properties_bolt/build/lib/robot_properties_bolt/resources/urdf/bolt_passive_ankle.urdf )
building xacro file ( /home/roy/odri_dev/workspace/src/robot_properties_bolt/src/robot_properties_bolt/resources/xacro/bolt.urdf.xacro ) into ( /home/roy/odri_dev/workspace/build/robot_properties_bolt/build/lib/robot_properties_bolt/resources/urdf/bolt.urdf )
building xacro file ( /home/roy/odri_dev/workspace/src/robot_properties_bolt/src/robot_properties_bolt/resources/xacro/plane_with_restitution.urdf.xacro ) into ( /home/roy/odri_dev/workspace/build/robot_properties_bolt/build/lib/robot_properties_bolt/resources/urdf/plane_with_restitution.urdf )
