[  9%] Built target pybind11_cross_module_tests
[  9%] Built target cross_module_gil_utils
[100%] Built target pybind11_tests
-- Install configuration: "Release"
-- Up-to-date: /home/roy/odri_dev/workspace/install/pybind11/include/pybind11
-- Up-to-date: /home/roy/odri_dev/workspace/install/pybind11/include/pybind11/eval.h
-- Up-to-date: /home/roy/odri_dev/workspace/install/pybind11/include/pybind11/stl_bind.h
-- Up-to-date: /home/roy/odri_dev/workspace/install/pybind11/include/pybind11/buffer_info.h
-- Up-to-date: /home/roy/odri_dev/workspace/install/pybind11/include/pybind11/iostream.h
-- Up-to-date: /home/roy/odri_dev/workspace/install/pybind11/include/pybind11/functional.h
-- Up-to-date: /home/roy/odri_dev/workspace/install/pybind11/include/pybind11/options.h
-- Up-to-date: /home/roy/odri_dev/workspace/install/pybind11/include/pybind11/stl.h
-- Up-to-date: /home/roy/odri_dev/workspace/install/pybind11/include/pybind11/pybind11.h
-- Up-to-date: /home/roy/odri_dev/workspace/install/pybind11/include/pybind11/eigen.h
-- Up-to-date: /home/roy/odri_dev/workspace/install/pybind11/include/pybind11/numpy.h
-- Up-to-date: /home/roy/odri_dev/workspace/install/pybind11/include/pybind11/complex.h
-- Up-to-date: /home/roy/odri_dev/workspace/install/pybind11/include/pybind11/detail
-- Up-to-date: /home/roy/odri_dev/workspace/install/pybind11/include/pybind11/detail/typeid.h
-- Up-to-date: /home/roy/odri_dev/workspace/install/pybind11/include/pybind11/detail/internals.h
-- Up-to-date: /home/roy/odri_dev/workspace/install/pybind11/include/pybind11/detail/descr.h
-- Up-to-date: /home/roy/odri_dev/workspace/install/pybind11/include/pybind11/detail/class.h
-- Up-to-date: /home/roy/odri_dev/workspace/install/pybind11/include/pybind11/detail/common.h
-- Up-to-date: /home/roy/odri_dev/workspace/install/pybind11/include/pybind11/detail/init.h
-- Up-to-date: /home/roy/odri_dev/workspace/install/pybind11/include/pybind11/attr.h
-- Up-to-date: /home/roy/odri_dev/workspace/install/pybind11/include/pybind11/chrono.h
-- Up-to-date: /home/roy/odri_dev/workspace/install/pybind11/include/pybind11/cast.h
-- Up-to-date: /home/roy/odri_dev/workspace/install/pybind11/include/pybind11/embed.h
-- Up-to-date: /home/roy/odri_dev/workspace/install/pybind11/include/pybind11/common.h
-- Up-to-date: /home/roy/odri_dev/workspace/install/pybind11/include/pybind11/operators.h
-- Up-to-date: /home/roy/odri_dev/workspace/install/pybind11/include/pybind11/pytypes.h
-- Up-to-date: /home/roy/odri_dev/workspace/install/pybind11/share/cmake/pybind11/pybind11Config.cmake
-- Up-to-date: /home/roy/odri_dev/workspace/install/pybind11/share/cmake/pybind11/pybind11ConfigVersion.cmake
-- Up-to-date: /home/roy/odri_dev/workspace/install/pybind11/share/cmake/pybind11/FindPythonLibsNew.cmake
-- Up-to-date: /home/roy/odri_dev/workspace/install/pybind11/share/cmake/pybind11/pybind11Tools.cmake
-- Up-to-date: /home/roy/odri_dev/workspace/install/pybind11/share/cmake/pybind11/pybind11Targets.cmake
