-- The OS type is non-real-time
-- The OS type is non-real-time
-- Found Doxygen: /usr/bin/doxygen (found version "1.8.17") found components: doxygen missing components: dot
-- Configuring done
-- Generating done
-- Build files have been written to: /home/roy/odri_dev/workspace/build/real_time_tools
[35m[1mScanning dependencies of target real_time_tools[0m
[  6%] [32mBuilding CXX object CMakeFiles/real_time_tools.dir/src/spinner.cpp.o[0m
[  6%] [32mBuilding CXX object CMakeFiles/real_time_tools.dir/src/realtime_check.cpp.o[0m
[ 17%] [32mBuilding CXX object CMakeFiles/real_time_tools.dir/src/thread.cpp.o[0m
[ 17%] [32mBuilding CXX object CMakeFiles/real_time_tools.dir/src/timer.cpp.o[0m
[ 17%] [32mBuilding CXX object CMakeFiles/real_time_tools.dir/src/frequency_manager.cpp.o[0m
[ 20%] [32mBuilding CXX object CMakeFiles/real_time_tools.dir/src/iostream.cpp.o[0m
[ 24%] [32mBuilding CXX object CMakeFiles/real_time_tools.dir/src/process_manager.cpp.o[0m
[ 27%] [32mBuilding CXX object CMakeFiles/real_time_tools.dir/src/usb_stream.cpp.o[0m
[ 31%] [32m[1mLinking CXX shared library libreal_time_tools.so[0m
/usr/bin/ld: cannot find -ledit
/usr/bin/ld: cannot find -lcurses
/usr/bin/ld: cannot find -lglut
/usr/bin/ld: cannot find -lGL
/usr/bin/ld: cannot find -lGLU
/usr/bin/ld: cannot find -lX11
/usr/bin/ld: cannot find -lXmu
collect2: error: ld returned 1 exit status
make[2]: *** [CMakeFiles/real_time_tools.dir/build.make:190: libreal_time_tools.so] Error 1
make[1]: *** [CMakeFiles/Makefile2:914: CMakeFiles/real_time_tools.dir/all] Error 2
make: *** [Makefile:141: all] Error 2
