[0.034s] Invoking command in '/home/roy/odri_dev/workspace/build/real_time_tools': CMAKE_PREFIX_PATH=/home/roy/odri_dev/workspace/install/pybind11:/home/roy/odri_dev/workspace/install/mpi_cmake_modules:/home/roy/odri_dev/workspace/install/googletest-distribution:/opt/openrobots:/opt/openrobots PATH=/home/roy/odri_dev/workspace/install/mpi_cmake_modules/bin:${PATH} PYTHONPATH=/home/roy/odri_dev/workspace/install/mpi_cmake_modules/lib/python3.8/site-packages:/opt/openrobots/lib/python2.7/site-packages:/opt/openrobots/lib/python2.7/site-packages /usr/bin/cmake /home/roy/odri_dev/workspace/src/real_time_tools -DCMAKE_BUILD_TYPE=Release -DCMAKE_INSTALL_PREFIX=/home/roy/odri_dev/workspace/install/real_time_tools
[0.058s] -- The OS type is non-real-time
[0.149s] -- The OS type is non-real-time
[0.386s] -- Found Doxygen: /usr/bin/doxygen (found version "1.8.17") found components: doxygen missing components: dot
[0.438s] -- Configuring done
[0.508s] -- Generating done
[0.512s] -- Build files have been written to: /home/roy/odri_dev/workspace/build/real_time_tools
[0.520s] Invoked command in '/home/roy/odri_dev/workspace/build/real_time_tools' returned '0': CMAKE_PREFIX_PATH=/home/roy/odri_dev/workspace/install/pybind11:/home/roy/odri_dev/workspace/install/mpi_cmake_modules:/home/roy/odri_dev/workspace/install/googletest-distribution:/opt/openrobots:/opt/openrobots PATH=/home/roy/odri_dev/workspace/install/mpi_cmake_modules/bin:${PATH} PYTHONPATH=/home/roy/odri_dev/workspace/install/mpi_cmake_modules/lib/python3.8/site-packages:/opt/openrobots/lib/python2.7/site-packages:/opt/openrobots/lib/python2.7/site-packages /usr/bin/cmake /home/roy/odri_dev/workspace/src/real_time_tools -DCMAKE_BUILD_TYPE=Release -DCMAKE_INSTALL_PREFIX=/home/roy/odri_dev/workspace/install/real_time_tools
[0.521s] Invoking command in '/home/roy/odri_dev/workspace/build/real_time_tools': CMAKE_PREFIX_PATH=/home/roy/odri_dev/workspace/install/pybind11:/home/roy/odri_dev/workspace/install/mpi_cmake_modules:/home/roy/odri_dev/workspace/install/googletest-distribution:/opt/openrobots:/opt/openrobots PATH=/home/roy/odri_dev/workspace/install/mpi_cmake_modules/bin:${PATH} PYTHONPATH=/home/roy/odri_dev/workspace/install/mpi_cmake_modules/lib/python3.8/site-packages:/opt/openrobots/lib/python2.7/site-packages:/opt/openrobots/lib/python2.7/site-packages /usr/bin/cmake --build /home/roy/odri_dev/workspace/build/real_time_tools -- -j8 -l8
[0.582s] [35m[1mScanning dependencies of target real_time_tools[0m
[0.601s] [  6%] [32mBuilding CXX object CMakeFiles/real_time_tools.dir/src/spinner.cpp.o[0m
[0.601s] [  6%] [32mBuilding CXX object CMakeFiles/real_time_tools.dir/src/realtime_check.cpp.o[0m
[0.605s] [ 17%] [32mBuilding CXX object CMakeFiles/real_time_tools.dir/src/thread.cpp.o[0m
[0.605s] [ 17%] [32mBuilding CXX object CMakeFiles/real_time_tools.dir/src/timer.cpp.o[0m
[0.606s] [ 17%] [32mBuilding CXX object CMakeFiles/real_time_tools.dir/src/frequency_manager.cpp.o[0m
[0.608s] [ 20%] [32mBuilding CXX object CMakeFiles/real_time_tools.dir/src/iostream.cpp.o[0m
[0.609s] [ 24%] [32mBuilding CXX object CMakeFiles/real_time_tools.dir/src/process_manager.cpp.o[0m
[0.619s] [ 27%] [32mBuilding CXX object CMakeFiles/real_time_tools.dir/src/usb_stream.cpp.o[0m
[3.925s] [ 31%] [32m[1mLinking CXX shared library libreal_time_tools.so[0m
[3.979s] /usr/bin/ld: cannot find -ledit
[3.980s] /usr/bin/ld: cannot find -lcurses
[3.980s] /usr/bin/ld: cannot find -lglut
[3.980s] /usr/bin/ld: cannot find -lGL
[3.980s] /usr/bin/ld: cannot find -lGLU
[3.980s] /usr/bin/ld: cannot find -lX11
[3.981s] /usr/bin/ld: cannot find -lXmu
[3.997s] collect2: error: ld returned 1 exit status
[3.999s] make[2]: *** [CMakeFiles/real_time_tools.dir/build.make:190: libreal_time_tools.so] Error 1
[4.000s] make[1]: *** [CMakeFiles/Makefile2:914: CMakeFiles/real_time_tools.dir/all] Error 2
[4.000s] make: *** [Makefile:141: all] Error 2
[4.343s] Invoked command in '/home/roy/odri_dev/workspace/build/real_time_tools' returned '2': CMAKE_PREFIX_PATH=/home/roy/odri_dev/workspace/install/pybind11:/home/roy/odri_dev/workspace/install/mpi_cmake_modules:/home/roy/odri_dev/workspace/install/googletest-distribution:/opt/openrobots:/opt/openrobots PATH=/home/roy/odri_dev/workspace/install/mpi_cmake_modules/bin:${PATH} PYTHONPATH=/home/roy/odri_dev/workspace/install/mpi_cmake_modules/lib/python3.8/site-packages:/opt/openrobots/lib/python2.7/site-packages:/opt/openrobots/lib/python2.7/site-packages /usr/bin/cmake --build /home/roy/odri_dev/workspace/build/real_time_tools -- -j8 -l8
