[0.283s] Invoking command in '/home/roy/odri_dev/workspace/src/bullet_utils': CMAKE_PREFIX_PATH=/home/roy/odri_dev/workspace/install/mpi_cmake_modules:/opt/openrobots:/opt/openrobots:/opt/openrobots:/opt/openrobots:/opt/openrobots:/opt/openrobots PATH=/home/roy/odri_dev/workspace/install/mpi_cmake_modules/bin:${PATH} PYTHONPATH=/home/roy/odri_dev/workspace/install/bullet_utils/lib/python3.8/site-packages:/home/roy/odri_dev/workspace/install/mpi_cmake_modules/lib/python3.8/site-packages:/opt/openrobots/lib/python2.7/site-packages:/opt/openrobots/lib/python2.7/site-packages:/opt/openrobots/lib/python3.8/site-packages:/opt/openrobots/lib/python2.7/site-packages:/opt/openrobots/lib/python2.7/site-packages:/opt/openrobots/lib/python2.7/site-packages:/opt/openrobots/lib/python2.7/site-packages:/home/roy/odri_dev/workspace/src/robot_properties_bolt /usr/bin/python3 setup.py egg_info --egg-base ../../build/bullet_utils build --build-base /home/roy/odri_dev/workspace/build/bullet_utils/build install --prefix /home/roy/odri_dev/workspace/install/bullet_utils --record /home/roy/odri_dev/workspace/build/bullet_utils/install.log --single-version-externally-managed
[0.522s] running egg_info
[0.523s] writing ../../build/bullet_utils/bullet_utils.egg-info/PKG-INFO
[0.524s] writing dependency_links to ../../build/bullet_utils/bullet_utils.egg-info/dependency_links.txt
[0.524s] writing entry points to ../../build/bullet_utils/bullet_utils.egg-info/entry_points.txt
[0.524s] writing requirements to ../../build/bullet_utils/bullet_utils.egg-info/requires.txt
[0.525s] writing top-level names to ../../build/bullet_utils/bullet_utils.egg-info/top_level.txt
[0.529s] reading manifest file '../../build/bullet_utils/bullet_utils.egg-info/SOURCES.txt'
[0.531s] writing manifest file '../../build/bullet_utils/bullet_utils.egg-info/SOURCES.txt'
[0.532s] running build
[0.532s] running build_py
[0.983s] sphinx-apidoc output:
[0.983s]  Creating file /home/roy/odri_dev/workspace/build/bullet_utils/build/lib/bullet_utils/doc/bullet_utils.rst.
[0.983s] Creating file /home/roy/odri_dev/workspace/build/bullet_utils/build/lib/bullet_utils/doc/bullet_utils.resources.rst.
[0.983s] Creating file /home/roy/odri_dev/workspace/build/bullet_utils/build/lib/bullet_utils/doc/pinocchio_bullet.rst.
[0.983s] Creating file /home/roy/odri_dev/workspace/build/bullet_utils/build/lib/bullet_utils/doc/py_pinocchio_bullet.rst.
[0.983s] Creating file /home/roy/odri_dev/workspace/build/bullet_utils/build/lib/bullet_utils/doc/modules.rst.
[0.983s] 
[0.983s] sphinx-apidoc error:
[0.984s]  None
[0.984s] 
[1.737s] pybullet build time: Oct 11 2021 20:59:39
[2.143s] /home/roy/.local/lib/python3.8/site-packages/recommonmark/parser.py:75: UserWarning: Container node skipped: type=document
[2.144s]   warn("Container node skipped: type={0}".format(mdnode.t))
[2.163s] /home/roy/odri_dev/workspace/build/bullet_utils/build/lib/bullet_utils/doc/readme.md: WARNING: document isn't included in any toctree
[2.714s] sphinx-apidoc output:
[2.715s]  Running Sphinx v4.3.1
[2.715s] making output directory... done
[2.715s] loading intersphinx inventory from https://docs.python.org/objects.inv...
[2.715s] intersphinx inventory has moved: https://docs.python.org/objects.inv -> https://docs.python.org/3/objects.inv
[2.716s] building [mo]: targets for 0 po files that are out of date
[2.716s] building [html]: targets for 7 source files that are out of date
[2.716s] updating environment: [new config] 7 added, 0 changed, 0 removed
[2.716s] reading sources... [ 14%] bullet_utils
[2.716s] reading sources... [ 28%] bullet_utils.resources
[2.717s] reading sources... [ 42%] index
[2.717s] reading sources... [ 57%] modules
[2.717s] reading sources... [ 71%] pinocchio_bullet
[2.717s] reading sources... [ 85%] py_pinocchio_bullet
[2.718s] reading sources... [100%] readme
[2.718s] 
[2.718s] looking for now-outdated files... none found
[2.718s] pickling environment... done
[2.718s] checking consistency... done
[2.718s] preparing documents... done
[2.719s] writing output... [ 14%] bullet_utils
[2.719s] writing output... [ 28%] bullet_utils.resources
[2.719s] writing output... [ 42%] index
[2.719s] writing output... [ 57%] modules
[2.719s] writing output... [ 71%] pinocchio_bullet
[2.719s] writing output... [ 85%] py_pinocchio_bullet
[2.720s] writing output... [100%] readme
[2.720s] 
[2.720s] generating indices... genindex py-modindex done
[2.720s] highlighting module code... [ 50%] bullet_utils.env
[2.720s] highlighting module code... [100%] bullet_utils.wrapper
[2.720s] 
[2.721s] writing additional pages... search done
[2.721s] copying static files... done
[2.721s] copying extra files... done
[2.721s] dumping search index in English (code: en)... done
[2.721s] dumping object inventory... done
[2.722s] build succeeded, 1 warning.
[2.722s] 
[2.722s] The HTML pages are in html.
[2.722s] 
[2.722s] sphinx-apidoc error:
[2.723s]  None
[2.723s] running build_scripts
[2.723s] running install
[2.723s] running install_lib
[2.723s] copying /home/roy/odri_dev/workspace/build/bullet_utils/build/lib/bullet_utils/doc/modules.rst -> /home/roy/odri_dev/workspace/install/bullet_utils/lib/python3.8/site-packages/bullet_utils/doc
[2.723s] copying /home/roy/odri_dev/workspace/build/bullet_utils/build/lib/bullet_utils/doc/readme.md -> /home/roy/odri_dev/workspace/install/bullet_utils/lib/python3.8/site-packages/bullet_utils/doc
[2.724s] copying /home/roy/odri_dev/workspace/build/bullet_utils/build/lib/bullet_utils/doc/index.rst -> /home/roy/odri_dev/workspace/install/bullet_utils/lib/python3.8/site-packages/bullet_utils/doc
[2.724s] copying /home/roy/odri_dev/workspace/build/bullet_utils/build/lib/bullet_utils/doc/py_pinocchio_bullet.rst -> /home/roy/odri_dev/workspace/install/bullet_utils/lib/python3.8/site-packages/bullet_utils/doc
[2.724s] copying /home/roy/odri_dev/workspace/build/bullet_utils/build/lib/bullet_utils/doc/conf.py -> /home/roy/odri_dev/workspace/install/bullet_utils/lib/python3.8/site-packages/bullet_utils/doc
[2.724s] copying /home/roy/odri_dev/workspace/build/bullet_utils/build/lib/bullet_utils/doc/pinocchio_bullet.rst -> /home/roy/odri_dev/workspace/install/bullet_utils/lib/python3.8/site-packages/bullet_utils/doc
[2.724s] copying /home/roy/odri_dev/workspace/build/bullet_utils/build/lib/bullet_utils/doc/doctrees/readme.doctree -> /home/roy/odri_dev/workspace/install/bullet_utils/lib/python3.8/site-packages/bullet_utils/doc/doctrees
[2.725s] copying /home/roy/odri_dev/workspace/build/bullet_utils/build/lib/bullet_utils/doc/doctrees/pinocchio_bullet.doctree -> /home/roy/odri_dev/workspace/install/bullet_utils/lib/python3.8/site-packages/bullet_utils/doc/doctrees
[2.725s] copying /home/roy/odri_dev/workspace/build/bullet_utils/build/lib/bullet_utils/doc/doctrees/modules.doctree -> /home/roy/odri_dev/workspace/install/bullet_utils/lib/python3.8/site-packages/bullet_utils/doc/doctrees
[2.725s] copying /home/roy/odri_dev/workspace/build/bullet_utils/build/lib/bullet_utils/doc/doctrees/py_pinocchio_bullet.doctree -> /home/roy/odri_dev/workspace/install/bullet_utils/lib/python3.8/site-packages/bullet_utils/doc/doctrees
[2.725s] copying /home/roy/odri_dev/workspace/build/bullet_utils/build/lib/bullet_utils/doc/doctrees/index.doctree -> /home/roy/odri_dev/workspace/install/bullet_utils/lib/python3.8/site-packages/bullet_utils/doc/doctrees
[2.725s] copying /home/roy/odri_dev/workspace/build/bullet_utils/build/lib/bullet_utils/doc/doctrees/environment.pickle -> /home/roy/odri_dev/workspace/install/bullet_utils/lib/python3.8/site-packages/bullet_utils/doc/doctrees
[2.728s] copying /home/roy/odri_dev/workspace/build/bullet_utils/build/lib/bullet_utils/doc/doctrees/bullet_utils.doctree -> /home/roy/odri_dev/workspace/install/bullet_utils/lib/python3.8/site-packages/bullet_utils/doc/doctrees
[2.728s] copying /home/roy/odri_dev/workspace/build/bullet_utils/build/lib/bullet_utils/doc/doctrees/bullet_utils.resources.doctree -> /home/roy/odri_dev/workspace/install/bullet_utils/lib/python3.8/site-packages/bullet_utils/doc/doctrees
[2.728s] copying /home/roy/odri_dev/workspace/build/bullet_utils/build/lib/bullet_utils/doc/html/genindex.html -> /home/roy/odri_dev/workspace/install/bullet_utils/lib/python3.8/site-packages/bullet_utils/doc/html
[2.728s] copying /home/roy/odri_dev/workspace/build/bullet_utils/build/lib/bullet_utils/doc/html/.buildinfo -> /home/roy/odri_dev/workspace/install/bullet_utils/lib/python3.8/site-packages/bullet_utils/doc/html
[2.728s] copying /home/roy/odri_dev/workspace/build/bullet_utils/build/lib/bullet_utils/doc/html/bullet_utils.resources.html -> /home/roy/odri_dev/workspace/install/bullet_utils/lib/python3.8/site-packages/bullet_utils/doc/html
[2.728s] copying /home/roy/odri_dev/workspace/build/bullet_utils/build/lib/bullet_utils/doc/html/_modules/bullet_utils/wrapper.html -> /home/roy/odri_dev/workspace/install/bullet_utils/lib/python3.8/site-packages/bullet_utils/doc/html/_modules/bullet_utils
[2.729s] copying /home/roy/odri_dev/workspace/build/bullet_utils/build/lib/bullet_utils/doc/html/_modules/bullet_utils/env.html -> /home/roy/odri_dev/workspace/install/bullet_utils/lib/python3.8/site-packages/bullet_utils/doc/html/_modules/bullet_utils
[2.729s] copying /home/roy/odri_dev/workspace/build/bullet_utils/build/lib/bullet_utils/doc/html/_modules/index.html -> /home/roy/odri_dev/workspace/install/bullet_utils/lib/python3.8/site-packages/bullet_utils/doc/html/_modules
[2.729s] copying /home/roy/odri_dev/workspace/build/bullet_utils/build/lib/bullet_utils/doc/html/.nojekyll -> /home/roy/odri_dev/workspace/install/bullet_utils/lib/python3.8/site-packages/bullet_utils/doc/html
[2.729s] copying /home/roy/odri_dev/workspace/build/bullet_utils/build/lib/bullet_utils/doc/html/modules.html -> /home/roy/odri_dev/workspace/install/bullet_utils/lib/python3.8/site-packages/bullet_utils/doc/html
[2.729s] copying /home/roy/odri_dev/workspace/build/bullet_utils/build/lib/bullet_utils/doc/html/pinocchio_bullet.html -> /home/roy/odri_dev/workspace/install/bullet_utils/lib/python3.8/site-packages/bullet_utils/doc/html
[2.729s] copying /home/roy/odri_dev/workspace/build/bullet_utils/build/lib/bullet_utils/doc/html/objects.inv -> /home/roy/odri_dev/workspace/install/bullet_utils/lib/python3.8/site-packages/bullet_utils/doc/html
[2.729s] copying /home/roy/odri_dev/workspace/build/bullet_utils/build/lib/bullet_utils/doc/html/bullet_utils.html -> /home/roy/odri_dev/workspace/install/bullet_utils/lib/python3.8/site-packages/bullet_utils/doc/html
[2.729s] copying /home/roy/odri_dev/workspace/build/bullet_utils/build/lib/bullet_utils/doc/html/readme.html -> /home/roy/odri_dev/workspace/install/bullet_utils/lib/python3.8/site-packages/bullet_utils/doc/html
[2.730s] copying /home/roy/odri_dev/workspace/build/bullet_utils/build/lib/bullet_utils/doc/html/search.html -> /home/roy/odri_dev/workspace/install/bullet_utils/lib/python3.8/site-packages/bullet_utils/doc/html
[2.730s] copying /home/roy/odri_dev/workspace/build/bullet_utils/build/lib/bullet_utils/doc/html/_sources/py_pinocchio_bullet.rst.txt -> /home/roy/odri_dev/workspace/install/bullet_utils/lib/python3.8/site-packages/bullet_utils/doc/html/_sources
[2.730s] copying /home/roy/odri_dev/workspace/build/bullet_utils/build/lib/bullet_utils/doc/html/_sources/modules.rst.txt -> /home/roy/odri_dev/workspace/install/bullet_utils/lib/python3.8/site-packages/bullet_utils/doc/html/_sources
[2.730s] copying /home/roy/odri_dev/workspace/build/bullet_utils/build/lib/bullet_utils/doc/html/_sources/bullet_utils.rst.txt -> /home/roy/odri_dev/workspace/install/bullet_utils/lib/python3.8/site-packages/bullet_utils/doc/html/_sources
[2.730s] copying /home/roy/odri_dev/workspace/build/bullet_utils/build/lib/bullet_utils/doc/html/_sources/index.rst.txt -> /home/roy/odri_dev/workspace/install/bullet_utils/lib/python3.8/site-packages/bullet_utils/doc/html/_sources
[2.730s] copying /home/roy/odri_dev/workspace/build/bullet_utils/build/lib/bullet_utils/doc/html/_sources/bullet_utils.resources.rst.txt -> /home/roy/odri_dev/workspace/install/bullet_utils/lib/python3.8/site-packages/bullet_utils/doc/html/_sources
[2.730s] copying /home/roy/odri_dev/workspace/build/bullet_utils/build/lib/bullet_utils/doc/html/_sources/readme.md.txt -> /home/roy/odri_dev/workspace/install/bullet_utils/lib/python3.8/site-packages/bullet_utils/doc/html/_sources
[2.731s] copying /home/roy/odri_dev/workspace/build/bullet_utils/build/lib/bullet_utils/doc/html/_sources/pinocchio_bullet.rst.txt -> /home/roy/odri_dev/workspace/install/bullet_utils/lib/python3.8/site-packages/bullet_utils/doc/html/_sources
[2.731s] copying /home/roy/odri_dev/workspace/build/bullet_utils/build/lib/bullet_utils/doc/html/py-modindex.html -> /home/roy/odri_dev/workspace/install/bullet_utils/lib/python3.8/site-packages/bullet_utils/doc/html
[2.731s] copying /home/roy/odri_dev/workspace/build/bullet_utils/build/lib/bullet_utils/doc/html/searchindex.js -> /home/roy/odri_dev/workspace/install/bullet_utils/lib/python3.8/site-packages/bullet_utils/doc/html
[2.731s] copying /home/roy/odri_dev/workspace/build/bullet_utils/build/lib/bullet_utils/doc/html/index.html -> /home/roy/odri_dev/workspace/install/bullet_utils/lib/python3.8/site-packages/bullet_utils/doc/html
[2.731s] copying /home/roy/odri_dev/workspace/build/bullet_utils/build/lib/bullet_utils/doc/html/_static/language_data.js -> /home/roy/odri_dev/workspace/install/bullet_utils/lib/python3.8/site-packages/bullet_utils/doc/html/_static
[2.732s] copying /home/roy/odri_dev/workspace/build/bullet_utils/build/lib/bullet_utils/doc/html/_static/pygments.css -> /home/roy/odri_dev/workspace/install/bullet_utils/lib/python3.8/site-packages/bullet_utils/doc/html/_static
[2.732s] copying /home/roy/odri_dev/workspace/build/bullet_utils/build/lib/bullet_utils/doc/html/_static/documentation_options.js -> /home/roy/odri_dev/workspace/install/bullet_utils/lib/python3.8/site-packages/bullet_utils/doc/html/_static
[2.732s] copying /home/roy/odri_dev/workspace/build/bullet_utils/build/lib/bullet_utils/doc/html/_static/basic.css -> /home/roy/odri_dev/workspace/install/bullet_utils/lib/python3.8/site-packages/bullet_utils/doc/html/_static
[2.732s] copying /home/roy/odri_dev/workspace/build/bullet_utils/build/lib/bullet_utils/doc/html/py_pinocchio_bullet.html -> /home/roy/odri_dev/workspace/install/bullet_utils/lib/python3.8/site-packages/bullet_utils/doc/html
[2.732s] copying /home/roy/odri_dev/workspace/build/bullet_utils/build/lib/bullet_utils/doc/bullet_utils.resources.rst -> /home/roy/odri_dev/workspace/install/bullet_utils/lib/python3.8/site-packages/bullet_utils/doc
[2.733s] copying /home/roy/odri_dev/workspace/build/bullet_utils/build/lib/bullet_utils/doc/license.txt -> /home/roy/odri_dev/workspace/install/bullet_utils/lib/python3.8/site-packages/bullet_utils/doc
[2.733s] copying /home/roy/odri_dev/workspace/build/bullet_utils/build/lib/bullet_utils/doc/bullet_utils.rst -> /home/roy/odri_dev/workspace/install/bullet_utils/lib/python3.8/site-packages/bullet_utils/doc
[2.734s] byte-compiling /home/roy/odri_dev/workspace/install/bullet_utils/lib/python3.8/site-packages/bullet_utils/doc/conf.py to conf.cpython-38.pyc
[2.736s] running install_egg_info
[2.738s] removing '/home/roy/odri_dev/workspace/install/bullet_utils/lib/python3.8/site-packages/bullet_utils-1.0.0-py3.8.egg-info' (and everything under it)
[2.738s] Copying ../../build/bullet_utils/bullet_utils.egg-info to /home/roy/odri_dev/workspace/install/bullet_utils/lib/python3.8/site-packages/bullet_utils-1.0.0-py3.8.egg-info
[2.739s] running install_scripts
[2.756s] changing mode of /home/roy/odri_dev/workspace/install/bullet_utils/lib/bullet_utils/demo_simulate_a_robot.py to 775
[2.758s] writing list of installed files to '/home/roy/odri_dev/workspace/build/bullet_utils/install.log'
[2.801s] Invoked command in '/home/roy/odri_dev/workspace/src/bullet_utils' returned '0': CMAKE_PREFIX_PATH=/home/roy/odri_dev/workspace/install/mpi_cmake_modules:/opt/openrobots:/opt/openrobots:/opt/openrobots:/opt/openrobots:/opt/openrobots:/opt/openrobots PATH=/home/roy/odri_dev/workspace/install/mpi_cmake_modules/bin:${PATH} PYTHONPATH=/home/roy/odri_dev/workspace/install/bullet_utils/lib/python3.8/site-packages:/home/roy/odri_dev/workspace/install/mpi_cmake_modules/lib/python3.8/site-packages:/opt/openrobots/lib/python2.7/site-packages:/opt/openrobots/lib/python2.7/site-packages:/opt/openrobots/lib/python3.8/site-packages:/opt/openrobots/lib/python2.7/site-packages:/opt/openrobots/lib/python2.7/site-packages:/opt/openrobots/lib/python2.7/site-packages:/opt/openrobots/lib/python2.7/site-packages:/home/roy/odri_dev/workspace/src/robot_properties_bolt /usr/bin/python3 setup.py egg_info --egg-base ../../build/bullet_utils build --build-base /home/roy/odri_dev/workspace/build/bullet_utils/build install --prefix /home/roy/odri_dev/workspace/install/bullet_utils --record /home/roy/odri_dev/workspace/build/bullet_utils/install.log --single-version-externally-managed
