[0.016s] Invoking command in '/home/roy/odri_dev/workspace/build/reactive_planners': CMAKE_PREFIX_PATH=/home/roy/odri_dev/workspace/install/yaml_utils:/home/roy/odri_dev/workspace/install/real_time_tools:/home/roy/odri_dev/workspace/install/pybind11:/home/roy/odri_dev/workspace/install/mpi_cmake_modules:/home/roy/odri_dev/workspace/install/googletest-distribution:/opt/openrobots:/opt/openrobots:/opt/openrobots:/opt/openrobots:/opt/openrobots LD_LIBRARY_PATH=/home/roy/odri_dev/workspace/install/real_time_tools/lib:/opt/openrobots/lib:/opt/openrobots/lib:/opt/openrobots/lib:/opt/openrobots/lib:/opt/openrobots/lib PATH=/home/roy/odri_dev/workspace/install/real_time_tools/bin:/home/roy/odri_dev/workspace/install/mpi_cmake_modules/bin:${PATH} PYTHONPATH=/home/roy/odri_dev/workspace/install/real_time_tools/lib/python3.8/site-packages:/home/roy/odri_dev/workspace/install/mpi_cmake_modules/lib/python3.8/site-packages:/opt/openrobots/lib/python2.7/site-packages:/opt/openrobots/lib/python3.8/site-packages:/opt/openrobots/lib/python2.7/site-packages:/opt/openrobots/lib/python2.7/site-packages:/opt/openrobots/lib/python2.7/site-packages:/opt/openrobots/lib/python2.7/site-packages /usr/bin/cmake /home/roy/odri_dev/workspace/src/reactive_planners -DCMAKE_BUILD_TYPE=Release -DCMAKE_INSTALL_PREFIX=/home/roy/odri_dev/workspace/install/reactive_planners
[0.111s] -- The C compiler identification is GNU 9.3.0
[0.206s] -- The CXX compiler identification is GNU 9.3.0
[0.215s] -- Check for working C compiler: /usr/bin/cc
[0.324s] -- Check for working C compiler: /usr/bin/cc -- works
[0.326s] -- Detecting C compiler ABI info
[0.434s] -- Detecting C compiler ABI info - done
[0.454s] -- Detecting C compile features
[0.454s] -- Detecting C compile features - done
[0.459s] -- Check for working CXX compiler: /usr/bin/c++
[0.602s] -- Check for working CXX compiler: /usr/bin/c++ -- works
[0.604s] -- Detecting CXX compiler ABI info
[0.765s] -- Detecting CXX compiler ABI info - done
[0.791s] -- Detecting CXX compile features
[0.792s] -- Detecting CXX compile features - done
[0.798s] -- The OS type is non-real-time
[0.824s] CMake Error at CMakeLists.txt:29 (find_package):
[0.824s]   By not providing "Findeigen-quadprog.cmake" in CMAKE_MODULE_PATH this
[0.824s]   project has asked CMake to find a package configuration file provided by
[0.824s]   "eigen-quadprog", but CMake did not find one.
[0.824s] 
[0.824s]   Could not find a package configuration file provided by "eigen-quadprog"
[0.824s]   with any of the following names:
[0.825s] 
[0.825s]     eigen-quadprogConfig.cmake
[0.825s]     eigen-quadprog-config.cmake
[0.825s] 
[0.825s]   Add the installation prefix of "eigen-quadprog" to CMAKE_PREFIX_PATH or set
[0.825s]   "eigen-quadprog_DIR" to a directory containing one of the above files.  If
[0.825s]   "eigen-quadprog" provides a separate development package or SDK, be sure it
[0.825s]   has been installed.
[0.825s] 
[0.826s] 
[0.826s] -- Configuring incomplete, errors occurred!
[0.826s] See also "/home/roy/odri_dev/workspace/build/reactive_planners/CMakeFiles/CMakeOutput.log".
[0.830s] Invoked command in '/home/roy/odri_dev/workspace/build/reactive_planners' returned '1': CMAKE_PREFIX_PATH=/home/roy/odri_dev/workspace/install/yaml_utils:/home/roy/odri_dev/workspace/install/real_time_tools:/home/roy/odri_dev/workspace/install/pybind11:/home/roy/odri_dev/workspace/install/mpi_cmake_modules:/home/roy/odri_dev/workspace/install/googletest-distribution:/opt/openrobots:/opt/openrobots:/opt/openrobots:/opt/openrobots:/opt/openrobots LD_LIBRARY_PATH=/home/roy/odri_dev/workspace/install/real_time_tools/lib:/opt/openrobots/lib:/opt/openrobots/lib:/opt/openrobots/lib:/opt/openrobots/lib:/opt/openrobots/lib PATH=/home/roy/odri_dev/workspace/install/real_time_tools/bin:/home/roy/odri_dev/workspace/install/mpi_cmake_modules/bin:${PATH} PYTHONPATH=/home/roy/odri_dev/workspace/install/real_time_tools/lib/python3.8/site-packages:/home/roy/odri_dev/workspace/install/mpi_cmake_modules/lib/python3.8/site-packages:/opt/openrobots/lib/python2.7/site-packages:/opt/openrobots/lib/python3.8/site-packages:/opt/openrobots/lib/python2.7/site-packages:/opt/openrobots/lib/python2.7/site-packages:/opt/openrobots/lib/python2.7/site-packages:/opt/openrobots/lib/python2.7/site-packages /usr/bin/cmake /home/roy/odri_dev/workspace/src/reactive_planners -DCMAKE_BUILD_TYPE=Release -DCMAKE_INSTALL_PREFIX=/home/roy/odri_dev/workspace/install/reactive_planners
