[1.710s] Invoking command in '/home/roy/odri_dev/workspace/src/bullet_utils': CMAKE_PREFIX_PATH=/home/roy/odri_dev/workspace/install/mpi_cmake_modules:${CMAKE_PREFIX_PATH} PATH=/home/roy/odri_dev/workspace/install/mpi_cmake_modules/bin:${PATH} PYTHONPATH=/home/roy/odri_dev/workspace/install/bullet_utils/lib/python3.8/site-packages:/home/roy/odri_dev/workspace/install/mpi_cmake_modules/lib/python3.8/site-packages:${PYTHONPATH} /usr/bin/python3 setup.py egg_info --egg-base ../../build/bullet_utils build --build-base /home/roy/odri_dev/workspace/build/bullet_utils/build install --prefix /home/roy/odri_dev/workspace/install/bullet_utils --record /home/roy/odri_dev/workspace/build/bullet_utils/install.log --single-version-externally-managed
[3.627s] running egg_info
[3.630s] writing ../../build/bullet_utils/bullet_utils.egg-info/PKG-INFO
[3.642s] writing dependency_links to ../../build/bullet_utils/bullet_utils.egg-info/dependency_links.txt
[3.643s] writing entry points to ../../build/bullet_utils/bullet_utils.egg-info/entry_points.txt
[3.644s] writing requirements to ../../build/bullet_utils/bullet_utils.egg-info/requires.txt
[3.644s] writing top-level names to ../../build/bullet_utils/bullet_utils.egg-info/top_level.txt
[3.662s] reading manifest file '../../build/bullet_utils/bullet_utils.egg-info/SOURCES.txt'
[3.672s] writing manifest file '../../build/bullet_utils/bullet_utils.egg-info/SOURCES.txt'
[3.673s] running build
[3.674s] running build_py
[7.350s] sphinx-apidoc output:
[7.353s]  Creating file /home/roy/odri_dev/workspace/build/bullet_utils/build/lib/bullet_utils/doc/bullet_utils.rst.
[7.354s] Creating file /home/roy/odri_dev/workspace/build/bullet_utils/build/lib/bullet_utils/doc/bullet_utils.resources.rst.
[7.355s] Creating file /home/roy/odri_dev/workspace/build/bullet_utils/build/lib/bullet_utils/doc/pinocchio_bullet.rst.
[7.355s] Creating file /home/roy/odri_dev/workspace/build/bullet_utils/build/lib/bullet_utils/doc/py_pinocchio_bullet.rst.
[7.355s] Creating file /home/roy/odri_dev/workspace/build/bullet_utils/build/lib/bullet_utils/doc/modules.rst.
[7.356s] 
[7.356s] sphinx-apidoc error:
[7.356s]  None
[7.357s] 
[12.691s] pybullet build time: Oct 11 2021 20:59:39
[14.404s] /home/roy/.local/lib/python3.8/site-packages/recommonmark/parser.py:75: UserWarning: Container node skipped: type=document
[14.404s]   warn("Container node skipped: type={0}".format(mdnode.t))
[14.493s] WARNING: autodoc: failed to import module 'wrapper' from module 'bullet_utils'; the following exception was raised:
[14.494s] No module named 'pinocchio'
[14.550s] /home/roy/odri_dev/workspace/build/bullet_utils/build/lib/bullet_utils/doc/readme.md: WARNING: document isn't included in any toctree
[17.115s] sphinx-apidoc output:
[17.115s]  Running Sphinx v4.3.1
[17.120s] making output directory... done
[17.120s] loading intersphinx inventory from https://docs.python.org/objects.inv...
[17.120s] intersphinx inventory has moved: https://docs.python.org/objects.inv -> https://docs.python.org/3/objects.inv
[17.121s] building [mo]: targets for 0 po files that are out of date
[17.121s] building [html]: targets for 7 source files that are out of date
[17.121s] updating environment: [new config] 7 added, 0 changed, 0 removed
[17.122s] reading sources... [ 14%] bullet_utils
[17.122s] reading sources... [ 28%] bullet_utils.resources
[17.122s] reading sources... [ 42%] index
[17.122s] reading sources... [ 57%] modules
[17.123s] reading sources... [ 71%] pinocchio_bullet
[17.123s] reading sources... [ 85%] py_pinocchio_bullet
[17.123s] reading sources... [100%] readme
[17.124s] 
[17.124s] looking for now-outdated files... none found
[17.124s] pickling environment... done
[17.125s] checking consistency... done
[17.125s] preparing documents... done
[17.125s] writing output... [ 14%] bullet_utils
[17.126s] writing output... [ 28%] bullet_utils.resources
[17.126s] writing output... [ 42%] index
[17.126s] writing output... [ 57%] modules
[17.127s] writing output... [ 71%] pinocchio_bullet
[17.127s] writing output... [ 85%] py_pinocchio_bullet
[17.127s] writing output... [100%] readme
[17.128s] 
[17.128s] generating indices... genindex py-modindex done
[17.128s] highlighting module code... [100%] bullet_utils.env
[17.129s] 
[17.129s] writing additional pages... search done
[17.129s] copying static files... done
[17.129s] copying extra files... done
[17.130s] dumping search index in English (code: en)... done
[17.130s] dumping object inventory... done
[17.130s] build succeeded, 2 warnings.
[17.131s] 
[17.131s] The HTML pages are in html.
[17.131s] 
[17.132s] sphinx-apidoc error:
[17.132s]  None
[17.132s] running build_scripts
[17.133s] running install
[17.133s] running install_lib
[17.144s] copying /home/roy/odri_dev/workspace/build/bullet_utils/build/lib/bullet_utils/doc/modules.rst -> /home/roy/odri_dev/workspace/install/bullet_utils/lib/python3.8/site-packages/bullet_utils/doc
[17.144s] copying /home/roy/odri_dev/workspace/build/bullet_utils/build/lib/bullet_utils/doc/readme.md -> /home/roy/odri_dev/workspace/install/bullet_utils/lib/python3.8/site-packages/bullet_utils/doc
[17.145s] copying /home/roy/odri_dev/workspace/build/bullet_utils/build/lib/bullet_utils/doc/index.rst -> /home/roy/odri_dev/workspace/install/bullet_utils/lib/python3.8/site-packages/bullet_utils/doc
[17.146s] copying /home/roy/odri_dev/workspace/build/bullet_utils/build/lib/bullet_utils/doc/py_pinocchio_bullet.rst -> /home/roy/odri_dev/workspace/install/bullet_utils/lib/python3.8/site-packages/bullet_utils/doc
[17.146s] copying /home/roy/odri_dev/workspace/build/bullet_utils/build/lib/bullet_utils/doc/conf.py -> /home/roy/odri_dev/workspace/install/bullet_utils/lib/python3.8/site-packages/bullet_utils/doc
[17.146s] copying /home/roy/odri_dev/workspace/build/bullet_utils/build/lib/bullet_utils/doc/pinocchio_bullet.rst -> /home/roy/odri_dev/workspace/install/bullet_utils/lib/python3.8/site-packages/bullet_utils/doc
[17.148s] copying /home/roy/odri_dev/workspace/build/bullet_utils/build/lib/bullet_utils/doc/doctrees/readme.doctree -> /home/roy/odri_dev/workspace/install/bullet_utils/lib/python3.8/site-packages/bullet_utils/doc/doctrees
[17.149s] copying /home/roy/odri_dev/workspace/build/bullet_utils/build/lib/bullet_utils/doc/doctrees/pinocchio_bullet.doctree -> /home/roy/odri_dev/workspace/install/bullet_utils/lib/python3.8/site-packages/bullet_utils/doc/doctrees
[17.149s] copying /home/roy/odri_dev/workspace/build/bullet_utils/build/lib/bullet_utils/doc/doctrees/modules.doctree -> /home/roy/odri_dev/workspace/install/bullet_utils/lib/python3.8/site-packages/bullet_utils/doc/doctrees
[17.150s] copying /home/roy/odri_dev/workspace/build/bullet_utils/build/lib/bullet_utils/doc/doctrees/py_pinocchio_bullet.doctree -> /home/roy/odri_dev/workspace/install/bullet_utils/lib/python3.8/site-packages/bullet_utils/doc/doctrees
[17.150s] copying /home/roy/odri_dev/workspace/build/bullet_utils/build/lib/bullet_utils/doc/doctrees/index.doctree -> /home/roy/odri_dev/workspace/install/bullet_utils/lib/python3.8/site-packages/bullet_utils/doc/doctrees
[17.151s] copying /home/roy/odri_dev/workspace/build/bullet_utils/build/lib/bullet_utils/doc/doctrees/environment.pickle -> /home/roy/odri_dev/workspace/install/bullet_utils/lib/python3.8/site-packages/bullet_utils/doc/doctrees
[17.157s] copying /home/roy/odri_dev/workspace/build/bullet_utils/build/lib/bullet_utils/doc/doctrees/bullet_utils.doctree -> /home/roy/odri_dev/workspace/install/bullet_utils/lib/python3.8/site-packages/bullet_utils/doc/doctrees
[17.157s] copying /home/roy/odri_dev/workspace/build/bullet_utils/build/lib/bullet_utils/doc/doctrees/bullet_utils.resources.doctree -> /home/roy/odri_dev/workspace/install/bullet_utils/lib/python3.8/site-packages/bullet_utils/doc/doctrees
[17.212s] copying /home/roy/odri_dev/workspace/build/bullet_utils/build/lib/bullet_utils/doc/html/genindex.html -> /home/roy/odri_dev/workspace/install/bullet_utils/lib/python3.8/site-packages/bullet_utils/doc/html
[17.212s] copying /home/roy/odri_dev/workspace/build/bullet_utils/build/lib/bullet_utils/doc/html/.buildinfo -> /home/roy/odri_dev/workspace/install/bullet_utils/lib/python3.8/site-packages/bullet_utils/doc/html
[17.213s] copying /home/roy/odri_dev/workspace/build/bullet_utils/build/lib/bullet_utils/doc/html/bullet_utils.resources.html -> /home/roy/odri_dev/workspace/install/bullet_utils/lib/python3.8/site-packages/bullet_utils/doc/html
[17.227s] copying /home/roy/odri_dev/workspace/build/bullet_utils/build/lib/bullet_utils/doc/html/_modules/bullet_utils/env.html -> /home/roy/odri_dev/workspace/install/bullet_utils/lib/python3.8/site-packages/bullet_utils/doc/html/_modules/bullet_utils
[17.228s] copying /home/roy/odri_dev/workspace/build/bullet_utils/build/lib/bullet_utils/doc/html/_modules/index.html -> /home/roy/odri_dev/workspace/install/bullet_utils/lib/python3.8/site-packages/bullet_utils/doc/html/_modules
[17.228s] copying /home/roy/odri_dev/workspace/build/bullet_utils/build/lib/bullet_utils/doc/html/.nojekyll -> /home/roy/odri_dev/workspace/install/bullet_utils/lib/python3.8/site-packages/bullet_utils/doc/html
[17.229s] copying /home/roy/odri_dev/workspace/build/bullet_utils/build/lib/bullet_utils/doc/html/modules.html -> /home/roy/odri_dev/workspace/install/bullet_utils/lib/python3.8/site-packages/bullet_utils/doc/html
[17.229s] copying /home/roy/odri_dev/workspace/build/bullet_utils/build/lib/bullet_utils/doc/html/pinocchio_bullet.html -> /home/roy/odri_dev/workspace/install/bullet_utils/lib/python3.8/site-packages/bullet_utils/doc/html
[17.229s] copying /home/roy/odri_dev/workspace/build/bullet_utils/build/lib/bullet_utils/doc/html/objects.inv -> /home/roy/odri_dev/workspace/install/bullet_utils/lib/python3.8/site-packages/bullet_utils/doc/html
[17.230s] copying /home/roy/odri_dev/workspace/build/bullet_utils/build/lib/bullet_utils/doc/html/bullet_utils.html -> /home/roy/odri_dev/workspace/install/bullet_utils/lib/python3.8/site-packages/bullet_utils/doc/html
[17.230s] copying /home/roy/odri_dev/workspace/build/bullet_utils/build/lib/bullet_utils/doc/html/readme.html -> /home/roy/odri_dev/workspace/install/bullet_utils/lib/python3.8/site-packages/bullet_utils/doc/html
[17.230s] copying /home/roy/odri_dev/workspace/build/bullet_utils/build/lib/bullet_utils/doc/html/search.html -> /home/roy/odri_dev/workspace/install/bullet_utils/lib/python3.8/site-packages/bullet_utils/doc/html
[17.235s] copying /home/roy/odri_dev/workspace/build/bullet_utils/build/lib/bullet_utils/doc/html/_sources/py_pinocchio_bullet.rst.txt -> /home/roy/odri_dev/workspace/install/bullet_utils/lib/python3.8/site-packages/bullet_utils/doc/html/_sources
[17.236s] copying /home/roy/odri_dev/workspace/build/bullet_utils/build/lib/bullet_utils/doc/html/_sources/modules.rst.txt -> /home/roy/odri_dev/workspace/install/bullet_utils/lib/python3.8/site-packages/bullet_utils/doc/html/_sources
[17.236s] copying /home/roy/odri_dev/workspace/build/bullet_utils/build/lib/bullet_utils/doc/html/_sources/bullet_utils.rst.txt -> /home/roy/odri_dev/workspace/install/bullet_utils/lib/python3.8/site-packages/bullet_utils/doc/html/_sources
[17.237s] copying /home/roy/odri_dev/workspace/build/bullet_utils/build/lib/bullet_utils/doc/html/_sources/index.rst.txt -> /home/roy/odri_dev/workspace/install/bullet_utils/lib/python3.8/site-packages/bullet_utils/doc/html/_sources
[17.238s] copying /home/roy/odri_dev/workspace/build/bullet_utils/build/lib/bullet_utils/doc/html/_sources/bullet_utils.resources.rst.txt -> /home/roy/odri_dev/workspace/install/bullet_utils/lib/python3.8/site-packages/bullet_utils/doc/html/_sources
[17.239s] copying /home/roy/odri_dev/workspace/build/bullet_utils/build/lib/bullet_utils/doc/html/_sources/readme.md.txt -> /home/roy/odri_dev/workspace/install/bullet_utils/lib/python3.8/site-packages/bullet_utils/doc/html/_sources
[17.240s] copying /home/roy/odri_dev/workspace/build/bullet_utils/build/lib/bullet_utils/doc/html/_sources/pinocchio_bullet.rst.txt -> /home/roy/odri_dev/workspace/install/bullet_utils/lib/python3.8/site-packages/bullet_utils/doc/html/_sources
[17.241s] copying /home/roy/odri_dev/workspace/build/bullet_utils/build/lib/bullet_utils/doc/html/py-modindex.html -> /home/roy/odri_dev/workspace/install/bullet_utils/lib/python3.8/site-packages/bullet_utils/doc/html
[17.241s] copying /home/roy/odri_dev/workspace/build/bullet_utils/build/lib/bullet_utils/doc/html/searchindex.js -> /home/roy/odri_dev/workspace/install/bullet_utils/lib/python3.8/site-packages/bullet_utils/doc/html
[17.242s] copying /home/roy/odri_dev/workspace/build/bullet_utils/build/lib/bullet_utils/doc/html/index.html -> /home/roy/odri_dev/workspace/install/bullet_utils/lib/python3.8/site-packages/bullet_utils/doc/html
[17.244s] copying /home/roy/odri_dev/workspace/build/bullet_utils/build/lib/bullet_utils/doc/html/_static/language_data.js -> /home/roy/odri_dev/workspace/install/bullet_utils/lib/python3.8/site-packages/bullet_utils/doc/html/_static
[17.259s] copying /home/roy/odri_dev/workspace/build/bullet_utils/build/lib/bullet_utils/doc/html/_static/pygments.css -> /home/roy/odri_dev/workspace/install/bullet_utils/lib/python3.8/site-packages/bullet_utils/doc/html/_static
[17.260s] copying /home/roy/odri_dev/workspace/build/bullet_utils/build/lib/bullet_utils/doc/html/_static/documentation_options.js -> /home/roy/odri_dev/workspace/install/bullet_utils/lib/python3.8/site-packages/bullet_utils/doc/html/_static
[17.261s] copying /home/roy/odri_dev/workspace/build/bullet_utils/build/lib/bullet_utils/doc/html/_static/basic.css -> /home/roy/odri_dev/workspace/install/bullet_utils/lib/python3.8/site-packages/bullet_utils/doc/html/_static
[17.262s] copying /home/roy/odri_dev/workspace/build/bullet_utils/build/lib/bullet_utils/doc/html/py_pinocchio_bullet.html -> /home/roy/odri_dev/workspace/install/bullet_utils/lib/python3.8/site-packages/bullet_utils/doc/html
[17.262s] copying /home/roy/odri_dev/workspace/build/bullet_utils/build/lib/bullet_utils/doc/bullet_utils.resources.rst -> /home/roy/odri_dev/workspace/install/bullet_utils/lib/python3.8/site-packages/bullet_utils/doc
[17.263s] copying /home/roy/odri_dev/workspace/build/bullet_utils/build/lib/bullet_utils/doc/license.txt -> /home/roy/odri_dev/workspace/install/bullet_utils/lib/python3.8/site-packages/bullet_utils/doc
[17.263s] copying /home/roy/odri_dev/workspace/build/bullet_utils/build/lib/bullet_utils/doc/bullet_utils.rst -> /home/roy/odri_dev/workspace/install/bullet_utils/lib/python3.8/site-packages/bullet_utils/doc
[17.281s] byte-compiling /home/roy/odri_dev/workspace/install/bullet_utils/lib/python3.8/site-packages/bullet_utils/doc/conf.py to conf.cpython-38.pyc
[17.300s] running install_egg_info
[17.311s] removing '/home/roy/odri_dev/workspace/install/bullet_utils/lib/python3.8/site-packages/bullet_utils-1.0.0-py3.8.egg-info' (and everything under it)
[17.312s] Copying ../../build/bullet_utils/bullet_utils.egg-info to /home/roy/odri_dev/workspace/install/bullet_utils/lib/python3.8/site-packages/bullet_utils-1.0.0-py3.8.egg-info
[17.324s] running install_scripts
[17.472s] changing mode of /home/roy/odri_dev/workspace/install/bullet_utils/lib/bullet_utils/demo_simulate_a_robot.py to 775
[17.494s] writing list of installed files to '/home/roy/odri_dev/workspace/build/bullet_utils/install.log'
[17.653s] Invoked command in '/home/roy/odri_dev/workspace/src/bullet_utils' returned '0': CMAKE_PREFIX_PATH=/home/roy/odri_dev/workspace/install/mpi_cmake_modules:${CMAKE_PREFIX_PATH} PATH=/home/roy/odri_dev/workspace/install/mpi_cmake_modules/bin:${PATH} PYTHONPATH=/home/roy/odri_dev/workspace/install/bullet_utils/lib/python3.8/site-packages:/home/roy/odri_dev/workspace/install/mpi_cmake_modules/lib/python3.8/site-packages:${PYTHONPATH} /usr/bin/python3 setup.py egg_info --egg-base ../../build/bullet_utils build --build-base /home/roy/odri_dev/workspace/build/bullet_utils/build install --prefix /home/roy/odri_dev/workspace/install/bullet_utils --record /home/roy/odri_dev/workspace/build/bullet_utils/install.log --single-version-externally-managed
