running egg_info
creating ../../build/bullet_utils/bullet_utils.egg-info
writing ../../build/bullet_utils/bullet_utils.egg-info/PKG-INFO
writing dependency_links to ../../build/bullet_utils/bullet_utils.egg-info/dependency_links.txt
writing entry points to ../../build/bullet_utils/bullet_utils.egg-info/entry_points.txt
writing requirements to ../../build/bullet_utils/bullet_utils.egg-info/requires.txt
writing top-level names to ../../build/bullet_utils/bullet_utils.egg-info/top_level.txt
writing manifest file '../../build/bullet_utils/bullet_utils.egg-info/SOURCES.txt'
reading manifest file '../../build/bullet_utils/bullet_utils.egg-info/SOURCES.txt'
writing manifest file '../../build/bullet_utils/bullet_utils.egg-info/SOURCES.txt'
running build
running build_py
sphinx-apidoc output:
 Creating file /home/roy/odri_dev/workspace/build/bullet_utils/build/lib/bullet_utils/doc/bullet_utils.rst.
Creating file /home/roy/odri_dev/workspace/build/bullet_utils/build/lib/bullet_utils/doc/bullet_utils.resources.rst.
Creating file /home/roy/odri_dev/workspace/build/bullet_utils/build/lib/bullet_utils/doc/pinocchio_bullet.rst.
Creating file /home/roy/odri_dev/workspace/build/bullet_utils/build/lib/bullet_utils/doc/py_pinocchio_bullet.rst.
Creating file /home/roy/odri_dev/workspace/build/bullet_utils/build/lib/bullet_utils/doc/modules.rst.

sphinx-apidoc error:
 None


Configuration error:
There is a programmable error in your configuration file:

Traceback (most recent call last):
  File "/home/roy/.local/lib/python3.8/site-packages/sphinx/config.py", line 329, in eval_config_file
    exec(code, namespace)
  File "/home/roy/odri_dev/workspace/build/bullet_utils/build/lib/bullet_utils/doc/conf.py", line 18, in <module>
    from m2r import MdInclude
ModuleNotFoundError: No module named 'm2r'

sphinx-apidoc output:
 Running Sphinx v4.3.1

sphinx-apidoc error:
 None
copying src/bullet_utils/wrapper.py -> /home/roy/odri_dev/workspace/build/bullet_utils/build/lib/bullet_utils
copying src/bullet_utils/__init__.py -> /home/roy/odri_dev/workspace/build/bullet_utils/build/lib/bullet_utils
copying src/bullet_utils/env.py -> /home/roy/odri_dev/workspace/build/bullet_utils/build/lib/bullet_utils
creating /home/roy/odri_dev/workspace/build/bullet_utils/build/lib/pinocchio_bullet
copying src/pinocchio_bullet/__init__.py -> /home/roy/odri_dev/workspace/build/bullet_utils/build/lib/pinocchio_bullet
creating /home/roy/odri_dev/workspace/build/bullet_utils/build/lib/py_pinocchio_bullet
copying src/py_pinocchio_bullet/__init__.py -> /home/roy/odri_dev/workspace/build/bullet_utils/build/lib/py_pinocchio_bullet
creating /home/roy/odri_dev/workspace/build/bullet_utils/build/lib/bullet_utils/resources
copying src/bullet_utils/resources/__init__.py -> /home/roy/odri_dev/workspace/build/bullet_utils/build/lib/bullet_utils/resources
copying src/bullet_utils/resources/plane_with_restitution.urdf -> /home/roy/odri_dev/workspace/build/bullet_utils/build/lib/bullet_utils/resources
creating /home/roy/odri_dev/workspace/build/bullet_utils/build/lib/bullet_utils/resources/meshes
copying src/bullet_utils/resources/meshes/cylinder.obj -> /home/roy/odri_dev/workspace/build/bullet_utils/build/lib/bullet_utils/resources/meshes
copying src/bullet_utils/resources/meshes/checker_blue.png -> /home/roy/odri_dev/workspace/build/bullet_utils/build/lib/bullet_utils/resources/meshes
copying src/bullet_utils/resources/meshes/cube.obj -> /home/roy/odri_dev/workspace/build/bullet_utils/build/lib/bullet_utils/resources/meshes
copying src/bullet_utils/resources/meshes/plane.obj -> /home/roy/odri_dev/workspace/build/bullet_utils/build/lib/bullet_utils/resources/meshes
copying src/bullet_utils/resources/meshes/sphere.obj -> /home/roy/odri_dev/workspace/build/bullet_utils/build/lib/bullet_utils/resources/meshes
copying src/bullet_utils/resources/meshes/plane.mtl -> /home/roy/odri_dev/workspace/build/bullet_utils/build/lib/bullet_utils/resources/meshes
running build_scripts
creating /home/roy/odri_dev/workspace/build/bullet_utils/build/scripts-3.8
copying and adjusting demos/demo_simulate_a_robot.py -> /home/roy/odri_dev/workspace/build/bullet_utils/build/scripts-3.8
changing mode of /home/roy/odri_dev/workspace/build/bullet_utils/build/scripts-3.8/demo_simulate_a_robot.py from 664 to 775
running install
running install_lib
creating /home/roy/odri_dev/workspace/install/bullet_utils/lib/python3.8/site-packages/bullet_utils
copying /home/roy/odri_dev/workspace/build/bullet_utils/build/lib/bullet_utils/wrapper.py -> /home/roy/odri_dev/workspace/install/bullet_utils/lib/python3.8/site-packages/bullet_utils
creating /home/roy/odri_dev/workspace/install/bullet_utils/lib/python3.8/site-packages/bullet_utils/doc
copying /home/roy/odri_dev/workspace/build/bullet_utils/build/lib/bullet_utils/doc/modules.rst -> /home/roy/odri_dev/workspace/install/bullet_utils/lib/python3.8/site-packages/bullet_utils/doc
copying /home/roy/odri_dev/workspace/build/bullet_utils/build/lib/bullet_utils/doc/readme.md -> /home/roy/odri_dev/workspace/install/bullet_utils/lib/python3.8/site-packages/bullet_utils/doc
copying /home/roy/odri_dev/workspace/build/bullet_utils/build/lib/bullet_utils/doc/index.rst -> /home/roy/odri_dev/workspace/install/bullet_utils/lib/python3.8/site-packages/bullet_utils/doc
copying /home/roy/odri_dev/workspace/build/bullet_utils/build/lib/bullet_utils/doc/py_pinocchio_bullet.rst -> /home/roy/odri_dev/workspace/install/bullet_utils/lib/python3.8/site-packages/bullet_utils/doc
copying /home/roy/odri_dev/workspace/build/bullet_utils/build/lib/bullet_utils/doc/conf.py -> /home/roy/odri_dev/workspace/install/bullet_utils/lib/python3.8/site-packages/bullet_utils/doc
copying /home/roy/odri_dev/workspace/build/bullet_utils/build/lib/bullet_utils/doc/pinocchio_bullet.rst -> /home/roy/odri_dev/workspace/install/bullet_utils/lib/python3.8/site-packages/bullet_utils/doc
copying /home/roy/odri_dev/workspace/build/bullet_utils/build/lib/bullet_utils/doc/bullet_utils.resources.rst -> /home/roy/odri_dev/workspace/install/bullet_utils/lib/python3.8/site-packages/bullet_utils/doc
copying /home/roy/odri_dev/workspace/build/bullet_utils/build/lib/bullet_utils/doc/license.txt -> /home/roy/odri_dev/workspace/install/bullet_utils/lib/python3.8/site-packages/bullet_utils/doc
copying /home/roy/odri_dev/workspace/build/bullet_utils/build/lib/bullet_utils/doc/bullet_utils.rst -> /home/roy/odri_dev/workspace/install/bullet_utils/lib/python3.8/site-packages/bullet_utils/doc
copying /home/roy/odri_dev/workspace/build/bullet_utils/build/lib/bullet_utils/__init__.py -> /home/roy/odri_dev/workspace/install/bullet_utils/lib/python3.8/site-packages/bullet_utils
creating /home/roy/odri_dev/workspace/install/bullet_utils/lib/python3.8/site-packages/bullet_utils/resources
copying /home/roy/odri_dev/workspace/build/bullet_utils/build/lib/bullet_utils/resources/__init__.py -> /home/roy/odri_dev/workspace/install/bullet_utils/lib/python3.8/site-packages/bullet_utils/resources
copying /home/roy/odri_dev/workspace/build/bullet_utils/build/lib/bullet_utils/resources/plane_with_restitution.urdf -> /home/roy/odri_dev/workspace/install/bullet_utils/lib/python3.8/site-packages/bullet_utils/resources
creating /home/roy/odri_dev/workspace/install/bullet_utils/lib/python3.8/site-packages/bullet_utils/resources/meshes
copying /home/roy/odri_dev/workspace/build/bullet_utils/build/lib/bullet_utils/resources/meshes/cylinder.obj -> /home/roy/odri_dev/workspace/install/bullet_utils/lib/python3.8/site-packages/bullet_utils/resources/meshes
copying /home/roy/odri_dev/workspace/build/bullet_utils/build/lib/bullet_utils/resources/meshes/checker_blue.png -> /home/roy/odri_dev/workspace/install/bullet_utils/lib/python3.8/site-packages/bullet_utils/resources/meshes
copying /home/roy/odri_dev/workspace/build/bullet_utils/build/lib/bullet_utils/resources/meshes/cube.obj -> /home/roy/odri_dev/workspace/install/bullet_utils/lib/python3.8/site-packages/bullet_utils/resources/meshes
copying /home/roy/odri_dev/workspace/build/bullet_utils/build/lib/bullet_utils/resources/meshes/plane.obj -> /home/roy/odri_dev/workspace/install/bullet_utils/lib/python3.8/site-packages/bullet_utils/resources/meshes
copying /home/roy/odri_dev/workspace/build/bullet_utils/build/lib/bullet_utils/resources/meshes/sphere.obj -> /home/roy/odri_dev/workspace/install/bullet_utils/lib/python3.8/site-packages/bullet_utils/resources/meshes
copying /home/roy/odri_dev/workspace/build/bullet_utils/build/lib/bullet_utils/resources/meshes/plane.mtl -> /home/roy/odri_dev/workspace/install/bullet_utils/lib/python3.8/site-packages/bullet_utils/resources/meshes
copying /home/roy/odri_dev/workspace/build/bullet_utils/build/lib/bullet_utils/env.py -> /home/roy/odri_dev/workspace/install/bullet_utils/lib/python3.8/site-packages/bullet_utils
creating /home/roy/odri_dev/workspace/install/bullet_utils/lib/python3.8/site-packages/pinocchio_bullet
copying /home/roy/odri_dev/workspace/build/bullet_utils/build/lib/pinocchio_bullet/__init__.py -> /home/roy/odri_dev/workspace/install/bullet_utils/lib/python3.8/site-packages/pinocchio_bullet
creating /home/roy/odri_dev/workspace/install/bullet_utils/lib/python3.8/site-packages/py_pinocchio_bullet
copying /home/roy/odri_dev/workspace/build/bullet_utils/build/lib/py_pinocchio_bullet/__init__.py -> /home/roy/odri_dev/workspace/install/bullet_utils/lib/python3.8/site-packages/py_pinocchio_bullet
byte-compiling /home/roy/odri_dev/workspace/install/bullet_utils/lib/python3.8/site-packages/bullet_utils/wrapper.py to wrapper.cpython-38.pyc
byte-compiling /home/roy/odri_dev/workspace/install/bullet_utils/lib/python3.8/site-packages/bullet_utils/doc/conf.py to conf.cpython-38.pyc
byte-compiling /home/roy/odri_dev/workspace/install/bullet_utils/lib/python3.8/site-packages/bullet_utils/__init__.py to __init__.cpython-38.pyc
byte-compiling /home/roy/odri_dev/workspace/install/bullet_utils/lib/python3.8/site-packages/bullet_utils/resources/__init__.py to __init__.cpython-38.pyc
byte-compiling /home/roy/odri_dev/workspace/install/bullet_utils/lib/python3.8/site-packages/bullet_utils/env.py to env.cpython-38.pyc
byte-compiling /home/roy/odri_dev/workspace/install/bullet_utils/lib/python3.8/site-packages/pinocchio_bullet/__init__.py to __init__.cpython-38.pyc
byte-compiling /home/roy/odri_dev/workspace/install/bullet_utils/lib/python3.8/site-packages/py_pinocchio_bullet/__init__.py to __init__.cpython-38.pyc
running install_egg_info
Copying ../../build/bullet_utils/bullet_utils.egg-info to /home/roy/odri_dev/workspace/install/bullet_utils/lib/python3.8/site-packages/bullet_utils-1.0.0-py3.8.egg-info
running install_scripts
creating /home/roy/odri_dev/workspace/install/bullet_utils/lib/bullet_utils
copying /home/roy/odri_dev/workspace/build/bullet_utils/build/scripts-3.8/demo_simulate_a_robot.py -> /home/roy/odri_dev/workspace/install/bullet_utils/lib/bullet_utils
changing mode of /home/roy/odri_dev/workspace/install/bullet_utils/lib/bullet_utils/demo_simulate_a_robot.py to 775
writing list of installed files to '/home/roy/odri_dev/workspace/build/bullet_utils/install.log'
