[0.902s] Invoking command in '/home/roy/odri_dev/workspace/src/bullet_utils': CMAKE_PREFIX_PATH=/home/roy/odri_dev/workspace/install/mpi_cmake_modules PATH=/home/roy/odri_dev/workspace/install/mpi_cmake_modules/bin:${PATH} PYTHONPATH=/home/roy/odri_dev/workspace/install/bullet_utils/lib/python3.8/site-packages:/home/roy/odri_dev/workspace/install/mpi_cmake_modules/lib/python3.8/site-packages /usr/bin/python3 setup.py egg_info --egg-base ../../build/bullet_utils build --build-base /home/roy/odri_dev/workspace/build/bullet_utils/build install --prefix /home/roy/odri_dev/workspace/install/bullet_utils --record /home/roy/odri_dev/workspace/build/bullet_utils/install.log --single-version-externally-managed
[1.538s] running egg_info
[1.539s] creating ../../build/bullet_utils/bullet_utils.egg-info
[1.540s] writing ../../build/bullet_utils/bullet_utils.egg-info/PKG-INFO
[1.542s] writing dependency_links to ../../build/bullet_utils/bullet_utils.egg-info/dependency_links.txt
[1.543s] writing entry points to ../../build/bullet_utils/bullet_utils.egg-info/entry_points.txt
[1.544s] writing requirements to ../../build/bullet_utils/bullet_utils.egg-info/requires.txt
[1.544s] writing top-level names to ../../build/bullet_utils/bullet_utils.egg-info/top_level.txt
[1.545s] writing manifest file '../../build/bullet_utils/bullet_utils.egg-info/SOURCES.txt'
[1.550s] reading manifest file '../../build/bullet_utils/bullet_utils.egg-info/SOURCES.txt'
[1.552s] writing manifest file '../../build/bullet_utils/bullet_utils.egg-info/SOURCES.txt'
[1.553s] running build
[1.554s] running build_py
[2.877s] sphinx-apidoc output:
[2.879s]  Creating file /home/roy/odri_dev/workspace/build/bullet_utils/build/lib/bullet_utils/doc/bullet_utils.rst.
[2.879s] Creating file /home/roy/odri_dev/workspace/build/bullet_utils/build/lib/bullet_utils/doc/bullet_utils.resources.rst.
[2.879s] Creating file /home/roy/odri_dev/workspace/build/bullet_utils/build/lib/bullet_utils/doc/pinocchio_bullet.rst.
[2.879s] Creating file /home/roy/odri_dev/workspace/build/bullet_utils/build/lib/bullet_utils/doc/py_pinocchio_bullet.rst.
[2.880s] Creating file /home/roy/odri_dev/workspace/build/bullet_utils/build/lib/bullet_utils/doc/modules.rst.
[2.880s] 
[2.880s] sphinx-apidoc error:
[2.880s]  None
[2.880s] 
[3.646s] 
[3.646s] Configuration error:
[3.647s] There is a programmable error in your configuration file:
[3.647s] 
[3.648s] Traceback (most recent call last):
[3.648s]   File "/home/roy/.local/lib/python3.8/site-packages/sphinx/config.py", line 329, in eval_config_file
[3.648s]     exec(code, namespace)
[3.649s]   File "/home/roy/odri_dev/workspace/build/bullet_utils/build/lib/bullet_utils/doc/conf.py", line 18, in <module>
[3.649s]     from m2r import MdInclude
[3.650s] ModuleNotFoundError: No module named 'm2r'
[3.650s] 
[3.771s] sphinx-apidoc output:
[3.771s]  Running Sphinx v4.3.1
[3.772s] 
[3.772s] sphinx-apidoc error:
[3.772s]  None
[3.772s] copying src/bullet_utils/wrapper.py -> /home/roy/odri_dev/workspace/build/bullet_utils/build/lib/bullet_utils
[3.772s] copying src/bullet_utils/__init__.py -> /home/roy/odri_dev/workspace/build/bullet_utils/build/lib/bullet_utils
[3.773s] copying src/bullet_utils/env.py -> /home/roy/odri_dev/workspace/build/bullet_utils/build/lib/bullet_utils
[3.773s] creating /home/roy/odri_dev/workspace/build/bullet_utils/build/lib/pinocchio_bullet
[3.773s] copying src/pinocchio_bullet/__init__.py -> /home/roy/odri_dev/workspace/build/bullet_utils/build/lib/pinocchio_bullet
[3.774s] creating /home/roy/odri_dev/workspace/build/bullet_utils/build/lib/py_pinocchio_bullet
[3.774s] copying src/py_pinocchio_bullet/__init__.py -> /home/roy/odri_dev/workspace/build/bullet_utils/build/lib/py_pinocchio_bullet
[3.774s] creating /home/roy/odri_dev/workspace/build/bullet_utils/build/lib/bullet_utils/resources
[3.775s] copying src/bullet_utils/resources/__init__.py -> /home/roy/odri_dev/workspace/build/bullet_utils/build/lib/bullet_utils/resources
[3.775s] copying src/bullet_utils/resources/plane_with_restitution.urdf -> /home/roy/odri_dev/workspace/build/bullet_utils/build/lib/bullet_utils/resources
[3.775s] creating /home/roy/odri_dev/workspace/build/bullet_utils/build/lib/bullet_utils/resources/meshes
[3.775s] copying src/bullet_utils/resources/meshes/cylinder.obj -> /home/roy/odri_dev/workspace/build/bullet_utils/build/lib/bullet_utils/resources/meshes
[3.776s] copying src/bullet_utils/resources/meshes/checker_blue.png -> /home/roy/odri_dev/workspace/build/bullet_utils/build/lib/bullet_utils/resources/meshes
[3.776s] copying src/bullet_utils/resources/meshes/cube.obj -> /home/roy/odri_dev/workspace/build/bullet_utils/build/lib/bullet_utils/resources/meshes
[3.777s] copying src/bullet_utils/resources/meshes/plane.obj -> /home/roy/odri_dev/workspace/build/bullet_utils/build/lib/bullet_utils/resources/meshes
[3.777s] copying src/bullet_utils/resources/meshes/sphere.obj -> /home/roy/odri_dev/workspace/build/bullet_utils/build/lib/bullet_utils/resources/meshes
[3.778s] copying src/bullet_utils/resources/meshes/plane.mtl -> /home/roy/odri_dev/workspace/build/bullet_utils/build/lib/bullet_utils/resources/meshes
[3.779s] running build_scripts
[3.779s] creating /home/roy/odri_dev/workspace/build/bullet_utils/build/scripts-3.8
[3.779s] copying and adjusting demos/demo_simulate_a_robot.py -> /home/roy/odri_dev/workspace/build/bullet_utils/build/scripts-3.8
[3.780s] changing mode of /home/roy/odri_dev/workspace/build/bullet_utils/build/scripts-3.8/demo_simulate_a_robot.py from 664 to 775
[3.780s] running install
[3.782s] running install_lib
[3.791s] creating /home/roy/odri_dev/workspace/install/bullet_utils/lib/python3.8/site-packages/bullet_utils
[3.791s] copying /home/roy/odri_dev/workspace/build/bullet_utils/build/lib/bullet_utils/wrapper.py -> /home/roy/odri_dev/workspace/install/bullet_utils/lib/python3.8/site-packages/bullet_utils
[3.792s] creating /home/roy/odri_dev/workspace/install/bullet_utils/lib/python3.8/site-packages/bullet_utils/doc
[3.792s] copying /home/roy/odri_dev/workspace/build/bullet_utils/build/lib/bullet_utils/doc/modules.rst -> /home/roy/odri_dev/workspace/install/bullet_utils/lib/python3.8/site-packages/bullet_utils/doc
[3.793s] copying /home/roy/odri_dev/workspace/build/bullet_utils/build/lib/bullet_utils/doc/readme.md -> /home/roy/odri_dev/workspace/install/bullet_utils/lib/python3.8/site-packages/bullet_utils/doc
[3.793s] copying /home/roy/odri_dev/workspace/build/bullet_utils/build/lib/bullet_utils/doc/index.rst -> /home/roy/odri_dev/workspace/install/bullet_utils/lib/python3.8/site-packages/bullet_utils/doc
[3.794s] copying /home/roy/odri_dev/workspace/build/bullet_utils/build/lib/bullet_utils/doc/py_pinocchio_bullet.rst -> /home/roy/odri_dev/workspace/install/bullet_utils/lib/python3.8/site-packages/bullet_utils/doc
[3.794s] copying /home/roy/odri_dev/workspace/build/bullet_utils/build/lib/bullet_utils/doc/conf.py -> /home/roy/odri_dev/workspace/install/bullet_utils/lib/python3.8/site-packages/bullet_utils/doc
[3.795s] copying /home/roy/odri_dev/workspace/build/bullet_utils/build/lib/bullet_utils/doc/pinocchio_bullet.rst -> /home/roy/odri_dev/workspace/install/bullet_utils/lib/python3.8/site-packages/bullet_utils/doc
[3.795s] copying /home/roy/odri_dev/workspace/build/bullet_utils/build/lib/bullet_utils/doc/bullet_utils.resources.rst -> /home/roy/odri_dev/workspace/install/bullet_utils/lib/python3.8/site-packages/bullet_utils/doc
[3.795s] copying /home/roy/odri_dev/workspace/build/bullet_utils/build/lib/bullet_utils/doc/license.txt -> /home/roy/odri_dev/workspace/install/bullet_utils/lib/python3.8/site-packages/bullet_utils/doc
[3.796s] copying /home/roy/odri_dev/workspace/build/bullet_utils/build/lib/bullet_utils/doc/bullet_utils.rst -> /home/roy/odri_dev/workspace/install/bullet_utils/lib/python3.8/site-packages/bullet_utils/doc
[3.796s] copying /home/roy/odri_dev/workspace/build/bullet_utils/build/lib/bullet_utils/__init__.py -> /home/roy/odri_dev/workspace/install/bullet_utils/lib/python3.8/site-packages/bullet_utils
[3.797s] creating /home/roy/odri_dev/workspace/install/bullet_utils/lib/python3.8/site-packages/bullet_utils/resources
[3.797s] copying /home/roy/odri_dev/workspace/build/bullet_utils/build/lib/bullet_utils/resources/__init__.py -> /home/roy/odri_dev/workspace/install/bullet_utils/lib/python3.8/site-packages/bullet_utils/resources
[3.797s] copying /home/roy/odri_dev/workspace/build/bullet_utils/build/lib/bullet_utils/resources/plane_with_restitution.urdf -> /home/roy/odri_dev/workspace/install/bullet_utils/lib/python3.8/site-packages/bullet_utils/resources
[3.798s] creating /home/roy/odri_dev/workspace/install/bullet_utils/lib/python3.8/site-packages/bullet_utils/resources/meshes
[3.798s] copying /home/roy/odri_dev/workspace/build/bullet_utils/build/lib/bullet_utils/resources/meshes/cylinder.obj -> /home/roy/odri_dev/workspace/install/bullet_utils/lib/python3.8/site-packages/bullet_utils/resources/meshes
[3.799s] copying /home/roy/odri_dev/workspace/build/bullet_utils/build/lib/bullet_utils/resources/meshes/checker_blue.png -> /home/roy/odri_dev/workspace/install/bullet_utils/lib/python3.8/site-packages/bullet_utils/resources/meshes
[3.803s] copying /home/roy/odri_dev/workspace/build/bullet_utils/build/lib/bullet_utils/resources/meshes/cube.obj -> /home/roy/odri_dev/workspace/install/bullet_utils/lib/python3.8/site-packages/bullet_utils/resources/meshes
[3.804s] copying /home/roy/odri_dev/workspace/build/bullet_utils/build/lib/bullet_utils/resources/meshes/plane.obj -> /home/roy/odri_dev/workspace/install/bullet_utils/lib/python3.8/site-packages/bullet_utils/resources/meshes
[3.804s] copying /home/roy/odri_dev/workspace/build/bullet_utils/build/lib/bullet_utils/resources/meshes/sphere.obj -> /home/roy/odri_dev/workspace/install/bullet_utils/lib/python3.8/site-packages/bullet_utils/resources/meshes
[3.804s] copying /home/roy/odri_dev/workspace/build/bullet_utils/build/lib/bullet_utils/resources/meshes/plane.mtl -> /home/roy/odri_dev/workspace/install/bullet_utils/lib/python3.8/site-packages/bullet_utils/resources/meshes
[3.805s] copying /home/roy/odri_dev/workspace/build/bullet_utils/build/lib/bullet_utils/env.py -> /home/roy/odri_dev/workspace/install/bullet_utils/lib/python3.8/site-packages/bullet_utils
[3.805s] creating /home/roy/odri_dev/workspace/install/bullet_utils/lib/python3.8/site-packages/pinocchio_bullet
[3.806s] copying /home/roy/odri_dev/workspace/build/bullet_utils/build/lib/pinocchio_bullet/__init__.py -> /home/roy/odri_dev/workspace/install/bullet_utils/lib/python3.8/site-packages/pinocchio_bullet
[3.806s] creating /home/roy/odri_dev/workspace/install/bullet_utils/lib/python3.8/site-packages/py_pinocchio_bullet
[3.807s] copying /home/roy/odri_dev/workspace/build/bullet_utils/build/lib/py_pinocchio_bullet/__init__.py -> /home/roy/odri_dev/workspace/install/bullet_utils/lib/python3.8/site-packages/py_pinocchio_bullet
[3.815s] byte-compiling /home/roy/odri_dev/workspace/install/bullet_utils/lib/python3.8/site-packages/bullet_utils/wrapper.py to wrapper.cpython-38.pyc
[3.821s] byte-compiling /home/roy/odri_dev/workspace/install/bullet_utils/lib/python3.8/site-packages/bullet_utils/doc/conf.py to conf.cpython-38.pyc
[3.830s] byte-compiling /home/roy/odri_dev/workspace/install/bullet_utils/lib/python3.8/site-packages/bullet_utils/__init__.py to __init__.cpython-38.pyc
[3.830s] byte-compiling /home/roy/odri_dev/workspace/install/bullet_utils/lib/python3.8/site-packages/bullet_utils/resources/__init__.py to __init__.cpython-38.pyc
[3.830s] byte-compiling /home/roy/odri_dev/workspace/install/bullet_utils/lib/python3.8/site-packages/bullet_utils/env.py to env.cpython-38.pyc
[3.831s] byte-compiling /home/roy/odri_dev/workspace/install/bullet_utils/lib/python3.8/site-packages/pinocchio_bullet/__init__.py to __init__.cpython-38.pyc
[3.833s] byte-compiling /home/roy/odri_dev/workspace/install/bullet_utils/lib/python3.8/site-packages/py_pinocchio_bullet/__init__.py to __init__.cpython-38.pyc
[3.834s] running install_egg_info
[3.838s] Copying ../../build/bullet_utils/bullet_utils.egg-info to /home/roy/odri_dev/workspace/install/bullet_utils/lib/python3.8/site-packages/bullet_utils-1.0.0-py3.8.egg-info
[3.848s] running install_scripts
[3.919s] creating /home/roy/odri_dev/workspace/install/bullet_utils/lib/bullet_utils
[3.931s] copying /home/roy/odri_dev/workspace/build/bullet_utils/build/scripts-3.8/demo_simulate_a_robot.py -> /home/roy/odri_dev/workspace/install/bullet_utils/lib/bullet_utils
[3.932s] changing mode of /home/roy/odri_dev/workspace/install/bullet_utils/lib/bullet_utils/demo_simulate_a_robot.py to 775
[3.936s] writing list of installed files to '/home/roy/odri_dev/workspace/build/bullet_utils/install.log'
[4.029s] Invoked command in '/home/roy/odri_dev/workspace/src/bullet_utils' returned '0': CMAKE_PREFIX_PATH=/home/roy/odri_dev/workspace/install/mpi_cmake_modules PATH=/home/roy/odri_dev/workspace/install/mpi_cmake_modules/bin:${PATH} PYTHONPATH=/home/roy/odri_dev/workspace/install/bullet_utils/lib/python3.8/site-packages:/home/roy/odri_dev/workspace/install/mpi_cmake_modules/lib/python3.8/site-packages /usr/bin/python3 setup.py egg_info --egg-base ../../build/bullet_utils build --build-base /home/roy/odri_dev/workspace/build/bullet_utils/build install --prefix /home/roy/odri_dev/workspace/install/bullet_utils --record /home/roy/odri_dev/workspace/build/bullet_utils/install.log --single-version-externally-managed
