running egg_info
writing ../../build/bullet_utils/bullet_utils.egg-info/PKG-INFO
writing dependency_links to ../../build/bullet_utils/bullet_utils.egg-info/dependency_links.txt
writing entry points to ../../build/bullet_utils/bullet_utils.egg-info/entry_points.txt
writing requirements to ../../build/bullet_utils/bullet_utils.egg-info/requires.txt
writing top-level names to ../../build/bullet_utils/bullet_utils.egg-info/top_level.txt
reading manifest file '../../build/bullet_utils/bullet_utils.egg-info/SOURCES.txt'
writing manifest file '../../build/bullet_utils/bullet_utils.egg-info/SOURCES.txt'
running build
running build_py
sphinx-apidoc output:
 Creating file /home/roy/odri_dev/workspace/build/bullet_utils/build/lib/bullet_utils/doc/bullet_utils.rst.
Creating file /home/roy/odri_dev/workspace/build/bullet_utils/build/lib/bullet_utils/doc/bullet_utils.resources.rst.
Creating file /home/roy/odri_dev/workspace/build/bullet_utils/build/lib/bullet_utils/doc/pinocchio_bullet.rst.
Creating file /home/roy/odri_dev/workspace/build/bullet_utils/build/lib/bullet_utils/doc/py_pinocchio_bullet.rst.
Creating file /home/roy/odri_dev/workspace/build/bullet_utils/build/lib/bullet_utils/doc/modules.rst.

sphinx-apidoc error:
 None

interrupted

Interrupted!
