[0.298s] Invoking command in '/home/roy/odri_dev/workspace/src/bullet_utils': CMAKE_PREFIX_PATH=/home/roy/odri_dev/workspace/install/mpi_cmake_modules:/opt/openrobots:/opt/openrobots PATH=/home/roy/odri_dev/workspace/install/mpi_cmake_modules/bin:${PATH} PYTHONPATH=/home/roy/odri_dev/workspace/install/bullet_utils/lib/python3.8/site-packages:/home/roy/odri_dev/workspace/install/mpi_cmake_modules/lib/python3.8/site-packages:/opt/openrobots/lib/python2.7/site-packages:/opt/openrobots/lib/python2.7/site-packages /usr/bin/python3 setup.py egg_info --egg-base ../../build/bullet_utils build --build-base /home/roy/odri_dev/workspace/build/bullet_utils/build install --prefix /home/roy/odri_dev/workspace/install/bullet_utils --record /home/roy/odri_dev/workspace/build/bullet_utils/install.log --single-version-externally-managed
[0.546s] running egg_info
[0.547s] writing ../../build/bullet_utils/bullet_utils.egg-info/PKG-INFO
[0.547s] writing dependency_links to ../../build/bullet_utils/bullet_utils.egg-info/dependency_links.txt
[0.547s] writing entry points to ../../build/bullet_utils/bullet_utils.egg-info/entry_points.txt
[0.547s] writing requirements to ../../build/bullet_utils/bullet_utils.egg-info/requires.txt
[0.547s] writing top-level names to ../../build/bullet_utils/bullet_utils.egg-info/top_level.txt
[0.549s] reading manifest file '../../build/bullet_utils/bullet_utils.egg-info/SOURCES.txt'
[0.551s] writing manifest file '../../build/bullet_utils/bullet_utils.egg-info/SOURCES.txt'
[0.551s] running build
[0.551s] running build_py
[0.927s] sphinx-apidoc output:
[0.927s]  Creating file /home/roy/odri_dev/workspace/build/bullet_utils/build/lib/bullet_utils/doc/bullet_utils.rst.
[0.927s] Creating file /home/roy/odri_dev/workspace/build/bullet_utils/build/lib/bullet_utils/doc/bullet_utils.resources.rst.
[0.928s] Creating file /home/roy/odri_dev/workspace/build/bullet_utils/build/lib/bullet_utils/doc/pinocchio_bullet.rst.
[0.928s] Creating file /home/roy/odri_dev/workspace/build/bullet_utils/build/lib/bullet_utils/doc/py_pinocchio_bullet.rst.
[0.928s] Creating file /home/roy/odri_dev/workspace/build/bullet_utils/build/lib/bullet_utils/doc/modules.rst.
[0.928s] 
[0.929s] sphinx-apidoc error:
[0.929s]  None
[0.929s] 
[1.499s] interrupted
[1.500s] 
[1.501s] Interrupted!
