-- Building tests with Eigen v3.3.7
-- Catch not detected. Interpreter tests will be skipped. Install Catch headers manually or use `cmake -DDOWNLOAD_CATCH=1` to fetch them automatically.
-- pybind11 v2.5.0
-- Configuring done
-- Generating done
-- Build files have been written to: /home/roy/odri_dev/workspace/build/pybind11
[  4%] Built target cross_module_gil_utils
[  7%] [32mBuilding CXX object tests/CMakeFiles/pybind11_cross_module_tests.dir/pybind11_cross_module_tests.cpp.o[0m
[  9%] [32mBuilding CXX object tests/CMakeFiles/pybind11_tests.dir/test_docstring_options.cpp.o[0m
[ 11%] [32mBuilding CXX object tests/CMakeFiles/pybind11_tests.dir/test_copy_move.cpp.o[0m
[ 14%] [32mBuilding CXX object tests/CMakeFiles/pybind11_tests.dir/test_class.cpp.o[0m
[ 16%] [32mBuilding CXX object tests/CMakeFiles/pybind11_tests.dir/test_constants_and_functions.cpp.o[0m
[ 19%] [32mBuilding CXX object tests/CMakeFiles/pybind11_tests.dir/test_eigen.cpp.o[0m
[ 21%] [32mBuilding CXX object tests/CMakeFiles/pybind11_tests.dir/test_enum.cpp.o[0m
[ 23%] [32mBuilding CXX object tests/CMakeFiles/pybind11_tests.dir/test_eval.cpp.o[0m
[ 26%] [32mBuilding CXX object tests/CMakeFiles/pybind11_tests.dir/test_exceptions.cpp.o[0m
[ 28%] [32mBuilding CXX object tests/CMakeFiles/pybind11_tests.dir/test_factory_constructors.cpp.o[0m
[ 30%] [32mBuilding CXX object tests/CMakeFiles/pybind11_tests.dir/test_gil_scoped.cpp.o[0m
[ 33%] [32mBuilding CXX object tests/CMakeFiles/pybind11_tests.dir/test_iostream.cpp.o[0m
[ 35%] [32mBuilding CXX object tests/CMakeFiles/pybind11_tests.dir/test_kwargs_and_defaults.cpp.o[0m
[ 38%] [32mBuilding CXX object tests/CMakeFiles/pybind11_tests.dir/test_local_bindings.cpp.o[0m
[ 40%] [32mBuilding CXX object tests/CMakeFiles/pybind11_tests.dir/test_methods_and_attributes.cpp.o[0m
[ 42%] [32mBuilding CXX object tests/CMakeFiles/pybind11_tests.dir/test_modules.cpp.o[0m
[ 45%] [32mBuilding CXX object tests/CMakeFiles/pybind11_tests.dir/test_multiple_inheritance.cpp.o[0m
