/home/roy/odri_dev/workspace/install/robot_properties_solo/lib/python3.8/site-packages/robot_properties_solo/solo12wrapper.py
/home/roy/odri_dev/workspace/install/robot_properties_solo/lib/python3.8/site-packages/robot_properties_solo/config.py
/home/roy/odri_dev/workspace/install/robot_properties_solo/lib/python3.8/site-packages/robot_properties_solo/resources.py
/home/roy/odri_dev/workspace/install/robot_properties_solo/lib/python3.8/site-packages/robot_properties_solo/solo8wrapper.py
/home/roy/odri_dev/workspace/install/robot_properties_solo/lib/python3.8/site-packages/robot_properties_solo/gepetto_gui_loader.py
/home/roy/odri_dev/workspace/install/robot_properties_solo/lib/python3.8/site-packages/robot_properties_solo/__init__.py
/home/roy/odri_dev/workspace/install/robot_properties_solo/lib/python3.8/site-packages/robot_properties_solo/quadruped12wrapper.py
/home/roy/odri_dev/workspace/install/robot_properties_solo/lib/python3.8/site-packages/robot_properties_solo/resources/impedance_ctrl.yaml
/home/roy/odri_dev/workspace/install/robot_properties_solo/lib/python3.8/site-packages/robot_properties_solo/resources/dynamic_graph_manager/dgm_parameters_solo12_wireless_mpi_is.yaml
/home/roy/odri_dev/workspace/install/robot_properties_solo/lib/python3.8/site-packages/robot_properties_solo/resources/dynamic_graph_manager/dgm_parameters_solo12_mpi_is.yaml
/home/roy/odri_dev/workspace/install/robot_properties_solo/lib/python3.8/site-packages/robot_properties_solo/resources/dynamic_graph_manager/dgm_parameters_solo8.yaml
/home/roy/odri_dev/workspace/install/robot_properties_solo/lib/python3.8/site-packages/robot_properties_solo/resources/dynamic_graph_manager/dgm_parameters_solo12_nyu.yaml
/home/roy/odri_dev/workspace/install/robot_properties_solo/lib/python3.8/site-packages/robot_properties_solo/resources/dynamic_graph_manager/dgm_parameters_solo12.yaml
/home/roy/odri_dev/workspace/install/robot_properties_solo/lib/python3.8/site-packages/robot_properties_solo/resources/dynamic_graph_manager/dgm_parameters_solo8ti.yaml
/home/roy/odri_dev/workspace/install/robot_properties_solo/lib/python3.8/site-packages/robot_properties_solo/resources/odri_control_interface/solo12_driver.yaml
/home/roy/odri_dev/workspace/install/robot_properties_solo/lib/python3.8/site-packages/robot_properties_solo/resources/launch/visual_rviz.launch
/home/roy/odri_dev/workspace/install/robot_properties_solo/lib/python3.8/site-packages/robot_properties_solo/resources/launch/dashboard.launch
/home/roy/odri_dev/workspace/install/robot_properties_solo/lib/python3.8/site-packages/robot_properties_solo/resources/launch/bringup.launch
/home/roy/odri_dev/workspace/install/robot_properties_solo/lib/python3.8/site-packages/robot_properties_solo/resources/launch/rviz.launch
/home/roy/odri_dev/workspace/install/robot_properties_solo/lib/python3.8/site-packages/robot_properties_solo/resources/rviz/display.rviz
/home/roy/odri_dev/workspace/install/robot_properties_solo/lib/python3.8/site-packages/robot_properties_solo/resources/rviz/solo.rviz
/home/roy/odri_dev/workspace/install/robot_properties_solo/lib/python3.8/site-packages/robot_properties_solo/resources/rviz/dgbullet_vs_pybullet.rviz
/home/roy/odri_dev/workspace/install/robot_properties_solo/lib/python3.8/site-packages/robot_properties_solo/resources/__pycache__/__init__.cpython-38.pyc
/home/roy/odri_dev/workspace/install/robot_properties_solo/lib/python3.8/site-packages/robot_properties_solo/resources/srdf/solo.srdf
/home/roy/odri_dev/workspace/install/robot_properties_solo/lib/python3.8/site-packages/robot_properties_solo/resources/pre_generated_urdf/readme.md
/home/roy/odri_dev/workspace/install/robot_properties_solo/lib/python3.8/site-packages/robot_properties_solo/resources/xacro/solo8.urdf.xacro
/home/roy/odri_dev/workspace/install/robot_properties_solo/lib/python3.8/site-packages/robot_properties_solo/resources/xacro/solo12.urdf.xacro
/home/roy/odri_dev/workspace/install/robot_properties_solo/lib/python3.8/site-packages/robot_properties_solo/resources/xacro/plane_with_restitution.urdf.xacro
/home/roy/odri_dev/workspace/install/robot_properties_solo/lib/python3.8/site-packages/robot_properties_solo/resources/xacro/leg.xacro
/home/roy/odri_dev/workspace/install/robot_properties_solo/lib/python3.8/site-packages/robot_properties_solo/resources/rqt/solo.perspective.in
/home/roy/odri_dev/workspace/install/robot_properties_solo/lib/python3.8/site-packages/robot_properties_solo/resources/meshes/cylinder.obj
/home/roy/odri_dev/workspace/install/robot_properties_solo/lib/python3.8/site-packages/robot_properties_solo/resources/meshes/checker_blue.png
/home/roy/odri_dev/workspace/install/robot_properties_solo/lib/python3.8/site-packages/robot_properties_solo/resources/meshes/cube.obj
/home/roy/odri_dev/workspace/install/robot_properties_solo/lib/python3.8/site-packages/robot_properties_solo/resources/meshes/plane.obj
/home/roy/odri_dev/workspace/install/robot_properties_solo/lib/python3.8/site-packages/robot_properties_solo/resources/meshes/sphere.obj
/home/roy/odri_dev/workspace/install/robot_properties_solo/lib/python3.8/site-packages/robot_properties_solo/resources/meshes/plane.mtl
/home/roy/odri_dev/workspace/install/robot_properties_solo/lib/python3.8/site-packages/robot_properties_solo/resources/meshes/obj/without_foot/solo_body.obj
/home/roy/odri_dev/workspace/install/robot_properties_solo/lib/python3.8/site-packages/robot_properties_solo/resources/meshes/obj/without_foot/solo_lower_leg_left_side.mtl
/home/roy/odri_dev/workspace/install/robot_properties_solo/lib/python3.8/site-packages/robot_properties_solo/resources/meshes/obj/without_foot/solo_upper_leg_right_side.obj
/home/roy/odri_dev/workspace/install/robot_properties_solo/lib/python3.8/site-packages/robot_properties_solo/resources/meshes/obj/without_foot/solo_upper_leg_right_side.mtl
/home/roy/odri_dev/workspace/install/robot_properties_solo/lib/python3.8/site-packages/robot_properties_solo/resources/meshes/obj/without_foot/solo_lower_leg_right_side.obj
/home/roy/odri_dev/workspace/install/robot_properties_solo/lib/python3.8/site-packages/robot_properties_solo/resources/meshes/obj/without_foot/solo_lower_leg_right_side.mtl
/home/roy/odri_dev/workspace/install/robot_properties_solo/lib/python3.8/site-packages/robot_properties_solo/resources/meshes/obj/without_foot/solo_upper_leg_left_side.mtl
/home/roy/odri_dev/workspace/install/robot_properties_solo/lib/python3.8/site-packages/robot_properties_solo/resources/meshes/obj/without_foot/solo_body.mtl
/home/roy/odri_dev/workspace/install/robot_properties_solo/lib/python3.8/site-packages/robot_properties_solo/resources/meshes/obj/without_foot/solo_lower_leg_left_side.obj
/home/roy/odri_dev/workspace/install/robot_properties_solo/lib/python3.8/site-packages/robot_properties_solo/resources/meshes/obj/without_foot/solo_upper_leg_left_side.obj
/home/roy/odri_dev/workspace/install/robot_properties_solo/lib/python3.8/site-packages/robot_properties_solo/resources/meshes/obj/with_foot/solo_body.obj
/home/roy/odri_dev/workspace/install/robot_properties_solo/lib/python3.8/site-packages/robot_properties_solo/resources/meshes/obj/with_foot/solo_lower_leg_left_side.mtl
/home/roy/odri_dev/workspace/install/robot_properties_solo/lib/python3.8/site-packages/robot_properties_solo/resources/meshes/obj/with_foot/solo_upper_leg_right_side.obj
/home/roy/odri_dev/workspace/install/robot_properties_solo/lib/python3.8/site-packages/robot_properties_solo/resources/meshes/obj/with_foot/solo_foot.obj
/home/roy/odri_dev/workspace/install/robot_properties_solo/lib/python3.8/site-packages/robot_properties_solo/resources/meshes/obj/with_foot/solo_upper_leg_right_side.mtl
/home/roy/odri_dev/workspace/install/robot_properties_solo/lib/python3.8/site-packages/robot_properties_solo/resources/meshes/obj/with_foot/solo_lower_leg_right_side.obj
/home/roy/odri_dev/workspace/install/robot_properties_solo/lib/python3.8/site-packages/robot_properties_solo/resources/meshes/obj/with_foot/solo_lower_leg_right_side.mtl
/home/roy/odri_dev/workspace/install/robot_properties_solo/lib/python3.8/site-packages/robot_properties_solo/resources/meshes/obj/with_foot/solo_upper_leg_left_side.mtl
/home/roy/odri_dev/workspace/install/robot_properties_solo/lib/python3.8/site-packages/robot_properties_solo/resources/meshes/obj/with_foot/solo_foot.mtl
/home/roy/odri_dev/workspace/install/robot_properties_solo/lib/python3.8/site-packages/robot_properties_solo/resources/meshes/obj/with_foot/solo_body.mtl
/home/roy/odri_dev/workspace/install/robot_properties_solo/lib/python3.8/site-packages/robot_properties_solo/resources/meshes/obj/with_foot/solo_lower_leg_left_side.obj
/home/roy/odri_dev/workspace/install/robot_properties_solo/lib/python3.8/site-packages/robot_properties_solo/resources/meshes/obj/with_foot/solo_upper_leg_left_side.obj
/home/roy/odri_dev/workspace/install/robot_properties_solo/lib/python3.8/site-packages/robot_properties_solo/resources/meshes/stl/without_foot/solo_body.stl
/home/roy/odri_dev/workspace/install/robot_properties_solo/lib/python3.8/site-packages/robot_properties_solo/resources/meshes/stl/without_foot/solo_lower_leg_left_side.stl
/home/roy/odri_dev/workspace/install/robot_properties_solo/lib/python3.8/site-packages/robot_properties_solo/resources/meshes/stl/without_foot/solo_upper_leg_left_side.stl
/home/roy/odri_dev/workspace/install/robot_properties_solo/lib/python3.8/site-packages/robot_properties_solo/resources/meshes/stl/without_foot/solo_lower_leg_right_side.stl
/home/roy/odri_dev/workspace/install/robot_properties_solo/lib/python3.8/site-packages/robot_properties_solo/resources/meshes/stl/without_foot/solo_upper_leg_right_side.stl
/home/roy/odri_dev/workspace/install/robot_properties_solo/lib/python3.8/site-packages/robot_properties_solo/resources/meshes/stl/solo12/solo12_lower_leg_left_side.stl
/home/roy/odri_dev/workspace/install/robot_properties_solo/lib/python3.8/site-packages/robot_properties_solo/resources/meshes/stl/solo12/_solo12_visualisation_model.PDF
/home/roy/odri_dev/workspace/install/robot_properties_solo/lib/python3.8/site-packages/robot_properties_solo/resources/meshes/stl/solo12/solo_12_base.stl
/home/roy/odri_dev/workspace/install/robot_properties_solo/lib/python3.8/site-packages/robot_properties_solo/resources/meshes/stl/solo12/solo12_hip_fe_hl.stl
/home/roy/odri_dev/workspace/install/robot_properties_solo/lib/python3.8/site-packages/robot_properties_solo/resources/meshes/stl/solo12/solo12_hip_fe_fr.stl
/home/roy/odri_dev/workspace/install/robot_properties_solo/lib/python3.8/site-packages/robot_properties_solo/resources/meshes/stl/solo12/solo12_upper_leg_left_side.stl
/home/roy/odri_dev/workspace/install/robot_properties_solo/lib/python3.8/site-packages/robot_properties_solo/resources/meshes/stl/solo12/solo12_upper_leg_right_side.stl
/home/roy/odri_dev/workspace/install/robot_properties_solo/lib/python3.8/site-packages/robot_properties_solo/resources/meshes/stl/solo12/solo12_hip_fe_fl.stl
/home/roy/odri_dev/workspace/install/robot_properties_solo/lib/python3.8/site-packages/robot_properties_solo/resources/meshes/stl/solo12/solo12_hip_fe_hr.stl
/home/roy/odri_dev/workspace/install/robot_properties_solo/lib/python3.8/site-packages/robot_properties_solo/resources/meshes/stl/solo12/solo12_coordinate_systems_4.png
/home/roy/odri_dev/workspace/install/robot_properties_solo/lib/python3.8/site-packages/robot_properties_solo/resources/meshes/stl/solo12/solo12_lower_leg_right_side.stl
/home/roy/odri_dev/workspace/install/robot_properties_solo/lib/python3.8/site-packages/robot_properties_solo/resources/meshes/stl/solo12/solo12_coordinate_systems_2.png
/home/roy/odri_dev/workspace/install/robot_properties_solo/lib/python3.8/site-packages/robot_properties_solo/resources/meshes/stl/solo12/solo12_coordinate_systems.png
/home/roy/odri_dev/workspace/install/robot_properties_solo/lib/python3.8/site-packages/robot_properties_solo/resources/meshes/stl/solo12/solo12_coordinate_systems_3.png
/home/roy/odri_dev/workspace/install/robot_properties_solo/lib/python3.8/site-packages/robot_properties_solo/resources/meshes/stl/with_foot/solo_body.stl
/home/roy/odri_dev/workspace/install/robot_properties_solo/lib/python3.8/site-packages/robot_properties_solo/resources/meshes/stl/with_foot/solo_lower_leg_left_side.stl
/home/roy/odri_dev/workspace/install/robot_properties_solo/lib/python3.8/site-packages/robot_properties_solo/resources/meshes/stl/with_foot/solo_upper_leg_left_side.stl
/home/roy/odri_dev/workspace/install/robot_properties_solo/lib/python3.8/site-packages/robot_properties_solo/resources/meshes/stl/with_foot/solo_lower_leg_right_side.stl
/home/roy/odri_dev/workspace/install/robot_properties_solo/lib/python3.8/site-packages/robot_properties_solo/resources/meshes/stl/with_foot/solo_foot.stl
/home/roy/odri_dev/workspace/install/robot_properties_solo/lib/python3.8/site-packages/robot_properties_solo/resources/meshes/stl/with_foot/solo_upper_leg_right_side.stl
/home/roy/odri_dev/workspace/install/robot_properties_solo/lib/python3.8/site-packages/robot_properties_solo/__pycache__/solo12wrapper.cpython-38.pyc
/home/roy/odri_dev/workspace/install/robot_properties_solo/lib/python3.8/site-packages/robot_properties_solo/__pycache__/config.cpython-38.pyc
/home/roy/odri_dev/workspace/install/robot_properties_solo/lib/python3.8/site-packages/robot_properties_solo/__pycache__/resources.cpython-38.pyc
/home/roy/odri_dev/workspace/install/robot_properties_solo/lib/python3.8/site-packages/robot_properties_solo/__pycache__/solo8wrapper.cpython-38.pyc
/home/roy/odri_dev/workspace/install/robot_properties_solo/lib/python3.8/site-packages/robot_properties_solo/__pycache__/gepetto_gui_loader.cpython-38.pyc
/home/roy/odri_dev/workspace/install/robot_properties_solo/lib/python3.8/site-packages/robot_properties_solo/__pycache__/__init__.cpython-38.pyc
/home/roy/odri_dev/workspace/install/robot_properties_solo/lib/python3.8/site-packages/robot_properties_solo/__pycache__/quadruped12wrapper.cpython-38.pyc
/home/roy/odri_dev/workspace/install/robot_properties_solo/share/robot_properties_solo/package.xml
/home/roy/odri_dev/workspace/install/robot_properties_solo/share/ament_index/resource_index/packages/robot_properties_solo
/home/roy/odri_dev/workspace/install/robot_properties_solo/lib/python3.8/site-packages/robot_properties_solo-1.0.0-py3.8.egg-info/top_level.txt
/home/roy/odri_dev/workspace/install/robot_properties_solo/lib/python3.8/site-packages/robot_properties_solo-1.0.0-py3.8.egg-info/PKG-INFO
/home/roy/odri_dev/workspace/install/robot_properties_solo/lib/python3.8/site-packages/robot_properties_solo-1.0.0-py3.8.egg-info/zip-safe
/home/roy/odri_dev/workspace/install/robot_properties_solo/lib/python3.8/site-packages/robot_properties_solo-1.0.0-py3.8.egg-info/requires.txt
/home/roy/odri_dev/workspace/install/robot_properties_solo/lib/python3.8/site-packages/robot_properties_solo-1.0.0-py3.8.egg-info/entry_points.txt
/home/roy/odri_dev/workspace/install/robot_properties_solo/lib/python3.8/site-packages/robot_properties_solo-1.0.0-py3.8.egg-info/SOURCES.txt
/home/roy/odri_dev/workspace/install/robot_properties_solo/lib/python3.8/site-packages/robot_properties_solo-1.0.0-py3.8.egg-info/dependency_links.txt
/home/roy/odri_dev/workspace/install/robot_properties_solo/lib/robot_properties_solo/demo_display_solo12.py
/home/roy/odri_dev/workspace/install/robot_properties_solo/lib/robot_properties_solo/demo_simulate_solo8_fixed_base.py
/home/roy/odri_dev/workspace/install/robot_properties_solo/lib/robot_properties_solo/demo_solo12_collision_detection.py
/home/roy/odri_dev/workspace/install/robot_properties_solo/lib/robot_properties_solo/demo_display_solo8_meshcat.py
/home/roy/odri_dev/workspace/install/robot_properties_solo/lib/robot_properties_solo/demo_simulate_solo12.py
/home/roy/odri_dev/workspace/install/robot_properties_solo/lib/robot_properties_solo/demo_display_solo12_meshcat.py
/home/roy/odri_dev/workspace/install/robot_properties_solo/lib/robot_properties_solo/demo_simulate_solo8.py
/home/roy/odri_dev/workspace/install/robot_properties_solo/lib/robot_properties_solo/demo_display_solo8.py
/home/roy/odri_dev/workspace/install/robot_properties_solo/lib/robot_properties_solo/demo_simulate_solo12_fixed_base.py
