[0.038s] Invoking command in '/home/roy/odri_dev/workspace/build/pybind11': /usr/bin/cmake --build /home/roy/odri_dev/workspace/build/pybind11 -- -j8 -l8
[0.112s] [  4%] Built target cross_module_gil_utils
[0.121s] [  9%] Built target pybind11_cross_module_tests
[0.135s] [100%] Built target pybind11_tests
[0.247s] Invoked command in '/home/roy/odri_dev/workspace/build/pybind11' returned '0': /usr/bin/cmake --build /home/roy/odri_dev/workspace/build/pybind11 -- -j8 -l8
[0.518s] Invoking command in '/home/roy/odri_dev/workspace/build/pybind11': /usr/bin/cmake --install /home/roy/odri_dev/workspace/build/pybind11
[0.534s] -- Install configuration: "Release"
[0.534s] -- Up-to-date: /home/roy/odri_dev/workspace/install/pybind11/include/pybind11
[0.534s] -- Up-to-date: /home/roy/odri_dev/workspace/install/pybind11/include/pybind11/eval.h
[0.534s] -- Up-to-date: /home/roy/odri_dev/workspace/install/pybind11/include/pybind11/stl_bind.h
[0.535s] -- Up-to-date: /home/roy/odri_dev/workspace/install/pybind11/include/pybind11/buffer_info.h
[0.535s] -- Up-to-date: /home/roy/odri_dev/workspace/install/pybind11/include/pybind11/iostream.h
[0.535s] -- Up-to-date: /home/roy/odri_dev/workspace/install/pybind11/include/pybind11/functional.h
[0.535s] -- Up-to-date: /home/roy/odri_dev/workspace/install/pybind11/include/pybind11/options.h
[0.535s] -- Up-to-date: /home/roy/odri_dev/workspace/install/pybind11/include/pybind11/stl.h
[0.535s] -- Up-to-date: /home/roy/odri_dev/workspace/install/pybind11/include/pybind11/pybind11.h
[0.535s] -- Up-to-date: /home/roy/odri_dev/workspace/install/pybind11/include/pybind11/eigen.h
[0.535s] -- Up-to-date: /home/roy/odri_dev/workspace/install/pybind11/include/pybind11/numpy.h
[0.535s] -- Up-to-date: /home/roy/odri_dev/workspace/install/pybind11/include/pybind11/complex.h
[0.536s] -- Up-to-date: /home/roy/odri_dev/workspace/install/pybind11/include/pybind11/detail
[0.536s] -- Up-to-date: /home/roy/odri_dev/workspace/install/pybind11/include/pybind11/detail/typeid.h
[0.536s] -- Up-to-date: /home/roy/odri_dev/workspace/install/pybind11/include/pybind11/detail/internals.h
[0.536s] -- Up-to-date: /home/roy/odri_dev/workspace/install/pybind11/include/pybind11/detail/descr.h
[0.536s] -- Up-to-date: /home/roy/odri_dev/workspace/install/pybind11/include/pybind11/detail/class.h
[0.536s] -- Up-to-date: /home/roy/odri_dev/workspace/install/pybind11/include/pybind11/detail/common.h
[0.536s] -- Up-to-date: /home/roy/odri_dev/workspace/install/pybind11/include/pybind11/detail/init.h
[0.536s] -- Up-to-date: /home/roy/odri_dev/workspace/install/pybind11/include/pybind11/attr.h
[0.537s] -- Up-to-date: /home/roy/odri_dev/workspace/install/pybind11/include/pybind11/chrono.h
[0.537s] -- Up-to-date: /home/roy/odri_dev/workspace/install/pybind11/include/pybind11/cast.h
[0.537s] -- Up-to-date: /home/roy/odri_dev/workspace/install/pybind11/include/pybind11/embed.h
[0.537s] -- Up-to-date: /home/roy/odri_dev/workspace/install/pybind11/include/pybind11/common.h
[0.537s] -- Up-to-date: /home/roy/odri_dev/workspace/install/pybind11/include/pybind11/operators.h
[0.537s] -- Up-to-date: /home/roy/odri_dev/workspace/install/pybind11/include/pybind11/pytypes.h
[0.538s] -- Up-to-date: /home/roy/odri_dev/workspace/install/pybind11/share/cmake/pybind11/pybind11Config.cmake
[0.538s] -- Up-to-date: /home/roy/odri_dev/workspace/install/pybind11/share/cmake/pybind11/pybind11ConfigVersion.cmake
[0.552s] -- Up-to-date: /home/roy/odri_dev/workspace/install/pybind11/share/cmake/pybind11/FindPythonLibsNew.cmake
[0.559s] -- Up-to-date: /home/roy/odri_dev/workspace/install/pybind11/share/cmake/pybind11/pybind11Tools.cmake
[0.559s] -- Up-to-date: /home/roy/odri_dev/workspace/install/pybind11/share/cmake/pybind11/pybind11Targets.cmake
[0.586s] Invoked command in '/home/roy/odri_dev/workspace/build/pybind11' returned '0': /usr/bin/cmake --install /home/roy/odri_dev/workspace/build/pybind11
