[0.713s] Invoking command in '/home/roy/odri_dev/workspace/src/robot_properties_bolt': PYTHONPATH=/home/roy/odri_dev/workspace/install/robot_properties_bolt/lib/python3.8/site-packages:/home/roy/odri_dev/workspace/install/bullet_utils/lib/python3.8/site-packages:/opt/openrobots/lib/python2.7/site-packages:/opt/openrobots/lib/python2.7/site-packages /usr/bin/python3 setup.py egg_info --egg-base ../../build/robot_properties_bolt build --build-base /home/roy/odri_dev/workspace/build/robot_properties_bolt/build install --prefix /home/roy/odri_dev/workspace/install/robot_properties_bolt --record /home/roy/odri_dev/workspace/build/robot_properties_bolt/install.log --single-version-externally-managed
[0.983s] resources =  ['resources/impedance_ctrl.yaml', 'resources/dynamic_graph_manager/dgm_parameters_bolt.yaml', 'resources/odri_control_interface/bolt_driver.yaml', 'resources/xacro/bolt_passive_ankle.urdf.xacro', 'resources/xacro/bolt.urdf.xacro', 'resources/xacro/plane_with_restitution.urdf.xacro', 'resources/xacro/bolt.xacro', 'resources/xacro/leg.xacro', 'resources/meshes/checker_blue.png', 'resources/meshes/plane.obj', 'resources/meshes/plane.mtl', 'resources/meshes/obj/bolt_upper_leg_right_side.obj', 'resources/meshes/obj/bolt_hip_fe_left_side.obj', 'resources/meshes/obj/bolt_upper_leg_left_side.obj', 'resources/meshes/obj/bolt_lower_leg_right_side.obj', 'resources/meshes/obj/bolt_hip_fe_right_side.obj', 'resources/meshes/obj/bolt_body.obj', 'resources/meshes/obj/bolt_foot.obj', 'resources/meshes/obj/bolt_lower_leg_left_side.obj', 'resources/meshes/stl/lower_leg_200mm_right_side.stl', 'resources/meshes/stl/bolt_upper_leg_left_side.stl', 'resources/meshes/stl/upper_leg_200mm_right_side.stl', 'resources/meshes/stl/upper_leg_200mm_left_side.stl', 'resources/meshes/stl/bolt_hip_fe_right_side.stl', 'resources/meshes/stl/bolt_lower_leg_left_side.stl', 'resources/meshes/stl/bolt_foot.stl', 'resources/meshes/stl/lower_leg_200mm_left_side.stl', 'resources/meshes/stl/bolt_hip_fe_left_side.stl', 'resources/meshes/stl/bolt_lower_leg_right_side.stl', 'resources/meshes/stl/bolt_upper_leg_right_side.stl', 'resources/meshes/stl/bolt_body.stl']
[1.007s] running egg_info
[1.008s] writing ../../build/robot_properties_bolt/robot_properties_bolt.egg-info/PKG-INFO
[1.009s] writing dependency_links to ../../build/robot_properties_bolt/robot_properties_bolt.egg-info/dependency_links.txt
[1.009s] writing entry points to ../../build/robot_properties_bolt/robot_properties_bolt.egg-info/entry_points.txt
[1.009s] writing requirements to ../../build/robot_properties_bolt/robot_properties_bolt.egg-info/requires.txt
[1.009s] writing top-level names to ../../build/robot_properties_bolt/robot_properties_bolt.egg-info/top_level.txt
[1.012s] reading manifest file '../../build/robot_properties_bolt/robot_properties_bolt.egg-info/SOURCES.txt'
[1.015s] writing manifest file '../../build/robot_properties_bolt/robot_properties_bolt.egg-info/SOURCES.txt'
[1.015s] running build
[1.015s] running build_py
[1.015s] 
[1.025s] building xacro file ( /home/roy/odri_dev/workspace/src/robot_properties_bolt/src/robot_properties_bolt/resources/xacro/bolt_passive_ankle.urdf.xacro ) into ( /home/roy/odri_dev/workspace/build/robot_properties_bolt/build/lib/robot_properties_bolt/resources/urdf/bolt_passive_ankle.urdf )
[1.067s] building xacro file ( /home/roy/odri_dev/workspace/src/robot_properties_bolt/src/robot_properties_bolt/resources/xacro/bolt.urdf.xacro ) into ( /home/roy/odri_dev/workspace/build/robot_properties_bolt/build/lib/robot_properties_bolt/resources/urdf/bolt.urdf )
[1.105s] building xacro file ( /home/roy/odri_dev/workspace/src/robot_properties_bolt/src/robot_properties_bolt/resources/xacro/plane_with_restitution.urdf.xacro ) into ( /home/roy/odri_dev/workspace/build/robot_properties_bolt/build/lib/robot_properties_bolt/resources/urdf/plane_with_restitution.urdf )
[1.107s] building xacro file ( /home/roy/odri_dev/workspace/src/robot_properties_bolt/src/robot_properties_bolt/resources/xacro/bolt_passive_ankle.urdf.xacro ) into ( /home/roy/odri_dev/workspace/build/robot_properties_bolt/build/lib/robot_properties_bolt/resources/urdf/bolt_passive_ankle.urdf )
[1.146s] building xacro file ( /home/roy/odri_dev/workspace/src/robot_properties_bolt/src/robot_properties_bolt/resources/xacro/bolt.urdf.xacro ) into ( /home/roy/odri_dev/workspace/build/robot_properties_bolt/build/lib/robot_properties_bolt/resources/urdf/bolt.urdf )
[1.182s] building xacro file ( /home/roy/odri_dev/workspace/src/robot_properties_bolt/src/robot_properties_bolt/resources/xacro/plane_with_restitution.urdf.xacro ) into ( /home/roy/odri_dev/workspace/build/robot_properties_bolt/build/lib/robot_properties_bolt/resources/urdf/plane_with_restitution.urdf )
[1.184s] building xacro file ( /home/roy/odri_dev/workspace/src/robot_properties_bolt/src/robot_properties_bolt/resources/xacro/bolt_passive_ankle.urdf.xacro ) into ( /home/roy/odri_dev/workspace/build/robot_properties_bolt/build/lib/robot_properties_bolt/resources/urdf/bolt_passive_ankle.urdf )
[1.252s] building xacro file ( /home/roy/odri_dev/workspace/src/robot_properties_bolt/src/robot_properties_bolt/resources/xacro/bolt.urdf.xacro ) into ( /home/roy/odri_dev/workspace/build/robot_properties_bolt/build/lib/robot_properties_bolt/resources/urdf/bolt.urdf )
[1.287s] building xacro file ( /home/roy/odri_dev/workspace/src/robot_properties_bolt/src/robot_properties_bolt/resources/xacro/plane_with_restitution.urdf.xacro ) into ( /home/roy/odri_dev/workspace/build/robot_properties_bolt/build/lib/robot_properties_bolt/resources/urdf/plane_with_restitution.urdf )
[1.290s] running build_scripts
[1.290s] running install
[1.291s] running install_lib
[1.292s] copying /home/roy/odri_dev/workspace/build/robot_properties_bolt/build/lib/robot_properties_bolt/resources/urdf/bolt_passive_ankle.urdf -> /home/roy/odri_dev/workspace/install/robot_properties_bolt/lib/python3.8/site-packages/robot_properties_bolt/resources/urdf
[1.293s] copying /home/roy/odri_dev/workspace/build/robot_properties_bolt/build/lib/robot_properties_bolt/resources/urdf/bolt.urdf -> /home/roy/odri_dev/workspace/install/robot_properties_bolt/lib/python3.8/site-packages/robot_properties_bolt/resources/urdf
[1.293s] copying /home/roy/odri_dev/workspace/build/robot_properties_bolt/build/lib/robot_properties_bolt/resources/urdf/plane_with_restitution.urdf -> /home/roy/odri_dev/workspace/install/robot_properties_bolt/lib/python3.8/site-packages/robot_properties_bolt/resources/urdf
[1.294s] running install_data
[1.295s] running install_egg_info
[1.297s] removing '/home/roy/odri_dev/workspace/install/robot_properties_bolt/lib/python3.8/site-packages/robot_properties_bolt-1.0.0-py3.8.egg-info' (and everything under it)
[1.297s] Copying ../../build/robot_properties_bolt/robot_properties_bolt.egg-info to /home/roy/odri_dev/workspace/install/robot_properties_bolt/lib/python3.8/site-packages/robot_properties_bolt-1.0.0-py3.8.egg-info
[1.298s] running install_scripts
[1.317s] changing mode of /home/roy/odri_dev/workspace/install/robot_properties_bolt/lib/robot_properties_bolt/demo_display_bolt.py to 775
[1.317s] changing mode of /home/roy/odri_dev/workspace/install/robot_properties_bolt/lib/robot_properties_bolt/demo_display_bolt_meshcat.py to 775
[1.317s] changing mode of /home/roy/odri_dev/workspace/install/robot_properties_bolt/lib/robot_properties_bolt/demo_simulate_bolt.py to 775
[1.319s] writing list of installed files to '/home/roy/odri_dev/workspace/build/robot_properties_bolt/install.log'
[1.375s] Invoked command in '/home/roy/odri_dev/workspace/src/robot_properties_bolt' returned '0': PYTHONPATH=/home/roy/odri_dev/workspace/install/robot_properties_bolt/lib/python3.8/site-packages:/home/roy/odri_dev/workspace/install/bullet_utils/lib/python3.8/site-packages:/opt/openrobots/lib/python2.7/site-packages:/opt/openrobots/lib/python2.7/site-packages /usr/bin/python3 setup.py egg_info --egg-base ../../build/robot_properties_bolt build --build-base /home/roy/odri_dev/workspace/build/robot_properties_bolt/build install --prefix /home/roy/odri_dev/workspace/install/robot_properties_bolt --record /home/roy/odri_dev/workspace/build/robot_properties_bolt/install.log --single-version-externally-managed
