[0.105s] Invoking command in '/home/roy/odri_dev/workspace/build/mpi_cmake_modules': /usr/bin/cmake /home/roy/odri_dev/workspace/src/mpi_cmake_modules -DCMAKE_INSTALL_PREFIX=/home/roy/odri_dev/workspace/install/mpi_cmake_modules
[0.181s] -- The OS type is non-real-time
[0.678s] -- Configuring done
[0.700s] -- Generating done
[0.711s] -- Build files have been written to: /home/roy/odri_dev/workspace/build/mpi_cmake_modules
[0.714s] Invoked command in '/home/roy/odri_dev/workspace/build/mpi_cmake_modules' returned '0': /usr/bin/cmake /home/roy/odri_dev/workspace/src/mpi_cmake_modules -DCMAKE_INSTALL_PREFIX=/home/roy/odri_dev/workspace/install/mpi_cmake_modules
[0.719s] Invoking command in '/home/roy/odri_dev/workspace/build/mpi_cmake_modules': /usr/bin/cmake --build /home/roy/odri_dev/workspace/build/mpi_cmake_modules -- -j8 -l8
[0.822s] Invoked command in '/home/roy/odri_dev/workspace/build/mpi_cmake_modules' returned '0': /usr/bin/cmake --build /home/roy/odri_dev/workspace/build/mpi_cmake_modules -- -j8 -l8
[0.906s] Invoking command in '/home/roy/odri_dev/workspace/build/mpi_cmake_modules': /usr/bin/cmake --install /home/roy/odri_dev/workspace/build/mpi_cmake_modules
[0.929s] -- Install configuration: "Release"
[0.930s] -- Up-to-date: /home/roy/odri_dev/workspace/install/mpi_cmake_modules/share/mpi_cmake_modules/resources
[0.931s] -- Up-to-date: /home/roy/odri_dev/workspace/install/mpi_cmake_modules/share/mpi_cmake_modules/resources/Doxyfile.in
[0.931s] -- Up-to-date: /home/roy/odri_dev/workspace/install/mpi_cmake_modules/share/mpi_cmake_modules/resources/py_filter
[0.931s] -- Up-to-date: /home/roy/odri_dev/workspace/install/mpi_cmake_modules/share/mpi_cmake_modules/resources/_clang-format
[0.931s] -- Up-to-date: /home/roy/odri_dev/workspace/install/mpi_cmake_modules/share/mpi_cmake_modules/resources/sphinx
[0.932s] -- Up-to-date: /home/roy/odri_dev/workspace/install/mpi_cmake_modules/share/mpi_cmake_modules/resources/sphinx/sphinx
[0.932s] -- Up-to-date: /home/roy/odri_dev/workspace/install/mpi_cmake_modules/share/mpi_cmake_modules/resources/sphinx/sphinx/doxygen_index.rst.in
[0.933s] -- Up-to-date: /home/roy/odri_dev/workspace/install/mpi_cmake_modules/share/mpi_cmake_modules/resources/sphinx/sphinx/conf.py.in
[0.933s] -- Up-to-date: /home/roy/odri_dev/workspace/install/mpi_cmake_modules/share/mpi_cmake_modules/resources/sphinx/sphinx/conf.py
[0.933s] -- Up-to-date: /home/roy/odri_dev/workspace/install/mpi_cmake_modules/share/mpi_cmake_modules/resources/sphinx/sphinx/cmake_doc.rst.in
[0.933s] -- Up-to-date: /home/roy/odri_dev/workspace/install/mpi_cmake_modules/share/mpi_cmake_modules/resources/sphinx/sphinx/general_documentation.rst.in
[0.934s] -- Up-to-date: /home/roy/odri_dev/workspace/install/mpi_cmake_modules/share/mpi_cmake_modules/resources/sphinx/sphinx/doxygen_index_one_page.rst.in
[0.934s] -- Up-to-date: /home/roy/odri_dev/workspace/install/mpi_cmake_modules/share/mpi_cmake_modules/resources/sphinx/sphinx/index.rst.in
[0.934s] -- Up-to-date: /home/roy/odri_dev/workspace/install/mpi_cmake_modules/share/mpi_cmake_modules/resources/sphinx/doxygen
[0.935s] -- Up-to-date: /home/roy/odri_dev/workspace/install/mpi_cmake_modules/share/mpi_cmake_modules/resources/sphinx/doxygen/Doxyfile.in
[0.935s] -- Up-to-date: /home/roy/odri_dev/workspace/install/mpi_cmake_modules/share/mpi_cmake_modules/resources/dg_python_module.cc.in
[0.935s] -- Up-to-date: /home/roy/odri_dev/workspace/install/mpi_cmake_modules/share/mpi_cmake_modules/resources/__init__.py.empty.in
[0.936s] -- Up-to-date: /home/roy/odri_dev/workspace/install/mpi_cmake_modules/lib/python3.8/site-packages/mpi_cmake_modules
[0.938s] -- Up-to-date: /home/roy/odri_dev/workspace/install/mpi_cmake_modules/lib/python3.8/site-packages/mpi_cmake_modules/documentation_builder.py
[0.938s] -- Up-to-date: /home/roy/odri_dev/workspace/install/mpi_cmake_modules/lib/python3.8/site-packages/mpi_cmake_modules/cmake_format.py
[0.938s] -- Up-to-date: /home/roy/odri_dev/workspace/install/mpi_cmake_modules/lib/python3.8/site-packages/mpi_cmake_modules/cpp_format.py
[0.939s] -- Up-to-date: /home/roy/odri_dev/workspace/install/mpi_cmake_modules/lib/python3.8/site-packages/mpi_cmake_modules/__init__.py
[0.939s] -- Up-to-date: /home/roy/odri_dev/workspace/install/mpi_cmake_modules/lib/python3.8/site-packages/mpi_cmake_modules/python_format.py
[0.940s] -- Up-to-date: /home/roy/odri_dev/workspace/install/mpi_cmake_modules/lib/python3.8/site-packages/mpi_cmake_modules/utils.py
[0.940s] -- Up-to-date: /home/roy/odri_dev/workspace/install/mpi_cmake_modules/lib/python3.8/site-packages/mpi_cmake_modules/yaml2oneline.py
[0.941s] -- Up-to-date: /home/roy/odri_dev/workspace/install/mpi_cmake_modules/share/mpi_cmake_modules/cmake
[0.941s] -- Up-to-date: /home/roy/odri_dev/workspace/install/mpi_cmake_modules/share/mpi_cmake_modules/cmake/dynamic_graph.cmake
[0.942s] -- Up-to-date: /home/roy/odri_dev/workspace/install/mpi_cmake_modules/share/mpi_cmake_modules/cmake/xacro.cmake
[0.942s] -- Up-to-date: /home/roy/odri_dev/workspace/install/mpi_cmake_modules/share/mpi_cmake_modules/cmake/xenomai.cmake
[0.943s] -- Up-to-date: /home/roy/odri_dev/workspace/install/mpi_cmake_modules/share/mpi_cmake_modules/cmake/get_python_install_dir.cmake
[0.943s] -- Up-to-date: /home/roy/odri_dev/workspace/install/mpi_cmake_modules/share/mpi_cmake_modules/cmake/install_scripts.cmake
[0.944s] -- Up-to-date: /home/roy/odri_dev/workspace/install/mpi_cmake_modules/share/mpi_cmake_modules/cmake/generate_cmake_package.cmake
[0.944s] -- Up-to-date: /home/roy/odri_dev/workspace/install/mpi_cmake_modules/share/mpi_cmake_modules/cmake/sphinx.cmake
[0.945s] -- Up-to-date: /home/roy/odri_dev/workspace/install/mpi_cmake_modules/share/mpi_cmake_modules/cmake/global_calls.cmake
[0.946s] -- Up-to-date: /home/roy/odri_dev/workspace/install/mpi_cmake_modules/share/mpi_cmake_modules/cmake/find_modules
[0.946s] -- Up-to-date: /home/roy/odri_dev/workspace/install/mpi_cmake_modules/share/mpi_cmake_modules/cmake/find_modules/python
[0.946s] -- Up-to-date: /home/roy/odri_dev/workspace/install/mpi_cmake_modules/share/mpi_cmake_modules/cmake/find_modules/python/FindPython.cmake.backup
[0.946s] -- Up-to-date: /home/roy/odri_dev/workspace/install/mpi_cmake_modules/share/mpi_cmake_modules/cmake/find_modules/python/Support.cmake.backup
[0.947s] -- Up-to-date: /home/roy/odri_dev/workspace/install/mpi_cmake_modules/share/mpi_cmake_modules/cmake/find_modules/python/FindPython.cmake
[0.948s] -- Up-to-date: /home/roy/odri_dev/workspace/install/mpi_cmake_modules/share/mpi_cmake_modules/cmake/find_modules/Findrt.cmake
[0.948s] -- Up-to-date: /home/roy/odri_dev/workspace/install/mpi_cmake_modules/share/mpi_cmake_modules/cmake/find_modules/FindZeroMQ.cmake
[0.950s] -- Up-to-date: /home/roy/odri_dev/workspace/install/mpi_cmake_modules/share/mpi_cmake_modules/cmake/find_modules/XenomaiConfig.cmake
[0.957s] -- Up-to-date: /home/roy/odri_dev/workspace/install/mpi_cmake_modules/share/mpi_cmake_modules/cmake/find_modules/Findcereal.cmake
[0.958s] -- Up-to-date: /home/roy/odri_dev/workspace/install/mpi_cmake_modules/share/mpi_cmake_modules/cmake/find_modules/FindZeroMQPP.cmake
[0.958s] -- Up-to-date: /home/roy/odri_dev/workspace/install/mpi_cmake_modules/share/mpi_cmake_modules/cmake/find_modules/FindPythonModules.cmake
[0.959s] -- Up-to-date: /home/roy/odri_dev/workspace/install/mpi_cmake_modules/share/mpi_cmake_modules/cmake/get_python_interpreter.cmake
[0.959s] -- Up-to-date: /home/roy/odri_dev/workspace/install/mpi_cmake_modules/share/mpi_cmake_modules/cmake/doxygen.cmake
[0.960s] -- Up-to-date: /home/roy/odri_dev/workspace/install/mpi_cmake_modules/share/mpi_cmake_modules/cmake/print_target_properties.cmake
[0.960s] -- Up-to-date: /home/roy/odri_dev/workspace/install/mpi_cmake_modules/share/mpi_cmake_modules/cmake/pybind11.cmake
[0.960s] -- Up-to-date: /home/roy/odri_dev/workspace/install/mpi_cmake_modules/share/mpi_cmake_modules/cmake/boost_python.cmake
[0.960s] -- Up-to-date: /home/roy/odri_dev/workspace/install/mpi_cmake_modules/share/mpi_cmake_modules/cmake/os_detection.cmake
[0.961s] -- Up-to-date: /home/roy/odri_dev/workspace/install/mpi_cmake_modules/share/mpi_cmake_modules/cmake/find_modules.cmake
[0.961s] -- Up-to-date: /home/roy/odri_dev/workspace/install/mpi_cmake_modules/share/mpi_cmake_modules/cmake/documentation.cmake
[0.962s] -- Up-to-date: /home/roy/odri_dev/workspace/install/mpi_cmake_modules/bin/mpi_cpp_format
[0.962s] -- Up-to-date: /home/roy/odri_dev/workspace/install/mpi_cmake_modules/bin/mpi_python_format
[0.962s] -- Up-to-date: /home/roy/odri_dev/workspace/install/mpi_cmake_modules/bin/mpi_cmake_format
[0.962s] -- Up-to-date: /home/roy/odri_dev/workspace/install/mpi_cmake_modules/bin/mpi_code_format
[0.963s] -- Up-to-date: /home/roy/odri_dev/workspace/install/mpi_cmake_modules/bin/mpi_doc_build
[0.963s] -- Up-to-date: /home/roy/odri_dev/workspace/install/mpi_cmake_modules/lib/python3.8/site-packages/mpi_cmake_modules/resources
[0.964s] -- Up-to-date: /home/roy/odri_dev/workspace/install/mpi_cmake_modules/lib/python3.8/site-packages/mpi_cmake_modules/resources/Doxyfile.in
[0.964s] -- Up-to-date: /home/roy/odri_dev/workspace/install/mpi_cmake_modules/lib/python3.8/site-packages/mpi_cmake_modules/resources/py_filter
[0.965s] -- Up-to-date: /home/roy/odri_dev/workspace/install/mpi_cmake_modules/lib/python3.8/site-packages/mpi_cmake_modules/resources/_clang-format
[0.965s] -- Up-to-date: /home/roy/odri_dev/workspace/install/mpi_cmake_modules/lib/python3.8/site-packages/mpi_cmake_modules/resources/sphinx
[0.965s] -- Up-to-date: /home/roy/odri_dev/workspace/install/mpi_cmake_modules/lib/python3.8/site-packages/mpi_cmake_modules/resources/sphinx/sphinx
[0.970s] -- Up-to-date: /home/roy/odri_dev/workspace/install/mpi_cmake_modules/lib/python3.8/site-packages/mpi_cmake_modules/resources/sphinx/sphinx/doxygen_index.rst.in
[0.970s] -- Up-to-date: /home/roy/odri_dev/workspace/install/mpi_cmake_modules/lib/python3.8/site-packages/mpi_cmake_modules/resources/sphinx/sphinx/conf.py.in
[0.971s] -- Up-to-date: /home/roy/odri_dev/workspace/install/mpi_cmake_modules/lib/python3.8/site-packages/mpi_cmake_modules/resources/sphinx/sphinx/conf.py
[0.971s] -- Up-to-date: /home/roy/odri_dev/workspace/install/mpi_cmake_modules/lib/python3.8/site-packages/mpi_cmake_modules/resources/sphinx/sphinx/cmake_doc.rst.in
[0.972s] -- Up-to-date: /home/roy/odri_dev/workspace/install/mpi_cmake_modules/lib/python3.8/site-packages/mpi_cmake_modules/resources/sphinx/sphinx/general_documentation.rst.in
[0.972s] -- Up-to-date: /home/roy/odri_dev/workspace/install/mpi_cmake_modules/lib/python3.8/site-packages/mpi_cmake_modules/resources/sphinx/sphinx/doxygen_index_one_page.rst.in
[0.972s] -- Up-to-date: /home/roy/odri_dev/workspace/install/mpi_cmake_modules/lib/python3.8/site-packages/mpi_cmake_modules/resources/sphinx/sphinx/index.rst.in
[0.973s] -- Up-to-date: /home/roy/odri_dev/workspace/install/mpi_cmake_modules/lib/python3.8/site-packages/mpi_cmake_modules/resources/sphinx/doxygen
[0.973s] -- Up-to-date: /home/roy/odri_dev/workspace/install/mpi_cmake_modules/lib/python3.8/site-packages/mpi_cmake_modules/resources/sphinx/doxygen/Doxyfile.in
[0.973s] -- Up-to-date: /home/roy/odri_dev/workspace/install/mpi_cmake_modules/lib/python3.8/site-packages/mpi_cmake_modules/resources/dg_python_module.cc.in
[0.973s] -- Up-to-date: /home/roy/odri_dev/workspace/install/mpi_cmake_modules/lib/python3.8/site-packages/mpi_cmake_modules/resources/__init__.py.empty.in
[0.974s] -- Up-to-date: /home/roy/odri_dev/workspace/install/mpi_cmake_modules/share/mpi_cmake_modules/cmake/mpi_cmake_modulesConfig.cmake
[0.974s] -- Up-to-date: /home/roy/odri_dev/workspace/install/mpi_cmake_modules/share/mpi_cmake_modules/cmake/mpi_cmake_modulesConfigVersion.cmake
[0.975s] Invoked command in '/home/roy/odri_dev/workspace/build/mpi_cmake_modules' returned '0': /usr/bin/cmake --install /home/roy/odri_dev/workspace/build/mpi_cmake_modules
