-- Looking for pthread.h
-- Looking for pthread.h - found
-- Performing Test CMAKE_HAVE_LIBC_PTHREAD
-- Performing Test CMAKE_HAVE_LIBC_PTHREAD - Failed
-- Looking for pthread_create in pthreads
-- Looking for pthread_create in pthreads - not found
-- Looking for pthread_create in pthread
-- Looking for pthread_create in pthread - found
-- Found Threads: TRUE  
-- Configuring done
-- Generating done
-- Build files have been written to: /home/roy/odri_dev/workspace/build/yaml_utils
[35m[1mScanning dependencies of target test_yaml_utils[0m
[ 33%] [32mBuilding CXX object CMakeFiles/test_yaml_utils.dir/tests/gtest_main.cpp.o[0m
[ 66%] [32mBuilding CXX object CMakeFiles/test_yaml_utils.dir/tests/test_yaml_tools.cpp.o[0m
[100%] [32m[1mLinking CXX executable test_yaml_utils[0m
[100%] Built target test_yaml_utils
-- Install configuration: "Release"
-- Installing: /home/roy/odri_dev/workspace/install/yaml_utils/include
-- Installing: /home/roy/odri_dev/workspace/install/yaml_utils/include/yaml_utils
-- Installing: /home/roy/odri_dev/workspace/install/yaml_utils/include/yaml_utils/yaml_cpp_fwd.hpp
-- Installing: /home/roy/odri_dev/workspace/install/yaml_utils/include/yaml_utils/yaml_eigen.hpp
-- Installing: /home/roy/odri_dev/workspace/install/yaml_utils/include/yaml_utils/yaml_tools.hpp
-- Installing: /home/roy/odri_dev/workspace/install/yaml_utils/share/yaml_utils/cmake/yaml_utilsConfig.cmake
-- Installing: /home/roy/odri_dev/workspace/install/yaml_utils/share/yaml_utils/cmake/yaml_utilsConfigVersion.cmake
-- Installing: /home/roy/odri_dev/workspace/install/yaml_utils/share/yaml_utils/cmake/yaml_utilsTargets.cmake
