[0.009s] Invoking command in '/home/roy/odri_dev/workspace/build/yaml_utils': CMAKE_PREFIX_PATH=/home/roy/odri_dev/workspace/install/googletest-distribution:/opt/openrobots:/opt/openrobots /usr/bin/cmake /home/roy/odri_dev/workspace/src/yaml_utils -DCMAKE_BUILD_TYPE=Release -DCMAKE_INSTALL_PREFIX=/home/roy/odri_dev/workspace/install/yaml_utils
[0.044s] -- Looking for pthread.h
[0.148s] -- Looking for pthread.h - found
[0.148s] -- Performing Test CMAKE_HAVE_LIBC_PTHREAD
[0.260s] -- Performing Test CMAKE_HAVE_LIBC_PTHREAD - Failed
[0.260s] -- Looking for pthread_create in pthreads
[0.350s] -- Looking for pthread_create in pthreads - not found
[0.350s] -- Looking for pthread_create in pthread
[0.448s] -- Looking for pthread_create in pthread - found
[0.450s] -- Found Threads: TRUE  
[0.459s] -- Configuring done
[0.471s] -- Generating done
[0.474s] -- Build files have been written to: /home/roy/odri_dev/workspace/build/yaml_utils
[0.477s] Invoked command in '/home/roy/odri_dev/workspace/build/yaml_utils' returned '0': CMAKE_PREFIX_PATH=/home/roy/odri_dev/workspace/install/googletest-distribution:/opt/openrobots:/opt/openrobots /usr/bin/cmake /home/roy/odri_dev/workspace/src/yaml_utils -DCMAKE_BUILD_TYPE=Release -DCMAKE_INSTALL_PREFIX=/home/roy/odri_dev/workspace/install/yaml_utils
[0.481s] Invoking command in '/home/roy/odri_dev/workspace/build/yaml_utils': CMAKE_PREFIX_PATH=/home/roy/odri_dev/workspace/install/googletest-distribution:/opt/openrobots:/opt/openrobots /usr/bin/cmake --build /home/roy/odri_dev/workspace/build/yaml_utils -- -j8 -l8
[0.538s] [35m[1mScanning dependencies of target test_yaml_utils[0m
[0.585s] [ 33%] [32mBuilding CXX object CMakeFiles/test_yaml_utils.dir/tests/gtest_main.cpp.o[0m
[0.589s] [ 66%] [32mBuilding CXX object CMakeFiles/test_yaml_utils.dir/tests/test_yaml_tools.cpp.o[0m
[4.606s] [100%] [32m[1mLinking CXX executable test_yaml_utils[0m
[4.758s] [100%] Built target test_yaml_utils
[4.777s] Invoked command in '/home/roy/odri_dev/workspace/build/yaml_utils' returned '0': CMAKE_PREFIX_PATH=/home/roy/odri_dev/workspace/install/googletest-distribution:/opt/openrobots:/opt/openrobots /usr/bin/cmake --build /home/roy/odri_dev/workspace/build/yaml_utils -- -j8 -l8
[4.826s] Invoking command in '/home/roy/odri_dev/workspace/build/yaml_utils': CMAKE_PREFIX_PATH=/home/roy/odri_dev/workspace/install/googletest-distribution:/opt/openrobots:/opt/openrobots /usr/bin/cmake --install /home/roy/odri_dev/workspace/build/yaml_utils
[4.842s] -- Install configuration: "Release"
[4.842s] -- Installing: /home/roy/odri_dev/workspace/install/yaml_utils/include
[4.842s] -- Installing: /home/roy/odri_dev/workspace/install/yaml_utils/include/yaml_utils
[4.843s] -- Installing: /home/roy/odri_dev/workspace/install/yaml_utils/include/yaml_utils/yaml_cpp_fwd.hpp
[4.843s] -- Installing: /home/roy/odri_dev/workspace/install/yaml_utils/include/yaml_utils/yaml_eigen.hpp
[4.843s] -- Installing: /home/roy/odri_dev/workspace/install/yaml_utils/include/yaml_utils/yaml_tools.hpp
[4.843s] -- Installing: /home/roy/odri_dev/workspace/install/yaml_utils/share/yaml_utils/cmake/yaml_utilsConfig.cmake
[4.843s] -- Installing: /home/roy/odri_dev/workspace/install/yaml_utils/share/yaml_utils/cmake/yaml_utilsConfigVersion.cmake
[4.844s] -- Installing: /home/roy/odri_dev/workspace/install/yaml_utils/share/yaml_utils/cmake/yaml_utilsTargets.cmake
[4.852s] Invoked command in '/home/roy/odri_dev/workspace/build/yaml_utils' returned '0': CMAKE_PREFIX_PATH=/home/roy/odri_dev/workspace/install/googletest-distribution:/opt/openrobots:/opt/openrobots /usr/bin/cmake --install /home/roy/odri_dev/workspace/build/yaml_utils
