[0.444s] DEBUG:colcon:Command line arguments: ['/usr/local/bin/colcon', 'build', '--cmake-args', '-DCMAKE_BUILD_TYPE=Release']
[0.445s] DEBUG:colcon:Parsed command line arguments: Namespace(ament_cmake_args=None, base_paths=['.'], build_base='build', catkin_cmake_args=None, catkin_skip_building_tests=False, cmake_args=['-DCMAKE_BUILD_TYPE=Release'], cmake_clean_cache=False, cmake_clean_first=False, cmake_force_configure=False, cmake_target=None, cmake_target_skip_unavailable=False, continue_on_error=False, event_handlers=None, executor='parallel', ignore_user_meta=False, install_base='install', log_base=None, log_level=None, main=<bound method BuildVerb.main of <colcon_core.verb.build.BuildVerb object at 0x7f8f2e993f40>>, merge_install=False, metas=['./colcon.meta'], packages_above=None, packages_above_and_dependencies=None, packages_above_depth=None, packages_end=None, packages_ignore=None, packages_ignore_regex=None, packages_select=None, packages_select_build_failed=False, packages_select_by_dep=None, packages_select_regex=None, packages_select_test_failures=False, packages_skip=None, packages_skip_build_finished=False, packages_skip_by_dep=None, packages_skip_regex=None, packages_skip_test_passed=False, packages_skip_up_to=None, packages_start=None, packages_up_to=None, packages_up_to_regex=None, parallel_workers=8, paths=None, symlink_install=False, test_result_base=None, verb_extension=<colcon_core.verb.build.BuildVerb object at 0x7f8f2e993f40>, verb_name='build', verb_parser=<colcon_defaults.argument_parser.defaults.DefaultArgumentsDecorator object at 0x7f8f2ea0a490>)
[0.460s] Level 1:colcon.colcon_core.package_discovery:discover_packages(colcon_meta) check parameters
[0.460s] Level 1:colcon.colcon_core.package_discovery:discover_packages(recursive) check parameters
[0.460s] Level 1:colcon.colcon_core.package_discovery:discover_packages(ignore) check parameters
[0.460s] Level 1:colcon.colcon_core.package_discovery:discover_packages(path) check parameters
[0.460s] Level 1:colcon.colcon_core.package_discovery:discover_packages(colcon_meta) discover
[0.461s] Level 1:colcon.colcon_core.package_discovery:discover_packages(recursive) discover
[0.461s] INFO:colcon.colcon_core.package_discovery:Crawling recursively for packages in '/home/roy/odri_dev/workspace'
[0.461s] Level 1:colcon.colcon_core.package_identification:_identify(.) by extensions ['ignore', 'ignore_ament_install']
[0.461s] Level 1:colcon.colcon_core.package_identification:_identify(.) by extension 'ignore'
[0.461s] Level 1:colcon.colcon_core.package_identification:_identify(.) by extension 'ignore_ament_install'
[0.461s] Level 1:colcon.colcon_core.package_identification:_identify(.) by extensions ['colcon_pkg']
[0.461s] Level 1:colcon.colcon_core.package_identification:_identify(.) by extension 'colcon_pkg'
[0.461s] Level 1:colcon.colcon_core.package_identification:_identify(.) by extensions ['colcon_meta']
[0.461s] Level 1:colcon.colcon_core.package_identification:_identify(.) by extension 'colcon_meta'
[0.461s] Level 1:colcon.colcon_core.package_identification:_identify(.) by extensions ['ros']
[0.461s] Level 1:colcon.colcon_core.package_identification:_identify(.) by extension 'ros'
[0.530s] Level 1:colcon.colcon_core.package_identification:_identify(.) by extensions ['cmake', 'python']
[0.530s] Level 1:colcon.colcon_core.package_identification:_identify(.) by extension 'cmake'
[0.530s] Level 1:colcon.colcon_core.package_identification:_identify(.) by extension 'python'
[0.530s] Level 1:colcon.colcon_core.package_identification:_identify(.) by extensions ['python_setup_py']
[0.530s] Level 1:colcon.colcon_core.package_identification:_identify(.) by extension 'python_setup_py'
[0.530s] Level 1:colcon.colcon_core.package_identification:_identify(build) by extensions ['ignore', 'ignore_ament_install']
[0.530s] Level 1:colcon.colcon_core.package_identification:_identify(build) by extension 'ignore'
[0.530s] Level 1:colcon.colcon_core.package_identification:_identify(build) ignored
[0.531s] Level 1:colcon.colcon_core.package_identification:_identify(install) by extensions ['ignore', 'ignore_ament_install']
[0.531s] Level 1:colcon.colcon_core.package_identification:_identify(install) by extension 'ignore'
[0.531s] Level 1:colcon.colcon_core.package_identification:_identify(install) ignored
[0.531s] Level 1:colcon.colcon_core.package_identification:_identify(log) by extensions ['ignore', 'ignore_ament_install']
[0.531s] Level 1:colcon.colcon_core.package_identification:_identify(log) by extension 'ignore'
[0.531s] Level 1:colcon.colcon_core.package_identification:_identify(log) ignored
[0.531s] Level 1:colcon.colcon_core.package_identification:_identify(src) by extensions ['ignore', 'ignore_ament_install']
[0.531s] Level 1:colcon.colcon_core.package_identification:_identify(src) by extension 'ignore'
[0.531s] Level 1:colcon.colcon_core.package_identification:_identify(src) by extension 'ignore_ament_install'
[0.531s] Level 1:colcon.colcon_core.package_identification:_identify(src) by extensions ['colcon_pkg']
[0.531s] Level 1:colcon.colcon_core.package_identification:_identify(src) by extension 'colcon_pkg'
[0.531s] Level 1:colcon.colcon_core.package_identification:_identify(src) by extensions ['colcon_meta']
[0.531s] Level 1:colcon.colcon_core.package_identification:_identify(src) by extension 'colcon_meta'
[0.531s] Level 1:colcon.colcon_core.package_identification:_identify(src) by extensions ['ros']
[0.531s] Level 1:colcon.colcon_core.package_identification:_identify(src) by extension 'ros'
[0.531s] Level 1:colcon.colcon_core.package_identification:_identify(src) by extensions ['cmake', 'python']
[0.531s] Level 1:colcon.colcon_core.package_identification:_identify(src) by extension 'cmake'
[0.531s] Level 1:colcon.colcon_core.package_identification:_identify(src) by extension 'python'
[0.532s] Level 1:colcon.colcon_core.package_identification:_identify(src) by extensions ['python_setup_py']
[0.532s] Level 1:colcon.colcon_core.package_identification:_identify(src) by extension 'python_setup_py'
[0.532s] Level 1:colcon.colcon_core.package_identification:_identify(src/bullet_utils) by extensions ['ignore', 'ignore_ament_install']
[0.532s] Level 1:colcon.colcon_core.package_identification:_identify(src/bullet_utils) by extension 'ignore'
[0.532s] Level 1:colcon.colcon_core.package_identification:_identify(src/bullet_utils) by extension 'ignore_ament_install'
[0.532s] Level 1:colcon.colcon_core.package_identification:_identify(src/bullet_utils) by extensions ['colcon_pkg']
[0.532s] Level 1:colcon.colcon_core.package_identification:_identify(src/bullet_utils) by extension 'colcon_pkg'
[0.532s] Level 1:colcon.colcon_core.package_identification:_identify(src/bullet_utils) by extensions ['colcon_meta']
[0.532s] Level 1:colcon.colcon_core.package_identification:_identify(src/bullet_utils) by extension 'colcon_meta'
[0.532s] Level 1:colcon.colcon_core.package_identification:_identify(src/bullet_utils) by extensions ['ros']
[0.532s] Level 1:colcon.colcon_core.package_identification:_identify(src/bullet_utils) by extension 'ros'
[0.532s] Level 1:colcon.colcon_core.package_identification:_identify(src/bullet_utils) by extensions ['cmake', 'python']
[0.532s] Level 1:colcon.colcon_core.package_identification:_identify(src/bullet_utils) by extension 'cmake'
[0.532s] Level 1:colcon.colcon_core.package_identification:_identify(src/bullet_utils) by extension 'python'
[0.532s] DEBUG:colcon.colcon_core.package_identification:Python package in 'src/bullet_utils' passes arguments to the setup() function which requires a different identification extension than 'python'
[0.532s] Level 1:colcon.colcon_core.package_identification:_identify(src/bullet_utils) by extensions ['python_setup_py']
[0.532s] Level 1:colcon.colcon_core.package_identification:_identify(src/bullet_utils) by extension 'python_setup_py'
[0.748s] DEBUG:colcon.colcon_core.package_identification:Package 'src/bullet_utils' with type 'python' and name 'bullet_utils'
[0.748s] Level 1:colcon.colcon_core.package_identification:_identify(src/googletest) by extensions ['ignore', 'ignore_ament_install']
[0.749s] Level 1:colcon.colcon_core.package_identification:_identify(src/googletest) by extension 'ignore'
[0.749s] Level 1:colcon.colcon_core.package_identification:_identify(src/googletest) by extension 'ignore_ament_install'
[0.749s] Level 1:colcon.colcon_core.package_identification:_identify(src/googletest) by extensions ['colcon_pkg']
[0.749s] Level 1:colcon.colcon_core.package_identification:_identify(src/googletest) by extension 'colcon_pkg'
[0.749s] Level 1:colcon.colcon_core.package_identification:_identify(src/googletest) by extensions ['colcon_meta']
[0.749s] Level 1:colcon.colcon_core.package_identification:_identify(src/googletest) by extension 'colcon_meta'
[0.750s] Level 1:colcon.colcon_core.package_identification:_identify(src/googletest) by extensions ['ros']
[0.750s] Level 1:colcon.colcon_core.package_identification:_identify(src/googletest) by extension 'ros'
[0.750s] Level 1:colcon.colcon_core.package_identification:_identify(src/googletest) by extensions ['cmake', 'python']
[0.750s] Level 1:colcon.colcon_core.package_identification:_identify(src/googletest) by extension 'cmake'
[0.757s] Level 1:colcon.colcon_core.package_identification:_identify(src/googletest) by extension 'python'
[0.757s] DEBUG:colcon.colcon_core.package_identification:Package 'src/googletest' with type 'cmake' and name 'googletest-distribution'
[0.757s] Level 1:colcon.colcon_core.package_identification:_identify(src/mim_control) by extensions ['ignore', 'ignore_ament_install']
[0.757s] Level 1:colcon.colcon_core.package_identification:_identify(src/mim_control) by extension 'ignore'
[0.757s] Level 1:colcon.colcon_core.package_identification:_identify(src/mim_control) by extension 'ignore_ament_install'
[0.757s] Level 1:colcon.colcon_core.package_identification:_identify(src/mim_control) by extensions ['colcon_pkg']
[0.758s] Level 1:colcon.colcon_core.package_identification:_identify(src/mim_control) by extension 'colcon_pkg'
[0.758s] Level 1:colcon.colcon_core.package_identification:_identify(src/mim_control) by extensions ['colcon_meta']
[0.758s] Level 1:colcon.colcon_core.package_identification:_identify(src/mim_control) by extension 'colcon_meta'
[0.758s] Level 1:colcon.colcon_core.package_identification:_identify(src/mim_control) by extensions ['ros']
[0.758s] Level 1:colcon.colcon_core.package_identification:_identify(src/mim_control) by extension 'ros'
[0.759s] Level 1:colcon.colcon_core.package_identification:_identify(src/mim_control) by extensions ['cmake', 'python']
[0.759s] Level 1:colcon.colcon_core.package_identification:_identify(src/mim_control) by extension 'cmake'
[0.759s] Level 1:colcon.colcon_core.package_identification:_identify(src/mim_control) by extension 'python'
[0.760s] DEBUG:colcon.colcon_core.package_identification:Package 'src/mim_control' with type 'cmake' and name 'mim_control'
[0.760s] Level 1:colcon.colcon_core.package_identification:_identify(src/mpi_cmake_modules) by extensions ['ignore', 'ignore_ament_install']
[0.760s] Level 1:colcon.colcon_core.package_identification:_identify(src/mpi_cmake_modules) by extension 'ignore'
[0.760s] Level 1:colcon.colcon_core.package_identification:_identify(src/mpi_cmake_modules) by extension 'ignore_ament_install'
[0.760s] Level 1:colcon.colcon_core.package_identification:_identify(src/mpi_cmake_modules) by extensions ['colcon_pkg']
[0.760s] Level 1:colcon.colcon_core.package_identification:_identify(src/mpi_cmake_modules) by extension 'colcon_pkg'
[0.760s] Level 1:colcon.colcon_core.package_identification:_identify(src/mpi_cmake_modules) by extensions ['colcon_meta']
[0.760s] Level 1:colcon.colcon_core.package_identification:_identify(src/mpi_cmake_modules) by extension 'colcon_meta'
[0.760s] Level 1:colcon.colcon_core.package_identification:_identify(src/mpi_cmake_modules) by extensions ['ros']
[0.760s] Level 1:colcon.colcon_core.package_identification:_identify(src/mpi_cmake_modules) by extension 'ros'
[0.760s] Level 1:colcon.colcon_core.package_identification:_identify(src/mpi_cmake_modules) by extensions ['cmake', 'python']
[0.760s] Level 1:colcon.colcon_core.package_identification:_identify(src/mpi_cmake_modules) by extension 'cmake'
[0.773s] Level 1:colcon.colcon_core.package_identification:_identify(src/mpi_cmake_modules) by extension 'python'
[0.773s] DEBUG:colcon.colcon_core.package_identification:Package 'src/mpi_cmake_modules' with type 'cmake' and name 'mpi_cmake_modules'
[0.773s] Level 1:colcon.colcon_core.package_identification:_identify(src/pybind11) by extensions ['ignore', 'ignore_ament_install']
[0.773s] Level 1:colcon.colcon_core.package_identification:_identify(src/pybind11) by extension 'ignore'
[0.773s] Level 1:colcon.colcon_core.package_identification:_identify(src/pybind11) by extension 'ignore_ament_install'
[0.773s] Level 1:colcon.colcon_core.package_identification:_identify(src/pybind11) by extensions ['colcon_pkg']
[0.773s] Level 1:colcon.colcon_core.package_identification:_identify(src/pybind11) by extension 'colcon_pkg'
[0.773s] Level 1:colcon.colcon_core.package_identification:_identify(src/pybind11) by extensions ['colcon_meta']
[0.773s] Level 1:colcon.colcon_core.package_identification:_identify(src/pybind11) by extension 'colcon_meta'
[0.773s] Level 1:colcon.colcon_core.package_identification:_identify(src/pybind11) by extensions ['ros']
[0.773s] Level 1:colcon.colcon_core.package_identification:_identify(src/pybind11) by extension 'ros'
[0.773s] Level 1:colcon.colcon_core.package_identification:_identify(src/pybind11) by extensions ['cmake', 'python']
[0.773s] Level 1:colcon.colcon_core.package_identification:_identify(src/pybind11) by extension 'cmake'
[0.778s] Level 1:colcon.colcon_core.package_identification:_identify(src/pybind11) by extension 'python'
[0.778s] DEBUG:colcon.colcon_core.package_identification:Python package in 'src/pybind11' passes arguments to the setup() function which requires a different identification extension than 'python'
[0.778s] DEBUG:colcon.colcon_core.package_identification:Package 'src/pybind11' with type 'cmake' and name 'pybind11'
[0.778s] Level 1:colcon.colcon_core.package_identification:_identify(src/reactive_planners) by extensions ['ignore', 'ignore_ament_install']
[0.779s] Level 1:colcon.colcon_core.package_identification:_identify(src/reactive_planners) by extension 'ignore'
[0.779s] Level 1:colcon.colcon_core.package_identification:_identify(src/reactive_planners) by extension 'ignore_ament_install'
[0.779s] Level 1:colcon.colcon_core.package_identification:_identify(src/reactive_planners) by extensions ['colcon_pkg']
[0.779s] Level 1:colcon.colcon_core.package_identification:_identify(src/reactive_planners) by extension 'colcon_pkg'
[0.779s] Level 1:colcon.colcon_core.package_identification:_identify(src/reactive_planners) by extensions ['colcon_meta']
[0.779s] Level 1:colcon.colcon_core.package_identification:_identify(src/reactive_planners) by extension 'colcon_meta'
[0.779s] Level 1:colcon.colcon_core.package_identification:_identify(src/reactive_planners) by extensions ['ros']
[0.779s] Level 1:colcon.colcon_core.package_identification:_identify(src/reactive_planners) by extension 'ros'
[0.779s] Level 1:colcon.colcon_core.package_identification:_identify(src/reactive_planners) by extensions ['cmake', 'python']
[0.779s] Level 1:colcon.colcon_core.package_identification:_identify(src/reactive_planners) by extension 'cmake'
[0.780s] Level 1:colcon.colcon_core.package_identification:_identify(src/reactive_planners) by extension 'python'
[0.780s] DEBUG:colcon.colcon_core.package_identification:Package 'src/reactive_planners' with type 'cmake' and name 'reactive_planners'
[0.781s] Level 1:colcon.colcon_core.package_identification:_identify(src/real_time_tools) by extensions ['ignore', 'ignore_ament_install']
[0.781s] Level 1:colcon.colcon_core.package_identification:_identify(src/real_time_tools) by extension 'ignore'
[0.781s] Level 1:colcon.colcon_core.package_identification:_identify(src/real_time_tools) by extension 'ignore_ament_install'
[0.781s] Level 1:colcon.colcon_core.package_identification:_identify(src/real_time_tools) by extensions ['colcon_pkg']
[0.781s] Level 1:colcon.colcon_core.package_identification:_identify(src/real_time_tools) by extension 'colcon_pkg'
[0.781s] Level 1:colcon.colcon_core.package_identification:_identify(src/real_time_tools) by extensions ['colcon_meta']
[0.781s] Level 1:colcon.colcon_core.package_identification:_identify(src/real_time_tools) by extension 'colcon_meta'
[0.781s] Level 1:colcon.colcon_core.package_identification:_identify(src/real_time_tools) by extensions ['ros']
[0.781s] Level 1:colcon.colcon_core.package_identification:_identify(src/real_time_tools) by extension 'ros'
[0.781s] Level 1:colcon.colcon_core.package_identification:_identify(src/real_time_tools) by extensions ['cmake', 'python']
[0.781s] Level 1:colcon.colcon_core.package_identification:_identify(src/real_time_tools) by extension 'cmake'
[0.782s] Level 1:colcon.colcon_core.package_identification:_identify(src/real_time_tools) by extension 'python'
[0.782s] DEBUG:colcon.colcon_core.package_identification:Package 'src/real_time_tools' with type 'cmake' and name 'real_time_tools'
[0.782s] Level 1:colcon.colcon_core.package_identification:_identify(src/robot_properties_bolt) by extensions ['ignore', 'ignore_ament_install']
[0.783s] Level 1:colcon.colcon_core.package_identification:_identify(src/robot_properties_bolt) by extension 'ignore'
[0.783s] Level 1:colcon.colcon_core.package_identification:_identify(src/robot_properties_bolt) by extension 'ignore_ament_install'
[0.783s] Level 1:colcon.colcon_core.package_identification:_identify(src/robot_properties_bolt) by extensions ['colcon_pkg']
[0.783s] Level 1:colcon.colcon_core.package_identification:_identify(src/robot_properties_bolt) by extension 'colcon_pkg'
[0.783s] Level 1:colcon.colcon_core.package_identification:_identify(src/robot_properties_bolt) by extensions ['colcon_meta']
[0.783s] Level 1:colcon.colcon_core.package_identification:_identify(src/robot_properties_bolt) by extension 'colcon_meta'
[0.783s] Level 1:colcon.colcon_core.package_identification:_identify(src/robot_properties_bolt) by extensions ['ros']
[0.783s] Level 1:colcon.colcon_core.package_identification:_identify(src/robot_properties_bolt) by extension 'ros'
[0.786s] DEBUG:colcon.colcon_core.package_identification:Package 'src/robot_properties_bolt' with type 'ros.ament_python' and name 'robot_properties_bolt'
[0.786s] Level 1:colcon.colcon_core.package_identification:_identify(src/robot_properties_solo) by extensions ['ignore', 'ignore_ament_install']
[0.786s] Level 1:colcon.colcon_core.package_identification:_identify(src/robot_properties_solo) by extension 'ignore'
[0.786s] Level 1:colcon.colcon_core.package_identification:_identify(src/robot_properties_solo) by extension 'ignore_ament_install'
[0.786s] Level 1:colcon.colcon_core.package_identification:_identify(src/robot_properties_solo) by extensions ['colcon_pkg']
[0.786s] Level 1:colcon.colcon_core.package_identification:_identify(src/robot_properties_solo) by extension 'colcon_pkg'
[0.786s] Level 1:colcon.colcon_core.package_identification:_identify(src/robot_properties_solo) by extensions ['colcon_meta']
[0.786s] Level 1:colcon.colcon_core.package_identification:_identify(src/robot_properties_solo) by extension 'colcon_meta'
[0.786s] Level 1:colcon.colcon_core.package_identification:_identify(src/robot_properties_solo) by extensions ['ros']
[0.786s] Level 1:colcon.colcon_core.package_identification:_identify(src/robot_properties_solo) by extension 'ros'
[0.787s] DEBUG:colcon.colcon_core.package_identification:Package 'src/robot_properties_solo' with type 'ros.ament_python' and name 'robot_properties_solo'
[0.787s] Level 1:colcon.colcon_core.package_identification:_identify(src/yaml_utils) by extensions ['ignore', 'ignore_ament_install']
[0.787s] Level 1:colcon.colcon_core.package_identification:_identify(src/yaml_utils) by extension 'ignore'
[0.787s] Level 1:colcon.colcon_core.package_identification:_identify(src/yaml_utils) by extension 'ignore_ament_install'
[0.787s] Level 1:colcon.colcon_core.package_identification:_identify(src/yaml_utils) by extensions ['colcon_pkg']
[0.788s] Level 1:colcon.colcon_core.package_identification:_identify(src/yaml_utils) by extension 'colcon_pkg'
[0.788s] Level 1:colcon.colcon_core.package_identification:_identify(src/yaml_utils) by extensions ['colcon_meta']
[0.788s] Level 1:colcon.colcon_core.package_identification:_identify(src/yaml_utils) by extension 'colcon_meta'
[0.788s] Level 1:colcon.colcon_core.package_identification:_identify(src/yaml_utils) by extensions ['ros']
[0.788s] Level 1:colcon.colcon_core.package_identification:_identify(src/yaml_utils) by extension 'ros'
[0.788s] Level 1:colcon.colcon_core.package_identification:_identify(src/yaml_utils) by extensions ['cmake', 'python']
[0.788s] Level 1:colcon.colcon_core.package_identification:_identify(src/yaml_utils) by extension 'cmake'
[0.789s] Level 1:colcon.colcon_core.package_identification:_identify(src/yaml_utils) by extension 'python'
[0.789s] DEBUG:colcon.colcon_core.package_identification:Package 'src/yaml_utils' with type 'cmake' and name 'yaml_utils'
[0.789s] Level 1:colcon.colcon_core.package_discovery:discover_packages(recursive) using defaults
[0.789s] Level 1:colcon.colcon_core.package_discovery:discover_packages(ignore) discover
[0.789s] Level 1:colcon.colcon_core.package_discovery:discover_packages(ignore) using defaults
[0.789s] Level 1:colcon.colcon_core.package_discovery:discover_packages(path) discover
[0.789s] Level 1:colcon.colcon_core.package_discovery:discover_packages(path) using defaults
[0.816s] INFO:colcon.colcon_metadata.metadata.colcon_pkg:Updating descriptor of package 'src/mim_control' from colcon.pkg: {'test-dependencies': ['googletest-distribution', 'robot_properties_solo', 'robot_properties_bolt', 'robot_properties_teststand']}
[0.817s] INFO:colcon.colcon_metadata.metadata.colcon_pkg:Updating descriptor of package 'src/reactive_planners' from colcon.pkg: {'test-dependencies': ['googletest-distribution']}
[0.817s] INFO:colcon.colcon_metadata.metadata.colcon_pkg:Updating descriptor of package 'src/real_time_tools' from colcon.pkg: {'test-dependencies': ['googletest-distribution']}
[0.817s] INFO:colcon.colcon_metadata.metadata.colcon_pkg:Updating descriptor of package 'src/yaml_utils' from colcon.pkg: {'test-dependencies': ['googletest-distribution']}
[0.832s] Level 5:colcon.colcon_core.verb:set package 'googletest-distribution' build argument 'cmake_args' from command line to '['-DCMAKE_BUILD_TYPE=Release']'
[0.832s] Level 5:colcon.colcon_core.verb:set package 'googletest-distribution' build argument 'cmake_target' from command line to 'None'
[0.832s] Level 5:colcon.colcon_core.verb:set package 'googletest-distribution' build argument 'cmake_target_skip_unavailable' from command line to 'False'
[0.832s] Level 5:colcon.colcon_core.verb:set package 'googletest-distribution' build argument 'cmake_clean_cache' from command line to 'False'
[0.832s] Level 5:colcon.colcon_core.verb:set package 'googletest-distribution' build argument 'cmake_clean_first' from command line to 'False'
[0.832s] Level 5:colcon.colcon_core.verb:set package 'googletest-distribution' build argument 'cmake_force_configure' from command line to 'False'
[0.832s] Level 5:colcon.colcon_core.verb:set package 'googletest-distribution' build argument 'ament_cmake_args' from command line to 'None'
[0.832s] Level 5:colcon.colcon_core.verb:set package 'googletest-distribution' build argument 'catkin_cmake_args' from command line to 'None'
[0.832s] Level 5:colcon.colcon_core.verb:set package 'googletest-distribution' build argument 'catkin_skip_building_tests' from command line to 'False'
[0.832s] DEBUG:colcon.colcon_core.verb:Building package 'googletest-distribution' with the following arguments: {'ament_cmake_args': None, 'build_base': '/home/roy/odri_dev/workspace/build/googletest-distribution', 'catkin_cmake_args': None, 'catkin_skip_building_tests': False, 'cmake_args': ['-DCMAKE_BUILD_TYPE=Release'], 'cmake_clean_cache': False, 'cmake_clean_first': False, 'cmake_force_configure': False, 'cmake_target': None, 'cmake_target_skip_unavailable': False, 'install_base': '/home/roy/odri_dev/workspace/install/googletest-distribution', 'merge_install': False, 'path': '/home/roy/odri_dev/workspace/src/googletest', 'symlink_install': False, 'test_result_base': None}
[0.840s] Level 5:colcon.colcon_core.verb:set package 'mpi_cmake_modules' build argument 'cmake_args' from command line to '['-DCMAKE_BUILD_TYPE=Release']'
[0.840s] Level 5:colcon.colcon_core.verb:set package 'mpi_cmake_modules' build argument 'cmake_target' from command line to 'None'
[0.840s] Level 5:colcon.colcon_core.verb:set package 'mpi_cmake_modules' build argument 'cmake_target_skip_unavailable' from command line to 'False'
[0.840s] Level 5:colcon.colcon_core.verb:set package 'mpi_cmake_modules' build argument 'cmake_clean_cache' from command line to 'False'
[0.840s] Level 5:colcon.colcon_core.verb:set package 'mpi_cmake_modules' build argument 'cmake_clean_first' from command line to 'False'
[0.840s] Level 5:colcon.colcon_core.verb:set package 'mpi_cmake_modules' build argument 'cmake_force_configure' from command line to 'False'
[0.840s] Level 5:colcon.colcon_core.verb:set package 'mpi_cmake_modules' build argument 'ament_cmake_args' from command line to 'None'
[0.840s] Level 5:colcon.colcon_core.verb:set package 'mpi_cmake_modules' build argument 'catkin_cmake_args' from command line to 'None'
[0.840s] Level 5:colcon.colcon_core.verb:set package 'mpi_cmake_modules' build argument 'catkin_skip_building_tests' from command line to 'False'
[0.840s] DEBUG:colcon.colcon_core.verb:Building package 'mpi_cmake_modules' with the following arguments: {'ament_cmake_args': None, 'build_base': '/home/roy/odri_dev/workspace/build/mpi_cmake_modules', 'catkin_cmake_args': None, 'catkin_skip_building_tests': False, 'cmake_args': ['-DCMAKE_BUILD_TYPE=Release'], 'cmake_clean_cache': False, 'cmake_clean_first': False, 'cmake_force_configure': False, 'cmake_target': None, 'cmake_target_skip_unavailable': False, 'install_base': '/home/roy/odri_dev/workspace/install/mpi_cmake_modules', 'merge_install': False, 'path': '/home/roy/odri_dev/workspace/src/mpi_cmake_modules', 'symlink_install': False, 'test_result_base': None}
[0.848s] Level 5:colcon.colcon_core.verb:set package 'pybind11' build argument 'cmake_args' from command line to '['-DCMAKE_BUILD_TYPE=Release']'
[0.848s] Level 5:colcon.colcon_core.verb:set package 'pybind11' build argument 'cmake_target' from command line to 'None'
[0.848s] Level 5:colcon.colcon_core.verb:set package 'pybind11' build argument 'cmake_target_skip_unavailable' from command line to 'False'
[0.848s] Level 5:colcon.colcon_core.verb:set package 'pybind11' build argument 'cmake_clean_cache' from command line to 'False'
[0.848s] Level 5:colcon.colcon_core.verb:set package 'pybind11' build argument 'cmake_clean_first' from command line to 'False'
[0.848s] Level 5:colcon.colcon_core.verb:set package 'pybind11' build argument 'cmake_force_configure' from command line to 'False'
[0.848s] Level 5:colcon.colcon_core.verb:set package 'pybind11' build argument 'ament_cmake_args' from command line to 'None'
[0.848s] Level 5:colcon.colcon_core.verb:set package 'pybind11' build argument 'catkin_cmake_args' from command line to 'None'
[0.848s] Level 5:colcon.colcon_core.verb:set package 'pybind11' build argument 'catkin_skip_building_tests' from command line to 'False'
[0.848s] DEBUG:colcon.colcon_core.verb:Building package 'pybind11' with the following arguments: {'ament_cmake_args': None, 'build_base': '/home/roy/odri_dev/workspace/build/pybind11', 'catkin_cmake_args': None, 'catkin_skip_building_tests': False, 'cmake_args': ['-DCMAKE_BUILD_TYPE=Release'], 'cmake_clean_cache': False, 'cmake_clean_first': False, 'cmake_force_configure': False, 'cmake_target': None, 'cmake_target_skip_unavailable': False, 'install_base': '/home/roy/odri_dev/workspace/install/pybind11', 'merge_install': False, 'path': '/home/roy/odri_dev/workspace/src/pybind11', 'symlink_install': False, 'test_result_base': None}
[0.856s] Level 5:colcon.colcon_core.verb:set package 'bullet_utils' build argument 'cmake_args' from command line to '['-DCMAKE_BUILD_TYPE=Release']'
[0.856s] Level 5:colcon.colcon_core.verb:set package 'bullet_utils' build argument 'cmake_target' from command line to 'None'
[0.856s] Level 5:colcon.colcon_core.verb:set package 'bullet_utils' build argument 'cmake_target_skip_unavailable' from command line to 'False'
[0.856s] Level 5:colcon.colcon_core.verb:set package 'bullet_utils' build argument 'cmake_clean_cache' from command line to 'False'
[0.856s] Level 5:colcon.colcon_core.verb:set package 'bullet_utils' build argument 'cmake_clean_first' from command line to 'False'
[0.856s] Level 5:colcon.colcon_core.verb:set package 'bullet_utils' build argument 'cmake_force_configure' from command line to 'False'
[0.856s] Level 5:colcon.colcon_core.verb:set package 'bullet_utils' build argument 'ament_cmake_args' from command line to 'None'
[0.856s] Level 5:colcon.colcon_core.verb:set package 'bullet_utils' build argument 'catkin_cmake_args' from command line to 'None'
[0.856s] Level 5:colcon.colcon_core.verb:set package 'bullet_utils' build argument 'catkin_skip_building_tests' from command line to 'False'
[0.856s] DEBUG:colcon.colcon_core.verb:Building package 'bullet_utils' with the following arguments: {'ament_cmake_args': None, 'build_base': '/home/roy/odri_dev/workspace/build/bullet_utils', 'catkin_cmake_args': None, 'catkin_skip_building_tests': False, 'cmake_args': ['-DCMAKE_BUILD_TYPE=Release'], 'cmake_clean_cache': False, 'cmake_clean_first': False, 'cmake_force_configure': False, 'cmake_target': None, 'cmake_target_skip_unavailable': False, 'install_base': '/home/roy/odri_dev/workspace/install/bullet_utils', 'merge_install': False, 'path': '/home/roy/odri_dev/workspace/src/bullet_utils', 'symlink_install': False, 'test_result_base': None}
[0.864s] Level 5:colcon.colcon_core.verb:set package 'real_time_tools' build argument 'cmake_args' from command line to '['-DCMAKE_BUILD_TYPE=Release']'
[0.864s] Level 5:colcon.colcon_core.verb:set package 'real_time_tools' build argument 'cmake_target' from command line to 'None'
[0.864s] Level 5:colcon.colcon_core.verb:set package 'real_time_tools' build argument 'cmake_target_skip_unavailable' from command line to 'False'
[0.864s] Level 5:colcon.colcon_core.verb:set package 'real_time_tools' build argument 'cmake_clean_cache' from command line to 'False'
[0.864s] Level 5:colcon.colcon_core.verb:set package 'real_time_tools' build argument 'cmake_clean_first' from command line to 'False'
[0.864s] Level 5:colcon.colcon_core.verb:set package 'real_time_tools' build argument 'cmake_force_configure' from command line to 'False'
[0.864s] Level 5:colcon.colcon_core.verb:set package 'real_time_tools' build argument 'ament_cmake_args' from command line to 'None'
[0.864s] Level 5:colcon.colcon_core.verb:set package 'real_time_tools' build argument 'catkin_cmake_args' from command line to 'None'
[0.864s] Level 5:colcon.colcon_core.verb:set package 'real_time_tools' build argument 'catkin_skip_building_tests' from command line to 'False'
[0.864s] DEBUG:colcon.colcon_core.verb:Building package 'real_time_tools' with the following arguments: {'ament_cmake_args': None, 'build_base': '/home/roy/odri_dev/workspace/build/real_time_tools', 'catkin_cmake_args': None, 'catkin_skip_building_tests': False, 'cmake_args': ['-DCMAKE_BUILD_TYPE=Release'], 'cmake_clean_cache': False, 'cmake_clean_first': False, 'cmake_force_configure': False, 'cmake_target': None, 'cmake_target_skip_unavailable': False, 'install_base': '/home/roy/odri_dev/workspace/install/real_time_tools', 'merge_install': False, 'path': '/home/roy/odri_dev/workspace/src/real_time_tools', 'symlink_install': False, 'test_result_base': None}
[0.872s] Level 5:colcon.colcon_core.verb:set package 'yaml_utils' build argument 'cmake_args' from command line to '['-DCMAKE_BUILD_TYPE=Release']'
[0.872s] Level 5:colcon.colcon_core.verb:set package 'yaml_utils' build argument 'cmake_target' from command line to 'None'
[0.872s] Level 5:colcon.colcon_core.verb:set package 'yaml_utils' build argument 'cmake_target_skip_unavailable' from command line to 'False'
[0.872s] Level 5:colcon.colcon_core.verb:set package 'yaml_utils' build argument 'cmake_clean_cache' from command line to 'False'
[0.872s] Level 5:colcon.colcon_core.verb:set package 'yaml_utils' build argument 'cmake_clean_first' from command line to 'False'
[0.872s] Level 5:colcon.colcon_core.verb:set package 'yaml_utils' build argument 'cmake_force_configure' from command line to 'False'
[0.873s] Level 5:colcon.colcon_core.verb:set package 'yaml_utils' build argument 'ament_cmake_args' from command line to 'None'
[0.873s] Level 5:colcon.colcon_core.verb:set package 'yaml_utils' build argument 'catkin_cmake_args' from command line to 'None'
[0.873s] Level 5:colcon.colcon_core.verb:set package 'yaml_utils' build argument 'catkin_skip_building_tests' from command line to 'False'
[0.873s] DEBUG:colcon.colcon_core.verb:Building package 'yaml_utils' with the following arguments: {'ament_cmake_args': None, 'build_base': '/home/roy/odri_dev/workspace/build/yaml_utils', 'catkin_cmake_args': None, 'catkin_skip_building_tests': False, 'cmake_args': ['-DCMAKE_BUILD_TYPE=Release'], 'cmake_clean_cache': False, 'cmake_clean_first': False, 'cmake_force_configure': False, 'cmake_target': None, 'cmake_target_skip_unavailable': False, 'install_base': '/home/roy/odri_dev/workspace/install/yaml_utils', 'merge_install': False, 'path': '/home/roy/odri_dev/workspace/src/yaml_utils', 'symlink_install': False, 'test_result_base': None}
[0.880s] Level 5:colcon.colcon_core.verb:set package 'reactive_planners' build argument 'cmake_args' from command line to '['-DCMAKE_BUILD_TYPE=Release']'
[0.880s] Level 5:colcon.colcon_core.verb:set package 'reactive_planners' build argument 'cmake_target' from command line to 'None'
[0.880s] Level 5:colcon.colcon_core.verb:set package 'reactive_planners' build argument 'cmake_target_skip_unavailable' from command line to 'False'
[0.880s] Level 5:colcon.colcon_core.verb:set package 'reactive_planners' build argument 'cmake_clean_cache' from command line to 'False'
[0.881s] Level 5:colcon.colcon_core.verb:set package 'reactive_planners' build argument 'cmake_clean_first' from command line to 'False'
[0.881s] Level 5:colcon.colcon_core.verb:set package 'reactive_planners' build argument 'cmake_force_configure' from command line to 'False'
[0.881s] Level 5:colcon.colcon_core.verb:set package 'reactive_planners' build argument 'ament_cmake_args' from command line to 'None'
[0.881s] Level 5:colcon.colcon_core.verb:set package 'reactive_planners' build argument 'catkin_cmake_args' from command line to 'None'
[0.881s] Level 5:colcon.colcon_core.verb:set package 'reactive_planners' build argument 'catkin_skip_building_tests' from command line to 'False'
[0.881s] DEBUG:colcon.colcon_core.verb:Building package 'reactive_planners' with the following arguments: {'ament_cmake_args': None, 'build_base': '/home/roy/odri_dev/workspace/build/reactive_planners', 'catkin_cmake_args': None, 'catkin_skip_building_tests': False, 'cmake_args': ['-DCMAKE_BUILD_TYPE=Release'], 'cmake_clean_cache': False, 'cmake_clean_first': False, 'cmake_force_configure': False, 'cmake_target': None, 'cmake_target_skip_unavailable': False, 'install_base': '/home/roy/odri_dev/workspace/install/reactive_planners', 'merge_install': False, 'path': '/home/roy/odri_dev/workspace/src/reactive_planners', 'symlink_install': False, 'test_result_base': None}
[0.888s] Level 5:colcon.colcon_core.verb:set package 'robot_properties_bolt' build argument 'cmake_args' from command line to '['-DCMAKE_BUILD_TYPE=Release']'
[0.888s] Level 5:colcon.colcon_core.verb:set package 'robot_properties_bolt' build argument 'cmake_target' from command line to 'None'
[0.889s] Level 5:colcon.colcon_core.verb:set package 'robot_properties_bolt' build argument 'cmake_target_skip_unavailable' from command line to 'False'
[0.889s] Level 5:colcon.colcon_core.verb:set package 'robot_properties_bolt' build argument 'cmake_clean_cache' from command line to 'False'
[0.889s] Level 5:colcon.colcon_core.verb:set package 'robot_properties_bolt' build argument 'cmake_clean_first' from command line to 'False'
[0.889s] Level 5:colcon.colcon_core.verb:set package 'robot_properties_bolt' build argument 'cmake_force_configure' from command line to 'False'
[0.889s] Level 5:colcon.colcon_core.verb:set package 'robot_properties_bolt' build argument 'ament_cmake_args' from command line to 'None'
[0.889s] Level 5:colcon.colcon_core.verb:set package 'robot_properties_bolt' build argument 'catkin_cmake_args' from command line to 'None'
[0.889s] Level 5:colcon.colcon_core.verb:set package 'robot_properties_bolt' build argument 'catkin_skip_building_tests' from command line to 'False'
[0.889s] DEBUG:colcon.colcon_core.verb:Building package 'robot_properties_bolt' with the following arguments: {'ament_cmake_args': None, 'build_base': '/home/roy/odri_dev/workspace/build/robot_properties_bolt', 'catkin_cmake_args': None, 'catkin_skip_building_tests': False, 'cmake_args': ['-DCMAKE_BUILD_TYPE=Release'], 'cmake_clean_cache': False, 'cmake_clean_first': False, 'cmake_force_configure': False, 'cmake_target': None, 'cmake_target_skip_unavailable': False, 'install_base': '/home/roy/odri_dev/workspace/install/robot_properties_bolt', 'merge_install': False, 'path': '/home/roy/odri_dev/workspace/src/robot_properties_bolt', 'symlink_install': False, 'test_result_base': None}
[0.897s] Level 5:colcon.colcon_core.verb:set package 'robot_properties_solo' build argument 'cmake_args' from command line to '['-DCMAKE_BUILD_TYPE=Release']'
[0.897s] Level 5:colcon.colcon_core.verb:set package 'robot_properties_solo' build argument 'cmake_target' from command line to 'None'
[0.897s] Level 5:colcon.colcon_core.verb:set package 'robot_properties_solo' build argument 'cmake_target_skip_unavailable' from command line to 'False'
[0.897s] Level 5:colcon.colcon_core.verb:set package 'robot_properties_solo' build argument 'cmake_clean_cache' from command line to 'False'
[0.897s] Level 5:colcon.colcon_core.verb:set package 'robot_properties_solo' build argument 'cmake_clean_first' from command line to 'False'
[0.897s] Level 5:colcon.colcon_core.verb:set package 'robot_properties_solo' build argument 'cmake_force_configure' from command line to 'False'
[0.897s] Level 5:colcon.colcon_core.verb:set package 'robot_properties_solo' build argument 'ament_cmake_args' from command line to 'None'
[0.897s] Level 5:colcon.colcon_core.verb:set package 'robot_properties_solo' build argument 'catkin_cmake_args' from command line to 'None'
[0.897s] Level 5:colcon.colcon_core.verb:set package 'robot_properties_solo' build argument 'catkin_skip_building_tests' from command line to 'False'
[0.897s] DEBUG:colcon.colcon_core.verb:Building package 'robot_properties_solo' with the following arguments: {'ament_cmake_args': None, 'build_base': '/home/roy/odri_dev/workspace/build/robot_properties_solo', 'catkin_cmake_args': None, 'catkin_skip_building_tests': False, 'cmake_args': ['-DCMAKE_BUILD_TYPE=Release'], 'cmake_clean_cache': False, 'cmake_clean_first': False, 'cmake_force_configure': False, 'cmake_target': None, 'cmake_target_skip_unavailable': False, 'install_base': '/home/roy/odri_dev/workspace/install/robot_properties_solo', 'merge_install': False, 'path': '/home/roy/odri_dev/workspace/src/robot_properties_solo', 'symlink_install': False, 'test_result_base': None}
[0.905s] Level 5:colcon.colcon_core.verb:set package 'mim_control' build argument 'cmake_args' from command line to '['-DCMAKE_BUILD_TYPE=Release']'
[0.905s] Level 5:colcon.colcon_core.verb:set package 'mim_control' build argument 'cmake_target' from command line to 'None'
[0.905s] Level 5:colcon.colcon_core.verb:set package 'mim_control' build argument 'cmake_target_skip_unavailable' from command line to 'False'
[0.905s] Level 5:colcon.colcon_core.verb:set package 'mim_control' build argument 'cmake_clean_cache' from command line to 'False'
[0.905s] Level 5:colcon.colcon_core.verb:set package 'mim_control' build argument 'cmake_clean_first' from command line to 'False'
[0.905s] Level 5:colcon.colcon_core.verb:set package 'mim_control' build argument 'cmake_force_configure' from command line to 'False'
[0.905s] Level 5:colcon.colcon_core.verb:set package 'mim_control' build argument 'ament_cmake_args' from command line to 'None'
[0.905s] Level 5:colcon.colcon_core.verb:set package 'mim_control' build argument 'catkin_cmake_args' from command line to 'None'
[0.905s] Level 5:colcon.colcon_core.verb:set package 'mim_control' build argument 'catkin_skip_building_tests' from command line to 'False'
[0.905s] DEBUG:colcon.colcon_core.verb:Building package 'mim_control' with the following arguments: {'ament_cmake_args': None, 'build_base': '/home/roy/odri_dev/workspace/build/mim_control', 'catkin_cmake_args': None, 'catkin_skip_building_tests': False, 'cmake_args': ['-DCMAKE_BUILD_TYPE=Release'], 'cmake_clean_cache': False, 'cmake_clean_first': False, 'cmake_force_configure': False, 'cmake_target': None, 'cmake_target_skip_unavailable': False, 'install_base': '/home/roy/odri_dev/workspace/install/mim_control', 'merge_install': False, 'path': '/home/roy/odri_dev/workspace/src/mim_control', 'symlink_install': False, 'test_result_base': None}
[0.907s] INFO:colcon.colcon_core.executor:Executing jobs using 'parallel' executor
[0.921s] DEBUG:colcon.colcon_parallel_executor.executor.parallel:run_until_complete
[0.921s] INFO:colcon.colcon_cmake.task.cmake.build:Building CMake package in '/home/roy/odri_dev/workspace/src/googletest'
[0.931s] INFO:colcon.colcon_core.plugin_system:Skipping extension 'colcon_core.shell.bat': Not used on non-Windows systems
[0.931s] INFO:colcon.colcon_core.shell:Skip shell extension 'powershell' for command environment: Not usable outside of PowerShell
[0.931s] DEBUG:colcon.colcon_core.shell:Skip shell extension 'dsv' for command environment
[0.941s] INFO:colcon.colcon_cmake.task.cmake.build:Building CMake package in '/home/roy/odri_dev/workspace/src/mpi_cmake_modules'
[0.947s] INFO:colcon.colcon_core.shell:Skip shell extension 'powershell' for command environment: Not usable outside of PowerShell
[0.948s] DEBUG:colcon.colcon_core.shell:Skip shell extension 'dsv' for command environment
[0.956s] INFO:colcon.colcon_cmake.task.cmake.build:Building CMake package in '/home/roy/odri_dev/workspace/src/pybind11'
[0.963s] INFO:colcon.colcon_core.shell:Skip shell extension 'powershell' for command environment: Not usable outside of PowerShell
[0.964s] DEBUG:colcon.colcon_core.shell:Skip shell extension 'dsv' for command environment
[0.984s] DEBUG:colcon.colcon_core.event_handler.log_command:Invoking command in '/home/roy/odri_dev/workspace/build/googletest-distribution': /usr/bin/cmake --build /home/roy/odri_dev/workspace/build/googletest-distribution -- -j8 -l8
[0.991s] DEBUG:colcon.colcon_core.event_handler.log_command:Invoking command in '/home/roy/odri_dev/workspace/build/mpi_cmake_modules': /usr/bin/cmake --build /home/roy/odri_dev/workspace/build/mpi_cmake_modules -- -j8 -l8
[1.005s] DEBUG:colcon.colcon_core.event_handler.log_command:Invoking command in '/home/roy/odri_dev/workspace/build/pybind11': /usr/bin/cmake --build /home/roy/odri_dev/workspace/build/pybind11 -- -j8 -l8
[1.039s] DEBUG:colcon.colcon_core.event_handler.log_command:Invoked command in '/home/roy/odri_dev/workspace/build/mpi_cmake_modules' returned '0': /usr/bin/cmake --build /home/roy/odri_dev/workspace/build/mpi_cmake_modules -- -j8 -l8
[1.087s] DEBUG:colcon.colcon_core.event_handler.log_command:Invoking command in '/home/roy/odri_dev/workspace/build/mpi_cmake_modules': /usr/bin/cmake --install /home/roy/odri_dev/workspace/build/mpi_cmake_modules
[1.118s] Level 1:colcon.colcon_core.environment:create_environment_scripts_only(mpi_cmake_modules)
[1.127s] DEBUG:colcon.colcon_core.event_handler.log_command:Invoked command in '/home/roy/odri_dev/workspace/build/mpi_cmake_modules' returned '0': /usr/bin/cmake --install /home/roy/odri_dev/workspace/build/mpi_cmake_modules
[1.143s] Level 1:colcon.colcon_core.environment:checking '/home/roy/odri_dev/workspace/install/mpi_cmake_modules' for CMake module files
[1.144s] Level 1:colcon.colcon_core.environment:checking '/home/roy/odri_dev/workspace/install/mpi_cmake_modules' for CMake config files
[1.144s] Level 1:colcon.colcon_core.shell:create_environment_hook('mpi_cmake_modules', 'cmake_prefix_path')
[1.160s] INFO:colcon.colcon_core.shell:Creating environment hook '/home/roy/odri_dev/workspace/install/mpi_cmake_modules/share/mpi_cmake_modules/hook/cmake_prefix_path.ps1'
[1.162s] INFO:colcon.colcon_core.shell:Creating environment descriptor '/home/roy/odri_dev/workspace/install/mpi_cmake_modules/share/mpi_cmake_modules/hook/cmake_prefix_path.dsv'
[1.162s] INFO:colcon.colcon_core.shell:Creating environment hook '/home/roy/odri_dev/workspace/install/mpi_cmake_modules/share/mpi_cmake_modules/hook/cmake_prefix_path.sh'
[1.164s] Level 1:colcon.colcon_core.environment:checking '/home/roy/odri_dev/workspace/install/mpi_cmake_modules/lib'
[1.165s] Level 1:colcon.colcon_core.environment:checking '/home/roy/odri_dev/workspace/install/mpi_cmake_modules/bin'
[1.165s] Level 1:colcon.colcon_core.shell:create_environment_hook('mpi_cmake_modules', 'path')
[1.177s] INFO:colcon.colcon_core.shell:Creating environment hook '/home/roy/odri_dev/workspace/install/mpi_cmake_modules/share/mpi_cmake_modules/hook/path.ps1'
[1.179s] INFO:colcon.colcon_core.shell:Creating environment descriptor '/home/roy/odri_dev/workspace/install/mpi_cmake_modules/share/mpi_cmake_modules/hook/path.dsv'
[1.179s] INFO:colcon.colcon_core.shell:Creating environment hook '/home/roy/odri_dev/workspace/install/mpi_cmake_modules/share/mpi_cmake_modules/hook/path.sh'
[1.180s] Level 1:colcon.colcon_core.environment:checking '/home/roy/odri_dev/workspace/install/mpi_cmake_modules/lib/pkgconfig/mpi_cmake_modules.pc'
[1.181s] Level 1:colcon.colcon_core.environment:checking '/home/roy/odri_dev/workspace/install/mpi_cmake_modules/lib/python3.8/site-packages'
[1.181s] Level 1:colcon.colcon_core.shell:create_environment_hook('mpi_cmake_modules', 'pythonpath')
[1.193s] INFO:colcon.colcon_core.shell:Creating environment hook '/home/roy/odri_dev/workspace/install/mpi_cmake_modules/share/mpi_cmake_modules/hook/pythonpath.ps1'
[1.194s] INFO:colcon.colcon_core.shell:Creating environment descriptor '/home/roy/odri_dev/workspace/install/mpi_cmake_modules/share/mpi_cmake_modules/hook/pythonpath.dsv'
[1.195s] INFO:colcon.colcon_core.shell:Creating environment hook '/home/roy/odri_dev/workspace/install/mpi_cmake_modules/share/mpi_cmake_modules/hook/pythonpath.sh'
[1.209s] INFO:colcon.colcon_core.shell:Creating package script '/home/roy/odri_dev/workspace/install/mpi_cmake_modules/share/mpi_cmake_modules/package.ps1'
[1.211s] INFO:colcon.colcon_core.shell:Creating package descriptor '/home/roy/odri_dev/workspace/install/mpi_cmake_modules/share/mpi_cmake_modules/package.dsv'
[1.212s] INFO:colcon.colcon_core.shell:Creating package script '/home/roy/odri_dev/workspace/install/mpi_cmake_modules/share/mpi_cmake_modules/package.sh'
[1.214s] INFO:colcon.colcon_core.shell:Creating package script '/home/roy/odri_dev/workspace/install/mpi_cmake_modules/share/mpi_cmake_modules/package.bash'
[1.216s] INFO:colcon.colcon_core.shell:Creating package script '/home/roy/odri_dev/workspace/install/mpi_cmake_modules/share/mpi_cmake_modules/package.zsh'
[1.217s] Level 1:colcon.colcon_core.environment:create_file_with_runtime_dependencies(/home/roy/odri_dev/workspace/install/mpi_cmake_modules/share/colcon-core/packages/mpi_cmake_modules)
[1.219s] INFO:colcon.colcon_core.task.python.build:Building Python package in '/home/roy/odri_dev/workspace/src/bullet_utils'
[1.232s] INFO:colcon.colcon_core.shell:Skip shell extension 'powershell' for command environment: Not usable outside of PowerShell
[1.232s] DEBUG:colcon.colcon_core.shell:Skip shell extension 'dsv' for command environment
[2.010s] DEBUG:colcon.colcon_core.event_handler.log_command:Invoking command in '/home/roy/odri_dev/workspace/src/bullet_utils': CMAKE_PREFIX_PATH=/home/roy/odri_dev/workspace/install/mpi_cmake_modules PATH=/home/roy/odri_dev/workspace/install/mpi_cmake_modules/bin:${PATH} PYTHONPATH=/home/roy/odri_dev/workspace/install/bullet_utils/lib/python3.8/site-packages:/home/roy/odri_dev/workspace/install/mpi_cmake_modules/lib/python3.8/site-packages /usr/bin/python3 setup.py egg_info --egg-base ../../build/bullet_utils build --build-base /home/roy/odri_dev/workspace/build/bullet_utils/build install --prefix /home/roy/odri_dev/workspace/install/bullet_utils --record /home/roy/odri_dev/workspace/build/bullet_utils/install.log --single-version-externally-managed
[8.142s] DEBUG:colcon.colcon_core.event_handler.log_command:Invoked command in '/home/roy/odri_dev/workspace/src/bullet_utils' returned '0': CMAKE_PREFIX_PATH=/home/roy/odri_dev/workspace/install/mpi_cmake_modules PATH=/home/roy/odri_dev/workspace/install/mpi_cmake_modules/bin:${PATH} PYTHONPATH=/home/roy/odri_dev/workspace/install/bullet_utils/lib/python3.8/site-packages:/home/roy/odri_dev/workspace/install/mpi_cmake_modules/lib/python3.8/site-packages /usr/bin/python3 setup.py egg_info --egg-base ../../build/bullet_utils build --build-base /home/roy/odri_dev/workspace/build/bullet_utils/build install --prefix /home/roy/odri_dev/workspace/install/bullet_utils --record /home/roy/odri_dev/workspace/build/bullet_utils/install.log --single-version-externally-managed
[8.152s] Level 1:colcon.colcon_core.environment:checking '/home/roy/odri_dev/workspace/install/bullet_utils' for CMake module files
[8.153s] Level 1:colcon.colcon_core.environment:checking '/home/roy/odri_dev/workspace/install/bullet_utils' for CMake config files
[8.155s] Level 1:colcon.colcon_core.environment:checking '/home/roy/odri_dev/workspace/install/bullet_utils/lib'
[8.155s] Level 1:colcon.colcon_core.environment:checking '/home/roy/odri_dev/workspace/install/bullet_utils/bin'
[8.155s] Level 1:colcon.colcon_core.environment:checking '/home/roy/odri_dev/workspace/install/bullet_utils/lib/pkgconfig/bullet_utils.pc'
[8.156s] Level 1:colcon.colcon_core.environment:checking '/home/roy/odri_dev/workspace/install/bullet_utils/lib/python3.8/site-packages'
[8.156s] Level 1:colcon.colcon_core.shell:create_environment_hook('bullet_utils', 'pythonpath')
[8.197s] INFO:colcon.colcon_core.shell:Creating environment hook '/home/roy/odri_dev/workspace/install/bullet_utils/share/bullet_utils/hook/pythonpath.ps1'
[8.199s] INFO:colcon.colcon_core.shell:Creating environment descriptor '/home/roy/odri_dev/workspace/install/bullet_utils/share/bullet_utils/hook/pythonpath.dsv'
[8.200s] INFO:colcon.colcon_core.shell:Creating environment hook '/home/roy/odri_dev/workspace/install/bullet_utils/share/bullet_utils/hook/pythonpath.sh'
[8.201s] Level 1:colcon.colcon_core.environment:create_environment_scripts_only(bullet_utils)
[8.227s] INFO:colcon.colcon_core.shell:Creating package script '/home/roy/odri_dev/workspace/install/bullet_utils/share/bullet_utils/package.ps1'
[8.241s] INFO:colcon.colcon_core.shell:Creating package descriptor '/home/roy/odri_dev/workspace/install/bullet_utils/share/bullet_utils/package.dsv'
[8.242s] INFO:colcon.colcon_core.shell:Creating package script '/home/roy/odri_dev/workspace/install/bullet_utils/share/bullet_utils/package.sh'
[8.244s] INFO:colcon.colcon_core.shell:Creating package script '/home/roy/odri_dev/workspace/install/bullet_utils/share/bullet_utils/package.bash'
[8.245s] INFO:colcon.colcon_core.shell:Creating package script '/home/roy/odri_dev/workspace/install/bullet_utils/share/bullet_utils/package.zsh'
[8.246s] Level 1:colcon.colcon_core.environment:create_file_with_runtime_dependencies(/home/roy/odri_dev/workspace/install/bullet_utils/share/colcon-core/packages/bullet_utils)
[8.248s] INFO:colcon.colcon_ros.task.ament_python.build:Building ROS package in '/home/roy/odri_dev/workspace/src/robot_properties_bolt' with build type 'ament_python'
[8.248s] Level 1:colcon.colcon_core.shell:create_environment_hook('robot_properties_bolt', 'ament_prefix_path')
[8.267s] INFO:colcon.colcon_core.shell:Creating environment hook '/home/roy/odri_dev/workspace/install/robot_properties_bolt/share/robot_properties_bolt/hook/ament_prefix_path.ps1'
[8.271s] INFO:colcon.colcon_core.shell:Creating environment descriptor '/home/roy/odri_dev/workspace/install/robot_properties_bolt/share/robot_properties_bolt/hook/ament_prefix_path.dsv'
[8.281s] INFO:colcon.colcon_core.shell:Creating environment hook '/home/roy/odri_dev/workspace/install/robot_properties_bolt/share/robot_properties_bolt/hook/ament_prefix_path.sh'
[8.306s] INFO:colcon.colcon_core.shell:Skip shell extension 'powershell' for command environment: Not usable outside of PowerShell
[8.307s] DEBUG:colcon.colcon_core.shell:Skip shell extension 'dsv' for command environment
[8.357s] INFO:colcon.colcon_ros.task.ament_python.build:Building ROS package in '/home/roy/odri_dev/workspace/src/robot_properties_solo' with build type 'ament_python'
[8.358s] Level 1:colcon.colcon_core.shell:create_environment_hook('robot_properties_solo', 'ament_prefix_path')
[8.370s] INFO:colcon.colcon_core.shell:Creating environment hook '/home/roy/odri_dev/workspace/install/robot_properties_solo/share/robot_properties_solo/hook/ament_prefix_path.ps1'
[8.373s] INFO:colcon.colcon_core.shell:Creating environment descriptor '/home/roy/odri_dev/workspace/install/robot_properties_solo/share/robot_properties_solo/hook/ament_prefix_path.dsv'
[8.382s] INFO:colcon.colcon_core.shell:Creating environment hook '/home/roy/odri_dev/workspace/install/robot_properties_solo/share/robot_properties_solo/hook/ament_prefix_path.sh'
[8.410s] INFO:colcon.colcon_core.shell:Skip shell extension 'powershell' for command environment: Not usable outside of PowerShell
[8.411s] DEBUG:colcon.colcon_core.shell:Skip shell extension 'dsv' for command environment
[9.034s] INFO:colcon.colcon_core.task.python.build:Building Python package in '/home/roy/odri_dev/workspace/src/robot_properties_bolt'
[9.047s] INFO:colcon.colcon_core.shell:Skip shell extension 'powershell' for command environment: Not usable outside of PowerShell
[9.047s] DEBUG:colcon.colcon_core.shell:Skip shell extension 'dsv' for command environment
[10.072s] INFO:colcon.colcon_core.task.python.build:Building Python package in '/home/roy/odri_dev/workspace/src/robot_properties_solo'
[10.085s] INFO:colcon.colcon_core.shell:Skip shell extension 'powershell' for command environment: Not usable outside of PowerShell
[10.086s] DEBUG:colcon.colcon_core.shell:Skip shell extension 'dsv' for command environment
[10.156s] DEBUG:colcon.colcon_core.event_handler.log_command:Invoking command in '/home/roy/odri_dev/workspace/src/robot_properties_bolt': PYTHONPATH=/home/roy/odri_dev/workspace/install/robot_properties_bolt/lib/python3.8/site-packages:/home/roy/odri_dev/workspace/install/bullet_utils/lib/python3.8/site-packages /usr/bin/python3 setup.py egg_info --egg-base ../../build/robot_properties_bolt build --build-base /home/roy/odri_dev/workspace/build/robot_properties_bolt/build install --prefix /home/roy/odri_dev/workspace/install/robot_properties_bolt --record /home/roy/odri_dev/workspace/build/robot_properties_bolt/install.log --single-version-externally-managed
[10.187s] DEBUG:colcon.colcon_core.event_handler.log_command:Invoking command in '/home/roy/odri_dev/workspace/src/robot_properties_solo': PYTHONPATH=/home/roy/odri_dev/workspace/install/robot_properties_solo/lib/python3.8/site-packages:/home/roy/odri_dev/workspace/install/bullet_utils/lib/python3.8/site-packages /usr/bin/python3 setup.py egg_info --egg-base ../../build/robot_properties_solo build --build-base /home/roy/odri_dev/workspace/build/robot_properties_solo/build install --prefix /home/roy/odri_dev/workspace/install/robot_properties_solo --record /home/roy/odri_dev/workspace/build/robot_properties_solo/install.log --single-version-externally-managed
[10.861s] DEBUG:colcon.colcon_parallel_executor.executor.parallel:run_until_complete was interrupted
[10.862s] DEBUG:colcon.colcon_parallel_executor.executor.parallel:run_until_complete again
[10.930s] DEBUG:colcon.colcon_core.event_handler.log_command:Invoked command in '/home/roy/odri_dev/workspace/build/googletest-distribution' returned '-2': /usr/bin/cmake --build /home/roy/odri_dev/workspace/build/googletest-distribution -- -j8 -l8
[10.953s] DEBUG:colcon.colcon_parallel_executor.executor.parallel:run_until_complete finished
[10.953s] DEBUG:colcon.colcon_parallel_executor.executor.parallel:closing loop
[10.953s] DEBUG:colcon.colcon_parallel_executor.executor.parallel:loop closed
[10.953s] DEBUG:colcon.colcon_core.event_reactor:joining thread
[10.969s] INFO:colcon.colcon_core.plugin_system:Skipping extension 'colcon_notification.desktop_notification.terminal_notifier': Not used on non-Darwin systems
[10.969s] INFO:colcon.colcon_core.plugin_system:Skipping extension 'colcon_notification.desktop_notification.win32': Not used on non-Windows systems
[10.969s] INFO:colcon.colcon_notification.desktop_notification:Sending desktop notification using 'notify2'
[10.990s] DEBUG:colcon.colcon_core.event_reactor:joined thread
[10.999s] INFO:colcon.colcon_core.shell:Creating prefix script '/home/roy/odri_dev/workspace/install/local_setup.ps1'
[11.000s] INFO:colcon.colcon_core.shell:Creating prefix util module '/home/roy/odri_dev/workspace/install/_local_setup_util_ps1.py'
[11.002s] INFO:colcon.colcon_core.shell:Creating prefix chain script '/home/roy/odri_dev/workspace/install/setup.ps1'
[11.007s] INFO:colcon.colcon_core.shell:Creating prefix script '/home/roy/odri_dev/workspace/install/local_setup.sh'
[11.007s] INFO:colcon.colcon_core.shell:Creating prefix util module '/home/roy/odri_dev/workspace/install/_local_setup_util_sh.py'
[11.008s] INFO:colcon.colcon_core.shell:Creating prefix chain script '/home/roy/odri_dev/workspace/install/setup.sh'
[11.013s] INFO:colcon.colcon_core.shell:Creating prefix script '/home/roy/odri_dev/workspace/install/local_setup.bash'
[11.014s] INFO:colcon.colcon_core.shell:Creating prefix chain script '/home/roy/odri_dev/workspace/install/setup.bash'
[11.019s] INFO:colcon.colcon_core.shell:Creating prefix script '/home/roy/odri_dev/workspace/install/local_setup.zsh'
[11.020s] INFO:colcon.colcon_core.shell:Creating prefix chain script '/home/roy/odri_dev/workspace/install/setup.zsh'
