[0.505s] DEBUG:colcon:Command line arguments: ['/usr/local/bin/colcon', 'build', '--cmake-args', '-DCMAKE_BUILD_TYPE=Release']
[0.506s] DEBUG:colcon:Parsed command line arguments: Namespace(ament_cmake_args=None, base_paths=['.'], build_base='build', catkin_cmake_args=None, catkin_skip_building_tests=False, cmake_args=['-DCMAKE_BUILD_TYPE=Release'], cmake_clean_cache=False, cmake_clean_first=False, cmake_force_configure=False, cmake_target=None, cmake_target_skip_unavailable=False, continue_on_error=False, event_handlers=None, executor='parallel', ignore_user_meta=False, install_base='install', log_base=None, log_level=None, main=<bound method BuildVerb.main of <colcon_core.verb.build.BuildVerb object at 0x7f46ba037e80>>, merge_install=False, metas=['./colcon.meta'], packages_above=None, packages_above_and_dependencies=None, packages_above_depth=None, packages_end=None, packages_ignore=None, packages_ignore_regex=None, packages_select=None, packages_select_build_failed=False, packages_select_by_dep=None, packages_select_regex=None, packages_select_test_failures=False, packages_skip=None, packages_skip_build_finished=False, packages_skip_by_dep=None, packages_skip_regex=None, packages_skip_test_passed=False, packages_skip_up_to=None, packages_start=None, packages_up_to=None, packages_up_to_regex=None, parallel_workers=8, paths=None, symlink_install=False, test_result_base=None, verb_extension=<colcon_core.verb.build.BuildVerb object at 0x7f46ba037e80>, verb_name='build', verb_parser=<colcon_defaults.argument_parser.defaults.DefaultArgumentsDecorator object at 0x7f46ba06a970>)
[0.526s] Level 1:colcon.colcon_core.package_discovery:discover_packages(colcon_meta) check parameters
[0.526s] Level 1:colcon.colcon_core.package_discovery:discover_packages(recursive) check parameters
[0.526s] Level 1:colcon.colcon_core.package_discovery:discover_packages(ignore) check parameters
[0.526s] Level 1:colcon.colcon_core.package_discovery:discover_packages(path) check parameters
[0.526s] Level 1:colcon.colcon_core.package_discovery:discover_packages(colcon_meta) discover
[0.526s] Level 1:colcon.colcon_core.package_discovery:discover_packages(recursive) discover
[0.526s] INFO:colcon.colcon_core.package_discovery:Crawling recursively for packages in '/home/roy/odri_dev/workspace'
[0.526s] Level 1:colcon.colcon_core.package_identification:_identify(.) by extensions ['ignore', 'ignore_ament_install']
[0.527s] Level 1:colcon.colcon_core.package_identification:_identify(.) by extension 'ignore'
[0.527s] Level 1:colcon.colcon_core.package_identification:_identify(.) by extension 'ignore_ament_install'
[0.527s] Level 1:colcon.colcon_core.package_identification:_identify(.) by extensions ['colcon_pkg']
[0.527s] Level 1:colcon.colcon_core.package_identification:_identify(.) by extension 'colcon_pkg'
[0.527s] Level 1:colcon.colcon_core.package_identification:_identify(.) by extensions ['colcon_meta']
[0.527s] Level 1:colcon.colcon_core.package_identification:_identify(.) by extension 'colcon_meta'
[0.527s] Level 1:colcon.colcon_core.package_identification:_identify(.) by extensions ['ros']
[0.527s] Level 1:colcon.colcon_core.package_identification:_identify(.) by extension 'ros'
[0.602s] Level 1:colcon.colcon_core.package_identification:_identify(.) by extensions ['cmake', 'python']
[0.602s] Level 1:colcon.colcon_core.package_identification:_identify(.) by extension 'cmake'
[0.602s] Level 1:colcon.colcon_core.package_identification:_identify(.) by extension 'python'
[0.602s] Level 1:colcon.colcon_core.package_identification:_identify(.) by extensions ['python_setup_py']
[0.602s] Level 1:colcon.colcon_core.package_identification:_identify(.) by extension 'python_setup_py'
[0.603s] Level 1:colcon.colcon_core.package_identification:_identify(build) by extensions ['ignore', 'ignore_ament_install']
[0.603s] Level 1:colcon.colcon_core.package_identification:_identify(build) by extension 'ignore'
[0.603s] Level 1:colcon.colcon_core.package_identification:_identify(build) ignored
[0.603s] Level 1:colcon.colcon_core.package_identification:_identify(install) by extensions ['ignore', 'ignore_ament_install']
[0.603s] Level 1:colcon.colcon_core.package_identification:_identify(install) by extension 'ignore'
[0.603s] Level 1:colcon.colcon_core.package_identification:_identify(install) ignored
[0.603s] Level 1:colcon.colcon_core.package_identification:_identify(log) by extensions ['ignore', 'ignore_ament_install']
[0.603s] Level 1:colcon.colcon_core.package_identification:_identify(log) by extension 'ignore'
[0.603s] Level 1:colcon.colcon_core.package_identification:_identify(log) ignored
[0.603s] Level 1:colcon.colcon_core.package_identification:_identify(src) by extensions ['ignore', 'ignore_ament_install']
[0.603s] Level 1:colcon.colcon_core.package_identification:_identify(src) by extension 'ignore'
[0.603s] Level 1:colcon.colcon_core.package_identification:_identify(src) by extension 'ignore_ament_install'
[0.603s] Level 1:colcon.colcon_core.package_identification:_identify(src) by extensions ['colcon_pkg']
[0.603s] Level 1:colcon.colcon_core.package_identification:_identify(src) by extension 'colcon_pkg'
[0.603s] Level 1:colcon.colcon_core.package_identification:_identify(src) by extensions ['colcon_meta']
[0.604s] Level 1:colcon.colcon_core.package_identification:_identify(src) by extension 'colcon_meta'
[0.604s] Level 1:colcon.colcon_core.package_identification:_identify(src) by extensions ['ros']
[0.604s] Level 1:colcon.colcon_core.package_identification:_identify(src) by extension 'ros'
[0.604s] Level 1:colcon.colcon_core.package_identification:_identify(src) by extensions ['cmake', 'python']
[0.604s] Level 1:colcon.colcon_core.package_identification:_identify(src) by extension 'cmake'
[0.604s] Level 1:colcon.colcon_core.package_identification:_identify(src) by extension 'python'
[0.604s] Level 1:colcon.colcon_core.package_identification:_identify(src) by extensions ['python_setup_py']
[0.604s] Level 1:colcon.colcon_core.package_identification:_identify(src) by extension 'python_setup_py'
[0.604s] Level 1:colcon.colcon_core.package_identification:_identify(src/bullet_utils) by extensions ['ignore', 'ignore_ament_install']
[0.604s] Level 1:colcon.colcon_core.package_identification:_identify(src/bullet_utils) by extension 'ignore'
[0.604s] Level 1:colcon.colcon_core.package_identification:_identify(src/bullet_utils) by extension 'ignore_ament_install'
[0.604s] Level 1:colcon.colcon_core.package_identification:_identify(src/bullet_utils) by extensions ['colcon_pkg']
[0.604s] Level 1:colcon.colcon_core.package_identification:_identify(src/bullet_utils) by extension 'colcon_pkg'
[0.604s] Level 1:colcon.colcon_core.package_identification:_identify(src/bullet_utils) by extensions ['colcon_meta']
[0.604s] Level 1:colcon.colcon_core.package_identification:_identify(src/bullet_utils) by extension 'colcon_meta'
[0.604s] Level 1:colcon.colcon_core.package_identification:_identify(src/bullet_utils) by extensions ['ros']
[0.604s] Level 1:colcon.colcon_core.package_identification:_identify(src/bullet_utils) by extension 'ros'
[0.604s] Level 1:colcon.colcon_core.package_identification:_identify(src/bullet_utils) by extensions ['cmake', 'python']
[0.604s] Level 1:colcon.colcon_core.package_identification:_identify(src/bullet_utils) by extension 'cmake'
[0.604s] Level 1:colcon.colcon_core.package_identification:_identify(src/bullet_utils) by extension 'python'
[0.605s] DEBUG:colcon.colcon_core.package_identification:Python package in 'src/bullet_utils' passes arguments to the setup() function which requires a different identification extension than 'python'
[0.605s] Level 1:colcon.colcon_core.package_identification:_identify(src/bullet_utils) by extensions ['python_setup_py']
[0.605s] Level 1:colcon.colcon_core.package_identification:_identify(src/bullet_utils) by extension 'python_setup_py'
[0.834s] DEBUG:colcon.colcon_core.package_identification:Package 'src/bullet_utils' with type 'python' and name 'bullet_utils'
[0.834s] Level 1:colcon.colcon_core.package_identification:_identify(src/googletest) by extensions ['ignore', 'ignore_ament_install']
[0.835s] Level 1:colcon.colcon_core.package_identification:_identify(src/googletest) by extension 'ignore'
[0.835s] Level 1:colcon.colcon_core.package_identification:_identify(src/googletest) by extension 'ignore_ament_install'
[0.835s] Level 1:colcon.colcon_core.package_identification:_identify(src/googletest) by extensions ['colcon_pkg']
[0.835s] Level 1:colcon.colcon_core.package_identification:_identify(src/googletest) by extension 'colcon_pkg'
[0.835s] Level 1:colcon.colcon_core.package_identification:_identify(src/googletest) by extensions ['colcon_meta']
[0.836s] Level 1:colcon.colcon_core.package_identification:_identify(src/googletest) by extension 'colcon_meta'
[0.836s] Level 1:colcon.colcon_core.package_identification:_identify(src/googletest) by extensions ['ros']
[0.836s] Level 1:colcon.colcon_core.package_identification:_identify(src/googletest) by extension 'ros'
[0.836s] Level 1:colcon.colcon_core.package_identification:_identify(src/googletest) by extensions ['cmake', 'python']
[0.836s] Level 1:colcon.colcon_core.package_identification:_identify(src/googletest) by extension 'cmake'
[0.848s] Level 1:colcon.colcon_core.package_identification:_identify(src/googletest) by extension 'python'
[0.848s] DEBUG:colcon.colcon_core.package_identification:Package 'src/googletest' with type 'cmake' and name 'googletest-distribution'
[0.848s] Level 1:colcon.colcon_core.package_identification:_identify(src/mim_control) by extensions ['ignore', 'ignore_ament_install']
[0.848s] Level 1:colcon.colcon_core.package_identification:_identify(src/mim_control) by extension 'ignore'
[0.848s] Level 1:colcon.colcon_core.package_identification:_identify(src/mim_control) by extension 'ignore_ament_install'
[0.848s] Level 1:colcon.colcon_core.package_identification:_identify(src/mim_control) by extensions ['colcon_pkg']
[0.848s] Level 1:colcon.colcon_core.package_identification:_identify(src/mim_control) by extension 'colcon_pkg'
[0.849s] Level 1:colcon.colcon_core.package_identification:_identify(src/mim_control) by extensions ['colcon_meta']
[0.849s] Level 1:colcon.colcon_core.package_identification:_identify(src/mim_control) by extension 'colcon_meta'
[0.849s] Level 1:colcon.colcon_core.package_identification:_identify(src/mim_control) by extensions ['ros']
[0.849s] Level 1:colcon.colcon_core.package_identification:_identify(src/mim_control) by extension 'ros'
[0.849s] Level 1:colcon.colcon_core.package_identification:_identify(src/mim_control) by extensions ['cmake', 'python']
[0.849s] Level 1:colcon.colcon_core.package_identification:_identify(src/mim_control) by extension 'cmake'
[0.850s] Level 1:colcon.colcon_core.package_identification:_identify(src/mim_control) by extension 'python'
[0.850s] DEBUG:colcon.colcon_core.package_identification:Package 'src/mim_control' with type 'cmake' and name 'mim_control'
[0.850s] Level 1:colcon.colcon_core.package_identification:_identify(src/mpi_cmake_modules) by extensions ['ignore', 'ignore_ament_install']
[0.851s] Level 1:colcon.colcon_core.package_identification:_identify(src/mpi_cmake_modules) by extension 'ignore'
[0.851s] Level 1:colcon.colcon_core.package_identification:_identify(src/mpi_cmake_modules) by extension 'ignore_ament_install'
[0.851s] Level 1:colcon.colcon_core.package_identification:_identify(src/mpi_cmake_modules) by extensions ['colcon_pkg']
[0.851s] Level 1:colcon.colcon_core.package_identification:_identify(src/mpi_cmake_modules) by extension 'colcon_pkg'
[0.851s] Level 1:colcon.colcon_core.package_identification:_identify(src/mpi_cmake_modules) by extensions ['colcon_meta']
[0.851s] Level 1:colcon.colcon_core.package_identification:_identify(src/mpi_cmake_modules) by extension 'colcon_meta'
[0.851s] Level 1:colcon.colcon_core.package_identification:_identify(src/mpi_cmake_modules) by extensions ['ros']
[0.851s] Level 1:colcon.colcon_core.package_identification:_identify(src/mpi_cmake_modules) by extension 'ros'
[0.851s] Level 1:colcon.colcon_core.package_identification:_identify(src/mpi_cmake_modules) by extensions ['cmake', 'python']
[0.851s] Level 1:colcon.colcon_core.package_identification:_identify(src/mpi_cmake_modules) by extension 'cmake'
[0.859s] Level 1:colcon.colcon_core.package_identification:_identify(src/mpi_cmake_modules) by extension 'python'
[0.859s] DEBUG:colcon.colcon_core.package_identification:Package 'src/mpi_cmake_modules' with type 'cmake' and name 'mpi_cmake_modules'
[0.859s] Level 1:colcon.colcon_core.package_identification:_identify(src/pybind11) by extensions ['ignore', 'ignore_ament_install']
[0.859s] Level 1:colcon.colcon_core.package_identification:_identify(src/pybind11) by extension 'ignore'
[0.859s] Level 1:colcon.colcon_core.package_identification:_identify(src/pybind11) by extension 'ignore_ament_install'
[0.859s] Level 1:colcon.colcon_core.package_identification:_identify(src/pybind11) by extensions ['colcon_pkg']
[0.859s] Level 1:colcon.colcon_core.package_identification:_identify(src/pybind11) by extension 'colcon_pkg'
[0.859s] Level 1:colcon.colcon_core.package_identification:_identify(src/pybind11) by extensions ['colcon_meta']
[0.859s] Level 1:colcon.colcon_core.package_identification:_identify(src/pybind11) by extension 'colcon_meta'
[0.859s] Level 1:colcon.colcon_core.package_identification:_identify(src/pybind11) by extensions ['ros']
[0.859s] Level 1:colcon.colcon_core.package_identification:_identify(src/pybind11) by extension 'ros'
[0.860s] Level 1:colcon.colcon_core.package_identification:_identify(src/pybind11) by extensions ['cmake', 'python']
[0.860s] Level 1:colcon.colcon_core.package_identification:_identify(src/pybind11) by extension 'cmake'
[0.865s] Level 1:colcon.colcon_core.package_identification:_identify(src/pybind11) by extension 'python'
[0.865s] DEBUG:colcon.colcon_core.package_identification:Python package in 'src/pybind11' passes arguments to the setup() function which requires a different identification extension than 'python'
[0.865s] DEBUG:colcon.colcon_core.package_identification:Package 'src/pybind11' with type 'cmake' and name 'pybind11'
[0.865s] Level 1:colcon.colcon_core.package_identification:_identify(src/reactive_planners) by extensions ['ignore', 'ignore_ament_install']
[0.865s] Level 1:colcon.colcon_core.package_identification:_identify(src/reactive_planners) by extension 'ignore'
[0.865s] Level 1:colcon.colcon_core.package_identification:_identify(src/reactive_planners) by extension 'ignore_ament_install'
[0.865s] Level 1:colcon.colcon_core.package_identification:_identify(src/reactive_planners) by extensions ['colcon_pkg']
[0.865s] Level 1:colcon.colcon_core.package_identification:_identify(src/reactive_planners) by extension 'colcon_pkg'
[0.866s] Level 1:colcon.colcon_core.package_identification:_identify(src/reactive_planners) by extensions ['colcon_meta']
[0.866s] Level 1:colcon.colcon_core.package_identification:_identify(src/reactive_planners) by extension 'colcon_meta'
[0.866s] Level 1:colcon.colcon_core.package_identification:_identify(src/reactive_planners) by extensions ['ros']
[0.866s] Level 1:colcon.colcon_core.package_identification:_identify(src/reactive_planners) by extension 'ros'
[0.866s] Level 1:colcon.colcon_core.package_identification:_identify(src/reactive_planners) by extensions ['cmake', 'python']
[0.866s] Level 1:colcon.colcon_core.package_identification:_identify(src/reactive_planners) by extension 'cmake'
[0.867s] Level 1:colcon.colcon_core.package_identification:_identify(src/reactive_planners) by extension 'python'
[0.867s] DEBUG:colcon.colcon_core.package_identification:Package 'src/reactive_planners' with type 'cmake' and name 'reactive_planners'
[0.867s] Level 1:colcon.colcon_core.package_identification:_identify(src/real_time_tools) by extensions ['ignore', 'ignore_ament_install']
[0.867s] Level 1:colcon.colcon_core.package_identification:_identify(src/real_time_tools) by extension 'ignore'
[0.867s] Level 1:colcon.colcon_core.package_identification:_identify(src/real_time_tools) by extension 'ignore_ament_install'
[0.867s] Level 1:colcon.colcon_core.package_identification:_identify(src/real_time_tools) by extensions ['colcon_pkg']
[0.867s] Level 1:colcon.colcon_core.package_identification:_identify(src/real_time_tools) by extension 'colcon_pkg'
[0.868s] Level 1:colcon.colcon_core.package_identification:_identify(src/real_time_tools) by extensions ['colcon_meta']
[0.868s] Level 1:colcon.colcon_core.package_identification:_identify(src/real_time_tools) by extension 'colcon_meta'
[0.868s] Level 1:colcon.colcon_core.package_identification:_identify(src/real_time_tools) by extensions ['ros']
[0.868s] Level 1:colcon.colcon_core.package_identification:_identify(src/real_time_tools) by extension 'ros'
[0.868s] Level 1:colcon.colcon_core.package_identification:_identify(src/real_time_tools) by extensions ['cmake', 'python']
[0.868s] Level 1:colcon.colcon_core.package_identification:_identify(src/real_time_tools) by extension 'cmake'
[0.869s] Level 1:colcon.colcon_core.package_identification:_identify(src/real_time_tools) by extension 'python'
[0.869s] DEBUG:colcon.colcon_core.package_identification:Package 'src/real_time_tools' with type 'cmake' and name 'real_time_tools'
[0.869s] Level 1:colcon.colcon_core.package_identification:_identify(src/robot_properties_bolt) by extensions ['ignore', 'ignore_ament_install']
[0.869s] Level 1:colcon.colcon_core.package_identification:_identify(src/robot_properties_bolt) by extension 'ignore'
[0.869s] Level 1:colcon.colcon_core.package_identification:_identify(src/robot_properties_bolt) by extension 'ignore_ament_install'
[0.869s] Level 1:colcon.colcon_core.package_identification:_identify(src/robot_properties_bolt) by extensions ['colcon_pkg']
[0.869s] Level 1:colcon.colcon_core.package_identification:_identify(src/robot_properties_bolt) by extension 'colcon_pkg'
[0.869s] Level 1:colcon.colcon_core.package_identification:_identify(src/robot_properties_bolt) by extensions ['colcon_meta']
[0.869s] Level 1:colcon.colcon_core.package_identification:_identify(src/robot_properties_bolt) by extension 'colcon_meta'
[0.869s] Level 1:colcon.colcon_core.package_identification:_identify(src/robot_properties_bolt) by extensions ['ros']
[0.869s] Level 1:colcon.colcon_core.package_identification:_identify(src/robot_properties_bolt) by extension 'ros'
[0.872s] DEBUG:colcon.colcon_core.package_identification:Package 'src/robot_properties_bolt' with type 'ros.ament_python' and name 'robot_properties_bolt'
[0.872s] Level 1:colcon.colcon_core.package_identification:_identify(src/robot_properties_solo) by extensions ['ignore', 'ignore_ament_install']
[0.873s] Level 1:colcon.colcon_core.package_identification:_identify(src/robot_properties_solo) by extension 'ignore'
[0.873s] Level 1:colcon.colcon_core.package_identification:_identify(src/robot_properties_solo) by extension 'ignore_ament_install'
[0.873s] Level 1:colcon.colcon_core.package_identification:_identify(src/robot_properties_solo) by extensions ['colcon_pkg']
[0.873s] Level 1:colcon.colcon_core.package_identification:_identify(src/robot_properties_solo) by extension 'colcon_pkg'
[0.873s] Level 1:colcon.colcon_core.package_identification:_identify(src/robot_properties_solo) by extensions ['colcon_meta']
[0.873s] Level 1:colcon.colcon_core.package_identification:_identify(src/robot_properties_solo) by extension 'colcon_meta'
[0.873s] Level 1:colcon.colcon_core.package_identification:_identify(src/robot_properties_solo) by extensions ['ros']
[0.873s] Level 1:colcon.colcon_core.package_identification:_identify(src/robot_properties_solo) by extension 'ros'
[0.874s] DEBUG:colcon.colcon_core.package_identification:Package 'src/robot_properties_solo' with type 'ros.ament_python' and name 'robot_properties_solo'
[0.874s] Level 1:colcon.colcon_core.package_identification:_identify(src/yaml_utils) by extensions ['ignore', 'ignore_ament_install']
[0.874s] Level 1:colcon.colcon_core.package_identification:_identify(src/yaml_utils) by extension 'ignore'
[0.874s] Level 1:colcon.colcon_core.package_identification:_identify(src/yaml_utils) by extension 'ignore_ament_install'
[0.874s] Level 1:colcon.colcon_core.package_identification:_identify(src/yaml_utils) by extensions ['colcon_pkg']
[0.874s] Level 1:colcon.colcon_core.package_identification:_identify(src/yaml_utils) by extension 'colcon_pkg'
[0.874s] Level 1:colcon.colcon_core.package_identification:_identify(src/yaml_utils) by extensions ['colcon_meta']
[0.875s] Level 1:colcon.colcon_core.package_identification:_identify(src/yaml_utils) by extension 'colcon_meta'
[0.875s] Level 1:colcon.colcon_core.package_identification:_identify(src/yaml_utils) by extensions ['ros']
[0.875s] Level 1:colcon.colcon_core.package_identification:_identify(src/yaml_utils) by extension 'ros'
[0.875s] Level 1:colcon.colcon_core.package_identification:_identify(src/yaml_utils) by extensions ['cmake', 'python']
[0.875s] Level 1:colcon.colcon_core.package_identification:_identify(src/yaml_utils) by extension 'cmake'
[0.875s] Level 1:colcon.colcon_core.package_identification:_identify(src/yaml_utils) by extension 'python'
[0.875s] DEBUG:colcon.colcon_core.package_identification:Package 'src/yaml_utils' with type 'cmake' and name 'yaml_utils'
[0.875s] Level 1:colcon.colcon_core.package_discovery:discover_packages(recursive) using defaults
[0.875s] Level 1:colcon.colcon_core.package_discovery:discover_packages(ignore) discover
[0.875s] Level 1:colcon.colcon_core.package_discovery:discover_packages(ignore) using defaults
[0.875s] Level 1:colcon.colcon_core.package_discovery:discover_packages(path) discover
[0.876s] Level 1:colcon.colcon_core.package_discovery:discover_packages(path) using defaults
[0.908s] INFO:colcon.colcon_metadata.metadata.colcon_pkg:Updating descriptor of package 'src/reactive_planners' from colcon.pkg: {'test-dependencies': ['googletest-distribution']}
[0.908s] INFO:colcon.colcon_metadata.metadata.colcon_pkg:Updating descriptor of package 'src/real_time_tools' from colcon.pkg: {'test-dependencies': ['googletest-distribution']}
[0.909s] INFO:colcon.colcon_metadata.metadata.colcon_pkg:Updating descriptor of package 'src/yaml_utils' from colcon.pkg: {'test-dependencies': ['googletest-distribution']}
[0.909s] INFO:colcon.colcon_metadata.metadata.colcon_pkg:Updating descriptor of package 'src/mim_control' from colcon.pkg: {'test-dependencies': ['googletest-distribution', 'robot_properties_solo', 'robot_properties_bolt', 'robot_properties_teststand']}
[0.925s] Level 5:colcon.colcon_core.verb:set package 'googletest-distribution' build argument 'cmake_args' from command line to '['-DCMAKE_BUILD_TYPE=Release']'
[0.925s] Level 5:colcon.colcon_core.verb:set package 'googletest-distribution' build argument 'cmake_target' from command line to 'None'
[0.925s] Level 5:colcon.colcon_core.verb:set package 'googletest-distribution' build argument 'cmake_target_skip_unavailable' from command line to 'False'
[0.925s] Level 5:colcon.colcon_core.verb:set package 'googletest-distribution' build argument 'cmake_clean_cache' from command line to 'False'
[0.925s] Level 5:colcon.colcon_core.verb:set package 'googletest-distribution' build argument 'cmake_clean_first' from command line to 'False'
[0.925s] Level 5:colcon.colcon_core.verb:set package 'googletest-distribution' build argument 'cmake_force_configure' from command line to 'False'
[0.926s] Level 5:colcon.colcon_core.verb:set package 'googletest-distribution' build argument 'ament_cmake_args' from command line to 'None'
[0.926s] Level 5:colcon.colcon_core.verb:set package 'googletest-distribution' build argument 'catkin_cmake_args' from command line to 'None'
[0.926s] Level 5:colcon.colcon_core.verb:set package 'googletest-distribution' build argument 'catkin_skip_building_tests' from command line to 'False'
[0.926s] DEBUG:colcon.colcon_core.verb:Building package 'googletest-distribution' with the following arguments: {'ament_cmake_args': None, 'build_base': '/home/roy/odri_dev/workspace/build/googletest-distribution', 'catkin_cmake_args': None, 'catkin_skip_building_tests': False, 'cmake_args': ['-DCMAKE_BUILD_TYPE=Release'], 'cmake_clean_cache': False, 'cmake_clean_first': False, 'cmake_force_configure': False, 'cmake_target': None, 'cmake_target_skip_unavailable': False, 'install_base': '/home/roy/odri_dev/workspace/install/googletest-distribution', 'merge_install': False, 'path': '/home/roy/odri_dev/workspace/src/googletest', 'symlink_install': False, 'test_result_base': None}
[0.941s] Level 5:colcon.colcon_core.verb:set package 'mpi_cmake_modules' build argument 'cmake_args' from command line to '['-DCMAKE_BUILD_TYPE=Release']'
[0.941s] Level 5:colcon.colcon_core.verb:set package 'mpi_cmake_modules' build argument 'cmake_target' from command line to 'None'
[0.941s] Level 5:colcon.colcon_core.verb:set package 'mpi_cmake_modules' build argument 'cmake_target_skip_unavailable' from command line to 'False'
[0.941s] Level 5:colcon.colcon_core.verb:set package 'mpi_cmake_modules' build argument 'cmake_clean_cache' from command line to 'False'
[0.941s] Level 5:colcon.colcon_core.verb:set package 'mpi_cmake_modules' build argument 'cmake_clean_first' from command line to 'False'
[0.941s] Level 5:colcon.colcon_core.verb:set package 'mpi_cmake_modules' build argument 'cmake_force_configure' from command line to 'False'
[0.941s] Level 5:colcon.colcon_core.verb:set package 'mpi_cmake_modules' build argument 'ament_cmake_args' from command line to 'None'
[0.941s] Level 5:colcon.colcon_core.verb:set package 'mpi_cmake_modules' build argument 'catkin_cmake_args' from command line to 'None'
[0.942s] Level 5:colcon.colcon_core.verb:set package 'mpi_cmake_modules' build argument 'catkin_skip_building_tests' from command line to 'False'
[0.942s] DEBUG:colcon.colcon_core.verb:Building package 'mpi_cmake_modules' with the following arguments: {'ament_cmake_args': None, 'build_base': '/home/roy/odri_dev/workspace/build/mpi_cmake_modules', 'catkin_cmake_args': None, 'catkin_skip_building_tests': False, 'cmake_args': ['-DCMAKE_BUILD_TYPE=Release'], 'cmake_clean_cache': False, 'cmake_clean_first': False, 'cmake_force_configure': False, 'cmake_target': None, 'cmake_target_skip_unavailable': False, 'install_base': '/home/roy/odri_dev/workspace/install/mpi_cmake_modules', 'merge_install': False, 'path': '/home/roy/odri_dev/workspace/src/mpi_cmake_modules', 'symlink_install': False, 'test_result_base': None}
[0.950s] Level 5:colcon.colcon_core.verb:set package 'pybind11' build argument 'cmake_args' from command line to '['-DCMAKE_BUILD_TYPE=Release']'
[0.951s] Level 5:colcon.colcon_core.verb:set package 'pybind11' build argument 'cmake_target' from command line to 'None'
[0.951s] Level 5:colcon.colcon_core.verb:set package 'pybind11' build argument 'cmake_target_skip_unavailable' from command line to 'False'
[0.951s] Level 5:colcon.colcon_core.verb:set package 'pybind11' build argument 'cmake_clean_cache' from command line to 'False'
[0.951s] Level 5:colcon.colcon_core.verb:set package 'pybind11' build argument 'cmake_clean_first' from command line to 'False'
[0.951s] Level 5:colcon.colcon_core.verb:set package 'pybind11' build argument 'cmake_force_configure' from command line to 'False'
[0.951s] Level 5:colcon.colcon_core.verb:set package 'pybind11' build argument 'ament_cmake_args' from command line to 'None'
[0.951s] Level 5:colcon.colcon_core.verb:set package 'pybind11' build argument 'catkin_cmake_args' from command line to 'None'
[0.951s] Level 5:colcon.colcon_core.verb:set package 'pybind11' build argument 'catkin_skip_building_tests' from command line to 'False'
[0.951s] DEBUG:colcon.colcon_core.verb:Building package 'pybind11' with the following arguments: {'ament_cmake_args': None, 'build_base': '/home/roy/odri_dev/workspace/build/pybind11', 'catkin_cmake_args': None, 'catkin_skip_building_tests': False, 'cmake_args': ['-DCMAKE_BUILD_TYPE=Release'], 'cmake_clean_cache': False, 'cmake_clean_first': False, 'cmake_force_configure': False, 'cmake_target': None, 'cmake_target_skip_unavailable': False, 'install_base': '/home/roy/odri_dev/workspace/install/pybind11', 'merge_install': False, 'path': '/home/roy/odri_dev/workspace/src/pybind11', 'symlink_install': False, 'test_result_base': None}
[0.960s] Level 5:colcon.colcon_core.verb:set package 'bullet_utils' build argument 'cmake_args' from command line to '['-DCMAKE_BUILD_TYPE=Release']'
[0.960s] Level 5:colcon.colcon_core.verb:set package 'bullet_utils' build argument 'cmake_target' from command line to 'None'
[0.960s] Level 5:colcon.colcon_core.verb:set package 'bullet_utils' build argument 'cmake_target_skip_unavailable' from command line to 'False'
[0.960s] Level 5:colcon.colcon_core.verb:set package 'bullet_utils' build argument 'cmake_clean_cache' from command line to 'False'
[0.960s] Level 5:colcon.colcon_core.verb:set package 'bullet_utils' build argument 'cmake_clean_first' from command line to 'False'
[0.960s] Level 5:colcon.colcon_core.verb:set package 'bullet_utils' build argument 'cmake_force_configure' from command line to 'False'
[0.960s] Level 5:colcon.colcon_core.verb:set package 'bullet_utils' build argument 'ament_cmake_args' from command line to 'None'
[0.960s] Level 5:colcon.colcon_core.verb:set package 'bullet_utils' build argument 'catkin_cmake_args' from command line to 'None'
[0.960s] Level 5:colcon.colcon_core.verb:set package 'bullet_utils' build argument 'catkin_skip_building_tests' from command line to 'False'
[0.960s] DEBUG:colcon.colcon_core.verb:Building package 'bullet_utils' with the following arguments: {'ament_cmake_args': None, 'build_base': '/home/roy/odri_dev/workspace/build/bullet_utils', 'catkin_cmake_args': None, 'catkin_skip_building_tests': False, 'cmake_args': ['-DCMAKE_BUILD_TYPE=Release'], 'cmake_clean_cache': False, 'cmake_clean_first': False, 'cmake_force_configure': False, 'cmake_target': None, 'cmake_target_skip_unavailable': False, 'install_base': '/home/roy/odri_dev/workspace/install/bullet_utils', 'merge_install': False, 'path': '/home/roy/odri_dev/workspace/src/bullet_utils', 'symlink_install': False, 'test_result_base': None}
[0.969s] Level 5:colcon.colcon_core.verb:set package 'real_time_tools' build argument 'cmake_args' from command line to '['-DCMAKE_BUILD_TYPE=Release']'
[0.969s] Level 5:colcon.colcon_core.verb:set package 'real_time_tools' build argument 'cmake_target' from command line to 'None'
[0.969s] Level 5:colcon.colcon_core.verb:set package 'real_time_tools' build argument 'cmake_target_skip_unavailable' from command line to 'False'
[0.969s] Level 5:colcon.colcon_core.verb:set package 'real_time_tools' build argument 'cmake_clean_cache' from command line to 'False'
[0.969s] Level 5:colcon.colcon_core.verb:set package 'real_time_tools' build argument 'cmake_clean_first' from command line to 'False'
[0.969s] Level 5:colcon.colcon_core.verb:set package 'real_time_tools' build argument 'cmake_force_configure' from command line to 'False'
[0.969s] Level 5:colcon.colcon_core.verb:set package 'real_time_tools' build argument 'ament_cmake_args' from command line to 'None'
[0.969s] Level 5:colcon.colcon_core.verb:set package 'real_time_tools' build argument 'catkin_cmake_args' from command line to 'None'
[0.969s] Level 5:colcon.colcon_core.verb:set package 'real_time_tools' build argument 'catkin_skip_building_tests' from command line to 'False'
[0.969s] DEBUG:colcon.colcon_core.verb:Building package 'real_time_tools' with the following arguments: {'ament_cmake_args': None, 'build_base': '/home/roy/odri_dev/workspace/build/real_time_tools', 'catkin_cmake_args': None, 'catkin_skip_building_tests': False, 'cmake_args': ['-DCMAKE_BUILD_TYPE=Release'], 'cmake_clean_cache': False, 'cmake_clean_first': False, 'cmake_force_configure': False, 'cmake_target': None, 'cmake_target_skip_unavailable': False, 'install_base': '/home/roy/odri_dev/workspace/install/real_time_tools', 'merge_install': False, 'path': '/home/roy/odri_dev/workspace/src/real_time_tools', 'symlink_install': False, 'test_result_base': None}
[0.978s] Level 5:colcon.colcon_core.verb:set package 'yaml_utils' build argument 'cmake_args' from command line to '['-DCMAKE_BUILD_TYPE=Release']'
[0.978s] Level 5:colcon.colcon_core.verb:set package 'yaml_utils' build argument 'cmake_target' from command line to 'None'
[0.978s] Level 5:colcon.colcon_core.verb:set package 'yaml_utils' build argument 'cmake_target_skip_unavailable' from command line to 'False'
[0.978s] Level 5:colcon.colcon_core.verb:set package 'yaml_utils' build argument 'cmake_clean_cache' from command line to 'False'
[0.978s] Level 5:colcon.colcon_core.verb:set package 'yaml_utils' build argument 'cmake_clean_first' from command line to 'False'
[0.978s] Level 5:colcon.colcon_core.verb:set package 'yaml_utils' build argument 'cmake_force_configure' from command line to 'False'
[0.978s] Level 5:colcon.colcon_core.verb:set package 'yaml_utils' build argument 'ament_cmake_args' from command line to 'None'
[0.978s] Level 5:colcon.colcon_core.verb:set package 'yaml_utils' build argument 'catkin_cmake_args' from command line to 'None'
[0.978s] Level 5:colcon.colcon_core.verb:set package 'yaml_utils' build argument 'catkin_skip_building_tests' from command line to 'False'
[0.979s] DEBUG:colcon.colcon_core.verb:Building package 'yaml_utils' with the following arguments: {'ament_cmake_args': None, 'build_base': '/home/roy/odri_dev/workspace/build/yaml_utils', 'catkin_cmake_args': None, 'catkin_skip_building_tests': False, 'cmake_args': ['-DCMAKE_BUILD_TYPE=Release'], 'cmake_clean_cache': False, 'cmake_clean_first': False, 'cmake_force_configure': False, 'cmake_target': None, 'cmake_target_skip_unavailable': False, 'install_base': '/home/roy/odri_dev/workspace/install/yaml_utils', 'merge_install': False, 'path': '/home/roy/odri_dev/workspace/src/yaml_utils', 'symlink_install': False, 'test_result_base': None}
[0.988s] Level 5:colcon.colcon_core.verb:set package 'reactive_planners' build argument 'cmake_args' from command line to '['-DCMAKE_BUILD_TYPE=Release']'
[0.988s] Level 5:colcon.colcon_core.verb:set package 'reactive_planners' build argument 'cmake_target' from command line to 'None'
[0.988s] Level 5:colcon.colcon_core.verb:set package 'reactive_planners' build argument 'cmake_target_skip_unavailable' from command line to 'False'
[0.988s] Level 5:colcon.colcon_core.verb:set package 'reactive_planners' build argument 'cmake_clean_cache' from command line to 'False'
[0.988s] Level 5:colcon.colcon_core.verb:set package 'reactive_planners' build argument 'cmake_clean_first' from command line to 'False'
[0.988s] Level 5:colcon.colcon_core.verb:set package 'reactive_planners' build argument 'cmake_force_configure' from command line to 'False'
[0.988s] Level 5:colcon.colcon_core.verb:set package 'reactive_planners' build argument 'ament_cmake_args' from command line to 'None'
[0.988s] Level 5:colcon.colcon_core.verb:set package 'reactive_planners' build argument 'catkin_cmake_args' from command line to 'None'
[0.988s] Level 5:colcon.colcon_core.verb:set package 'reactive_planners' build argument 'catkin_skip_building_tests' from command line to 'False'
[0.988s] DEBUG:colcon.colcon_core.verb:Building package 'reactive_planners' with the following arguments: {'ament_cmake_args': None, 'build_base': '/home/roy/odri_dev/workspace/build/reactive_planners', 'catkin_cmake_args': None, 'catkin_skip_building_tests': False, 'cmake_args': ['-DCMAKE_BUILD_TYPE=Release'], 'cmake_clean_cache': False, 'cmake_clean_first': False, 'cmake_force_configure': False, 'cmake_target': None, 'cmake_target_skip_unavailable': False, 'install_base': '/home/roy/odri_dev/workspace/install/reactive_planners', 'merge_install': False, 'path': '/home/roy/odri_dev/workspace/src/reactive_planners', 'symlink_install': False, 'test_result_base': None}
[0.997s] Level 5:colcon.colcon_core.verb:set package 'robot_properties_bolt' build argument 'cmake_args' from command line to '['-DCMAKE_BUILD_TYPE=Release']'
[0.997s] Level 5:colcon.colcon_core.verb:set package 'robot_properties_bolt' build argument 'cmake_target' from command line to 'None'
[0.997s] Level 5:colcon.colcon_core.verb:set package 'robot_properties_bolt' build argument 'cmake_target_skip_unavailable' from command line to 'False'
[0.997s] Level 5:colcon.colcon_core.verb:set package 'robot_properties_bolt' build argument 'cmake_clean_cache' from command line to 'False'
[0.997s] Level 5:colcon.colcon_core.verb:set package 'robot_properties_bolt' build argument 'cmake_clean_first' from command line to 'False'
[0.997s] Level 5:colcon.colcon_core.verb:set package 'robot_properties_bolt' build argument 'cmake_force_configure' from command line to 'False'
[0.997s] Level 5:colcon.colcon_core.verb:set package 'robot_properties_bolt' build argument 'ament_cmake_args' from command line to 'None'
[0.997s] Level 5:colcon.colcon_core.verb:set package 'robot_properties_bolt' build argument 'catkin_cmake_args' from command line to 'None'
[0.997s] Level 5:colcon.colcon_core.verb:set package 'robot_properties_bolt' build argument 'catkin_skip_building_tests' from command line to 'False'
[0.997s] DEBUG:colcon.colcon_core.verb:Building package 'robot_properties_bolt' with the following arguments: {'ament_cmake_args': None, 'build_base': '/home/roy/odri_dev/workspace/build/robot_properties_bolt', 'catkin_cmake_args': None, 'catkin_skip_building_tests': False, 'cmake_args': ['-DCMAKE_BUILD_TYPE=Release'], 'cmake_clean_cache': False, 'cmake_clean_first': False, 'cmake_force_configure': False, 'cmake_target': None, 'cmake_target_skip_unavailable': False, 'install_base': '/home/roy/odri_dev/workspace/install/robot_properties_bolt', 'merge_install': False, 'path': '/home/roy/odri_dev/workspace/src/robot_properties_bolt', 'symlink_install': False, 'test_result_base': None}
[1.006s] Level 5:colcon.colcon_core.verb:set package 'robot_properties_solo' build argument 'cmake_args' from command line to '['-DCMAKE_BUILD_TYPE=Release']'
[1.006s] Level 5:colcon.colcon_core.verb:set package 'robot_properties_solo' build argument 'cmake_target' from command line to 'None'
[1.006s] Level 5:colcon.colcon_core.verb:set package 'robot_properties_solo' build argument 'cmake_target_skip_unavailable' from command line to 'False'
[1.006s] Level 5:colcon.colcon_core.verb:set package 'robot_properties_solo' build argument 'cmake_clean_cache' from command line to 'False'
[1.006s] Level 5:colcon.colcon_core.verb:set package 'robot_properties_solo' build argument 'cmake_clean_first' from command line to 'False'
[1.006s] Level 5:colcon.colcon_core.verb:set package 'robot_properties_solo' build argument 'cmake_force_configure' from command line to 'False'
[1.006s] Level 5:colcon.colcon_core.verb:set package 'robot_properties_solo' build argument 'ament_cmake_args' from command line to 'None'
[1.006s] Level 5:colcon.colcon_core.verb:set package 'robot_properties_solo' build argument 'catkin_cmake_args' from command line to 'None'
[1.006s] Level 5:colcon.colcon_core.verb:set package 'robot_properties_solo' build argument 'catkin_skip_building_tests' from command line to 'False'
[1.006s] DEBUG:colcon.colcon_core.verb:Building package 'robot_properties_solo' with the following arguments: {'ament_cmake_args': None, 'build_base': '/home/roy/odri_dev/workspace/build/robot_properties_solo', 'catkin_cmake_args': None, 'catkin_skip_building_tests': False, 'cmake_args': ['-DCMAKE_BUILD_TYPE=Release'], 'cmake_clean_cache': False, 'cmake_clean_first': False, 'cmake_force_configure': False, 'cmake_target': None, 'cmake_target_skip_unavailable': False, 'install_base': '/home/roy/odri_dev/workspace/install/robot_properties_solo', 'merge_install': False, 'path': '/home/roy/odri_dev/workspace/src/robot_properties_solo', 'symlink_install': False, 'test_result_base': None}
[1.015s] Level 5:colcon.colcon_core.verb:set package 'mim_control' build argument 'cmake_args' from command line to '['-DCMAKE_BUILD_TYPE=Release']'
[1.015s] Level 5:colcon.colcon_core.verb:set package 'mim_control' build argument 'cmake_target' from command line to 'None'
[1.015s] Level 5:colcon.colcon_core.verb:set package 'mim_control' build argument 'cmake_target_skip_unavailable' from command line to 'False'
[1.015s] Level 5:colcon.colcon_core.verb:set package 'mim_control' build argument 'cmake_clean_cache' from command line to 'False'
[1.015s] Level 5:colcon.colcon_core.verb:set package 'mim_control' build argument 'cmake_clean_first' from command line to 'False'
[1.015s] Level 5:colcon.colcon_core.verb:set package 'mim_control' build argument 'cmake_force_configure' from command line to 'False'
[1.015s] Level 5:colcon.colcon_core.verb:set package 'mim_control' build argument 'ament_cmake_args' from command line to 'None'
[1.015s] Level 5:colcon.colcon_core.verb:set package 'mim_control' build argument 'catkin_cmake_args' from command line to 'None'
[1.015s] Level 5:colcon.colcon_core.verb:set package 'mim_control' build argument 'catkin_skip_building_tests' from command line to 'False'
[1.015s] DEBUG:colcon.colcon_core.verb:Building package 'mim_control' with the following arguments: {'ament_cmake_args': None, 'build_base': '/home/roy/odri_dev/workspace/build/mim_control', 'catkin_cmake_args': None, 'catkin_skip_building_tests': False, 'cmake_args': ['-DCMAKE_BUILD_TYPE=Release'], 'cmake_clean_cache': False, 'cmake_clean_first': False, 'cmake_force_configure': False, 'cmake_target': None, 'cmake_target_skip_unavailable': False, 'install_base': '/home/roy/odri_dev/workspace/install/mim_control', 'merge_install': False, 'path': '/home/roy/odri_dev/workspace/src/mim_control', 'symlink_install': False, 'test_result_base': None}
[1.017s] INFO:colcon.colcon_core.executor:Executing jobs using 'parallel' executor
[1.032s] DEBUG:colcon.colcon_parallel_executor.executor.parallel:run_until_complete
[1.033s] INFO:colcon.colcon_cmake.task.cmake.build:Building CMake package in '/home/roy/odri_dev/workspace/src/googletest'
[1.043s] INFO:colcon.colcon_core.plugin_system:Skipping extension 'colcon_core.shell.bat': Not used on non-Windows systems
[1.043s] INFO:colcon.colcon_core.shell:Skip shell extension 'powershell' for command environment: Not usable outside of PowerShell
[1.043s] DEBUG:colcon.colcon_core.shell:Skip shell extension 'dsv' for command environment
[1.055s] INFO:colcon.colcon_cmake.task.cmake.build:Building CMake package in '/home/roy/odri_dev/workspace/src/mpi_cmake_modules'
[1.063s] INFO:colcon.colcon_core.shell:Skip shell extension 'powershell' for command environment: Not usable outside of PowerShell
[1.063s] DEBUG:colcon.colcon_core.shell:Skip shell extension 'dsv' for command environment
[1.072s] INFO:colcon.colcon_cmake.task.cmake.build:Building CMake package in '/home/roy/odri_dev/workspace/src/pybind11'
[1.079s] INFO:colcon.colcon_core.shell:Skip shell extension 'powershell' for command environment: Not usable outside of PowerShell
[1.080s] DEBUG:colcon.colcon_core.shell:Skip shell extension 'dsv' for command environment
[1.096s] DEBUG:colcon.colcon_core.event_handler.log_command:Invoking command in '/home/roy/odri_dev/workspace/build/googletest-distribution': /usr/bin/cmake --build /home/roy/odri_dev/workspace/build/googletest-distribution -- -j8 -l8
[1.103s] DEBUG:colcon.colcon_core.event_handler.log_command:Invoking command in '/home/roy/odri_dev/workspace/build/mpi_cmake_modules': /usr/bin/cmake --build /home/roy/odri_dev/workspace/build/mpi_cmake_modules -- -j8 -l8
[1.113s] DEBUG:colcon.colcon_core.event_handler.log_command:Invoking command in '/home/roy/odri_dev/workspace/build/pybind11': /usr/bin/cmake --build /home/roy/odri_dev/workspace/build/pybind11 -- -j8 -l8
[1.147s] DEBUG:colcon.colcon_core.event_handler.log_command:Invoked command in '/home/roy/odri_dev/workspace/build/mpi_cmake_modules' returned '0': /usr/bin/cmake --build /home/roy/odri_dev/workspace/build/mpi_cmake_modules -- -j8 -l8
[1.195s] DEBUG:colcon.colcon_core.event_handler.log_command:Invoking command in '/home/roy/odri_dev/workspace/build/mpi_cmake_modules': /usr/bin/cmake --install /home/roy/odri_dev/workspace/build/mpi_cmake_modules
[1.221s] Level 1:colcon.colcon_core.environment:create_environment_scripts_only(mpi_cmake_modules)
[1.237s] Level 1:colcon.colcon_core.environment:checking '/home/roy/odri_dev/workspace/install/mpi_cmake_modules' for CMake module files
[1.238s] Level 1:colcon.colcon_core.environment:checking '/home/roy/odri_dev/workspace/install/mpi_cmake_modules' for CMake config files
[1.238s] Level 1:colcon.colcon_core.shell:create_environment_hook('mpi_cmake_modules', 'cmake_prefix_path')
[1.248s] DEBUG:colcon.colcon_core.event_handler.log_command:Invoked command in '/home/roy/odri_dev/workspace/build/mpi_cmake_modules' returned '0': /usr/bin/cmake --install /home/roy/odri_dev/workspace/build/mpi_cmake_modules
[1.252s] INFO:colcon.colcon_core.shell:Creating environment hook '/home/roy/odri_dev/workspace/install/mpi_cmake_modules/share/mpi_cmake_modules/hook/cmake_prefix_path.ps1'
[1.253s] INFO:colcon.colcon_core.shell:Creating environment descriptor '/home/roy/odri_dev/workspace/install/mpi_cmake_modules/share/mpi_cmake_modules/hook/cmake_prefix_path.dsv'
[1.254s] INFO:colcon.colcon_core.shell:Creating environment hook '/home/roy/odri_dev/workspace/install/mpi_cmake_modules/share/mpi_cmake_modules/hook/cmake_prefix_path.sh'
[1.256s] Level 1:colcon.colcon_core.environment:checking '/home/roy/odri_dev/workspace/install/mpi_cmake_modules/lib'
[1.256s] Level 1:colcon.colcon_core.environment:checking '/home/roy/odri_dev/workspace/install/mpi_cmake_modules/bin'
[1.257s] Level 1:colcon.colcon_core.shell:create_environment_hook('mpi_cmake_modules', 'path')
[1.267s] INFO:colcon.colcon_core.shell:Creating environment hook '/home/roy/odri_dev/workspace/install/mpi_cmake_modules/share/mpi_cmake_modules/hook/path.ps1'
[1.268s] INFO:colcon.colcon_core.shell:Creating environment descriptor '/home/roy/odri_dev/workspace/install/mpi_cmake_modules/share/mpi_cmake_modules/hook/path.dsv'
[1.268s] INFO:colcon.colcon_core.shell:Creating environment hook '/home/roy/odri_dev/workspace/install/mpi_cmake_modules/share/mpi_cmake_modules/hook/path.sh'
[1.269s] Level 1:colcon.colcon_core.environment:checking '/home/roy/odri_dev/workspace/install/mpi_cmake_modules/lib/pkgconfig/mpi_cmake_modules.pc'
[1.269s] Level 1:colcon.colcon_core.environment:checking '/home/roy/odri_dev/workspace/install/mpi_cmake_modules/lib/python3.8/site-packages'
[1.269s] Level 1:colcon.colcon_core.shell:create_environment_hook('mpi_cmake_modules', 'pythonpath')
[1.280s] INFO:colcon.colcon_core.shell:Creating environment hook '/home/roy/odri_dev/workspace/install/mpi_cmake_modules/share/mpi_cmake_modules/hook/pythonpath.ps1'
[1.281s] INFO:colcon.colcon_core.shell:Creating environment descriptor '/home/roy/odri_dev/workspace/install/mpi_cmake_modules/share/mpi_cmake_modules/hook/pythonpath.dsv'
[1.282s] INFO:colcon.colcon_core.shell:Creating environment hook '/home/roy/odri_dev/workspace/install/mpi_cmake_modules/share/mpi_cmake_modules/hook/pythonpath.sh'
[1.292s] INFO:colcon.colcon_core.shell:Creating package script '/home/roy/odri_dev/workspace/install/mpi_cmake_modules/share/mpi_cmake_modules/package.ps1'
[1.294s] INFO:colcon.colcon_core.shell:Creating package descriptor '/home/roy/odri_dev/workspace/install/mpi_cmake_modules/share/mpi_cmake_modules/package.dsv'
[1.295s] INFO:colcon.colcon_core.shell:Creating package script '/home/roy/odri_dev/workspace/install/mpi_cmake_modules/share/mpi_cmake_modules/package.sh'
[1.297s] INFO:colcon.colcon_core.shell:Creating package script '/home/roy/odri_dev/workspace/install/mpi_cmake_modules/share/mpi_cmake_modules/package.bash'
[1.298s] INFO:colcon.colcon_core.shell:Creating package script '/home/roy/odri_dev/workspace/install/mpi_cmake_modules/share/mpi_cmake_modules/package.zsh'
[1.300s] Level 1:colcon.colcon_core.environment:create_file_with_runtime_dependencies(/home/roy/odri_dev/workspace/install/mpi_cmake_modules/share/colcon-core/packages/mpi_cmake_modules)
[1.301s] INFO:colcon.colcon_core.task.python.build:Building Python package in '/home/roy/odri_dev/workspace/src/bullet_utils'
[1.317s] INFO:colcon.colcon_core.shell:Skip shell extension 'powershell' for command environment: Not usable outside of PowerShell
[1.317s] DEBUG:colcon.colcon_core.shell:Skip shell extension 'dsv' for command environment
[2.081s] DEBUG:colcon.colcon_core.event_handler.log_command:Invoking command in '/home/roy/odri_dev/workspace/src/bullet_utils': CMAKE_PREFIX_PATH=/home/roy/odri_dev/workspace/install/mpi_cmake_modules PATH=/home/roy/odri_dev/workspace/install/mpi_cmake_modules/bin:${PATH} PYTHONPATH=/home/roy/odri_dev/workspace/install/bullet_utils/lib/python3.8/site-packages:/home/roy/odri_dev/workspace/install/mpi_cmake_modules/lib/python3.8/site-packages /usr/bin/python3 setup.py egg_info --egg-base ../../build/bullet_utils build --build-base /home/roy/odri_dev/workspace/build/bullet_utils/build install --prefix /home/roy/odri_dev/workspace/install/bullet_utils --record /home/roy/odri_dev/workspace/build/bullet_utils/install.log --single-version-externally-managed
[5.677s] DEBUG:colcon.colcon_core.event_handler.log_command:Invoked command in '/home/roy/odri_dev/workspace/src/bullet_utils' returned '0': CMAKE_PREFIX_PATH=/home/roy/odri_dev/workspace/install/mpi_cmake_modules PATH=/home/roy/odri_dev/workspace/install/mpi_cmake_modules/bin:${PATH} PYTHONPATH=/home/roy/odri_dev/workspace/install/bullet_utils/lib/python3.8/site-packages:/home/roy/odri_dev/workspace/install/mpi_cmake_modules/lib/python3.8/site-packages /usr/bin/python3 setup.py egg_info --egg-base ../../build/bullet_utils build --build-base /home/roy/odri_dev/workspace/build/bullet_utils/build install --prefix /home/roy/odri_dev/workspace/install/bullet_utils --record /home/roy/odri_dev/workspace/build/bullet_utils/install.log --single-version-externally-managed
[5.688s] Level 1:colcon.colcon_core.environment:checking '/home/roy/odri_dev/workspace/install/bullet_utils' for CMake module files
[5.689s] Level 1:colcon.colcon_core.environment:checking '/home/roy/odri_dev/workspace/install/bullet_utils' for CMake config files
[5.690s] Level 1:colcon.colcon_core.environment:checking '/home/roy/odri_dev/workspace/install/bullet_utils/lib'
[5.690s] Level 1:colcon.colcon_core.environment:checking '/home/roy/odri_dev/workspace/install/bullet_utils/bin'
[5.691s] Level 1:colcon.colcon_core.environment:checking '/home/roy/odri_dev/workspace/install/bullet_utils/lib/pkgconfig/bullet_utils.pc'
[5.691s] Level 1:colcon.colcon_core.environment:checking '/home/roy/odri_dev/workspace/install/bullet_utils/lib/python3.8/site-packages'
[5.691s] Level 1:colcon.colcon_core.shell:create_environment_hook('bullet_utils', 'pythonpath')
[5.716s] INFO:colcon.colcon_core.shell:Creating environment hook '/home/roy/odri_dev/workspace/install/bullet_utils/share/bullet_utils/hook/pythonpath.ps1'
[5.717s] INFO:colcon.colcon_core.shell:Creating environment descriptor '/home/roy/odri_dev/workspace/install/bullet_utils/share/bullet_utils/hook/pythonpath.dsv'
[5.718s] INFO:colcon.colcon_core.shell:Creating environment hook '/home/roy/odri_dev/workspace/install/bullet_utils/share/bullet_utils/hook/pythonpath.sh'
[5.719s] Level 1:colcon.colcon_core.environment:create_environment_scripts_only(bullet_utils)
[5.744s] INFO:colcon.colcon_core.shell:Creating package script '/home/roy/odri_dev/workspace/install/bullet_utils/share/bullet_utils/package.ps1'
[5.746s] INFO:colcon.colcon_core.shell:Creating package descriptor '/home/roy/odri_dev/workspace/install/bullet_utils/share/bullet_utils/package.dsv'
[5.747s] INFO:colcon.colcon_core.shell:Creating package script '/home/roy/odri_dev/workspace/install/bullet_utils/share/bullet_utils/package.sh'
[5.748s] INFO:colcon.colcon_core.shell:Creating package script '/home/roy/odri_dev/workspace/install/bullet_utils/share/bullet_utils/package.bash'
[5.749s] INFO:colcon.colcon_core.shell:Creating package script '/home/roy/odri_dev/workspace/install/bullet_utils/share/bullet_utils/package.zsh'
[5.750s] Level 1:colcon.colcon_core.environment:create_file_with_runtime_dependencies(/home/roy/odri_dev/workspace/install/bullet_utils/share/colcon-core/packages/bullet_utils)
[5.751s] INFO:colcon.colcon_ros.task.ament_python.build:Building ROS package in '/home/roy/odri_dev/workspace/src/robot_properties_bolt' with build type 'ament_python'
[5.761s] Level 1:colcon.colcon_core.shell:create_environment_hook('robot_properties_bolt', 'ament_prefix_path')
[5.792s] INFO:colcon.colcon_core.shell:Creating environment hook '/home/roy/odri_dev/workspace/install/robot_properties_bolt/share/robot_properties_bolt/hook/ament_prefix_path.ps1'
[5.802s] INFO:colcon.colcon_core.shell:Creating environment descriptor '/home/roy/odri_dev/workspace/install/robot_properties_bolt/share/robot_properties_bolt/hook/ament_prefix_path.dsv'
[5.803s] INFO:colcon.colcon_core.shell:Creating environment hook '/home/roy/odri_dev/workspace/install/robot_properties_bolt/share/robot_properties_bolt/hook/ament_prefix_path.sh'
[5.838s] INFO:colcon.colcon_core.shell:Skip shell extension 'powershell' for command environment: Not usable outside of PowerShell
[5.838s] DEBUG:colcon.colcon_core.shell:Skip shell extension 'dsv' for command environment
[5.893s] INFO:colcon.colcon_ros.task.ament_python.build:Building ROS package in '/home/roy/odri_dev/workspace/src/robot_properties_solo' with build type 'ament_python'
[5.893s] Level 1:colcon.colcon_core.shell:create_environment_hook('robot_properties_solo', 'ament_prefix_path')
[5.917s] INFO:colcon.colcon_core.shell:Creating environment hook '/home/roy/odri_dev/workspace/install/robot_properties_solo/share/robot_properties_solo/hook/ament_prefix_path.ps1'
[5.919s] INFO:colcon.colcon_core.shell:Creating environment descriptor '/home/roy/odri_dev/workspace/install/robot_properties_solo/share/robot_properties_solo/hook/ament_prefix_path.dsv'
[5.920s] INFO:colcon.colcon_core.shell:Creating environment hook '/home/roy/odri_dev/workspace/install/robot_properties_solo/share/robot_properties_solo/hook/ament_prefix_path.sh'
[5.940s] INFO:colcon.colcon_core.shell:Skip shell extension 'powershell' for command environment: Not usable outside of PowerShell
[5.940s] DEBUG:colcon.colcon_core.shell:Skip shell extension 'dsv' for command environment
[6.809s] INFO:colcon.colcon_core.task.python.build:Building Python package in '/home/roy/odri_dev/workspace/src/robot_properties_bolt'
[6.843s] INFO:colcon.colcon_core.shell:Skip shell extension 'powershell' for command environment: Not usable outside of PowerShell
[6.843s] DEBUG:colcon.colcon_core.shell:Skip shell extension 'dsv' for command environment
[7.708s] INFO:colcon.colcon_core.task.python.build:Building Python package in '/home/roy/odri_dev/workspace/src/robot_properties_solo'
[7.721s] INFO:colcon.colcon_core.shell:Skip shell extension 'powershell' for command environment: Not usable outside of PowerShell
[7.721s] DEBUG:colcon.colcon_core.shell:Skip shell extension 'dsv' for command environment
[7.777s] DEBUG:colcon.colcon_core.event_handler.log_command:Invoking command in '/home/roy/odri_dev/workspace/src/robot_properties_bolt': PYTHONPATH=/home/roy/odri_dev/workspace/install/robot_properties_bolt/lib/python3.8/site-packages:/home/roy/odri_dev/workspace/install/bullet_utils/lib/python3.8/site-packages /usr/bin/python3 setup.py egg_info --egg-base ../../build/robot_properties_bolt build --build-base /home/roy/odri_dev/workspace/build/robot_properties_bolt/build install --prefix /home/roy/odri_dev/workspace/install/robot_properties_bolt --record /home/roy/odri_dev/workspace/build/robot_properties_bolt/install.log --single-version-externally-managed
[7.808s] DEBUG:colcon.colcon_core.event_handler.log_command:Invoking command in '/home/roy/odri_dev/workspace/src/robot_properties_solo': PYTHONPATH=/home/roy/odri_dev/workspace/install/robot_properties_solo/lib/python3.8/site-packages:/home/roy/odri_dev/workspace/install/bullet_utils/lib/python3.8/site-packages /usr/bin/python3 setup.py egg_info --egg-base ../../build/robot_properties_solo build --build-base /home/roy/odri_dev/workspace/build/robot_properties_solo/build install --prefix /home/roy/odri_dev/workspace/install/robot_properties_solo --record /home/roy/odri_dev/workspace/build/robot_properties_solo/install.log --single-version-externally-managed
[9.182s] DEBUG:colcon.colcon_core.event_handler.log_command:Invoked command in '/home/roy/odri_dev/workspace/src/robot_properties_bolt' returned '0': PYTHONPATH=/home/roy/odri_dev/workspace/install/robot_properties_bolt/lib/python3.8/site-packages:/home/roy/odri_dev/workspace/install/bullet_utils/lib/python3.8/site-packages /usr/bin/python3 setup.py egg_info --egg-base ../../build/robot_properties_bolt build --build-base /home/roy/odri_dev/workspace/build/robot_properties_bolt/build install --prefix /home/roy/odri_dev/workspace/install/robot_properties_bolt --record /home/roy/odri_dev/workspace/build/robot_properties_bolt/install.log --single-version-externally-managed
[9.191s] Level 1:colcon.colcon_core.environment:checking '/home/roy/odri_dev/workspace/install/robot_properties_bolt' for CMake module files
[9.205s] Level 1:colcon.colcon_core.environment:checking '/home/roy/odri_dev/workspace/install/robot_properties_bolt' for CMake config files
[9.217s] Level 1:colcon.colcon_core.environment:checking '/home/roy/odri_dev/workspace/install/robot_properties_bolt/lib'
[9.218s] Level 1:colcon.colcon_core.environment:checking '/home/roy/odri_dev/workspace/install/robot_properties_bolt/bin'
[9.218s] Level 1:colcon.colcon_core.environment:checking '/home/roy/odri_dev/workspace/install/robot_properties_bolt/lib/pkgconfig/robot_properties_bolt.pc'
[9.218s] Level 1:colcon.colcon_core.environment:checking '/home/roy/odri_dev/workspace/install/robot_properties_bolt/lib/python3.8/site-packages'
[9.218s] Level 1:colcon.colcon_core.shell:create_environment_hook('robot_properties_bolt', 'pythonpath')
[9.236s] INFO:colcon.colcon_core.shell:Creating environment hook '/home/roy/odri_dev/workspace/install/robot_properties_bolt/share/robot_properties_bolt/hook/pythonpath.ps1'
[9.241s] INFO:colcon.colcon_core.shell:Creating environment descriptor '/home/roy/odri_dev/workspace/install/robot_properties_bolt/share/robot_properties_bolt/hook/pythonpath.dsv'
[9.242s] INFO:colcon.colcon_core.shell:Creating environment hook '/home/roy/odri_dev/workspace/install/robot_properties_bolt/share/robot_properties_bolt/hook/pythonpath.sh'
[9.243s] Level 1:colcon.colcon_core.environment:create_environment_scripts_only(robot_properties_bolt)
[9.268s] INFO:colcon.colcon_core.shell:Creating package script '/home/roy/odri_dev/workspace/install/robot_properties_bolt/share/robot_properties_bolt/package.ps1'
[9.278s] INFO:colcon.colcon_core.shell:Creating package descriptor '/home/roy/odri_dev/workspace/install/robot_properties_bolt/share/robot_properties_bolt/package.dsv'
[9.280s] INFO:colcon.colcon_core.shell:Creating package script '/home/roy/odri_dev/workspace/install/robot_properties_bolt/share/robot_properties_bolt/package.sh'
[9.281s] INFO:colcon.colcon_core.shell:Creating package script '/home/roy/odri_dev/workspace/install/robot_properties_bolt/share/robot_properties_bolt/package.bash'
[9.282s] INFO:colcon.colcon_core.shell:Creating package script '/home/roy/odri_dev/workspace/install/robot_properties_bolt/share/robot_properties_bolt/package.zsh'
[9.283s] Level 1:colcon.colcon_core.environment:create_file_with_runtime_dependencies(/home/roy/odri_dev/workspace/install/robot_properties_bolt/share/colcon-core/packages/robot_properties_bolt)
[10.499s] DEBUG:colcon.colcon_core.event_handler.log_command:Invoked command in '/home/roy/odri_dev/workspace/src/robot_properties_solo' returned '0': PYTHONPATH=/home/roy/odri_dev/workspace/install/robot_properties_solo/lib/python3.8/site-packages:/home/roy/odri_dev/workspace/install/bullet_utils/lib/python3.8/site-packages /usr/bin/python3 setup.py egg_info --egg-base ../../build/robot_properties_solo build --build-base /home/roy/odri_dev/workspace/build/robot_properties_solo/build install --prefix /home/roy/odri_dev/workspace/install/robot_properties_solo --record /home/roy/odri_dev/workspace/build/robot_properties_solo/install.log --single-version-externally-managed
[10.510s] Level 1:colcon.colcon_core.environment:checking '/home/roy/odri_dev/workspace/install/robot_properties_solo' for CMake module files
[10.511s] Level 1:colcon.colcon_core.environment:checking '/home/roy/odri_dev/workspace/install/robot_properties_solo' for CMake config files
[10.513s] Level 1:colcon.colcon_core.environment:checking '/home/roy/odri_dev/workspace/install/robot_properties_solo/lib'
[10.513s] Level 1:colcon.colcon_core.environment:checking '/home/roy/odri_dev/workspace/install/robot_properties_solo/bin'
[10.513s] Level 1:colcon.colcon_core.environment:checking '/home/roy/odri_dev/workspace/install/robot_properties_solo/lib/pkgconfig/robot_properties_solo.pc'
[10.513s] Level 1:colcon.colcon_core.environment:checking '/home/roy/odri_dev/workspace/install/robot_properties_solo/lib/python3.8/site-packages'
[10.514s] Level 1:colcon.colcon_core.shell:create_environment_hook('robot_properties_solo', 'pythonpath')
[10.545s] INFO:colcon.colcon_core.shell:Creating environment hook '/home/roy/odri_dev/workspace/install/robot_properties_solo/share/robot_properties_solo/hook/pythonpath.ps1'
[10.546s] INFO:colcon.colcon_core.shell:Creating environment descriptor '/home/roy/odri_dev/workspace/install/robot_properties_solo/share/robot_properties_solo/hook/pythonpath.dsv'
[10.547s] INFO:colcon.colcon_core.shell:Creating environment hook '/home/roy/odri_dev/workspace/install/robot_properties_solo/share/robot_properties_solo/hook/pythonpath.sh'
[10.548s] Level 1:colcon.colcon_core.environment:create_environment_scripts_only(robot_properties_solo)
[10.572s] INFO:colcon.colcon_core.shell:Creating package script '/home/roy/odri_dev/workspace/install/robot_properties_solo/share/robot_properties_solo/package.ps1'
[10.573s] INFO:colcon.colcon_core.shell:Creating package descriptor '/home/roy/odri_dev/workspace/install/robot_properties_solo/share/robot_properties_solo/package.dsv'
[10.575s] INFO:colcon.colcon_core.shell:Creating package script '/home/roy/odri_dev/workspace/install/robot_properties_solo/share/robot_properties_solo/package.sh'
[10.576s] INFO:colcon.colcon_core.shell:Creating package script '/home/roy/odri_dev/workspace/install/robot_properties_solo/share/robot_properties_solo/package.bash'
[10.577s] INFO:colcon.colcon_core.shell:Creating package script '/home/roy/odri_dev/workspace/install/robot_properties_solo/share/robot_properties_solo/package.zsh'
[10.578s] Level 1:colcon.colcon_core.environment:create_file_with_runtime_dependencies(/home/roy/odri_dev/workspace/install/robot_properties_solo/share/colcon-core/packages/robot_properties_solo)
[15.232s] DEBUG:colcon.colcon_parallel_executor.executor.parallel:run_until_complete was interrupted
[15.232s] DEBUG:colcon.colcon_parallel_executor.executor.parallel:run_until_complete again
[15.292s] DEBUG:colcon.colcon_core.event_handler.log_command:Invoked command in '/home/roy/odri_dev/workspace/build/googletest-distribution' returned '-2': /usr/bin/cmake --build /home/roy/odri_dev/workspace/build/googletest-distribution -- -j8 -l8
[15.315s] DEBUG:colcon.colcon_parallel_executor.executor.parallel:run_until_complete finished
[15.315s] DEBUG:colcon.colcon_parallel_executor.executor.parallel:closing loop
[15.315s] DEBUG:colcon.colcon_parallel_executor.executor.parallel:loop closed
[15.316s] DEBUG:colcon.colcon_core.event_reactor:joining thread
[15.338s] INFO:colcon.colcon_core.plugin_system:Skipping extension 'colcon_notification.desktop_notification.terminal_notifier': Not used on non-Darwin systems
[15.338s] INFO:colcon.colcon_core.plugin_system:Skipping extension 'colcon_notification.desktop_notification.win32': Not used on non-Windows systems
[15.338s] INFO:colcon.colcon_notification.desktop_notification:Sending desktop notification using 'notify2'
[15.370s] DEBUG:colcon.colcon_core.event_reactor:joined thread
[15.378s] INFO:colcon.colcon_core.shell:Creating prefix script '/home/roy/odri_dev/workspace/install/local_setup.ps1'
[15.380s] INFO:colcon.colcon_core.shell:Creating prefix util module '/home/roy/odri_dev/workspace/install/_local_setup_util_ps1.py'
[15.381s] INFO:colcon.colcon_core.shell:Creating prefix chain script '/home/roy/odri_dev/workspace/install/setup.ps1'
[15.387s] INFO:colcon.colcon_core.shell:Creating prefix script '/home/roy/odri_dev/workspace/install/local_setup.sh'
[15.388s] INFO:colcon.colcon_core.shell:Creating prefix util module '/home/roy/odri_dev/workspace/install/_local_setup_util_sh.py'
[15.388s] INFO:colcon.colcon_core.shell:Creating prefix chain script '/home/roy/odri_dev/workspace/install/setup.sh'
[15.395s] INFO:colcon.colcon_core.shell:Creating prefix script '/home/roy/odri_dev/workspace/install/local_setup.bash'
[15.395s] INFO:colcon.colcon_core.shell:Creating prefix chain script '/home/roy/odri_dev/workspace/install/setup.bash'
[15.401s] INFO:colcon.colcon_core.shell:Creating prefix script '/home/roy/odri_dev/workspace/install/local_setup.zsh'
[15.402s] INFO:colcon.colcon_core.shell:Creating prefix chain script '/home/roy/odri_dev/workspace/install/setup.zsh'
