[0.263s] Invoking command in '/home/roy/odri_dev/workspace/src/bullet_utils': CMAKE_PREFIX_PATH=/home/roy/odri_dev/workspace/install/mpi_cmake_modules:/opt/openrobots:/opt/openrobots PATH=/home/roy/odri_dev/workspace/install/mpi_cmake_modules/bin:${PATH} PYTHONPATH=/home/roy/odri_dev/workspace/install/bullet_utils/lib/python3.8/site-packages:/home/roy/odri_dev/workspace/install/mpi_cmake_modules/lib/python3.8/site-packages:/opt/openrobots/lib/python2.7/site-packages:/opt/openrobots/lib/python2.7/site-packages /usr/bin/python3 setup.py egg_info --egg-base ../../build/bullet_utils build --build-base /home/roy/odri_dev/workspace/build/bullet_utils/build install --prefix /home/roy/odri_dev/workspace/install/bullet_utils --record /home/roy/odri_dev/workspace/build/bullet_utils/install.log --single-version-externally-managed
[0.498s] running egg_info
[0.498s] writing ../../build/bullet_utils/bullet_utils.egg-info/PKG-INFO
[0.498s] writing dependency_links to ../../build/bullet_utils/bullet_utils.egg-info/dependency_links.txt
[0.499s] writing entry points to ../../build/bullet_utils/bullet_utils.egg-info/entry_points.txt
[0.499s] writing requirements to ../../build/bullet_utils/bullet_utils.egg-info/requires.txt
[0.499s] writing top-level names to ../../build/bullet_utils/bullet_utils.egg-info/top_level.txt
[0.501s] reading manifest file '../../build/bullet_utils/bullet_utils.egg-info/SOURCES.txt'
[0.502s] writing manifest file '../../build/bullet_utils/bullet_utils.egg-info/SOURCES.txt'
[0.502s] running build
[0.503s] running build_py
[0.890s] sphinx-apidoc output:
[0.890s]  Creating file /home/roy/odri_dev/workspace/build/bullet_utils/build/lib/bullet_utils/doc/bullet_utils.rst.
[0.891s] Creating file /home/roy/odri_dev/workspace/build/bullet_utils/build/lib/bullet_utils/doc/bullet_utils.resources.rst.
[0.891s] Creating file /home/roy/odri_dev/workspace/build/bullet_utils/build/lib/bullet_utils/doc/pinocchio_bullet.rst.
[0.891s] Creating file /home/roy/odri_dev/workspace/build/bullet_utils/build/lib/bullet_utils/doc/py_pinocchio_bullet.rst.
[0.891s] Creating file /home/roy/odri_dev/workspace/build/bullet_utils/build/lib/bullet_utils/doc/modules.rst.
[0.891s] 
[0.891s] sphinx-apidoc error:
[0.892s]  None
[0.892s] 
[1.612s] pybullet build time: Oct 11 2021 20:59:39
[1.833s] WARNING: autodoc: failed to import module 'wrapper' from module 'bullet_utils'; the following exception was raised:
[1.834s] No module named 'pinocchio'
[1.834s] interrupted
[1.834s] 
[1.834s] Interrupted!
