-- The OS type is non-real-time
-- Configuring done
-- Generating done
-- Build files have been written to: /home/roy/odri_dev/workspace/build/mpi_cmake_modules
-- Install configuration: "Release"
-- Installing: /home/roy/odri_dev/workspace/install/mpi_cmake_modules/share/mpi_cmake_modules/resources
-- Installing: /home/roy/odri_dev/workspace/install/mpi_cmake_modules/share/mpi_cmake_modules/resources/Doxyfile.in
-- Installing: /home/roy/odri_dev/workspace/install/mpi_cmake_modules/share/mpi_cmake_modules/resources/py_filter
-- Installing: /home/roy/odri_dev/workspace/install/mpi_cmake_modules/share/mpi_cmake_modules/resources/_clang-format
-- Installing: /home/roy/odri_dev/workspace/install/mpi_cmake_modules/share/mpi_cmake_modules/resources/sphinx
-- Installing: /home/roy/odri_dev/workspace/install/mpi_cmake_modules/share/mpi_cmake_modules/resources/sphinx/sphinx
-- Installing: /home/roy/odri_dev/workspace/install/mpi_cmake_modules/share/mpi_cmake_modules/resources/sphinx/sphinx/doxygen_index.rst.in
-- Installing: /home/roy/odri_dev/workspace/install/mpi_cmake_modules/share/mpi_cmake_modules/resources/sphinx/sphinx/conf.py.in
-- Installing: /home/roy/odri_dev/workspace/install/mpi_cmake_modules/share/mpi_cmake_modules/resources/sphinx/sphinx/conf.py
-- Installing: /home/roy/odri_dev/workspace/install/mpi_cmake_modules/share/mpi_cmake_modules/resources/sphinx/sphinx/cmake_doc.rst.in
-- Installing: /home/roy/odri_dev/workspace/install/mpi_cmake_modules/share/mpi_cmake_modules/resources/sphinx/sphinx/general_documentation.rst.in
-- Installing: /home/roy/odri_dev/workspace/install/mpi_cmake_modules/share/mpi_cmake_modules/resources/sphinx/sphinx/doxygen_index_one_page.rst.in
-- Installing: /home/roy/odri_dev/workspace/install/mpi_cmake_modules/share/mpi_cmake_modules/resources/sphinx/sphinx/index.rst.in
-- Installing: /home/roy/odri_dev/workspace/install/mpi_cmake_modules/share/mpi_cmake_modules/resources/sphinx/doxygen
-- Installing: /home/roy/odri_dev/workspace/install/mpi_cmake_modules/share/mpi_cmake_modules/resources/sphinx/doxygen/Doxyfile.in
-- Installing: /home/roy/odri_dev/workspace/install/mpi_cmake_modules/share/mpi_cmake_modules/resources/dg_python_module.cc.in
-- Installing: /home/roy/odri_dev/workspace/install/mpi_cmake_modules/share/mpi_cmake_modules/resources/__init__.py.empty.in
-- Installing: /home/roy/odri_dev/workspace/install/mpi_cmake_modules/lib/python3.8/site-packages/mpi_cmake_modules
-- Installing: /home/roy/odri_dev/workspace/install/mpi_cmake_modules/lib/python3.8/site-packages/mpi_cmake_modules/documentation_builder.py
-- Installing: /home/roy/odri_dev/workspace/install/mpi_cmake_modules/lib/python3.8/site-packages/mpi_cmake_modules/cmake_format.py
-- Installing: /home/roy/odri_dev/workspace/install/mpi_cmake_modules/lib/python3.8/site-packages/mpi_cmake_modules/cpp_format.py
-- Installing: /home/roy/odri_dev/workspace/install/mpi_cmake_modules/lib/python3.8/site-packages/mpi_cmake_modules/__init__.py
-- Installing: /home/roy/odri_dev/workspace/install/mpi_cmake_modules/lib/python3.8/site-packages/mpi_cmake_modules/python_format.py
-- Installing: /home/roy/odri_dev/workspace/install/mpi_cmake_modules/lib/python3.8/site-packages/mpi_cmake_modules/utils.py
-- Installing: /home/roy/odri_dev/workspace/install/mpi_cmake_modules/lib/python3.8/site-packages/mpi_cmake_modules/yaml2oneline.py
-- Installing: /home/roy/odri_dev/workspace/install/mpi_cmake_modules/share/mpi_cmake_modules/cmake
-- Installing: /home/roy/odri_dev/workspace/install/mpi_cmake_modules/share/mpi_cmake_modules/cmake/dynamic_graph.cmake
-- Installing: /home/roy/odri_dev/workspace/install/mpi_cmake_modules/share/mpi_cmake_modules/cmake/xacro.cmake
-- Installing: /home/roy/odri_dev/workspace/install/mpi_cmake_modules/share/mpi_cmake_modules/cmake/xenomai.cmake
-- Installing: /home/roy/odri_dev/workspace/install/mpi_cmake_modules/share/mpi_cmake_modules/cmake/get_python_install_dir.cmake
-- Installing: /home/roy/odri_dev/workspace/install/mpi_cmake_modules/share/mpi_cmake_modules/cmake/install_scripts.cmake
-- Installing: /home/roy/odri_dev/workspace/install/mpi_cmake_modules/share/mpi_cmake_modules/cmake/generate_cmake_package.cmake
-- Installing: /home/roy/odri_dev/workspace/install/mpi_cmake_modules/share/mpi_cmake_modules/cmake/sphinx.cmake
-- Installing: /home/roy/odri_dev/workspace/install/mpi_cmake_modules/share/mpi_cmake_modules/cmake/global_calls.cmake
-- Installing: /home/roy/odri_dev/workspace/install/mpi_cmake_modules/share/mpi_cmake_modules/cmake/find_modules
-- Installing: /home/roy/odri_dev/workspace/install/mpi_cmake_modules/share/mpi_cmake_modules/cmake/find_modules/python
-- Installing: /home/roy/odri_dev/workspace/install/mpi_cmake_modules/share/mpi_cmake_modules/cmake/find_modules/python/FindPython.cmake.backup
-- Installing: /home/roy/odri_dev/workspace/install/mpi_cmake_modules/share/mpi_cmake_modules/cmake/find_modules/python/Support.cmake.backup
-- Installing: /home/roy/odri_dev/workspace/install/mpi_cmake_modules/share/mpi_cmake_modules/cmake/find_modules/python/FindPython.cmake
-- Installing: /home/roy/odri_dev/workspace/install/mpi_cmake_modules/share/mpi_cmake_modules/cmake/find_modules/Findrt.cmake
-- Installing: /home/roy/odri_dev/workspace/install/mpi_cmake_modules/share/mpi_cmake_modules/cmake/find_modules/FindZeroMQ.cmake
-- Installing: /home/roy/odri_dev/workspace/install/mpi_cmake_modules/share/mpi_cmake_modules/cmake/find_modules/XenomaiConfig.cmake
-- Installing: /home/roy/odri_dev/workspace/install/mpi_cmake_modules/share/mpi_cmake_modules/cmake/find_modules/Findcereal.cmake
-- Installing: /home/roy/odri_dev/workspace/install/mpi_cmake_modules/share/mpi_cmake_modules/cmake/find_modules/FindZeroMQPP.cmake
-- Installing: /home/roy/odri_dev/workspace/install/mpi_cmake_modules/share/mpi_cmake_modules/cmake/find_modules/FindPythonModules.cmake
-- Installing: /home/roy/odri_dev/workspace/install/mpi_cmake_modules/share/mpi_cmake_modules/cmake/get_python_interpreter.cmake
-- Installing: /home/roy/odri_dev/workspace/install/mpi_cmake_modules/share/mpi_cmake_modules/cmake/doxygen.cmake
-- Installing: /home/roy/odri_dev/workspace/install/mpi_cmake_modules/share/mpi_cmake_modules/cmake/print_target_properties.cmake
-- Installing: /home/roy/odri_dev/workspace/install/mpi_cmake_modules/share/mpi_cmake_modules/cmake/pybind11.cmake
-- Installing: /home/roy/odri_dev/workspace/install/mpi_cmake_modules/share/mpi_cmake_modules/cmake/boost_python.cmake
-- Installing: /home/roy/odri_dev/workspace/install/mpi_cmake_modules/share/mpi_cmake_modules/cmake/os_detection.cmake
-- Installing: /home/roy/odri_dev/workspace/install/mpi_cmake_modules/share/mpi_cmake_modules/cmake/find_modules.cmake
-- Installing: /home/roy/odri_dev/workspace/install/mpi_cmake_modules/share/mpi_cmake_modules/cmake/documentation.cmake
-- Installing: /home/roy/odri_dev/workspace/install/mpi_cmake_modules/bin/mpi_cpp_format
-- Installing: /home/roy/odri_dev/workspace/install/mpi_cmake_modules/bin/mpi_python_format
-- Installing: /home/roy/odri_dev/workspace/install/mpi_cmake_modules/bin/mpi_cmake_format
-- Installing: /home/roy/odri_dev/workspace/install/mpi_cmake_modules/bin/mpi_code_format
-- Installing: /home/roy/odri_dev/workspace/install/mpi_cmake_modules/bin/mpi_doc_build
-- Installing: /home/roy/odri_dev/workspace/install/mpi_cmake_modules/lib/python3.8/site-packages/mpi_cmake_modules/resources
-- Installing: /home/roy/odri_dev/workspace/install/mpi_cmake_modules/lib/python3.8/site-packages/mpi_cmake_modules/resources/Doxyfile.in
-- Installing: /home/roy/odri_dev/workspace/install/mpi_cmake_modules/lib/python3.8/site-packages/mpi_cmake_modules/resources/py_filter
-- Installing: /home/roy/odri_dev/workspace/install/mpi_cmake_modules/lib/python3.8/site-packages/mpi_cmake_modules/resources/_clang-format
-- Installing: /home/roy/odri_dev/workspace/install/mpi_cmake_modules/lib/python3.8/site-packages/mpi_cmake_modules/resources/sphinx
-- Installing: /home/roy/odri_dev/workspace/install/mpi_cmake_modules/lib/python3.8/site-packages/mpi_cmake_modules/resources/sphinx/sphinx
-- Installing: /home/roy/odri_dev/workspace/install/mpi_cmake_modules/lib/python3.8/site-packages/mpi_cmake_modules/resources/sphinx/sphinx/doxygen_index.rst.in
-- Installing: /home/roy/odri_dev/workspace/install/mpi_cmake_modules/lib/python3.8/site-packages/mpi_cmake_modules/resources/sphinx/sphinx/conf.py.in
-- Installing: /home/roy/odri_dev/workspace/install/mpi_cmake_modules/lib/python3.8/site-packages/mpi_cmake_modules/resources/sphinx/sphinx/conf.py
-- Installing: /home/roy/odri_dev/workspace/install/mpi_cmake_modules/lib/python3.8/site-packages/mpi_cmake_modules/resources/sphinx/sphinx/cmake_doc.rst.in
-- Installing: /home/roy/odri_dev/workspace/install/mpi_cmake_modules/lib/python3.8/site-packages/mpi_cmake_modules/resources/sphinx/sphinx/general_documentation.rst.in
-- Installing: /home/roy/odri_dev/workspace/install/mpi_cmake_modules/lib/python3.8/site-packages/mpi_cmake_modules/resources/sphinx/sphinx/doxygen_index_one_page.rst.in
-- Installing: /home/roy/odri_dev/workspace/install/mpi_cmake_modules/lib/python3.8/site-packages/mpi_cmake_modules/resources/sphinx/sphinx/index.rst.in
-- Installing: /home/roy/odri_dev/workspace/install/mpi_cmake_modules/lib/python3.8/site-packages/mpi_cmake_modules/resources/sphinx/doxygen
-- Installing: /home/roy/odri_dev/workspace/install/mpi_cmake_modules/lib/python3.8/site-packages/mpi_cmake_modules/resources/sphinx/doxygen/Doxyfile.in
-- Installing: /home/roy/odri_dev/workspace/install/mpi_cmake_modules/lib/python3.8/site-packages/mpi_cmake_modules/resources/dg_python_module.cc.in
-- Installing: /home/roy/odri_dev/workspace/install/mpi_cmake_modules/lib/python3.8/site-packages/mpi_cmake_modules/resources/__init__.py.empty.in
-- Installing: /home/roy/odri_dev/workspace/install/mpi_cmake_modules/share/mpi_cmake_modules/cmake/mpi_cmake_modulesConfig.cmake
-- Installing: /home/roy/odri_dev/workspace/install/mpi_cmake_modules/share/mpi_cmake_modules/cmake/mpi_cmake_modulesConfigVersion.cmake
