[3.952s] Invoking command in '/home/roy/odri_dev/workspace/src/robot_properties_solo': PYTHONPATH=/home/roy/odri_dev/workspace/install/robot_properties_solo/lib/python3.8/site-packages:/home/roy/odri_dev/workspace/install/bullet_utils/lib/python3.8/site-packages:${PYTHONPATH} /usr/bin/python3 setup.py egg_info --egg-base ../../build/robot_properties_solo build --build-base /home/roy/odri_dev/workspace/build/robot_properties_solo/build install --prefix /home/roy/odri_dev/workspace/install/robot_properties_solo --record /home/roy/odri_dev/workspace/build/robot_properties_solo/install.log --single-version-externally-managed
[5.274s] resources =  ['resources/impedance_ctrl.yaml', 'resources/dynamic_graph_manager/dgm_parameters_solo12_wireless_mpi_is.yaml', 'resources/dynamic_graph_manager/dgm_parameters_solo12_mpi_is.yaml', 'resources/dynamic_graph_manager/dgm_parameters_solo8.yaml', 'resources/dynamic_graph_manager/dgm_parameters_solo12_nyu.yaml', 'resources/dynamic_graph_manager/dgm_parameters_solo12.yaml', 'resources/dynamic_graph_manager/dgm_parameters_solo8ti.yaml', 'resources/odri_control_interface/solo12_driver.yaml', 'resources/launch/visual_rviz.launch', 'resources/launch/dashboard.launch', 'resources/launch/bringup.launch', 'resources/launch/rviz.launch', 'resources/rviz/display.rviz', 'resources/rviz/solo.rviz', 'resources/rviz/dgbullet_vs_pybullet.rviz', 'resources/__pycache__/__init__.cpython-38.pyc', 'resources/srdf/solo.srdf', 'resources/pre_generated_urdf/readme.md', 'resources/xacro/solo8.urdf.xacro', 'resources/xacro/solo12.urdf.xacro', 'resources/xacro/plane_with_restitution.urdf.xacro', 'resources/xacro/leg.xacro', 'resources/rqt/solo.perspective.in', 'resources/meshes/cylinder.obj', 'resources/meshes/checker_blue.png', 'resources/meshes/cube.obj', 'resources/meshes/plane.obj', 'resources/meshes/sphere.obj', 'resources/meshes/plane.mtl', 'resources/meshes/obj/without_foot/solo_body.obj', 'resources/meshes/obj/without_foot/solo_lower_leg_left_side.mtl', 'resources/meshes/obj/without_foot/solo_upper_leg_right_side.obj', 'resources/meshes/obj/without_foot/solo_upper_leg_right_side.mtl', 'resources/meshes/obj/without_foot/solo_lower_leg_right_side.obj', 'resources/meshes/obj/without_foot/solo_lower_leg_right_side.mtl', 'resources/meshes/obj/without_foot/solo_upper_leg_left_side.mtl', 'resources/meshes/obj/without_foot/solo_body.mtl', 'resources/meshes/obj/without_foot/solo_lower_leg_left_side.obj', 'resources/meshes/obj/without_foot/solo_upper_leg_left_side.obj', 'resources/meshes/obj/with_foot/solo_body.obj', 'resources/meshes/obj/with_foot/solo_lower_leg_left_side.mtl', 'resources/meshes/obj/with_foot/solo_upper_leg_right_side.obj', 'resources/meshes/obj/with_foot/solo_foot.obj', 'resources/meshes/obj/with_foot/solo_upper_leg_right_side.mtl', 'resources/meshes/obj/with_foot/solo_lower_leg_right_side.obj', 'resources/meshes/obj/with_foot/solo_lower_leg_right_side.mtl', 'resources/meshes/obj/with_foot/solo_upper_leg_left_side.mtl', 'resources/meshes/obj/with_foot/solo_foot.mtl', 'resources/meshes/obj/with_foot/solo_body.mtl', 'resources/meshes/obj/with_foot/solo_lower_leg_left_side.obj', 'resources/meshes/obj/with_foot/solo_upper_leg_left_side.obj', 'resources/meshes/stl/without_foot/solo_body.stl', 'resources/meshes/stl/without_foot/solo_lower_leg_left_side.stl', 'resources/meshes/stl/without_foot/solo_upper_leg_left_side.stl', 'resources/meshes/stl/without_foot/solo_lower_leg_right_side.stl', 'resources/meshes/stl/without_foot/solo_upper_leg_right_side.stl', 'resources/meshes/stl/solo12/solo12_lower_leg_left_side.stl', 'resources/meshes/stl/solo12/_solo12_visualisation_model.PDF', 'resources/meshes/stl/solo12/solo_12_base.stl', 'resources/meshes/stl/solo12/solo12_hip_fe_hl.stl', 'resources/meshes/stl/solo12/solo12_hip_fe_fr.stl', 'resources/meshes/stl/solo12/solo12_upper_leg_left_side.stl', 'resources/meshes/stl/solo12/solo12_upper_leg_right_side.stl', 'resources/meshes/stl/solo12/solo12_hip_fe_fl.stl', 'resources/meshes/stl/solo12/solo12_hip_fe_hr.stl', 'resources/meshes/stl/solo12/solo12_coordinate_systems_4.png', 'resources/meshes/stl/solo12/solo12_lower_leg_right_side.stl', 'resources/meshes/stl/solo12/solo12_coordinate_systems_2.png', 'resources/meshes/stl/solo12/solo12_coordinate_systems.png', 'resources/meshes/stl/solo12/solo12_coordinate_systems_3.png', 'resources/meshes/stl/with_foot/solo_body.stl', 'resources/meshes/stl/with_foot/solo_lower_leg_left_side.stl', 'resources/meshes/stl/with_foot/solo_upper_leg_left_side.stl', 'resources/meshes/stl/with_foot/solo_lower_leg_right_side.stl', 'resources/meshes/stl/with_foot/solo_foot.stl', 'resources/meshes/stl/with_foot/solo_upper_leg_right_side.stl']
[5.371s] running egg_info
[5.374s] writing ../../build/robot_properties_solo/robot_properties_solo.egg-info/PKG-INFO
[5.376s] writing dependency_links to ../../build/robot_properties_solo/robot_properties_solo.egg-info/dependency_links.txt
[5.376s] writing entry points to ../../build/robot_properties_solo/robot_properties_solo.egg-info/entry_points.txt
[5.377s] writing requirements to ../../build/robot_properties_solo/robot_properties_solo.egg-info/requires.txt
[5.378s] writing top-level names to ../../build/robot_properties_solo/robot_properties_solo.egg-info/top_level.txt
[5.399s] reading manifest file '../../build/robot_properties_solo/robot_properties_solo.egg-info/SOURCES.txt'
[5.408s] writing manifest file '../../build/robot_properties_solo/robot_properties_solo.egg-info/SOURCES.txt'
[5.409s] running build
[5.410s] running build_py
[5.410s] 
[5.438s] building xacro file ( /home/roy/odri_dev/workspace/src/robot_properties_solo/src/robot_properties_solo/resources/xacro/solo8.urdf.xacro ) into ( /home/roy/odri_dev/workspace/build/robot_properties_solo/build/lib/robot_properties_solo/resources/urdf/solo8.urdf )
[5.660s] building xacro file ( /home/roy/odri_dev/workspace/src/robot_properties_solo/src/robot_properties_solo/resources/xacro/solo12.urdf.xacro ) into ( /home/roy/odri_dev/workspace/build/robot_properties_solo/build/lib/robot_properties_solo/resources/urdf/solo12.urdf )
[5.936s] building xacro file ( /home/roy/odri_dev/workspace/src/robot_properties_solo/src/robot_properties_solo/resources/xacro/plane_with_restitution.urdf.xacro ) into ( /home/roy/odri_dev/workspace/build/robot_properties_solo/build/lib/robot_properties_solo/resources/urdf/plane_with_restitution.urdf )
[5.941s] building xacro file ( /home/roy/odri_dev/workspace/src/robot_properties_solo/src/robot_properties_solo/resources/xacro/solo8.urdf.xacro ) into ( /home/roy/odri_dev/workspace/build/robot_properties_solo/build/lib/robot_properties_solo/resources/urdf/solo8.urdf )
[6.261s] building xacro file ( /home/roy/odri_dev/workspace/src/robot_properties_solo/src/robot_properties_solo/resources/xacro/solo12.urdf.xacro ) into ( /home/roy/odri_dev/workspace/build/robot_properties_solo/build/lib/robot_properties_solo/resources/urdf/solo12.urdf )
[6.514s] building xacro file ( /home/roy/odri_dev/workspace/src/robot_properties_solo/src/robot_properties_solo/resources/xacro/plane_with_restitution.urdf.xacro ) into ( /home/roy/odri_dev/workspace/build/robot_properties_solo/build/lib/robot_properties_solo/resources/urdf/plane_with_restitution.urdf )
[6.520s] building xacro file ( /home/roy/odri_dev/workspace/src/robot_properties_solo/src/robot_properties_solo/resources/xacro/solo8.urdf.xacro ) into ( /home/roy/odri_dev/workspace/build/robot_properties_solo/build/lib/robot_properties_solo/resources/urdf/solo8.urdf )
[6.748s] building xacro file ( /home/roy/odri_dev/workspace/src/robot_properties_solo/src/robot_properties_solo/resources/xacro/solo12.urdf.xacro ) into ( /home/roy/odri_dev/workspace/build/robot_properties_solo/build/lib/robot_properties_solo/resources/urdf/solo12.urdf )
[7.002s] building xacro file ( /home/roy/odri_dev/workspace/src/robot_properties_solo/src/robot_properties_solo/resources/xacro/plane_with_restitution.urdf.xacro ) into ( /home/roy/odri_dev/workspace/build/robot_properties_solo/build/lib/robot_properties_solo/resources/urdf/plane_with_restitution.urdf )
[7.034s] running build_scripts
[7.036s] running install
[7.042s] running install_lib
[7.072s] copying /home/roy/odri_dev/workspace/build/robot_properties_solo/build/lib/robot_properties_solo/resources/urdf/solo8.urdf -> /home/roy/odri_dev/workspace/install/robot_properties_solo/lib/python3.8/site-packages/robot_properties_solo/resources/urdf
[7.074s] copying /home/roy/odri_dev/workspace/build/robot_properties_solo/build/lib/robot_properties_solo/resources/urdf/solo12.urdf -> /home/roy/odri_dev/workspace/install/robot_properties_solo/lib/python3.8/site-packages/robot_properties_solo/resources/urdf
[7.078s] copying /home/roy/odri_dev/workspace/build/robot_properties_solo/build/lib/robot_properties_solo/resources/urdf/plane_with_restitution.urdf -> /home/roy/odri_dev/workspace/install/robot_properties_solo/lib/python3.8/site-packages/robot_properties_solo/resources/urdf
[7.102s] running install_data
[7.104s] running install_egg_info
[7.113s] removing '/home/roy/odri_dev/workspace/install/robot_properties_solo/lib/python3.8/site-packages/robot_properties_solo-1.0.0-py3.8.egg-info' (and everything under it)
[7.115s] Copying ../../build/robot_properties_solo/robot_properties_solo.egg-info to /home/roy/odri_dev/workspace/install/robot_properties_solo/lib/python3.8/site-packages/robot_properties_solo-1.0.0-py3.8.egg-info
[7.121s] running install_scripts
[7.208s] changing mode of /home/roy/odri_dev/workspace/install/robot_properties_solo/lib/robot_properties_solo/demo_display_solo12.py to 775
[7.208s] changing mode of /home/roy/odri_dev/workspace/install/robot_properties_solo/lib/robot_properties_solo/demo_simulate_solo8_fixed_base.py to 775
[7.208s] changing mode of /home/roy/odri_dev/workspace/install/robot_properties_solo/lib/robot_properties_solo/demo_solo12_collision_detection.py to 775
[7.209s] changing mode of /home/roy/odri_dev/workspace/install/robot_properties_solo/lib/robot_properties_solo/demo_display_solo8_meshcat.py to 775
[7.209s] changing mode of /home/roy/odri_dev/workspace/install/robot_properties_solo/lib/robot_properties_solo/demo_simulate_solo12.py to 775
[7.210s] changing mode of /home/roy/odri_dev/workspace/install/robot_properties_solo/lib/robot_properties_solo/demo_display_solo12_meshcat.py to 775
[7.210s] changing mode of /home/roy/odri_dev/workspace/install/robot_properties_solo/lib/robot_properties_solo/demo_simulate_solo8.py to 775
[7.210s] changing mode of /home/roy/odri_dev/workspace/install/robot_properties_solo/lib/robot_properties_solo/demo_display_solo8.py to 775
[7.210s] changing mode of /home/roy/odri_dev/workspace/install/robot_properties_solo/lib/robot_properties_solo/demo_simulate_solo12_fixed_base.py to 775
[7.218s] writing list of installed files to '/home/roy/odri_dev/workspace/build/robot_properties_solo/install.log'
[7.547s] Invoked command in '/home/roy/odri_dev/workspace/src/robot_properties_solo' returned '0': PYTHONPATH=/home/roy/odri_dev/workspace/install/robot_properties_solo/lib/python3.8/site-packages:/home/roy/odri_dev/workspace/install/bullet_utils/lib/python3.8/site-packages:${PYTHONPATH} /usr/bin/python3 setup.py egg_info --egg-base ../../build/robot_properties_solo build --build-base /home/roy/odri_dev/workspace/build/robot_properties_solo/build install --prefix /home/roy/odri_dev/workspace/install/robot_properties_solo --record /home/roy/odri_dev/workspace/build/robot_properties_solo/install.log --single-version-externally-managed
