[0.033s] Invoking command in '/home/roy/odri_dev/workspace/build/pybind11': /usr/bin/cmake --build /home/roy/odri_dev/workspace/build/pybind11 -- -j8 -l8
[0.113s] [  4%] Built target pybind11_cross_module_tests
[0.118s] [  9%] Built target cross_module_gil_utils
[0.136s] [100%] Built target pybind11_tests
[0.222s] Invoked command in '/home/roy/odri_dev/workspace/build/pybind11' returned '0': /usr/bin/cmake --build /home/roy/odri_dev/workspace/build/pybind11 -- -j8 -l8
[0.481s] Invoking command in '/home/roy/odri_dev/workspace/build/pybind11': /usr/bin/cmake --install /home/roy/odri_dev/workspace/build/pybind11
[0.493s] -- Install configuration: "Release"
[0.494s] -- Up-to-date: /home/roy/odri_dev/workspace/install/pybind11/include/pybind11
[0.494s] -- Up-to-date: /home/roy/odri_dev/workspace/install/pybind11/include/pybind11/eval.h
[0.494s] -- Up-to-date: /home/roy/odri_dev/workspace/install/pybind11/include/pybind11/stl_bind.h
[0.494s] -- Up-to-date: /home/roy/odri_dev/workspace/install/pybind11/include/pybind11/buffer_info.h
[0.494s] -- Up-to-date: /home/roy/odri_dev/workspace/install/pybind11/include/pybind11/iostream.h
[0.494s] -- Up-to-date: /home/roy/odri_dev/workspace/install/pybind11/include/pybind11/functional.h
[0.494s] -- Up-to-date: /home/roy/odri_dev/workspace/install/pybind11/include/pybind11/options.h
[0.494s] -- Up-to-date: /home/roy/odri_dev/workspace/install/pybind11/include/pybind11/stl.h
[0.494s] -- Up-to-date: /home/roy/odri_dev/workspace/install/pybind11/include/pybind11/pybind11.h
[0.495s] -- Up-to-date: /home/roy/odri_dev/workspace/install/pybind11/include/pybind11/eigen.h
[0.495s] -- Up-to-date: /home/roy/odri_dev/workspace/install/pybind11/include/pybind11/numpy.h
[0.495s] -- Up-to-date: /home/roy/odri_dev/workspace/install/pybind11/include/pybind11/complex.h
[0.495s] -- Up-to-date: /home/roy/odri_dev/workspace/install/pybind11/include/pybind11/detail
[0.495s] -- Up-to-date: /home/roy/odri_dev/workspace/install/pybind11/include/pybind11/detail/typeid.h
[0.495s] -- Up-to-date: /home/roy/odri_dev/workspace/install/pybind11/include/pybind11/detail/internals.h
[0.496s] -- Up-to-date: /home/roy/odri_dev/workspace/install/pybind11/include/pybind11/detail/descr.h
[0.504s] -- Up-to-date: /home/roy/odri_dev/workspace/install/pybind11/include/pybind11/detail/class.h
[0.505s] -- Up-to-date: /home/roy/odri_dev/workspace/install/pybind11/include/pybind11/detail/common.h
[0.512s] -- Up-to-date: /home/roy/odri_dev/workspace/install/pybind11/include/pybind11/detail/init.h
[0.512s] -- Up-to-date: /home/roy/odri_dev/workspace/install/pybind11/include/pybind11/attr.h
[0.513s] -- Up-to-date: /home/roy/odri_dev/workspace/install/pybind11/include/pybind11/chrono.h
[0.513s] -- Up-to-date: /home/roy/odri_dev/workspace/install/pybind11/include/pybind11/cast.h
[0.513s] -- Up-to-date: /home/roy/odri_dev/workspace/install/pybind11/include/pybind11/embed.h
[0.514s] -- Up-to-date: /home/roy/odri_dev/workspace/install/pybind11/include/pybind11/common.h
[0.514s] -- Up-to-date: /home/roy/odri_dev/workspace/install/pybind11/include/pybind11/operators.h
[0.515s] -- Up-to-date: /home/roy/odri_dev/workspace/install/pybind11/include/pybind11/pytypes.h
[0.515s] -- Up-to-date: /home/roy/odri_dev/workspace/install/pybind11/share/cmake/pybind11/pybind11Config.cmake
[0.515s] -- Up-to-date: /home/roy/odri_dev/workspace/install/pybind11/share/cmake/pybind11/pybind11ConfigVersion.cmake
[0.516s] -- Up-to-date: /home/roy/odri_dev/workspace/install/pybind11/share/cmake/pybind11/FindPythonLibsNew.cmake
[0.516s] -- Up-to-date: /home/roy/odri_dev/workspace/install/pybind11/share/cmake/pybind11/pybind11Tools.cmake
[0.516s] -- Up-to-date: /home/roy/odri_dev/workspace/install/pybind11/share/cmake/pybind11/pybind11Targets.cmake
[0.523s] Invoked command in '/home/roy/odri_dev/workspace/build/pybind11' returned '0': /usr/bin/cmake --install /home/roy/odri_dev/workspace/build/pybind11
