resources =  ['resources/impedance_ctrl.yaml', 'resources/dynamic_graph_manager/dgm_parameters_solo12_wireless_mpi_is.yaml', 'resources/dynamic_graph_manager/dgm_parameters_solo12_mpi_is.yaml', 'resources/dynamic_graph_manager/dgm_parameters_solo8.yaml', 'resources/dynamic_graph_manager/dgm_parameters_solo12_nyu.yaml', 'resources/dynamic_graph_manager/dgm_parameters_solo12.yaml', 'resources/dynamic_graph_manager/dgm_parameters_solo8ti.yaml', 'resources/odri_control_interface/solo12_driver.yaml', 'resources/launch/visual_rviz.launch', 'resources/launch/dashboard.launch', 'resources/launch/bringup.launch', 'resources/launch/rviz.launch', 'resources/rviz/display.rviz', 'resources/rviz/solo.rviz', 'resources/rviz/dgbullet_vs_pybullet.rviz', 'resources/__pycache__/__init__.cpython-38.pyc', 'resources/srdf/solo.srdf', 'resources/pre_generated_urdf/readme.md', 'resources/xacro/solo8.urdf.xacro', 'resources/xacro/solo12.urdf.xacro', 'resources/xacro/plane_with_restitution.urdf.xacro', 'resources/xacro/leg.xacro', 'resources/rqt/solo.perspective.in', 'resources/meshes/cylinder.obj', 'resources/meshes/checker_blue.png', 'resources/meshes/cube.obj', 'resources/meshes/plane.obj', 'resources/meshes/sphere.obj', 'resources/meshes/plane.mtl', 'resources/meshes/obj/without_foot/solo_body.obj', 'resources/meshes/obj/without_foot/solo_lower_leg_left_side.mtl', 'resources/meshes/obj/without_foot/solo_upper_leg_right_side.obj', 'resources/meshes/obj/without_foot/solo_upper_leg_right_side.mtl', 'resources/meshes/obj/without_foot/solo_lower_leg_right_side.obj', 'resources/meshes/obj/without_foot/solo_lower_leg_right_side.mtl', 'resources/meshes/obj/without_foot/solo_upper_leg_left_side.mtl', 'resources/meshes/obj/without_foot/solo_body.mtl', 'resources/meshes/obj/without_foot/solo_lower_leg_left_side.obj', 'resources/meshes/obj/without_foot/solo_upper_leg_left_side.obj', 'resources/meshes/obj/with_foot/solo_body.obj', 'resources/meshes/obj/with_foot/solo_lower_leg_left_side.mtl', 'resources/meshes/obj/with_foot/solo_upper_leg_right_side.obj', 'resources/meshes/obj/with_foot/solo_foot.obj', 'resources/meshes/obj/with_foot/solo_upper_leg_right_side.mtl', 'resources/meshes/obj/with_foot/solo_lower_leg_right_side.obj', 'resources/meshes/obj/with_foot/solo_lower_leg_right_side.mtl', 'resources/meshes/obj/with_foot/solo_upper_leg_left_side.mtl', 'resources/meshes/obj/with_foot/solo_foot.mtl', 'resources/meshes/obj/with_foot/solo_body.mtl', 'resources/meshes/obj/with_foot/solo_lower_leg_left_side.obj', 'resources/meshes/obj/with_foot/solo_upper_leg_left_side.obj', 'resources/meshes/stl/without_foot/solo_body.stl', 'resources/meshes/stl/without_foot/solo_lower_leg_left_side.stl', 'resources/meshes/stl/without_foot/solo_upper_leg_left_side.stl', 'resources/meshes/stl/without_foot/solo_lower_leg_right_side.stl', 'resources/meshes/stl/without_foot/solo_upper_leg_right_side.stl', 'resources/meshes/stl/solo12/solo12_lower_leg_left_side.stl', 'resources/meshes/stl/solo12/_solo12_visualisation_model.PDF', 'resources/meshes/stl/solo12/solo_12_base.stl', 'resources/meshes/stl/solo12/solo12_hip_fe_hl.stl', 'resources/meshes/stl/solo12/solo12_hip_fe_fr.stl', 'resources/meshes/stl/solo12/solo12_upper_leg_left_side.stl', 'resources/meshes/stl/solo12/solo12_upper_leg_right_side.stl', 'resources/meshes/stl/solo12/solo12_hip_fe_fl.stl', 'resources/meshes/stl/solo12/solo12_hip_fe_hr.stl', 'resources/meshes/stl/solo12/solo12_coordinate_systems_4.png', 'resources/meshes/stl/solo12/solo12_lower_leg_right_side.stl', 'resources/meshes/stl/solo12/solo12_coordinate_systems_2.png', 'resources/meshes/stl/solo12/solo12_coordinate_systems.png', 'resources/meshes/stl/solo12/solo12_coordinate_systems_3.png', 'resources/meshes/stl/with_foot/solo_body.stl', 'resources/meshes/stl/with_foot/solo_lower_leg_left_side.stl', 'resources/meshes/stl/with_foot/solo_upper_leg_left_side.stl', 'resources/meshes/stl/with_foot/solo_lower_leg_right_side.stl', 'resources/meshes/stl/with_foot/solo_foot.stl', 'resources/meshes/stl/with_foot/solo_upper_leg_right_side.stl']
running egg_info
writing ../../build/robot_properties_solo/robot_properties_solo.egg-info/PKG-INFO
writing dependency_links to ../../build/robot_properties_solo/robot_properties_solo.egg-info/dependency_links.txt
writing entry points to ../../build/robot_properties_solo/robot_properties_solo.egg-info/entry_points.txt
writing requirements to ../../build/robot_properties_solo/robot_properties_solo.egg-info/requires.txt
writing top-level names to ../../build/robot_properties_solo/robot_properties_solo.egg-info/top_level.txt
reading manifest file '../../build/robot_properties_solo/robot_properties_solo.egg-info/SOURCES.txt'
writing manifest file '../../build/robot_properties_solo/robot_properties_solo.egg-info/SOURCES.txt'
running build
running build_py
sphinx-apidoc output:
 Creating file /home/roy/odri_dev/workspace/build/robot_properties_solo/build/lib/robot_properties_solo/doc/robot_properties_solo.rst.
Creating file /home/roy/odri_dev/workspace/build/robot_properties_solo/build/lib/robot_properties_solo/doc/robot_properties_solo.resources.rst.
Creating file /home/roy/odri_dev/workspace/build/robot_properties_solo/build/lib/robot_properties_solo/doc/modules.rst.

sphinx-apidoc error:
 None

/home/roy/.local/lib/python3.8/site-packages/recommonmark/parser.py:75: UserWarning: Container node skipped: type=document
  warn("Container node skipped: type={0}".format(mdnode.t))
pybullet build time: Oct 11 2021 20:59:39
WARNING: autodoc: failed to import module 'config' from module 'robot_properties_solo'; the following exception was raised:
cannot import name 'Resources' from 'robot_properties_solo.resources' (/home/roy/odri_dev/workspace/src/robot_properties_solo/src/robot_properties_solo/resources/__init__.py)
WARNING: autodoc: failed to import module 'gepetto_gui_loader' from module 'robot_properties_solo'; the following exception was raised:
No module named 'config'
WARNING: autodoc: failed to import module 'quadruped12wrapper' from module 'robot_properties_solo'; the following exception was raised:
cannot import name 'Resources' from 'robot_properties_solo.resources' (/home/roy/odri_dev/workspace/src/robot_properties_solo/src/robot_properties_solo/resources/__init__.py)
WARNING: autodoc: failed to import module 'solo12wrapper' from module 'robot_properties_solo'; the following exception was raised:
cannot import name 'Resources' from 'robot_properties_solo.resources' (/home/roy/odri_dev/workspace/src/robot_properties_solo/src/robot_properties_solo/resources/__init__.py)
WARNING: autodoc: failed to import module 'solo8wrapper' from module 'robot_properties_solo'; the following exception was raised:
cannot import name 'Resources' from 'robot_properties_solo.resources' (/home/roy/odri_dev/workspace/src/robot_properties_solo/src/robot_properties_solo/resources/__init__.py)
/home/roy/odri_dev/workspace/src/robot_properties_solo/src/robot_properties_solo/resources/__init__.py:docstring of robot_properties_solo.resources:1: WARNING: duplicate object description of robot_properties_solo.resources, other instance in robot_properties_solo, use :noindex: for one of them
/home/roy/odri_dev/workspace/build/robot_properties_solo/build/lib/robot_properties_solo/doc/readme.md: WARNING: document isn't included in any toctree
sphinx-apidoc output:
 Running Sphinx v4.3.1
making output directory... done
loading intersphinx inventory from https://docs.python.org/objects.inv...
intersphinx inventory has moved: https://docs.python.org/objects.inv -> https://docs.python.org/3/objects.inv
building [mo]: targets for 0 po files that are out of date
building [html]: targets for 5 source files that are out of date
updating environment: [new config] 5 added, 0 changed, 0 removed
reading sources... [ 20%] index
reading sources... [ 40%] modules
reading sources... [ 60%] readme
reading sources... [ 80%] robot_properties_solo
reading sources... [100%] robot_properties_solo.resources

looking for now-outdated files... none found
pickling environment... done
checking consistency... done
preparing documents... done
writing output... [ 20%] index
writing output... [ 40%] modules
writing output... [ 60%] readme
writing output... [ 80%] robot_properties_solo
writing output... [100%] robot_properties_solo.resources

generating indices... genindex py-modindex done
writing additional pages... search done
copying static files... done
copying extra files... done
dumping search index in English (code: en)... done
dumping object inventory... done
build succeeded, 7 warnings.

The HTML pages are in html.

sphinx-apidoc error:
 None
building xacro file ( /home/roy/odri_dev/workspace/src/robot_properties_solo/src/robot_properties_solo/resources/xacro/solo8.urdf.xacro ) into ( /home/roy/odri_dev/workspace/build/robot_properties_solo/build/lib/robot_properties_solo/resources/urdf/solo8.urdf )
building xacro file ( /home/roy/odri_dev/workspace/src/robot_properties_solo/src/robot_properties_solo/resources/xacro/solo12.urdf.xacro ) into ( /home/roy/odri_dev/workspace/build/robot_properties_solo/build/lib/robot_properties_solo/resources/urdf/solo12.urdf )
building xacro file ( /home/roy/odri_dev/workspace/src/robot_properties_solo/src/robot_properties_solo/resources/xacro/plane_with_restitution.urdf.xacro ) into ( /home/roy/odri_dev/workspace/build/robot_properties_solo/build/lib/robot_properties_solo/resources/urdf/plane_with_restitution.urdf )
building xacro file ( /home/roy/odri_dev/workspace/src/robot_properties_solo/src/robot_properties_solo/resources/xacro/solo8.urdf.xacro ) into ( /home/roy/odri_dev/workspace/build/robot_properties_solo/build/lib/robot_properties_solo/resources/urdf/solo8.urdf )
building xacro file ( /home/roy/odri_dev/workspace/src/robot_properties_solo/src/robot_properties_solo/resources/xacro/solo12.urdf.xacro ) into ( /home/roy/odri_dev/workspace/build/robot_properties_solo/build/lib/robot_properties_solo/resources/urdf/solo12.urdf )
building xacro file ( /home/roy/odri_dev/workspace/src/robot_properties_solo/src/robot_properties_solo/resources/xacro/plane_with_restitution.urdf.xacro ) into ( /home/roy/odri_dev/workspace/build/robot_properties_solo/build/lib/robot_properties_solo/resources/urdf/plane_with_restitution.urdf )
building xacro file ( /home/roy/odri_dev/workspace/src/robot_properties_solo/src/robot_properties_solo/resources/xacro/solo8.urdf.xacro ) into ( /home/roy/odri_dev/workspace/build/robot_properties_solo/build/lib/robot_properties_solo/resources/urdf/solo8.urdf )
building xacro file ( /home/roy/odri_dev/workspace/src/robot_properties_solo/src/robot_properties_solo/resources/xacro/solo12.urdf.xacro ) into ( /home/roy/odri_dev/workspace/build/robot_properties_solo/build/lib/robot_properties_solo/resources/urdf/solo12.urdf )
building xacro file ( /home/roy/odri_dev/workspace/src/robot_properties_solo/src/robot_properties_solo/resources/xacro/plane_with_restitution.urdf.xacro ) into ( /home/roy/odri_dev/workspace/build/robot_properties_solo/build/lib/robot_properties_solo/resources/urdf/plane_with_restitution.urdf )
creating /home/roy/odri_dev/workspace/build/robot_properties_solo/build/lib/robot_properties_solo/resources/__pycache__
copying src/robot_properties_solo/resources/__pycache__/__init__.cpython-38.pyc -> /home/roy/odri_dev/workspace/build/robot_properties_solo/build/lib/robot_properties_solo/resources/__pycache__
running build_scripts
running install
running install_lib
copying /home/roy/odri_dev/workspace/build/robot_properties_solo/build/lib/robot_properties_solo/doc/modules.rst -> /home/roy/odri_dev/workspace/install/robot_properties_solo/lib/python3.8/site-packages/robot_properties_solo/doc
copying /home/roy/odri_dev/workspace/build/robot_properties_solo/build/lib/robot_properties_solo/doc/readme.md -> /home/roy/odri_dev/workspace/install/robot_properties_solo/lib/python3.8/site-packages/robot_properties_solo/doc
copying /home/roy/odri_dev/workspace/build/robot_properties_solo/build/lib/robot_properties_solo/doc/robot_properties_solo.rst -> /home/roy/odri_dev/workspace/install/robot_properties_solo/lib/python3.8/site-packages/robot_properties_solo/doc
copying /home/roy/odri_dev/workspace/build/robot_properties_solo/build/lib/robot_properties_solo/doc/robot_properties_solo.resources.rst -> /home/roy/odri_dev/workspace/install/robot_properties_solo/lib/python3.8/site-packages/robot_properties_solo/doc
copying /home/roy/odri_dev/workspace/build/robot_properties_solo/build/lib/robot_properties_solo/doc/index.rst -> /home/roy/odri_dev/workspace/install/robot_properties_solo/lib/python3.8/site-packages/robot_properties_solo/doc
copying /home/roy/odri_dev/workspace/build/robot_properties_solo/build/lib/robot_properties_solo/doc/conf.py -> /home/roy/odri_dev/workspace/install/robot_properties_solo/lib/python3.8/site-packages/robot_properties_solo/doc
copying /home/roy/odri_dev/workspace/build/robot_properties_solo/build/lib/robot_properties_solo/doc/doctrees/readme.doctree -> /home/roy/odri_dev/workspace/install/robot_properties_solo/lib/python3.8/site-packages/robot_properties_solo/doc/doctrees
copying /home/roy/odri_dev/workspace/build/robot_properties_solo/build/lib/robot_properties_solo/doc/doctrees/modules.doctree -> /home/roy/odri_dev/workspace/install/robot_properties_solo/lib/python3.8/site-packages/robot_properties_solo/doc/doctrees
copying /home/roy/odri_dev/workspace/build/robot_properties_solo/build/lib/robot_properties_solo/doc/doctrees/robot_properties_solo.doctree -> /home/roy/odri_dev/workspace/install/robot_properties_solo/lib/python3.8/site-packages/robot_properties_solo/doc/doctrees
copying /home/roy/odri_dev/workspace/build/robot_properties_solo/build/lib/robot_properties_solo/doc/doctrees/index.doctree -> /home/roy/odri_dev/workspace/install/robot_properties_solo/lib/python3.8/site-packages/robot_properties_solo/doc/doctrees
copying /home/roy/odri_dev/workspace/build/robot_properties_solo/build/lib/robot_properties_solo/doc/doctrees/environment.pickle -> /home/roy/odri_dev/workspace/install/robot_properties_solo/lib/python3.8/site-packages/robot_properties_solo/doc/doctrees
copying /home/roy/odri_dev/workspace/build/robot_properties_solo/build/lib/robot_properties_solo/doc/doctrees/robot_properties_solo.resources.doctree -> /home/roy/odri_dev/workspace/install/robot_properties_solo/lib/python3.8/site-packages/robot_properties_solo/doc/doctrees
copying /home/roy/odri_dev/workspace/build/robot_properties_solo/build/lib/robot_properties_solo/doc/html/genindex.html -> /home/roy/odri_dev/workspace/install/robot_properties_solo/lib/python3.8/site-packages/robot_properties_solo/doc/html
copying /home/roy/odri_dev/workspace/build/robot_properties_solo/build/lib/robot_properties_solo/doc/html/robot_properties_solo.html -> /home/roy/odri_dev/workspace/install/robot_properties_solo/lib/python3.8/site-packages/robot_properties_solo/doc/html
copying /home/roy/odri_dev/workspace/build/robot_properties_solo/build/lib/robot_properties_solo/doc/html/.buildinfo -> /home/roy/odri_dev/workspace/install/robot_properties_solo/lib/python3.8/site-packages/robot_properties_solo/doc/html
copying /home/roy/odri_dev/workspace/build/robot_properties_solo/build/lib/robot_properties_solo/doc/html/.nojekyll -> /home/roy/odri_dev/workspace/install/robot_properties_solo/lib/python3.8/site-packages/robot_properties_solo/doc/html
copying /home/roy/odri_dev/workspace/build/robot_properties_solo/build/lib/robot_properties_solo/doc/html/modules.html -> /home/roy/odri_dev/workspace/install/robot_properties_solo/lib/python3.8/site-packages/robot_properties_solo/doc/html
copying /home/roy/odri_dev/workspace/build/robot_properties_solo/build/lib/robot_properties_solo/doc/html/objects.inv -> /home/roy/odri_dev/workspace/install/robot_properties_solo/lib/python3.8/site-packages/robot_properties_solo/doc/html
copying /home/roy/odri_dev/workspace/build/robot_properties_solo/build/lib/robot_properties_solo/doc/html/readme.html -> /home/roy/odri_dev/workspace/install/robot_properties_solo/lib/python3.8/site-packages/robot_properties_solo/doc/html
copying /home/roy/odri_dev/workspace/build/robot_properties_solo/build/lib/robot_properties_solo/doc/html/search.html -> /home/roy/odri_dev/workspace/install/robot_properties_solo/lib/python3.8/site-packages/robot_properties_solo/doc/html
copying /home/roy/odri_dev/workspace/build/robot_properties_solo/build/lib/robot_properties_solo/doc/html/robot_properties_solo.resources.html -> /home/roy/odri_dev/workspace/install/robot_properties_solo/lib/python3.8/site-packages/robot_properties_solo/doc/html
copying /home/roy/odri_dev/workspace/build/robot_properties_solo/build/lib/robot_properties_solo/doc/html/_sources/robot_properties_solo.rst.txt -> /home/roy/odri_dev/workspace/install/robot_properties_solo/lib/python3.8/site-packages/robot_properties_solo/doc/html/_sources
copying /home/roy/odri_dev/workspace/build/robot_properties_solo/build/lib/robot_properties_solo/doc/html/_sources/robot_properties_solo.resources.rst.txt -> /home/roy/odri_dev/workspace/install/robot_properties_solo/lib/python3.8/site-packages/robot_properties_solo/doc/html/_sources
copying /home/roy/odri_dev/workspace/build/robot_properties_solo/build/lib/robot_properties_solo/doc/html/_sources/modules.rst.txt -> /home/roy/odri_dev/workspace/install/robot_properties_solo/lib/python3.8/site-packages/robot_properties_solo/doc/html/_sources
copying /home/roy/odri_dev/workspace/build/robot_properties_solo/build/lib/robot_properties_solo/doc/html/_sources/index.rst.txt -> /home/roy/odri_dev/workspace/install/robot_properties_solo/lib/python3.8/site-packages/robot_properties_solo/doc/html/_sources
copying /home/roy/odri_dev/workspace/build/robot_properties_solo/build/lib/robot_properties_solo/doc/html/_sources/readme.md.txt -> /home/roy/odri_dev/workspace/install/robot_properties_solo/lib/python3.8/site-packages/robot_properties_solo/doc/html/_sources
copying /home/roy/odri_dev/workspace/build/robot_properties_solo/build/lib/robot_properties_solo/doc/html/py-modindex.html -> /home/roy/odri_dev/workspace/install/robot_properties_solo/lib/python3.8/site-packages/robot_properties_solo/doc/html
copying /home/roy/odri_dev/workspace/build/robot_properties_solo/build/lib/robot_properties_solo/doc/html/searchindex.js -> /home/roy/odri_dev/workspace/install/robot_properties_solo/lib/python3.8/site-packages/robot_properties_solo/doc/html
copying /home/roy/odri_dev/workspace/build/robot_properties_solo/build/lib/robot_properties_solo/doc/html/index.html -> /home/roy/odri_dev/workspace/install/robot_properties_solo/lib/python3.8/site-packages/robot_properties_solo/doc/html
copying /home/roy/odri_dev/workspace/build/robot_properties_solo/build/lib/robot_properties_solo/doc/html/_static/language_data.js -> /home/roy/odri_dev/workspace/install/robot_properties_solo/lib/python3.8/site-packages/robot_properties_solo/doc/html/_static
copying /home/roy/odri_dev/workspace/build/robot_properties_solo/build/lib/robot_properties_solo/doc/html/_static/pygments.css -> /home/roy/odri_dev/workspace/install/robot_properties_solo/lib/python3.8/site-packages/robot_properties_solo/doc/html/_static
copying /home/roy/odri_dev/workspace/build/robot_properties_solo/build/lib/robot_properties_solo/doc/html/_static/documentation_options.js -> /home/roy/odri_dev/workspace/install/robot_properties_solo/lib/python3.8/site-packages/robot_properties_solo/doc/html/_static
copying /home/roy/odri_dev/workspace/build/robot_properties_solo/build/lib/robot_properties_solo/doc/html/_static/basic.css -> /home/roy/odri_dev/workspace/install/robot_properties_solo/lib/python3.8/site-packages/robot_properties_solo/doc/html/_static
copying /home/roy/odri_dev/workspace/build/robot_properties_solo/build/lib/robot_properties_solo/doc/license.txt -> /home/roy/odri_dev/workspace/install/robot_properties_solo/lib/python3.8/site-packages/robot_properties_solo/doc
copying /home/roy/odri_dev/workspace/build/robot_properties_solo/build/lib/robot_properties_solo/resources/urdf/solo8.urdf -> /home/roy/odri_dev/workspace/install/robot_properties_solo/lib/python3.8/site-packages/robot_properties_solo/resources/urdf
copying /home/roy/odri_dev/workspace/build/robot_properties_solo/build/lib/robot_properties_solo/resources/urdf/solo12.urdf -> /home/roy/odri_dev/workspace/install/robot_properties_solo/lib/python3.8/site-packages/robot_properties_solo/resources/urdf
copying /home/roy/odri_dev/workspace/build/robot_properties_solo/build/lib/robot_properties_solo/resources/urdf/plane_with_restitution.urdf -> /home/roy/odri_dev/workspace/install/robot_properties_solo/lib/python3.8/site-packages/robot_properties_solo/resources/urdf
creating /home/roy/odri_dev/workspace/install/robot_properties_solo/lib/python3.8/site-packages/robot_properties_solo/resources/__pycache__
copying /home/roy/odri_dev/workspace/build/robot_properties_solo/build/lib/robot_properties_solo/resources/__pycache__/__init__.cpython-38.pyc -> /home/roy/odri_dev/workspace/install/robot_properties_solo/lib/python3.8/site-packages/robot_properties_solo/resources/__pycache__
byte-compiling /home/roy/odri_dev/workspace/install/robot_properties_solo/lib/python3.8/site-packages/robot_properties_solo/doc/conf.py to conf.cpython-38.pyc
running install_data
running install_egg_info
removing '/home/roy/odri_dev/workspace/install/robot_properties_solo/lib/python3.8/site-packages/robot_properties_solo-1.0.0-py3.8.egg-info' (and everything under it)
Copying ../../build/robot_properties_solo/robot_properties_solo.egg-info to /home/roy/odri_dev/workspace/install/robot_properties_solo/lib/python3.8/site-packages/robot_properties_solo-1.0.0-py3.8.egg-info
running install_scripts
changing mode of /home/roy/odri_dev/workspace/install/robot_properties_solo/lib/robot_properties_solo/demo_display_solo12.py to 775
changing mode of /home/roy/odri_dev/workspace/install/robot_properties_solo/lib/robot_properties_solo/demo_simulate_solo8_fixed_base.py to 775
changing mode of /home/roy/odri_dev/workspace/install/robot_properties_solo/lib/robot_properties_solo/demo_solo12_collision_detection.py to 775
changing mode of /home/roy/odri_dev/workspace/install/robot_properties_solo/lib/robot_properties_solo/demo_display_solo8_meshcat.py to 775
changing mode of /home/roy/odri_dev/workspace/install/robot_properties_solo/lib/robot_properties_solo/demo_simulate_solo12.py to 775
changing mode of /home/roy/odri_dev/workspace/install/robot_properties_solo/lib/robot_properties_solo/demo_display_solo12_meshcat.py to 775
changing mode of /home/roy/odri_dev/workspace/install/robot_properties_solo/lib/robot_properties_solo/demo_simulate_solo8.py to 775
changing mode of /home/roy/odri_dev/workspace/install/robot_properties_solo/lib/robot_properties_solo/demo_display_solo8.py to 775
changing mode of /home/roy/odri_dev/workspace/install/robot_properties_solo/lib/robot_properties_solo/demo_simulate_solo12_fixed_base.py to 775
writing list of installed files to '/home/roy/odri_dev/workspace/build/robot_properties_solo/install.log'
