[0.779s] Invoking command in '/home/roy/odri_dev/workspace/src/bullet_utils': CMAKE_PREFIX_PATH=/home/roy/odri_dev/workspace/install/mpi_cmake_modules PATH=/home/roy/odri_dev/workspace/install/mpi_cmake_modules/bin:${PATH} PYTHONPATH=/home/roy/odri_dev/workspace/install/bullet_utils/lib/python3.8/site-packages:/home/roy/odri_dev/workspace/install/mpi_cmake_modules/lib/python3.8/site-packages /usr/bin/python3 setup.py egg_info --egg-base ../../build/bullet_utils build --build-base /home/roy/odri_dev/workspace/build/bullet_utils/build install --prefix /home/roy/odri_dev/workspace/install/bullet_utils --record /home/roy/odri_dev/workspace/build/bullet_utils/install.log --single-version-externally-managed
[1.423s] running egg_info
[1.424s] writing ../../build/bullet_utils/bullet_utils.egg-info/PKG-INFO
[1.425s] writing dependency_links to ../../build/bullet_utils/bullet_utils.egg-info/dependency_links.txt
[1.426s] writing entry points to ../../build/bullet_utils/bullet_utils.egg-info/entry_points.txt
[1.426s] writing requirements to ../../build/bullet_utils/bullet_utils.egg-info/requires.txt
[1.427s] writing top-level names to ../../build/bullet_utils/bullet_utils.egg-info/top_level.txt
[1.431s] reading manifest file '../../build/bullet_utils/bullet_utils.egg-info/SOURCES.txt'
[1.433s] writing manifest file '../../build/bullet_utils/bullet_utils.egg-info/SOURCES.txt'
[1.434s] running build
[1.434s] running build_py
[2.523s] sphinx-apidoc output:
[2.528s]  Creating file /home/roy/odri_dev/workspace/build/bullet_utils/build/lib/bullet_utils/doc/bullet_utils.rst.
[2.528s] Creating file /home/roy/odri_dev/workspace/build/bullet_utils/build/lib/bullet_utils/doc/bullet_utils.resources.rst.
[2.528s] Creating file /home/roy/odri_dev/workspace/build/bullet_utils/build/lib/bullet_utils/doc/pinocchio_bullet.rst.
[2.529s] Creating file /home/roy/odri_dev/workspace/build/bullet_utils/build/lib/bullet_utils/doc/py_pinocchio_bullet.rst.
[2.529s] Creating file /home/roy/odri_dev/workspace/build/bullet_utils/build/lib/bullet_utils/doc/modules.rst.
[2.529s] 
[2.529s] sphinx-apidoc error:
[2.529s]  None
[2.530s] 
[3.866s] 
[3.867s] Extension error:
[3.867s] Could not import extension sphinxcontrib.moderncmakedomain (exception: No module named 'sphinxcontrib.moderncmakedomain')
[4.135s] sphinx-apidoc output:
[4.135s]  Running Sphinx v4.3.1
[4.136s] 
[4.136s] sphinx-apidoc error:
[4.136s]  None
[4.138s] running build_scripts
[4.138s] running install
[4.140s] running install_lib
[4.142s] copying /home/roy/odri_dev/workspace/build/bullet_utils/build/lib/bullet_utils/doc/modules.rst -> /home/roy/odri_dev/workspace/install/bullet_utils/lib/python3.8/site-packages/bullet_utils/doc
[4.143s] copying /home/roy/odri_dev/workspace/build/bullet_utils/build/lib/bullet_utils/doc/readme.md -> /home/roy/odri_dev/workspace/install/bullet_utils/lib/python3.8/site-packages/bullet_utils/doc
[4.143s] copying /home/roy/odri_dev/workspace/build/bullet_utils/build/lib/bullet_utils/doc/index.rst -> /home/roy/odri_dev/workspace/install/bullet_utils/lib/python3.8/site-packages/bullet_utils/doc
[4.144s] copying /home/roy/odri_dev/workspace/build/bullet_utils/build/lib/bullet_utils/doc/py_pinocchio_bullet.rst -> /home/roy/odri_dev/workspace/install/bullet_utils/lib/python3.8/site-packages/bullet_utils/doc
[4.144s] copying /home/roy/odri_dev/workspace/build/bullet_utils/build/lib/bullet_utils/doc/conf.py -> /home/roy/odri_dev/workspace/install/bullet_utils/lib/python3.8/site-packages/bullet_utils/doc
[4.144s] copying /home/roy/odri_dev/workspace/build/bullet_utils/build/lib/bullet_utils/doc/pinocchio_bullet.rst -> /home/roy/odri_dev/workspace/install/bullet_utils/lib/python3.8/site-packages/bullet_utils/doc
[4.144s] copying /home/roy/odri_dev/workspace/build/bullet_utils/build/lib/bullet_utils/doc/bullet_utils.resources.rst -> /home/roy/odri_dev/workspace/install/bullet_utils/lib/python3.8/site-packages/bullet_utils/doc
[4.145s] copying /home/roy/odri_dev/workspace/build/bullet_utils/build/lib/bullet_utils/doc/license.txt -> /home/roy/odri_dev/workspace/install/bullet_utils/lib/python3.8/site-packages/bullet_utils/doc
[4.145s] copying /home/roy/odri_dev/workspace/build/bullet_utils/build/lib/bullet_utils/doc/bullet_utils.rst -> /home/roy/odri_dev/workspace/install/bullet_utils/lib/python3.8/site-packages/bullet_utils/doc
[4.147s] byte-compiling /home/roy/odri_dev/workspace/install/bullet_utils/lib/python3.8/site-packages/bullet_utils/doc/conf.py to conf.cpython-38.pyc
[4.159s] running install_egg_info
[4.163s] removing '/home/roy/odri_dev/workspace/install/bullet_utils/lib/python3.8/site-packages/bullet_utils-1.0.0-py3.8.egg-info' (and everything under it)
[4.164s] Copying ../../build/bullet_utils/bullet_utils.egg-info to /home/roy/odri_dev/workspace/install/bullet_utils/lib/python3.8/site-packages/bullet_utils-1.0.0-py3.8.egg-info
[4.166s] running install_scripts
[4.238s] changing mode of /home/roy/odri_dev/workspace/install/bullet_utils/lib/bullet_utils/demo_simulate_a_robot.py to 775
[4.242s] writing list of installed files to '/home/roy/odri_dev/workspace/build/bullet_utils/install.log'
[4.375s] Invoked command in '/home/roy/odri_dev/workspace/src/bullet_utils' returned '0': CMAKE_PREFIX_PATH=/home/roy/odri_dev/workspace/install/mpi_cmake_modules PATH=/home/roy/odri_dev/workspace/install/mpi_cmake_modules/bin:${PATH} PYTHONPATH=/home/roy/odri_dev/workspace/install/bullet_utils/lib/python3.8/site-packages:/home/roy/odri_dev/workspace/install/mpi_cmake_modules/lib/python3.8/site-packages /usr/bin/python3 setup.py egg_info --egg-base ../../build/bullet_utils build --build-base /home/roy/odri_dev/workspace/build/bullet_utils/build install --prefix /home/roy/odri_dev/workspace/install/bullet_utils --record /home/roy/odri_dev/workspace/build/bullet_utils/install.log --single-version-externally-managed
