/home/roy/odri_dev/workspace/install/bullet_utils/lib/python3.8/site-packages/bullet_utils/wrapper.py
/home/roy/odri_dev/workspace/install/bullet_utils/lib/python3.8/site-packages/bullet_utils/__init__.py
/home/roy/odri_dev/workspace/install/bullet_utils/lib/python3.8/site-packages/bullet_utils/env.py
/home/roy/odri_dev/workspace/install/bullet_utils/lib/python3.8/site-packages/pinocchio_bullet/__init__.py
/home/roy/odri_dev/workspace/install/bullet_utils/lib/python3.8/site-packages/py_pinocchio_bullet/__init__.py
/home/roy/odri_dev/workspace/install/bullet_utils/lib/python3.8/site-packages/bullet_utils/resources/__init__.py
/home/roy/odri_dev/workspace/install/bullet_utils/lib/python3.8/site-packages/bullet_utils/resources/plane_with_restitution.urdf
/home/roy/odri_dev/workspace/install/bullet_utils/lib/python3.8/site-packages/bullet_utils/resources/__pycache__/__init__.cpython-38.pyc
/home/roy/odri_dev/workspace/install/bullet_utils/lib/python3.8/site-packages/bullet_utils/resources/meshes/cylinder.obj
/home/roy/odri_dev/workspace/install/bullet_utils/lib/python3.8/site-packages/bullet_utils/resources/meshes/checker_blue.png
/home/roy/odri_dev/workspace/install/bullet_utils/lib/python3.8/site-packages/bullet_utils/resources/meshes/cube.obj
/home/roy/odri_dev/workspace/install/bullet_utils/lib/python3.8/site-packages/bullet_utils/resources/meshes/plane.obj
/home/roy/odri_dev/workspace/install/bullet_utils/lib/python3.8/site-packages/bullet_utils/resources/meshes/sphere.obj
/home/roy/odri_dev/workspace/install/bullet_utils/lib/python3.8/site-packages/bullet_utils/resources/meshes/plane.mtl
/home/roy/odri_dev/workspace/install/bullet_utils/lib/python3.8/site-packages/bullet_utils/__pycache__/wrapper.cpython-38.pyc
/home/roy/odri_dev/workspace/install/bullet_utils/lib/python3.8/site-packages/bullet_utils/__pycache__/__init__.cpython-38.pyc
/home/roy/odri_dev/workspace/install/bullet_utils/lib/python3.8/site-packages/bullet_utils/__pycache__/env.cpython-38.pyc
/home/roy/odri_dev/workspace/install/bullet_utils/lib/python3.8/site-packages/pinocchio_bullet/__pycache__/__init__.cpython-38.pyc
/home/roy/odri_dev/workspace/install/bullet_utils/lib/python3.8/site-packages/py_pinocchio_bullet/__pycache__/__init__.cpython-38.pyc
/home/roy/odri_dev/workspace/install/bullet_utils/lib/python3.8/site-packages/bullet_utils-1.0.0-py3.8.egg-info/top_level.txt
/home/roy/odri_dev/workspace/install/bullet_utils/lib/python3.8/site-packages/bullet_utils-1.0.0-py3.8.egg-info/PKG-INFO
/home/roy/odri_dev/workspace/install/bullet_utils/lib/python3.8/site-packages/bullet_utils-1.0.0-py3.8.egg-info/zip-safe
/home/roy/odri_dev/workspace/install/bullet_utils/lib/python3.8/site-packages/bullet_utils-1.0.0-py3.8.egg-info/requires.txt
/home/roy/odri_dev/workspace/install/bullet_utils/lib/python3.8/site-packages/bullet_utils-1.0.0-py3.8.egg-info/entry_points.txt
/home/roy/odri_dev/workspace/install/bullet_utils/lib/python3.8/site-packages/bullet_utils-1.0.0-py3.8.egg-info/SOURCES.txt
/home/roy/odri_dev/workspace/install/bullet_utils/lib/python3.8/site-packages/bullet_utils-1.0.0-py3.8.egg-info/dependency_links.txt
/home/roy/odri_dev/workspace/install/bullet_utils/lib/bullet_utils/demo_simulate_a_robot.py
