[0.023s] Invoking command in '/home/roy/odri_dev/workspace/build/real_time_tools': CMAKE_PREFIX_PATH=/home/roy/odri_dev/workspace/install/pybind11:/home/roy/odri_dev/workspace/install/mpi_cmake_modules:/home/roy/odri_dev/workspace/install/googletest-distribution:/opt/openrobots:/opt/openrobots:/opt/openrobots:/home/roy/odri_dev/workspace/install/reactive_planners:/home/roy/odri_dev/workspace/install/mim_control:/home/roy/odri_dev/workspace/install/yaml_utils:/home/roy/odri_dev/workspace/install/real_time_tools:/opt/openrobots:/opt/openrobots:/opt/openrobots:/opt/openrobots:/opt/openrobots:/opt/openrobots PATH=/home/roy/odri_dev/workspace/install/mpi_cmake_modules/bin:/opt/openrobots/bin:/opt/openrobots/bin:/opt/openrobots/bin:/home/roy/odri_dev/workspace/install/reactive_planners/bin:/home/roy/odri_dev/workspace/install/real_time_tools/bin:/opt/openrobots/bin:/opt/openrobots/bin:/opt/openrobots/bin:/opt/openrobots/bin:/opt/openrobots/bin:/opt/openrobots/bin:/usr/local/sbin:/usr/local/bin:/usr/sbin:/usr/bin:/sbin:/bin:/usr/games:/usr/local/games:/snap/bin PYTHONPATH=/home/roy/odri_dev/workspace/install/mpi_cmake_modules/lib/python3.8/site-packages:/opt/openrobots/lib/python2.7/site-packages:/opt/openrobots/lib/python2.7/site-packages:/opt/openrobots/lib/python2.7/site-packages:/home/roy/odri_dev/workspace/install/reactive_planners/lib/python3.8/site-packages:/home/roy/odri_dev/workspace/install/mim_control/lib/python3.8/site-packages:/home/roy/odri_dev/workspace/install/robot_properties_solo/lib/python3.8/site-packages:/home/roy/odri_dev/workspace/install/robot_properties_bolt/lib/python3.8/site-packages:/home/roy/odri_dev/workspace/install/real_time_tools/lib/python3.8/site-packages:/home/roy/odri_dev/workspace/install/bullet_utils/lib/python3.8/site-packages:/opt/openrobots/lib/python2.7/site-packages:/opt/openrobots/lib/python2.7/site-packages:/opt/openrobots/lib/python3.8/site-packages:/opt/openrobots/lib/python2.7/site-packages:/opt/openrobots/lib/python2.7/site-packages:/opt/openrobots/lib/python2.7/site-packages:/opt/openrobots/lib/python2.7/site-packages:/home/roy/odri_dev/workspace/src/robot_properties_bolt:/home/roy/odri_dev/workspace/src/robot_properties_bolt:/home/roy/odri_dev/workspace/src/robot_properties_bolt:/home/roy/odri_dev/workspace/src/robot_properties_bolt /usr/bin/cmake --build /home/roy/odri_dev/workspace/build/real_time_tools -- -j8 -l8
[0.110s] [ 31%] Built target real_time_tools
[0.156s] [ 44%] Built target test_real_time_tools
[0.158s] [ 51%] Built target demo_realtime_check
[0.158s] [ 58%] Built target demo_usb_stream_imu_3DM_GX3_25
[0.164s] [ 65%] Built target demo_checkpoint_timer
[0.164s] [ 72%] Built target demo_thread
[0.168s] [ 79%] Built target demo_realtime_strict_check
[0.176s] [ 86%] Built target demo_spinner
[0.180s] [ 93%] Built target real_time_tools_cpp_bindings
[0.197s] [100%] Built target demo_timing
[0.249s] Invoked command in '/home/roy/odri_dev/workspace/build/real_time_tools' returned '0': CMAKE_PREFIX_PATH=/home/roy/odri_dev/workspace/install/pybind11:/home/roy/odri_dev/workspace/install/mpi_cmake_modules:/home/roy/odri_dev/workspace/install/googletest-distribution:/opt/openrobots:/opt/openrobots:/opt/openrobots:/home/roy/odri_dev/workspace/install/reactive_planners:/home/roy/odri_dev/workspace/install/mim_control:/home/roy/odri_dev/workspace/install/yaml_utils:/home/roy/odri_dev/workspace/install/real_time_tools:/opt/openrobots:/opt/openrobots:/opt/openrobots:/opt/openrobots:/opt/openrobots:/opt/openrobots PATH=/home/roy/odri_dev/workspace/install/mpi_cmake_modules/bin:/opt/openrobots/bin:/opt/openrobots/bin:/opt/openrobots/bin:/home/roy/odri_dev/workspace/install/reactive_planners/bin:/home/roy/odri_dev/workspace/install/real_time_tools/bin:/opt/openrobots/bin:/opt/openrobots/bin:/opt/openrobots/bin:/opt/openrobots/bin:/opt/openrobots/bin:/opt/openrobots/bin:/usr/local/sbin:/usr/local/bin:/usr/sbin:/usr/bin:/sbin:/bin:/usr/games:/usr/local/games:/snap/bin PYTHONPATH=/home/roy/odri_dev/workspace/install/mpi_cmake_modules/lib/python3.8/site-packages:/opt/openrobots/lib/python2.7/site-packages:/opt/openrobots/lib/python2.7/site-packages:/opt/openrobots/lib/python2.7/site-packages:/home/roy/odri_dev/workspace/install/reactive_planners/lib/python3.8/site-packages:/home/roy/odri_dev/workspace/install/mim_control/lib/python3.8/site-packages:/home/roy/odri_dev/workspace/install/robot_properties_solo/lib/python3.8/site-packages:/home/roy/odri_dev/workspace/install/robot_properties_bolt/lib/python3.8/site-packages:/home/roy/odri_dev/workspace/install/real_time_tools/lib/python3.8/site-packages:/home/roy/odri_dev/workspace/install/bullet_utils/lib/python3.8/site-packages:/opt/openrobots/lib/python2.7/site-packages:/opt/openrobots/lib/python2.7/site-packages:/opt/openrobots/lib/python3.8/site-packages:/opt/openrobots/lib/python2.7/site-packages:/opt/openrobots/lib/python2.7/site-packages:/opt/openrobots/lib/python2.7/site-packages:/opt/openrobots/lib/python2.7/site-packages:/home/roy/odri_dev/workspace/src/robot_properties_bolt:/home/roy/odri_dev/workspace/src/robot_properties_bolt:/home/roy/odri_dev/workspace/src/robot_properties_bolt:/home/roy/odri_dev/workspace/src/robot_properties_bolt /usr/bin/cmake --build /home/roy/odri_dev/workspace/build/real_time_tools -- -j8 -l8
[0.345s] Invoking command in '/home/roy/odri_dev/workspace/build/real_time_tools': CMAKE_PREFIX_PATH=/home/roy/odri_dev/workspace/install/pybind11:/home/roy/odri_dev/workspace/install/mpi_cmake_modules:/home/roy/odri_dev/workspace/install/googletest-distribution:/opt/openrobots:/opt/openrobots:/opt/openrobots:/home/roy/odri_dev/workspace/install/reactive_planners:/home/roy/odri_dev/workspace/install/mim_control:/home/roy/odri_dev/workspace/install/yaml_utils:/home/roy/odri_dev/workspace/install/real_time_tools:/opt/openrobots:/opt/openrobots:/opt/openrobots:/opt/openrobots:/opt/openrobots:/opt/openrobots PATH=/home/roy/odri_dev/workspace/install/mpi_cmake_modules/bin:/opt/openrobots/bin:/opt/openrobots/bin:/opt/openrobots/bin:/home/roy/odri_dev/workspace/install/reactive_planners/bin:/home/roy/odri_dev/workspace/install/real_time_tools/bin:/opt/openrobots/bin:/opt/openrobots/bin:/opt/openrobots/bin:/opt/openrobots/bin:/opt/openrobots/bin:/opt/openrobots/bin:/usr/local/sbin:/usr/local/bin:/usr/sbin:/usr/bin:/sbin:/bin:/usr/games:/usr/local/games:/snap/bin PYTHONPATH=/home/roy/odri_dev/workspace/install/mpi_cmake_modules/lib/python3.8/site-packages:/opt/openrobots/lib/python2.7/site-packages:/opt/openrobots/lib/python2.7/site-packages:/opt/openrobots/lib/python2.7/site-packages:/home/roy/odri_dev/workspace/install/reactive_planners/lib/python3.8/site-packages:/home/roy/odri_dev/workspace/install/mim_control/lib/python3.8/site-packages:/home/roy/odri_dev/workspace/install/robot_properties_solo/lib/python3.8/site-packages:/home/roy/odri_dev/workspace/install/robot_properties_bolt/lib/python3.8/site-packages:/home/roy/odri_dev/workspace/install/real_time_tools/lib/python3.8/site-packages:/home/roy/odri_dev/workspace/install/bullet_utils/lib/python3.8/site-packages:/opt/openrobots/lib/python2.7/site-packages:/opt/openrobots/lib/python2.7/site-packages:/opt/openrobots/lib/python3.8/site-packages:/opt/openrobots/lib/python2.7/site-packages:/opt/openrobots/lib/python2.7/site-packages:/opt/openrobots/lib/python2.7/site-packages:/opt/openrobots/lib/python2.7/site-packages:/home/roy/odri_dev/workspace/src/robot_properties_bolt:/home/roy/odri_dev/workspace/src/robot_properties_bolt:/home/roy/odri_dev/workspace/src/robot_properties_bolt:/home/roy/odri_dev/workspace/src/robot_properties_bolt /usr/bin/cmake --install /home/roy/odri_dev/workspace/build/real_time_tools
[0.362s] -- Install configuration: "Release"
[0.362s] -- Up-to-date: /home/roy/odri_dev/workspace/install/real_time_tools/lib/python3.8/site-packages/real_time_tools_cpp_bindings.cpython-38-x86_64-linux-gnu.so
[0.363s] -- Up-to-date: /home/roy/odri_dev/workspace/install/real_time_tools/lib/python3.8/site-packages/real_time_tools/__init__.py
[0.363s] -- Up-to-date: /home/roy/odri_dev/workspace/install/real_time_tools/include
[0.363s] -- Up-to-date: /home/roy/odri_dev/workspace/install/real_time_tools/include/real_time_tools
[0.364s] -- Up-to-date: /home/roy/odri_dev/workspace/install/real_time_tools/include/real_time_tools/usb_stream.hpp
[0.364s] -- Up-to-date: /home/roy/odri_dev/workspace/install/real_time_tools/include/real_time_tools/checkpoint_timer.hpp
[0.364s] -- Up-to-date: /home/roy/odri_dev/workspace/install/real_time_tools/include/real_time_tools/thread.hpp
[0.364s] -- Up-to-date: /home/roy/odri_dev/workspace/install/real_time_tools/include/real_time_tools/spinner.hpp
[0.364s] -- Up-to-date: /home/roy/odri_dev/workspace/install/real_time_tools/include/real_time_tools/timer.hpp
[0.364s] -- Up-to-date: /home/roy/odri_dev/workspace/install/real_time_tools/include/real_time_tools/mutex.hpp
[0.365s] -- Up-to-date: /home/roy/odri_dev/workspace/install/real_time_tools/include/real_time_tools/checkpoint_timer.hxx
[0.365s] -- Up-to-date: /home/roy/odri_dev/workspace/install/real_time_tools/include/real_time_tools/frequency_manager.hpp
[0.365s] -- Up-to-date: /home/roy/odri_dev/workspace/install/real_time_tools/include/real_time_tools/rt_mutex.hpp
[0.365s] -- Up-to-date: /home/roy/odri_dev/workspace/install/real_time_tools/include/real_time_tools/threadsafe
[0.365s] -- Up-to-date: /home/roy/odri_dev/workspace/install/real_time_tools/include/real_time_tools/threadsafe/threadsafe_object.hpp
[0.366s] -- Up-to-date: /home/roy/odri_dev/workspace/install/real_time_tools/include/real_time_tools/threadsafe/threadsafe_object.hxx
[0.366s] -- Up-to-date: /home/roy/odri_dev/workspace/install/real_time_tools/include/real_time_tools/realtime_check.hpp
[0.366s] -- Up-to-date: /home/roy/odri_dev/workspace/install/real_time_tools/include/real_time_tools/iostream.hpp
[0.366s] -- Up-to-date: /home/roy/odri_dev/workspace/install/real_time_tools/include/real_time_tools/process_manager.hpp
[0.366s] -- Up-to-date: /home/roy/odri_dev/workspace/install/real_time_tools/lib/libreal_time_tools.so
[0.366s] -- Up-to-date: /home/roy/odri_dev/workspace/install/real_time_tools/bin/demo_realtime_check
[0.367s] -- Up-to-date: /home/roy/odri_dev/workspace/install/real_time_tools/bin/demo_realtime_strict_check
[0.367s] -- Up-to-date: /home/roy/odri_dev/workspace/install/real_time_tools/bin/demo_spinner
[0.367s] -- Up-to-date: /home/roy/odri_dev/workspace/install/real_time_tools/bin/demo_timing
[0.368s] -- Up-to-date: /home/roy/odri_dev/workspace/install/real_time_tools/bin/demo_thread
[0.375s] -- Up-to-date: /home/roy/odri_dev/workspace/install/real_time_tools/bin/demo_usb_stream_imu_3DM_GX3_25
[0.376s] -- Up-to-date: /home/roy/odri_dev/workspace/install/real_time_tools/bin/demo_checkpoint_timer
[0.376s] -- Up-to-date: /home/roy/odri_dev/workspace/install/real_time_tools/share/real_time_tools/cmake/real_time_toolsConfig.cmake
[0.376s] -- Up-to-date: /home/roy/odri_dev/workspace/install/real_time_tools/share/real_time_tools/cmake/real_time_toolsConfigVersion.cmake
[0.376s] -- Up-to-date: /home/roy/odri_dev/workspace/install/real_time_tools/share/real_time_tools/cmake/real_time_toolsTargets.cmake
[0.377s] -- Up-to-date: /home/roy/odri_dev/workspace/install/real_time_tools/share/real_time_tools/cmake/real_time_toolsTargets-release.cmake
[0.377s] Invoked command in '/home/roy/odri_dev/workspace/build/real_time_tools' returned '0': CMAKE_PREFIX_PATH=/home/roy/odri_dev/workspace/install/pybind11:/home/roy/odri_dev/workspace/install/mpi_cmake_modules:/home/roy/odri_dev/workspace/install/googletest-distribution:/opt/openrobots:/opt/openrobots:/opt/openrobots:/home/roy/odri_dev/workspace/install/reactive_planners:/home/roy/odri_dev/workspace/install/mim_control:/home/roy/odri_dev/workspace/install/yaml_utils:/home/roy/odri_dev/workspace/install/real_time_tools:/opt/openrobots:/opt/openrobots:/opt/openrobots:/opt/openrobots:/opt/openrobots:/opt/openrobots PATH=/home/roy/odri_dev/workspace/install/mpi_cmake_modules/bin:/opt/openrobots/bin:/opt/openrobots/bin:/opt/openrobots/bin:/home/roy/odri_dev/workspace/install/reactive_planners/bin:/home/roy/odri_dev/workspace/install/real_time_tools/bin:/opt/openrobots/bin:/opt/openrobots/bin:/opt/openrobots/bin:/opt/openrobots/bin:/opt/openrobots/bin:/opt/openrobots/bin:/usr/local/sbin:/usr/local/bin:/usr/sbin:/usr/bin:/sbin:/bin:/usr/games:/usr/local/games:/snap/bin PYTHONPATH=/home/roy/odri_dev/workspace/install/mpi_cmake_modules/lib/python3.8/site-packages:/opt/openrobots/lib/python2.7/site-packages:/opt/openrobots/lib/python2.7/site-packages:/opt/openrobots/lib/python2.7/site-packages:/home/roy/odri_dev/workspace/install/reactive_planners/lib/python3.8/site-packages:/home/roy/odri_dev/workspace/install/mim_control/lib/python3.8/site-packages:/home/roy/odri_dev/workspace/install/robot_properties_solo/lib/python3.8/site-packages:/home/roy/odri_dev/workspace/install/robot_properties_bolt/lib/python3.8/site-packages:/home/roy/odri_dev/workspace/install/real_time_tools/lib/python3.8/site-packages:/home/roy/odri_dev/workspace/install/bullet_utils/lib/python3.8/site-packages:/opt/openrobots/lib/python2.7/site-packages:/opt/openrobots/lib/python2.7/site-packages:/opt/openrobots/lib/python3.8/site-packages:/opt/openrobots/lib/python2.7/site-packages:/opt/openrobots/lib/python2.7/site-packages:/opt/openrobots/lib/python2.7/site-packages:/opt/openrobots/lib/python2.7/site-packages:/home/roy/odri_dev/workspace/src/robot_properties_bolt:/home/roy/odri_dev/workspace/src/robot_properties_bolt:/home/roy/odri_dev/workspace/src/robot_properties_bolt:/home/roy/odri_dev/workspace/src/robot_properties_bolt /usr/bin/cmake --install /home/roy/odri_dev/workspace/build/real_time_tools
