[0.013s] Invoking command in '/home/roy/odri_dev/workspace/build/yaml_utils': CMAKE_PREFIX_PATH=/home/roy/odri_dev/workspace/install/googletest-distribution:/opt/openrobots /usr/bin/cmake /home/roy/odri_dev/workspace/src/yaml_utils -DCMAKE_BUILD_TYPE=Release -DCMAKE_INSTALL_PREFIX=/home/roy/odri_dev/workspace/install/yaml_utils
[0.115s] -- The C compiler identification is GNU 9.3.0
[0.195s] -- The CXX compiler identification is GNU 9.3.0
[0.204s] -- Check for working C compiler: /usr/bin/cc
[0.310s] -- Check for working C compiler: /usr/bin/cc -- works
[0.311s] -- Detecting C compiler ABI info
[0.414s] -- Detecting C compiler ABI info - done
[0.432s] -- Detecting C compile features
[0.432s] -- Detecting C compile features - done
[0.435s] -- Check for working CXX compiler: /usr/bin/c++
[0.557s] -- Check for working CXX compiler: /usr/bin/c++ -- works
[0.560s] -- Detecting CXX compiler ABI info
[0.677s] -- Detecting CXX compiler ABI info - done
[0.701s] -- Detecting CXX compile features
[0.702s] -- Detecting CXX compile features - done
[0.713s] CMake Error at CMakeLists.txt:23 (find_package):
[0.713s]   Could not find a package configuration file provided by "yaml-cpp" with any
[0.713s]   of the following names:
[0.714s] 
[0.714s]     yaml-cppConfig.cmake
[0.714s]     yaml-cpp-config.cmake
[0.714s] 
[0.714s]   Add the installation prefix of "yaml-cpp" to CMAKE_PREFIX_PATH or set
[0.714s]   "yaml-cpp_DIR" to a directory containing one of the above files.  If
[0.714s]   "yaml-cpp" provides a separate development package or SDK, be sure it has
[0.714s]   been installed.
[0.714s] 
[0.715s] 
[0.715s] -- Configuring incomplete, errors occurred!
[0.715s] See also "/home/roy/odri_dev/workspace/build/yaml_utils/CMakeFiles/CMakeOutput.log".
[0.718s] Invoked command in '/home/roy/odri_dev/workspace/build/yaml_utils' returned '1': CMAKE_PREFIX_PATH=/home/roy/odri_dev/workspace/install/googletest-distribution:/opt/openrobots /usr/bin/cmake /home/roy/odri_dev/workspace/src/yaml_utils -DCMAKE_BUILD_TYPE=Release -DCMAKE_INSTALL_PREFIX=/home/roy/odri_dev/workspace/install/yaml_utils
