[1.959s] Invoking command in '/home/roy/odri_dev/workspace/src/robot_properties_bolt': PYTHONPATH=/home/roy/odri_dev/workspace/install/robot_properties_bolt/lib/python3.8/site-packages:/home/roy/odri_dev/workspace/install/bullet_utils/lib/python3.8/site-packages /usr/bin/python3 setup.py egg_info --egg-base ../../build/robot_properties_bolt build --build-base /home/roy/odri_dev/workspace/build/robot_properties_bolt/build install --prefix /home/roy/odri_dev/workspace/install/robot_properties_bolt --record /home/roy/odri_dev/workspace/build/robot_properties_bolt/install.log --single-version-externally-managed
[2.497s] resources =  ['resources/impedance_ctrl.yaml', 'resources/dynamic_graph_manager/dgm_parameters_bolt.yaml', 'resources/odri_control_interface/bolt_driver.yaml', 'resources/xacro/bolt_passive_ankle.urdf.xacro', 'resources/xacro/bolt.urdf.xacro', 'resources/xacro/plane_with_restitution.urdf.xacro', 'resources/xacro/bolt.xacro', 'resources/xacro/leg.xacro', 'resources/meshes/checker_blue.png', 'resources/meshes/plane.obj', 'resources/meshes/plane.mtl', 'resources/meshes/obj/bolt_upper_leg_right_side.obj', 'resources/meshes/obj/bolt_hip_fe_left_side.obj', 'resources/meshes/obj/bolt_upper_leg_left_side.obj', 'resources/meshes/obj/bolt_lower_leg_right_side.obj', 'resources/meshes/obj/bolt_hip_fe_right_side.obj', 'resources/meshes/obj/bolt_body.obj', 'resources/meshes/obj/bolt_foot.obj', 'resources/meshes/obj/bolt_lower_leg_left_side.obj', 'resources/meshes/stl/lower_leg_200mm_right_side.stl', 'resources/meshes/stl/bolt_upper_leg_left_side.stl', 'resources/meshes/stl/upper_leg_200mm_right_side.stl', 'resources/meshes/stl/upper_leg_200mm_left_side.stl', 'resources/meshes/stl/bolt_hip_fe_right_side.stl', 'resources/meshes/stl/bolt_lower_leg_left_side.stl', 'resources/meshes/stl/bolt_foot.stl', 'resources/meshes/stl/lower_leg_200mm_left_side.stl', 'resources/meshes/stl/bolt_hip_fe_left_side.stl', 'resources/meshes/stl/bolt_lower_leg_right_side.stl', 'resources/meshes/stl/bolt_upper_leg_right_side.stl', 'resources/meshes/stl/bolt_body.stl']
[2.536s] running egg_info
[2.538s] writing ../../build/robot_properties_bolt/robot_properties_bolt.egg-info/PKG-INFO
[2.539s] writing dependency_links to ../../build/robot_properties_bolt/robot_properties_bolt.egg-info/dependency_links.txt
[2.539s] writing entry points to ../../build/robot_properties_bolt/robot_properties_bolt.egg-info/entry_points.txt
[2.540s] writing requirements to ../../build/robot_properties_bolt/robot_properties_bolt.egg-info/requires.txt
[2.540s] writing top-level names to ../../build/robot_properties_bolt/robot_properties_bolt.egg-info/top_level.txt
[2.546s] reading manifest file '../../build/robot_properties_bolt/robot_properties_bolt.egg-info/SOURCES.txt'
[2.549s] writing manifest file '../../build/robot_properties_bolt/robot_properties_bolt.egg-info/SOURCES.txt'
[2.550s] running build
[2.550s] running build_py
[2.550s] 
[2.565s] building xacro file ( /home/roy/odri_dev/workspace/src/robot_properties_bolt/src/robot_properties_bolt/resources/xacro/bolt_passive_ankle.urdf.xacro ) into ( /home/roy/odri_dev/workspace/build/robot_properties_bolt/build/lib/robot_properties_bolt/resources/urdf/bolt_passive_ankle.urdf )
[2.629s] building xacro file ( /home/roy/odri_dev/workspace/src/robot_properties_bolt/src/robot_properties_bolt/resources/xacro/bolt.urdf.xacro ) into ( /home/roy/odri_dev/workspace/build/robot_properties_bolt/build/lib/robot_properties_bolt/resources/urdf/bolt.urdf )
[2.698s] building xacro file ( /home/roy/odri_dev/workspace/src/robot_properties_bolt/src/robot_properties_bolt/resources/xacro/plane_with_restitution.urdf.xacro ) into ( /home/roy/odri_dev/workspace/build/robot_properties_bolt/build/lib/robot_properties_bolt/resources/urdf/plane_with_restitution.urdf )
[2.701s] building xacro file ( /home/roy/odri_dev/workspace/src/robot_properties_bolt/src/robot_properties_bolt/resources/xacro/bolt_passive_ankle.urdf.xacro ) into ( /home/roy/odri_dev/workspace/build/robot_properties_bolt/build/lib/robot_properties_bolt/resources/urdf/bolt_passive_ankle.urdf )
[2.766s] building xacro file ( /home/roy/odri_dev/workspace/src/robot_properties_bolt/src/robot_properties_bolt/resources/xacro/bolt.urdf.xacro ) into ( /home/roy/odri_dev/workspace/build/robot_properties_bolt/build/lib/robot_properties_bolt/resources/urdf/bolt.urdf )
[2.832s] building xacro file ( /home/roy/odri_dev/workspace/src/robot_properties_bolt/src/robot_properties_bolt/resources/xacro/plane_with_restitution.urdf.xacro ) into ( /home/roy/odri_dev/workspace/build/robot_properties_bolt/build/lib/robot_properties_bolt/resources/urdf/plane_with_restitution.urdf )
[2.835s] building xacro file ( /home/roy/odri_dev/workspace/src/robot_properties_bolt/src/robot_properties_bolt/resources/xacro/bolt_passive_ankle.urdf.xacro ) into ( /home/roy/odri_dev/workspace/build/robot_properties_bolt/build/lib/robot_properties_bolt/resources/urdf/bolt_passive_ankle.urdf )
[2.931s] building xacro file ( /home/roy/odri_dev/workspace/src/robot_properties_bolt/src/robot_properties_bolt/resources/xacro/bolt.urdf.xacro ) into ( /home/roy/odri_dev/workspace/build/robot_properties_bolt/build/lib/robot_properties_bolt/resources/urdf/bolt.urdf )
[3.012s] building xacro file ( /home/roy/odri_dev/workspace/src/robot_properties_bolt/src/robot_properties_bolt/resources/xacro/plane_with_restitution.urdf.xacro ) into ( /home/roy/odri_dev/workspace/build/robot_properties_bolt/build/lib/robot_properties_bolt/resources/urdf/plane_with_restitution.urdf )
[3.017s] copying src/robot_properties_bolt/config.py -> /home/roy/odri_dev/workspace/build/robot_properties_bolt/build/lib/robot_properties_bolt
[3.017s] copying src/robot_properties_bolt/resources.py -> /home/roy/odri_dev/workspace/build/robot_properties_bolt/build/lib/robot_properties_bolt
[3.018s] copying src/robot_properties_bolt/gepetto_gui_loader.py -> /home/roy/odri_dev/workspace/build/robot_properties_bolt/build/lib/robot_properties_bolt
[3.018s] copying src/robot_properties_bolt/bolt_wrapper.py -> /home/roy/odri_dev/workspace/build/robot_properties_bolt/build/lib/robot_properties_bolt
[3.018s] copying src/robot_properties_bolt/__init__.py -> /home/roy/odri_dev/workspace/build/robot_properties_bolt/build/lib/robot_properties_bolt
[3.019s] copying src/robot_properties_bolt/resources/impedance_ctrl.yaml -> /home/roy/odri_dev/workspace/build/robot_properties_bolt/build/lib/robot_properties_bolt/resources
[3.019s] creating /home/roy/odri_dev/workspace/build/robot_properties_bolt/build/lib/robot_properties_bolt/resources/dynamic_graph_manager
[3.019s] copying src/robot_properties_bolt/resources/dynamic_graph_manager/dgm_parameters_bolt.yaml -> /home/roy/odri_dev/workspace/build/robot_properties_bolt/build/lib/robot_properties_bolt/resources/dynamic_graph_manager
[3.019s] creating /home/roy/odri_dev/workspace/build/robot_properties_bolt/build/lib/robot_properties_bolt/resources/odri_control_interface
[3.020s] copying src/robot_properties_bolt/resources/odri_control_interface/bolt_driver.yaml -> /home/roy/odri_dev/workspace/build/robot_properties_bolt/build/lib/robot_properties_bolt/resources/odri_control_interface
[3.020s] creating /home/roy/odri_dev/workspace/build/robot_properties_bolt/build/lib/robot_properties_bolt/resources/xacro
[3.020s] copying src/robot_properties_bolt/resources/xacro/bolt_passive_ankle.urdf.xacro -> /home/roy/odri_dev/workspace/build/robot_properties_bolt/build/lib/robot_properties_bolt/resources/xacro
[3.021s] copying src/robot_properties_bolt/resources/xacro/bolt.urdf.xacro -> /home/roy/odri_dev/workspace/build/robot_properties_bolt/build/lib/robot_properties_bolt/resources/xacro
[3.021s] copying src/robot_properties_bolt/resources/xacro/plane_with_restitution.urdf.xacro -> /home/roy/odri_dev/workspace/build/robot_properties_bolt/build/lib/robot_properties_bolt/resources/xacro
[3.021s] copying src/robot_properties_bolt/resources/xacro/bolt.xacro -> /home/roy/odri_dev/workspace/build/robot_properties_bolt/build/lib/robot_properties_bolt/resources/xacro
[3.022s] copying src/robot_properties_bolt/resources/xacro/leg.xacro -> /home/roy/odri_dev/workspace/build/robot_properties_bolt/build/lib/robot_properties_bolt/resources/xacro
[3.022s] creating /home/roy/odri_dev/workspace/build/robot_properties_bolt/build/lib/robot_properties_bolt/resources/meshes
[3.022s] copying src/robot_properties_bolt/resources/meshes/checker_blue.png -> /home/roy/odri_dev/workspace/build/robot_properties_bolt/build/lib/robot_properties_bolt/resources/meshes
[3.023s] copying src/robot_properties_bolt/resources/meshes/plane.obj -> /home/roy/odri_dev/workspace/build/robot_properties_bolt/build/lib/robot_properties_bolt/resources/meshes
[3.023s] copying src/robot_properties_bolt/resources/meshes/plane.mtl -> /home/roy/odri_dev/workspace/build/robot_properties_bolt/build/lib/robot_properties_bolt/resources/meshes
[3.024s] creating /home/roy/odri_dev/workspace/build/robot_properties_bolt/build/lib/robot_properties_bolt/resources/meshes/obj
[3.024s] copying src/robot_properties_bolt/resources/meshes/obj/bolt_upper_leg_right_side.obj -> /home/roy/odri_dev/workspace/build/robot_properties_bolt/build/lib/robot_properties_bolt/resources/meshes/obj
[3.025s] copying src/robot_properties_bolt/resources/meshes/obj/bolt_hip_fe_left_side.obj -> /home/roy/odri_dev/workspace/build/robot_properties_bolt/build/lib/robot_properties_bolt/resources/meshes/obj
[3.025s] copying src/robot_properties_bolt/resources/meshes/obj/bolt_upper_leg_left_side.obj -> /home/roy/odri_dev/workspace/build/robot_properties_bolt/build/lib/robot_properties_bolt/resources/meshes/obj
[3.026s] copying src/robot_properties_bolt/resources/meshes/obj/bolt_lower_leg_right_side.obj -> /home/roy/odri_dev/workspace/build/robot_properties_bolt/build/lib/robot_properties_bolt/resources/meshes/obj
[3.030s] copying src/robot_properties_bolt/resources/meshes/obj/bolt_hip_fe_right_side.obj -> /home/roy/odri_dev/workspace/build/robot_properties_bolt/build/lib/robot_properties_bolt/resources/meshes/obj
[3.030s] copying src/robot_properties_bolt/resources/meshes/obj/bolt_body.obj -> /home/roy/odri_dev/workspace/build/robot_properties_bolt/build/lib/robot_properties_bolt/resources/meshes/obj
[3.031s] copying src/robot_properties_bolt/resources/meshes/obj/bolt_foot.obj -> /home/roy/odri_dev/workspace/build/robot_properties_bolt/build/lib/robot_properties_bolt/resources/meshes/obj
[3.032s] copying src/robot_properties_bolt/resources/meshes/obj/bolt_lower_leg_left_side.obj -> /home/roy/odri_dev/workspace/build/robot_properties_bolt/build/lib/robot_properties_bolt/resources/meshes/obj
[3.033s] creating /home/roy/odri_dev/workspace/build/robot_properties_bolt/build/lib/robot_properties_bolt/resources/meshes/stl
[3.033s] copying src/robot_properties_bolt/resources/meshes/stl/lower_leg_200mm_right_side.stl -> /home/roy/odri_dev/workspace/build/robot_properties_bolt/build/lib/robot_properties_bolt/resources/meshes/stl
[3.034s] copying src/robot_properties_bolt/resources/meshes/stl/bolt_upper_leg_left_side.stl -> /home/roy/odri_dev/workspace/build/robot_properties_bolt/build/lib/robot_properties_bolt/resources/meshes/stl
[3.034s] copying src/robot_properties_bolt/resources/meshes/stl/upper_leg_200mm_right_side.stl -> /home/roy/odri_dev/workspace/build/robot_properties_bolt/build/lib/robot_properties_bolt/resources/meshes/stl
[3.035s] copying src/robot_properties_bolt/resources/meshes/stl/upper_leg_200mm_left_side.stl -> /home/roy/odri_dev/workspace/build/robot_properties_bolt/build/lib/robot_properties_bolt/resources/meshes/stl
[3.036s] copying src/robot_properties_bolt/resources/meshes/stl/bolt_hip_fe_right_side.stl -> /home/roy/odri_dev/workspace/build/robot_properties_bolt/build/lib/robot_properties_bolt/resources/meshes/stl
[3.036s] copying src/robot_properties_bolt/resources/meshes/stl/bolt_lower_leg_left_side.stl -> /home/roy/odri_dev/workspace/build/robot_properties_bolt/build/lib/robot_properties_bolt/resources/meshes/stl
[3.037s] copying src/robot_properties_bolt/resources/meshes/stl/bolt_foot.stl -> /home/roy/odri_dev/workspace/build/robot_properties_bolt/build/lib/robot_properties_bolt/resources/meshes/stl
[3.038s] copying src/robot_properties_bolt/resources/meshes/stl/lower_leg_200mm_left_side.stl -> /home/roy/odri_dev/workspace/build/robot_properties_bolt/build/lib/robot_properties_bolt/resources/meshes/stl
[3.038s] copying src/robot_properties_bolt/resources/meshes/stl/bolt_hip_fe_left_side.stl -> /home/roy/odri_dev/workspace/build/robot_properties_bolt/build/lib/robot_properties_bolt/resources/meshes/stl
[3.039s] copying src/robot_properties_bolt/resources/meshes/stl/bolt_lower_leg_right_side.stl -> /home/roy/odri_dev/workspace/build/robot_properties_bolt/build/lib/robot_properties_bolt/resources/meshes/stl
[3.040s] copying src/robot_properties_bolt/resources/meshes/stl/bolt_upper_leg_right_side.stl -> /home/roy/odri_dev/workspace/build/robot_properties_bolt/build/lib/robot_properties_bolt/resources/meshes/stl
[3.041s] copying src/robot_properties_bolt/resources/meshes/stl/bolt_body.stl -> /home/roy/odri_dev/workspace/build/robot_properties_bolt/build/lib/robot_properties_bolt/resources/meshes/stl
[3.042s] running build_scripts
[3.043s] creating /home/roy/odri_dev/workspace/build/robot_properties_bolt/build/scripts-3.8
[3.043s] copying and adjusting demos/demo_display_bolt.py -> /home/roy/odri_dev/workspace/build/robot_properties_bolt/build/scripts-3.8
[3.043s] copying and adjusting demos/demo_display_bolt_meshcat.py -> /home/roy/odri_dev/workspace/build/robot_properties_bolt/build/scripts-3.8
[3.043s] copying and adjusting demos/demo_simulate_bolt.py -> /home/roy/odri_dev/workspace/build/robot_properties_bolt/build/scripts-3.8
[3.044s] changing mode of /home/roy/odri_dev/workspace/build/robot_properties_bolt/build/scripts-3.8/demo_display_bolt.py from 664 to 775
[3.046s] changing mode of /home/roy/odri_dev/workspace/build/robot_properties_bolt/build/scripts-3.8/demo_display_bolt_meshcat.py from 664 to 775
[3.046s] changing mode of /home/roy/odri_dev/workspace/build/robot_properties_bolt/build/scripts-3.8/demo_simulate_bolt.py from 664 to 775
[3.046s] running install
[3.050s] running install_lib
[3.052s] creating /home/roy/odri_dev/workspace/install/robot_properties_bolt/lib/python3.8/site-packages/robot_properties_bolt
[3.053s] copying /home/roy/odri_dev/workspace/build/robot_properties_bolt/build/lib/robot_properties_bolt/config.py -> /home/roy/odri_dev/workspace/install/robot_properties_bolt/lib/python3.8/site-packages/robot_properties_bolt
[3.053s] copying /home/roy/odri_dev/workspace/build/robot_properties_bolt/build/lib/robot_properties_bolt/resources.py -> /home/roy/odri_dev/workspace/install/robot_properties_bolt/lib/python3.8/site-packages/robot_properties_bolt
[3.053s] copying /home/roy/odri_dev/workspace/build/robot_properties_bolt/build/lib/robot_properties_bolt/gepetto_gui_loader.py -> /home/roy/odri_dev/workspace/install/robot_properties_bolt/lib/python3.8/site-packages/robot_properties_bolt
[3.053s] copying /home/roy/odri_dev/workspace/build/robot_properties_bolt/build/lib/robot_properties_bolt/bolt_wrapper.py -> /home/roy/odri_dev/workspace/install/robot_properties_bolt/lib/python3.8/site-packages/robot_properties_bolt
[3.053s] copying /home/roy/odri_dev/workspace/build/robot_properties_bolt/build/lib/robot_properties_bolt/__init__.py -> /home/roy/odri_dev/workspace/install/robot_properties_bolt/lib/python3.8/site-packages/robot_properties_bolt
[3.054s] creating /home/roy/odri_dev/workspace/install/robot_properties_bolt/lib/python3.8/site-packages/robot_properties_bolt/resources
[3.054s] creating /home/roy/odri_dev/workspace/install/robot_properties_bolt/lib/python3.8/site-packages/robot_properties_bolt/resources/dynamic_graph_manager
[3.054s] copying /home/roy/odri_dev/workspace/build/robot_properties_bolt/build/lib/robot_properties_bolt/resources/dynamic_graph_manager/dgm_parameters_bolt.yaml -> /home/roy/odri_dev/workspace/install/robot_properties_bolt/lib/python3.8/site-packages/robot_properties_bolt/resources/dynamic_graph_manager
[3.055s] creating /home/roy/odri_dev/workspace/install/robot_properties_bolt/lib/python3.8/site-packages/robot_properties_bolt/resources/odri_control_interface
[3.055s] copying /home/roy/odri_dev/workspace/build/robot_properties_bolt/build/lib/robot_properties_bolt/resources/odri_control_interface/bolt_driver.yaml -> /home/roy/odri_dev/workspace/install/robot_properties_bolt/lib/python3.8/site-packages/robot_properties_bolt/resources/odri_control_interface
[3.056s] creating /home/roy/odri_dev/workspace/install/robot_properties_bolt/lib/python3.8/site-packages/robot_properties_bolt/resources/urdf
[3.056s] copying /home/roy/odri_dev/workspace/build/robot_properties_bolt/build/lib/robot_properties_bolt/resources/urdf/bolt_passive_ankle.urdf -> /home/roy/odri_dev/workspace/install/robot_properties_bolt/lib/python3.8/site-packages/robot_properties_bolt/resources/urdf
[3.056s] copying /home/roy/odri_dev/workspace/build/robot_properties_bolt/build/lib/robot_properties_bolt/resources/urdf/bolt.urdf -> /home/roy/odri_dev/workspace/install/robot_properties_bolt/lib/python3.8/site-packages/robot_properties_bolt/resources/urdf
[3.056s] copying /home/roy/odri_dev/workspace/build/robot_properties_bolt/build/lib/robot_properties_bolt/resources/urdf/plane_with_restitution.urdf -> /home/roy/odri_dev/workspace/install/robot_properties_bolt/lib/python3.8/site-packages/robot_properties_bolt/resources/urdf
[3.057s] copying /home/roy/odri_dev/workspace/build/robot_properties_bolt/build/lib/robot_properties_bolt/resources/impedance_ctrl.yaml -> /home/roy/odri_dev/workspace/install/robot_properties_bolt/lib/python3.8/site-packages/robot_properties_bolt/resources
[3.057s] creating /home/roy/odri_dev/workspace/install/robot_properties_bolt/lib/python3.8/site-packages/robot_properties_bolt/resources/xacro
[3.058s] copying /home/roy/odri_dev/workspace/build/robot_properties_bolt/build/lib/robot_properties_bolt/resources/xacro/bolt_passive_ankle.urdf.xacro -> /home/roy/odri_dev/workspace/install/robot_properties_bolt/lib/python3.8/site-packages/robot_properties_bolt/resources/xacro
[3.058s] copying /home/roy/odri_dev/workspace/build/robot_properties_bolt/build/lib/robot_properties_bolt/resources/xacro/bolt.urdf.xacro -> /home/roy/odri_dev/workspace/install/robot_properties_bolt/lib/python3.8/site-packages/robot_properties_bolt/resources/xacro
[3.058s] copying /home/roy/odri_dev/workspace/build/robot_properties_bolt/build/lib/robot_properties_bolt/resources/xacro/plane_with_restitution.urdf.xacro -> /home/roy/odri_dev/workspace/install/robot_properties_bolt/lib/python3.8/site-packages/robot_properties_bolt/resources/xacro
[3.059s] copying /home/roy/odri_dev/workspace/build/robot_properties_bolt/build/lib/robot_properties_bolt/resources/xacro/bolt.xacro -> /home/roy/odri_dev/workspace/install/robot_properties_bolt/lib/python3.8/site-packages/robot_properties_bolt/resources/xacro
[3.059s] copying /home/roy/odri_dev/workspace/build/robot_properties_bolt/build/lib/robot_properties_bolt/resources/xacro/leg.xacro -> /home/roy/odri_dev/workspace/install/robot_properties_bolt/lib/python3.8/site-packages/robot_properties_bolt/resources/xacro
[3.059s] creating /home/roy/odri_dev/workspace/install/robot_properties_bolt/lib/python3.8/site-packages/robot_properties_bolt/resources/meshes
[3.060s] creating /home/roy/odri_dev/workspace/install/robot_properties_bolt/lib/python3.8/site-packages/robot_properties_bolt/resources/meshes/obj
[3.060s] copying /home/roy/odri_dev/workspace/build/robot_properties_bolt/build/lib/robot_properties_bolt/resources/meshes/obj/bolt_upper_leg_right_side.obj -> /home/roy/odri_dev/workspace/install/robot_properties_bolt/lib/python3.8/site-packages/robot_properties_bolt/resources/meshes/obj
[3.061s] copying /home/roy/odri_dev/workspace/build/robot_properties_bolt/build/lib/robot_properties_bolt/resources/meshes/obj/bolt_hip_fe_left_side.obj -> /home/roy/odri_dev/workspace/install/robot_properties_bolt/lib/python3.8/site-packages/robot_properties_bolt/resources/meshes/obj
[3.061s] copying /home/roy/odri_dev/workspace/build/robot_properties_bolt/build/lib/robot_properties_bolt/resources/meshes/obj/bolt_upper_leg_left_side.obj -> /home/roy/odri_dev/workspace/install/robot_properties_bolt/lib/python3.8/site-packages/robot_properties_bolt/resources/meshes/obj
[3.062s] copying /home/roy/odri_dev/workspace/build/robot_properties_bolt/build/lib/robot_properties_bolt/resources/meshes/obj/bolt_lower_leg_right_side.obj -> /home/roy/odri_dev/workspace/install/robot_properties_bolt/lib/python3.8/site-packages/robot_properties_bolt/resources/meshes/obj
[3.062s] copying /home/roy/odri_dev/workspace/build/robot_properties_bolt/build/lib/robot_properties_bolt/resources/meshes/obj/bolt_hip_fe_right_side.obj -> /home/roy/odri_dev/workspace/install/robot_properties_bolt/lib/python3.8/site-packages/robot_properties_bolt/resources/meshes/obj
[3.063s] copying /home/roy/odri_dev/workspace/build/robot_properties_bolt/build/lib/robot_properties_bolt/resources/meshes/obj/bolt_body.obj -> /home/roy/odri_dev/workspace/install/robot_properties_bolt/lib/python3.8/site-packages/robot_properties_bolt/resources/meshes/obj
[3.064s] copying /home/roy/odri_dev/workspace/build/robot_properties_bolt/build/lib/robot_properties_bolt/resources/meshes/obj/bolt_foot.obj -> /home/roy/odri_dev/workspace/install/robot_properties_bolt/lib/python3.8/site-packages/robot_properties_bolt/resources/meshes/obj
[3.065s] copying /home/roy/odri_dev/workspace/build/robot_properties_bolt/build/lib/robot_properties_bolt/resources/meshes/obj/bolt_lower_leg_left_side.obj -> /home/roy/odri_dev/workspace/install/robot_properties_bolt/lib/python3.8/site-packages/robot_properties_bolt/resources/meshes/obj
[3.065s] copying /home/roy/odri_dev/workspace/build/robot_properties_bolt/build/lib/robot_properties_bolt/resources/meshes/checker_blue.png -> /home/roy/odri_dev/workspace/install/robot_properties_bolt/lib/python3.8/site-packages/robot_properties_bolt/resources/meshes
[3.066s] copying /home/roy/odri_dev/workspace/build/robot_properties_bolt/build/lib/robot_properties_bolt/resources/meshes/plane.obj -> /home/roy/odri_dev/workspace/install/robot_properties_bolt/lib/python3.8/site-packages/robot_properties_bolt/resources/meshes
[3.066s] creating /home/roy/odri_dev/workspace/install/robot_properties_bolt/lib/python3.8/site-packages/robot_properties_bolt/resources/meshes/stl
[3.066s] copying /home/roy/odri_dev/workspace/build/robot_properties_bolt/build/lib/robot_properties_bolt/resources/meshes/stl/lower_leg_200mm_right_side.stl -> /home/roy/odri_dev/workspace/install/robot_properties_bolt/lib/python3.8/site-packages/robot_properties_bolt/resources/meshes/stl
[3.067s] copying /home/roy/odri_dev/workspace/build/robot_properties_bolt/build/lib/robot_properties_bolt/resources/meshes/stl/bolt_upper_leg_left_side.stl -> /home/roy/odri_dev/workspace/install/robot_properties_bolt/lib/python3.8/site-packages/robot_properties_bolt/resources/meshes/stl
[3.068s] copying /home/roy/odri_dev/workspace/build/robot_properties_bolt/build/lib/robot_properties_bolt/resources/meshes/stl/upper_leg_200mm_right_side.stl -> /home/roy/odri_dev/workspace/install/robot_properties_bolt/lib/python3.8/site-packages/robot_properties_bolt/resources/meshes/stl
[3.068s] copying /home/roy/odri_dev/workspace/build/robot_properties_bolt/build/lib/robot_properties_bolt/resources/meshes/stl/upper_leg_200mm_left_side.stl -> /home/roy/odri_dev/workspace/install/robot_properties_bolt/lib/python3.8/site-packages/robot_properties_bolt/resources/meshes/stl
[3.069s] copying /home/roy/odri_dev/workspace/build/robot_properties_bolt/build/lib/robot_properties_bolt/resources/meshes/stl/bolt_hip_fe_right_side.stl -> /home/roy/odri_dev/workspace/install/robot_properties_bolt/lib/python3.8/site-packages/robot_properties_bolt/resources/meshes/stl
[3.069s] copying /home/roy/odri_dev/workspace/build/robot_properties_bolt/build/lib/robot_properties_bolt/resources/meshes/stl/bolt_lower_leg_left_side.stl -> /home/roy/odri_dev/workspace/install/robot_properties_bolt/lib/python3.8/site-packages/robot_properties_bolt/resources/meshes/stl
[3.070s] copying /home/roy/odri_dev/workspace/build/robot_properties_bolt/build/lib/robot_properties_bolt/resources/meshes/stl/bolt_foot.stl -> /home/roy/odri_dev/workspace/install/robot_properties_bolt/lib/python3.8/site-packages/robot_properties_bolt/resources/meshes/stl
[3.070s] copying /home/roy/odri_dev/workspace/build/robot_properties_bolt/build/lib/robot_properties_bolt/resources/meshes/stl/lower_leg_200mm_left_side.stl -> /home/roy/odri_dev/workspace/install/robot_properties_bolt/lib/python3.8/site-packages/robot_properties_bolt/resources/meshes/stl
[3.071s] copying /home/roy/odri_dev/workspace/build/robot_properties_bolt/build/lib/robot_properties_bolt/resources/meshes/stl/bolt_hip_fe_left_side.stl -> /home/roy/odri_dev/workspace/install/robot_properties_bolt/lib/python3.8/site-packages/robot_properties_bolt/resources/meshes/stl
[3.071s] copying /home/roy/odri_dev/workspace/build/robot_properties_bolt/build/lib/robot_properties_bolt/resources/meshes/stl/bolt_lower_leg_right_side.stl -> /home/roy/odri_dev/workspace/install/robot_properties_bolt/lib/python3.8/site-packages/robot_properties_bolt/resources/meshes/stl
[3.072s] copying /home/roy/odri_dev/workspace/build/robot_properties_bolt/build/lib/robot_properties_bolt/resources/meshes/stl/bolt_upper_leg_right_side.stl -> /home/roy/odri_dev/workspace/install/robot_properties_bolt/lib/python3.8/site-packages/robot_properties_bolt/resources/meshes/stl
[3.072s] copying /home/roy/odri_dev/workspace/build/robot_properties_bolt/build/lib/robot_properties_bolt/resources/meshes/stl/bolt_body.stl -> /home/roy/odri_dev/workspace/install/robot_properties_bolt/lib/python3.8/site-packages/robot_properties_bolt/resources/meshes/stl
[3.073s] copying /home/roy/odri_dev/workspace/build/robot_properties_bolt/build/lib/robot_properties_bolt/resources/meshes/plane.mtl -> /home/roy/odri_dev/workspace/install/robot_properties_bolt/lib/python3.8/site-packages/robot_properties_bolt/resources/meshes
[3.074s] byte-compiling /home/roy/odri_dev/workspace/install/robot_properties_bolt/lib/python3.8/site-packages/robot_properties_bolt/config.py to config.cpython-38.pyc
[3.076s] byte-compiling /home/roy/odri_dev/workspace/install/robot_properties_bolt/lib/python3.8/site-packages/robot_properties_bolt/resources.py to resources.cpython-38.pyc
[3.077s] byte-compiling /home/roy/odri_dev/workspace/install/robot_properties_bolt/lib/python3.8/site-packages/robot_properties_bolt/gepetto_gui_loader.py to gepetto_gui_loader.cpython-38.pyc
[3.079s] byte-compiling /home/roy/odri_dev/workspace/install/robot_properties_bolt/lib/python3.8/site-packages/robot_properties_bolt/bolt_wrapper.py to bolt_wrapper.cpython-38.pyc
[3.081s] byte-compiling /home/roy/odri_dev/workspace/install/robot_properties_bolt/lib/python3.8/site-packages/robot_properties_bolt/__init__.py to __init__.cpython-38.pyc
[3.081s] running install_data
[3.083s] copying package.xml -> /home/roy/odri_dev/workspace/install/robot_properties_bolt/share/robot_properties_bolt
[3.083s] creating /home/roy/odri_dev/workspace/install/robot_properties_bolt/share/ament_index
[3.083s] creating /home/roy/odri_dev/workspace/install/robot_properties_bolt/share/ament_index/resource_index
[3.083s] creating /home/roy/odri_dev/workspace/install/robot_properties_bolt/share/ament_index/resource_index/packages
[3.084s] copying src/robot_properties_bolt/resources/robot_properties_bolt -> /home/roy/odri_dev/workspace/install/robot_properties_bolt/share/ament_index/resource_index/packages
[3.084s] running install_egg_info
[3.088s] Copying ../../build/robot_properties_bolt/robot_properties_bolt.egg-info to /home/roy/odri_dev/workspace/install/robot_properties_bolt/lib/python3.8/site-packages/robot_properties_bolt-1.0.0-py3.8.egg-info
[3.090s] running install_scripts
[3.122s] creating /home/roy/odri_dev/workspace/install/robot_properties_bolt/lib/robot_properties_bolt
[3.122s] copying /home/roy/odri_dev/workspace/build/robot_properties_bolt/build/scripts-3.8/demo_display_bolt.py -> /home/roy/odri_dev/workspace/install/robot_properties_bolt/lib/robot_properties_bolt
[3.123s] copying /home/roy/odri_dev/workspace/build/robot_properties_bolt/build/scripts-3.8/demo_display_bolt_meshcat.py -> /home/roy/odri_dev/workspace/install/robot_properties_bolt/lib/robot_properties_bolt
[3.123s] copying /home/roy/odri_dev/workspace/build/robot_properties_bolt/build/scripts-3.8/demo_simulate_bolt.py -> /home/roy/odri_dev/workspace/install/robot_properties_bolt/lib/robot_properties_bolt
[3.123s] changing mode of /home/roy/odri_dev/workspace/install/robot_properties_bolt/lib/robot_properties_bolt/demo_display_bolt.py to 775
[3.124s] changing mode of /home/roy/odri_dev/workspace/install/robot_properties_bolt/lib/robot_properties_bolt/demo_display_bolt_meshcat.py to 775
[3.124s] changing mode of /home/roy/odri_dev/workspace/install/robot_properties_bolt/lib/robot_properties_bolt/demo_simulate_bolt.py to 775
[3.128s] writing list of installed files to '/home/roy/odri_dev/workspace/build/robot_properties_bolt/install.log'
[3.239s] Invoked command in '/home/roy/odri_dev/workspace/src/robot_properties_bolt' returned '0': PYTHONPATH=/home/roy/odri_dev/workspace/install/robot_properties_bolt/lib/python3.8/site-packages:/home/roy/odri_dev/workspace/install/bullet_utils/lib/python3.8/site-packages /usr/bin/python3 setup.py egg_info --egg-base ../../build/robot_properties_bolt build --build-base /home/roy/odri_dev/workspace/build/robot_properties_bolt/build install --prefix /home/roy/odri_dev/workspace/install/robot_properties_bolt --record /home/roy/odri_dev/workspace/build/robot_properties_bolt/install.log --single-version-externally-managed
