[ 45%] Built target mim_control
[100%] Built target mim_control_cpp
-- Install configuration: "Release"
-- Up-to-date: /home/roy/odri_dev/workspace/install/mim_control/lib/libmim_control.so
-- Up-to-date: /home/roy/odri_dev/workspace/install/mim_control/include
-- Up-to-date: /home/roy/odri_dev/workspace/install/mim_control/include/mim_control
-- Up-to-date: /home/roy/odri_dev/workspace/install/mim_control/include/mim_control/dynamic_graph
-- Up-to-date: /home/roy/odri_dev/workspace/install/mim_control/include/mim_control/dynamic_graph/centroidal_force_qp_controller.hpp
-- Up-to-date: /home/roy/odri_dev/workspace/install/mim_control/include/mim_control/dynamic_graph/centroidal_pd_controller.hpp
-- Up-to-date: /home/roy/odri_dev/workspace/install/mim_control/include/mim_control/dynamic_graph/signal_utils.hpp
-- Up-to-date: /home/roy/odri_dev/workspace/install/mim_control/include/mim_control/dynamic_graph/impedance_controller.hpp
-- Up-to-date: /home/roy/odri_dev/workspace/install/mim_control/include/mim_control/centroidal_force_qp_controller.hpp
-- Up-to-date: /home/roy/odri_dev/workspace/install/mim_control/include/mim_control/centroidal_pd_controller.hpp
-- Up-to-date: /home/roy/odri_dev/workspace/install/mim_control/include/mim_control/impedance_controller.hpp
-- Up-to-date: /home/roy/odri_dev/workspace/install/mim_control/include/mim_control/centroidal_impedance_controller.hpp
-- Up-to-date: /home/roy/odri_dev/workspace/install/mim_control/lib/python3.8/site-packages/mim_control_cpp.cpython-38-x86_64-linux-gnu.so
-- Up-to-date: /home/roy/odri_dev/workspace/install/mim_control/lib/python3.8/site-packages/mim_control
-- Up-to-date: /home/roy/odri_dev/workspace/install/mim_control/lib/python3.8/site-packages/mim_control/dynamic_graph
-- Up-to-date: /home/roy/odri_dev/workspace/install/mim_control/lib/python3.8/site-packages/mim_control/dynamic_graph/go_to.py
-- Up-to-date: /home/roy/odri_dev/workspace/install/mim_control/lib/python3.8/site-packages/mim_control/dynamic_graph/wbc_graph.py
-- Up-to-date: /home/roy/odri_dev/workspace/install/mim_control/lib/python3.8/site-packages/mim_control/dynamic_graph/__init__.py
-- Up-to-date: /home/roy/odri_dev/workspace/install/mim_control/lib/python3.8/site-packages/mim_control/robot_centroidal_controller.py
-- Up-to-date: /home/roy/odri_dev/workspace/install/mim_control/lib/python3.8/site-packages/mim_control/impedance_controller.py
-- Up-to-date: /home/roy/odri_dev/workspace/install/mim_control/lib/python3.8/site-packages/mim_control/robot_impedance_controller.py
-- Up-to-date: /home/roy/odri_dev/workspace/install/mim_control/lib/python3.8/site-packages/mim_control/__init__.py
-- Up-to-date: /home/roy/odri_dev/workspace/install/mim_control/lib/python3.8/site-packages/mim_control/qp_solver.py
-- Up-to-date: /home/roy/odri_dev/workspace/install/mim_control/share/mim_control/cmake/mim_controlConfig.cmake
-- Up-to-date: /home/roy/odri_dev/workspace/install/mim_control/share/mim_control/cmake/mim_controlTargets.cmake
-- Up-to-date: /home/roy/odri_dev/workspace/install/mim_control/share/mim_control/cmake/mim_controlTargets-release.cmake
