[0.776s] Invoking command in '/home/roy/odri_dev/workspace/src/bullet_utils': CMAKE_PREFIX_PATH=/home/roy/odri_dev/workspace/install/mpi_cmake_modules PATH=/home/roy/odri_dev/workspace/install/mpi_cmake_modules/bin:${PATH} PYTHONPATH=/home/roy/odri_dev/workspace/install/bullet_utils/lib/python3.8/site-packages:/home/roy/odri_dev/workspace/install/mpi_cmake_modules/lib/python3.8/site-packages /usr/bin/python3 setup.py egg_info --egg-base ../../build/bullet_utils build --build-base /home/roy/odri_dev/workspace/build/bullet_utils/build install --prefix /home/roy/odri_dev/workspace/install/bullet_utils --record /home/roy/odri_dev/workspace/build/bullet_utils/install.log --single-version-externally-managed
[1.563s] running egg_info
[1.565s] writing ../../build/bullet_utils/bullet_utils.egg-info/PKG-INFO
[1.566s] writing dependency_links to ../../build/bullet_utils/bullet_utils.egg-info/dependency_links.txt
[1.567s] writing entry points to ../../build/bullet_utils/bullet_utils.egg-info/entry_points.txt
[1.568s] writing requirements to ../../build/bullet_utils/bullet_utils.egg-info/requires.txt
[1.569s] writing top-level names to ../../build/bullet_utils/bullet_utils.egg-info/top_level.txt
[1.574s] reading manifest file '../../build/bullet_utils/bullet_utils.egg-info/SOURCES.txt'
[1.577s] writing manifest file '../../build/bullet_utils/bullet_utils.egg-info/SOURCES.txt'
[1.577s] running build
[1.578s] running build_py
[2.633s] sphinx-apidoc output:
[2.638s]  Creating file /home/roy/odri_dev/workspace/build/bullet_utils/build/lib/bullet_utils/doc/bullet_utils.rst.
[2.638s] Creating file /home/roy/odri_dev/workspace/build/bullet_utils/build/lib/bullet_utils/doc/bullet_utils.resources.rst.
[2.638s] Creating file /home/roy/odri_dev/workspace/build/bullet_utils/build/lib/bullet_utils/doc/pinocchio_bullet.rst.
[2.638s] Creating file /home/roy/odri_dev/workspace/build/bullet_utils/build/lib/bullet_utils/doc/py_pinocchio_bullet.rst.
[2.638s] Creating file /home/roy/odri_dev/workspace/build/bullet_utils/build/lib/bullet_utils/doc/modules.rst.
[2.639s] 
[2.639s] sphinx-apidoc error:
[2.639s]  None
[2.639s] 
[4.595s] /home/roy/.local/lib/python3.8/site-packages/recommonmark/parser.py:75: UserWarning: Container node skipped: type=document
[4.595s]   warn("Container node skipped: type={0}".format(mdnode.t))
[4.619s] WARNING: autodoc: failed to import module 'env' from module 'bullet_utils'; the following exception was raised:
[4.619s] No module named 'pybullet'
[4.619s] WARNING: autodoc: failed to import module 'wrapper' from module 'bullet_utils'; the following exception was raised:
[4.619s] No module named 'pybullet'
[4.650s] /home/roy/odri_dev/workspace/build/bullet_utils/build/lib/bullet_utils/doc/readme.md: WARNING: document isn't included in any toctree
[5.819s] sphinx-apidoc output:
[5.820s]  Running Sphinx v4.3.1
[5.820s] making output directory... done
[5.820s] loading intersphinx inventory from https://docs.python.org/objects.inv...
[5.820s] intersphinx inventory has moved: https://docs.python.org/objects.inv -> https://docs.python.org/3/objects.inv
[5.820s] building [mo]: targets for 0 po files that are out of date
[5.820s] building [html]: targets for 7 source files that are out of date
[5.821s] updating environment: [new config] 7 added, 0 changed, 0 removed
[5.821s] reading sources... [ 14%] bullet_utils
[5.821s] reading sources... [ 28%] bullet_utils.resources
[5.821s] reading sources... [ 42%] index
[5.821s] reading sources... [ 57%] modules
[5.822s] reading sources... [ 71%] pinocchio_bullet
[5.822s] reading sources... [ 85%] py_pinocchio_bullet
[5.822s] reading sources... [100%] readme
[5.822s] 
[5.822s] looking for now-outdated files... none found
[5.822s] pickling environment... done
[5.822s] checking consistency... done
[5.822s] preparing documents... done
[5.823s] writing output... [ 14%] bullet_utils
[5.823s] writing output... [ 28%] bullet_utils.resources
[5.823s] writing output... [ 42%] index
[5.823s] writing output... [ 57%] modules
[5.823s] writing output... [ 71%] pinocchio_bullet
[5.823s] writing output... [ 85%] py_pinocchio_bullet
[5.823s] writing output... [100%] readme
[5.824s] 
[5.824s] generating indices... genindex py-modindex done
[5.824s] writing additional pages... search done
[5.824s] copying static files... done
[5.824s] copying extra files... done
[5.824s] dumping search index in English (code: en)... done
[5.824s] dumping object inventory... done
[5.825s] build succeeded, 3 warnings.
[5.825s] 
[5.825s] The HTML pages are in html.
[5.825s] 
[5.825s] sphinx-apidoc error:
[5.825s]  None
[5.825s] running build_scripts
[5.826s] running install
[5.826s] running install_lib
[5.826s] copying /home/roy/odri_dev/workspace/build/bullet_utils/build/lib/bullet_utils/doc/modules.rst -> /home/roy/odri_dev/workspace/install/bullet_utils/lib/python3.8/site-packages/bullet_utils/doc
[5.826s] copying /home/roy/odri_dev/workspace/build/bullet_utils/build/lib/bullet_utils/doc/readme.md -> /home/roy/odri_dev/workspace/install/bullet_utils/lib/python3.8/site-packages/bullet_utils/doc
[5.827s] copying /home/roy/odri_dev/workspace/build/bullet_utils/build/lib/bullet_utils/doc/index.rst -> /home/roy/odri_dev/workspace/install/bullet_utils/lib/python3.8/site-packages/bullet_utils/doc
[5.827s] copying /home/roy/odri_dev/workspace/build/bullet_utils/build/lib/bullet_utils/doc/py_pinocchio_bullet.rst -> /home/roy/odri_dev/workspace/install/bullet_utils/lib/python3.8/site-packages/bullet_utils/doc
[5.827s] copying /home/roy/odri_dev/workspace/build/bullet_utils/build/lib/bullet_utils/doc/conf.py -> /home/roy/odri_dev/workspace/install/bullet_utils/lib/python3.8/site-packages/bullet_utils/doc
[5.828s] copying /home/roy/odri_dev/workspace/build/bullet_utils/build/lib/bullet_utils/doc/pinocchio_bullet.rst -> /home/roy/odri_dev/workspace/install/bullet_utils/lib/python3.8/site-packages/bullet_utils/doc
[5.828s] creating /home/roy/odri_dev/workspace/install/bullet_utils/lib/python3.8/site-packages/bullet_utils/doc/doctrees
[5.828s] copying /home/roy/odri_dev/workspace/build/bullet_utils/build/lib/bullet_utils/doc/doctrees/readme.doctree -> /home/roy/odri_dev/workspace/install/bullet_utils/lib/python3.8/site-packages/bullet_utils/doc/doctrees
[5.829s] copying /home/roy/odri_dev/workspace/build/bullet_utils/build/lib/bullet_utils/doc/doctrees/pinocchio_bullet.doctree -> /home/roy/odri_dev/workspace/install/bullet_utils/lib/python3.8/site-packages/bullet_utils/doc/doctrees
[5.829s] copying /home/roy/odri_dev/workspace/build/bullet_utils/build/lib/bullet_utils/doc/doctrees/modules.doctree -> /home/roy/odri_dev/workspace/install/bullet_utils/lib/python3.8/site-packages/bullet_utils/doc/doctrees
[5.829s] copying /home/roy/odri_dev/workspace/build/bullet_utils/build/lib/bullet_utils/doc/doctrees/py_pinocchio_bullet.doctree -> /home/roy/odri_dev/workspace/install/bullet_utils/lib/python3.8/site-packages/bullet_utils/doc/doctrees
[5.829s] copying /home/roy/odri_dev/workspace/build/bullet_utils/build/lib/bullet_utils/doc/doctrees/index.doctree -> /home/roy/odri_dev/workspace/install/bullet_utils/lib/python3.8/site-packages/bullet_utils/doc/doctrees
[5.829s] copying /home/roy/odri_dev/workspace/build/bullet_utils/build/lib/bullet_utils/doc/doctrees/environment.pickle -> /home/roy/odri_dev/workspace/install/bullet_utils/lib/python3.8/site-packages/bullet_utils/doc/doctrees
[5.837s] copying /home/roy/odri_dev/workspace/build/bullet_utils/build/lib/bullet_utils/doc/doctrees/bullet_utils.doctree -> /home/roy/odri_dev/workspace/install/bullet_utils/lib/python3.8/site-packages/bullet_utils/doc/doctrees
[5.837s] copying /home/roy/odri_dev/workspace/build/bullet_utils/build/lib/bullet_utils/doc/doctrees/bullet_utils.resources.doctree -> /home/roy/odri_dev/workspace/install/bullet_utils/lib/python3.8/site-packages/bullet_utils/doc/doctrees
[5.838s] creating /home/roy/odri_dev/workspace/install/bullet_utils/lib/python3.8/site-packages/bullet_utils/doc/html
[5.838s] copying /home/roy/odri_dev/workspace/build/bullet_utils/build/lib/bullet_utils/doc/html/genindex.html -> /home/roy/odri_dev/workspace/install/bullet_utils/lib/python3.8/site-packages/bullet_utils/doc/html
[5.838s] copying /home/roy/odri_dev/workspace/build/bullet_utils/build/lib/bullet_utils/doc/html/.buildinfo -> /home/roy/odri_dev/workspace/install/bullet_utils/lib/python3.8/site-packages/bullet_utils/doc/html
[5.838s] copying /home/roy/odri_dev/workspace/build/bullet_utils/build/lib/bullet_utils/doc/html/bullet_utils.resources.html -> /home/roy/odri_dev/workspace/install/bullet_utils/lib/python3.8/site-packages/bullet_utils/doc/html
[5.838s] copying /home/roy/odri_dev/workspace/build/bullet_utils/build/lib/bullet_utils/doc/html/.nojekyll -> /home/roy/odri_dev/workspace/install/bullet_utils/lib/python3.8/site-packages/bullet_utils/doc/html
[5.839s] copying /home/roy/odri_dev/workspace/build/bullet_utils/build/lib/bullet_utils/doc/html/modules.html -> /home/roy/odri_dev/workspace/install/bullet_utils/lib/python3.8/site-packages/bullet_utils/doc/html
[5.839s] copying /home/roy/odri_dev/workspace/build/bullet_utils/build/lib/bullet_utils/doc/html/pinocchio_bullet.html -> /home/roy/odri_dev/workspace/install/bullet_utils/lib/python3.8/site-packages/bullet_utils/doc/html
[5.839s] copying /home/roy/odri_dev/workspace/build/bullet_utils/build/lib/bullet_utils/doc/html/objects.inv -> /home/roy/odri_dev/workspace/install/bullet_utils/lib/python3.8/site-packages/bullet_utils/doc/html
[5.839s] copying /home/roy/odri_dev/workspace/build/bullet_utils/build/lib/bullet_utils/doc/html/bullet_utils.html -> /home/roy/odri_dev/workspace/install/bullet_utils/lib/python3.8/site-packages/bullet_utils/doc/html
[5.839s] copying /home/roy/odri_dev/workspace/build/bullet_utils/build/lib/bullet_utils/doc/html/readme.html -> /home/roy/odri_dev/workspace/install/bullet_utils/lib/python3.8/site-packages/bullet_utils/doc/html
[5.840s] copying /home/roy/odri_dev/workspace/build/bullet_utils/build/lib/bullet_utils/doc/html/search.html -> /home/roy/odri_dev/workspace/install/bullet_utils/lib/python3.8/site-packages/bullet_utils/doc/html
[5.840s] creating /home/roy/odri_dev/workspace/install/bullet_utils/lib/python3.8/site-packages/bullet_utils/doc/html/_sources
[5.840s] copying /home/roy/odri_dev/workspace/build/bullet_utils/build/lib/bullet_utils/doc/html/_sources/py_pinocchio_bullet.rst.txt -> /home/roy/odri_dev/workspace/install/bullet_utils/lib/python3.8/site-packages/bullet_utils/doc/html/_sources
[5.840s] copying /home/roy/odri_dev/workspace/build/bullet_utils/build/lib/bullet_utils/doc/html/_sources/modules.rst.txt -> /home/roy/odri_dev/workspace/install/bullet_utils/lib/python3.8/site-packages/bullet_utils/doc/html/_sources
[5.841s] copying /home/roy/odri_dev/workspace/build/bullet_utils/build/lib/bullet_utils/doc/html/_sources/bullet_utils.rst.txt -> /home/roy/odri_dev/workspace/install/bullet_utils/lib/python3.8/site-packages/bullet_utils/doc/html/_sources
[5.841s] copying /home/roy/odri_dev/workspace/build/bullet_utils/build/lib/bullet_utils/doc/html/_sources/index.rst.txt -> /home/roy/odri_dev/workspace/install/bullet_utils/lib/python3.8/site-packages/bullet_utils/doc/html/_sources
[5.841s] copying /home/roy/odri_dev/workspace/build/bullet_utils/build/lib/bullet_utils/doc/html/_sources/bullet_utils.resources.rst.txt -> /home/roy/odri_dev/workspace/install/bullet_utils/lib/python3.8/site-packages/bullet_utils/doc/html/_sources
[5.841s] copying /home/roy/odri_dev/workspace/build/bullet_utils/build/lib/bullet_utils/doc/html/_sources/readme.md.txt -> /home/roy/odri_dev/workspace/install/bullet_utils/lib/python3.8/site-packages/bullet_utils/doc/html/_sources
[5.841s] copying /home/roy/odri_dev/workspace/build/bullet_utils/build/lib/bullet_utils/doc/html/_sources/pinocchio_bullet.rst.txt -> /home/roy/odri_dev/workspace/install/bullet_utils/lib/python3.8/site-packages/bullet_utils/doc/html/_sources
[5.842s] copying /home/roy/odri_dev/workspace/build/bullet_utils/build/lib/bullet_utils/doc/html/py-modindex.html -> /home/roy/odri_dev/workspace/install/bullet_utils/lib/python3.8/site-packages/bullet_utils/doc/html
[5.842s] copying /home/roy/odri_dev/workspace/build/bullet_utils/build/lib/bullet_utils/doc/html/searchindex.js -> /home/roy/odri_dev/workspace/install/bullet_utils/lib/python3.8/site-packages/bullet_utils/doc/html
[5.842s] copying /home/roy/odri_dev/workspace/build/bullet_utils/build/lib/bullet_utils/doc/html/index.html -> /home/roy/odri_dev/workspace/install/bullet_utils/lib/python3.8/site-packages/bullet_utils/doc/html
[5.843s] creating /home/roy/odri_dev/workspace/install/bullet_utils/lib/python3.8/site-packages/bullet_utils/doc/html/_static
[5.843s] copying /home/roy/odri_dev/workspace/build/bullet_utils/build/lib/bullet_utils/doc/html/_static/underscore.js -> /home/roy/odri_dev/workspace/install/bullet_utils/lib/python3.8/site-packages/bullet_utils/doc/html/_static
[5.843s] copying /home/roy/odri_dev/workspace/build/bullet_utils/build/lib/bullet_utils/doc/html/_static/language_data.js -> /home/roy/odri_dev/workspace/install/bullet_utils/lib/python3.8/site-packages/bullet_utils/doc/html/_static
[5.843s] copying /home/roy/odri_dev/workspace/build/bullet_utils/build/lib/bullet_utils/doc/html/_static/underscore-1.13.1.js -> /home/roy/odri_dev/workspace/install/bullet_utils/lib/python3.8/site-packages/bullet_utils/doc/html/_static
[5.844s] creating /home/roy/odri_dev/workspace/install/bullet_utils/lib/python3.8/site-packages/bullet_utils/doc/html/_static/js
[5.845s] copying /home/roy/odri_dev/workspace/build/bullet_utils/build/lib/bullet_utils/doc/html/_static/js/html5shiv.min.js -> /home/roy/odri_dev/workspace/install/bullet_utils/lib/python3.8/site-packages/bullet_utils/doc/html/_static/js
[5.845s] copying /home/roy/odri_dev/workspace/build/bullet_utils/build/lib/bullet_utils/doc/html/_static/js/theme.js -> /home/roy/odri_dev/workspace/install/bullet_utils/lib/python3.8/site-packages/bullet_utils/doc/html/_static/js
[5.846s] copying /home/roy/odri_dev/workspace/build/bullet_utils/build/lib/bullet_utils/doc/html/_static/js/badge_only.js -> /home/roy/odri_dev/workspace/install/bullet_utils/lib/python3.8/site-packages/bullet_utils/doc/html/_static/js
[5.846s] copying /home/roy/odri_dev/workspace/build/bullet_utils/build/lib/bullet_utils/doc/html/_static/js/html5shiv-printshiv.min.js -> /home/roy/odri_dev/workspace/install/bullet_utils/lib/python3.8/site-packages/bullet_utils/doc/html/_static/js
[5.846s] creating /home/roy/odri_dev/workspace/install/bullet_utils/lib/python3.8/site-packages/bullet_utils/doc/html/_static/css
[5.849s] copying /home/roy/odri_dev/workspace/build/bullet_utils/build/lib/bullet_utils/doc/html/_static/css/badge_only.css -> /home/roy/odri_dev/workspace/install/bullet_utils/lib/python3.8/site-packages/bullet_utils/doc/html/_static/css
[5.849s] creating /home/roy/odri_dev/workspace/install/bullet_utils/lib/python3.8/site-packages/bullet_utils/doc/html/_static/css/fonts
[5.850s] copying /home/roy/odri_dev/workspace/build/bullet_utils/build/lib/bullet_utils/doc/html/_static/css/fonts/lato-normal.woff -> /home/roy/odri_dev/workspace/install/bullet_utils/lib/python3.8/site-packages/bullet_utils/doc/html/_static/css/fonts
[5.850s] copying /home/roy/odri_dev/workspace/build/bullet_utils/build/lib/bullet_utils/doc/html/_static/css/fonts/fontawesome-webfont.ttf -> /home/roy/odri_dev/workspace/install/bullet_utils/lib/python3.8/site-packages/bullet_utils/doc/html/_static/css/fonts
[5.851s] copying /home/roy/odri_dev/workspace/build/bullet_utils/build/lib/bullet_utils/doc/html/_static/css/fonts/Roboto-Slab-Bold.woff2 -> /home/roy/odri_dev/workspace/install/bullet_utils/lib/python3.8/site-packages/bullet_utils/doc/html/_static/css/fonts
[5.851s] copying /home/roy/odri_dev/workspace/build/bullet_utils/build/lib/bullet_utils/doc/html/_static/css/fonts/lato-normal.woff2 -> /home/roy/odri_dev/workspace/install/bullet_utils/lib/python3.8/site-packages/bullet_utils/doc/html/_static/css/fonts
[5.852s] copying /home/roy/odri_dev/workspace/build/bullet_utils/build/lib/bullet_utils/doc/html/_static/css/fonts/lato-normal-italic.woff -> /home/roy/odri_dev/workspace/install/bullet_utils/lib/python3.8/site-packages/bullet_utils/doc/html/_static/css/fonts
[5.853s] copying /home/roy/odri_dev/workspace/build/bullet_utils/build/lib/bullet_utils/doc/html/_static/css/fonts/lato-normal-italic.woff2 -> /home/roy/odri_dev/workspace/install/bullet_utils/lib/python3.8/site-packages/bullet_utils/doc/html/_static/css/fonts
[5.862s] copying /home/roy/odri_dev/workspace/build/bullet_utils/build/lib/bullet_utils/doc/html/_static/css/fonts/Roboto-Slab-Regular.woff2 -> /home/roy/odri_dev/workspace/install/bullet_utils/lib/python3.8/site-packages/bullet_utils/doc/html/_static/css/fonts
[5.862s] copying /home/roy/odri_dev/workspace/build/bullet_utils/build/lib/bullet_utils/doc/html/_static/css/fonts/fontawesome-webfont.svg -> /home/roy/odri_dev/workspace/install/bullet_utils/lib/python3.8/site-packages/bullet_utils/doc/html/_static/css/fonts
[5.863s] copying /home/roy/odri_dev/workspace/build/bullet_utils/build/lib/bullet_utils/doc/html/_static/css/fonts/Roboto-Slab-Bold.woff -> /home/roy/odri_dev/workspace/install/bullet_utils/lib/python3.8/site-packages/bullet_utils/doc/html/_static/css/fonts
[5.863s] copying /home/roy/odri_dev/workspace/build/bullet_utils/build/lib/bullet_utils/doc/html/_static/css/fonts/fontawesome-webfont.eot -> /home/roy/odri_dev/workspace/install/bullet_utils/lib/python3.8/site-packages/bullet_utils/doc/html/_static/css/fonts
[5.864s] copying /home/roy/odri_dev/workspace/build/bullet_utils/build/lib/bullet_utils/doc/html/_static/css/fonts/Roboto-Slab-Regular.woff -> /home/roy/odri_dev/workspace/install/bullet_utils/lib/python3.8/site-packages/bullet_utils/doc/html/_static/css/fonts
[5.864s] copying /home/roy/odri_dev/workspace/build/bullet_utils/build/lib/bullet_utils/doc/html/_static/css/fonts/lato-bold.woff2 -> /home/roy/odri_dev/workspace/install/bullet_utils/lib/python3.8/site-packages/bullet_utils/doc/html/_static/css/fonts
[5.865s] copying /home/roy/odri_dev/workspace/build/bullet_utils/build/lib/bullet_utils/doc/html/_static/css/fonts/lato-bold-italic.woff -> /home/roy/odri_dev/workspace/install/bullet_utils/lib/python3.8/site-packages/bullet_utils/doc/html/_static/css/fonts
[5.866s] copying /home/roy/odri_dev/workspace/build/bullet_utils/build/lib/bullet_utils/doc/html/_static/css/fonts/lato-bold.woff -> /home/roy/odri_dev/workspace/install/bullet_utils/lib/python3.8/site-packages/bullet_utils/doc/html/_static/css/fonts
[5.866s] copying /home/roy/odri_dev/workspace/build/bullet_utils/build/lib/bullet_utils/doc/html/_static/css/fonts/fontawesome-webfont.woff -> /home/roy/odri_dev/workspace/install/bullet_utils/lib/python3.8/site-packages/bullet_utils/doc/html/_static/css/fonts
[5.867s] copying /home/roy/odri_dev/workspace/build/bullet_utils/build/lib/bullet_utils/doc/html/_static/css/fonts/fontawesome-webfont.woff2 -> /home/roy/odri_dev/workspace/install/bullet_utils/lib/python3.8/site-packages/bullet_utils/doc/html/_static/css/fonts
[5.867s] copying /home/roy/odri_dev/workspace/build/bullet_utils/build/lib/bullet_utils/doc/html/_static/css/fonts/lato-bold-italic.woff2 -> /home/roy/odri_dev/workspace/install/bullet_utils/lib/python3.8/site-packages/bullet_utils/doc/html/_static/css/fonts
[5.868s] copying /home/roy/odri_dev/workspace/build/bullet_utils/build/lib/bullet_utils/doc/html/_static/css/theme.css -> /home/roy/odri_dev/workspace/install/bullet_utils/lib/python3.8/site-packages/bullet_utils/doc/html/_static/css
[5.868s] copying /home/roy/odri_dev/workspace/build/bullet_utils/build/lib/bullet_utils/doc/html/_static/file.png -> /home/roy/odri_dev/workspace/install/bullet_utils/lib/python3.8/site-packages/bullet_utils/doc/html/_static
[5.869s] copying /home/roy/odri_dev/workspace/build/bullet_utils/build/lib/bullet_utils/doc/html/_static/pygments.css -> /home/roy/odri_dev/workspace/install/bullet_utils/lib/python3.8/site-packages/bullet_utils/doc/html/_static
[5.869s] copying /home/roy/odri_dev/workspace/build/bullet_utils/build/lib/bullet_utils/doc/html/_static/doctools.js -> /home/roy/odri_dev/workspace/install/bullet_utils/lib/python3.8/site-packages/bullet_utils/doc/html/_static
[5.869s] copying /home/roy/odri_dev/workspace/build/bullet_utils/build/lib/bullet_utils/doc/html/_static/minus.png -> /home/roy/odri_dev/workspace/install/bullet_utils/lib/python3.8/site-packages/bullet_utils/doc/html/_static
[5.869s] copying /home/roy/odri_dev/workspace/build/bullet_utils/build/lib/bullet_utils/doc/html/_static/plus.png -> /home/roy/odri_dev/workspace/install/bullet_utils/lib/python3.8/site-packages/bullet_utils/doc/html/_static
[5.870s] copying /home/roy/odri_dev/workspace/build/bullet_utils/build/lib/bullet_utils/doc/html/_static/documentation_options.js -> /home/roy/odri_dev/workspace/install/bullet_utils/lib/python3.8/site-packages/bullet_utils/doc/html/_static
[5.870s] copying /home/roy/odri_dev/workspace/build/bullet_utils/build/lib/bullet_utils/doc/html/_static/jquery.js -> /home/roy/odri_dev/workspace/install/bullet_utils/lib/python3.8/site-packages/bullet_utils/doc/html/_static
[5.870s] copying /home/roy/odri_dev/workspace/build/bullet_utils/build/lib/bullet_utils/doc/html/_static/basic.css -> /home/roy/odri_dev/workspace/install/bullet_utils/lib/python3.8/site-packages/bullet_utils/doc/html/_static
[5.870s] copying /home/roy/odri_dev/workspace/build/bullet_utils/build/lib/bullet_utils/doc/html/_static/jquery-3.5.1.js -> /home/roy/odri_dev/workspace/install/bullet_utils/lib/python3.8/site-packages/bullet_utils/doc/html/_static
[5.871s] copying /home/roy/odri_dev/workspace/build/bullet_utils/build/lib/bullet_utils/doc/html/_static/searchtools.js -> /home/roy/odri_dev/workspace/install/bullet_utils/lib/python3.8/site-packages/bullet_utils/doc/html/_static
[5.871s] copying /home/roy/odri_dev/workspace/build/bullet_utils/build/lib/bullet_utils/doc/html/py_pinocchio_bullet.html -> /home/roy/odri_dev/workspace/install/bullet_utils/lib/python3.8/site-packages/bullet_utils/doc/html
[5.871s] copying /home/roy/odri_dev/workspace/build/bullet_utils/build/lib/bullet_utils/doc/bullet_utils.resources.rst -> /home/roy/odri_dev/workspace/install/bullet_utils/lib/python3.8/site-packages/bullet_utils/doc
[5.872s] copying /home/roy/odri_dev/workspace/build/bullet_utils/build/lib/bullet_utils/doc/license.txt -> /home/roy/odri_dev/workspace/install/bullet_utils/lib/python3.8/site-packages/bullet_utils/doc
[5.872s] copying /home/roy/odri_dev/workspace/build/bullet_utils/build/lib/bullet_utils/doc/bullet_utils.rst -> /home/roy/odri_dev/workspace/install/bullet_utils/lib/python3.8/site-packages/bullet_utils/doc
[5.885s] byte-compiling /home/roy/odri_dev/workspace/install/bullet_utils/lib/python3.8/site-packages/bullet_utils/doc/conf.py to conf.cpython-38.pyc
[5.889s] running install_egg_info
[5.933s] removing '/home/roy/odri_dev/workspace/install/bullet_utils/lib/python3.8/site-packages/bullet_utils-1.0.0-py3.8.egg-info' (and everything under it)
[5.949s] Copying ../../build/bullet_utils/bullet_utils.egg-info to /home/roy/odri_dev/workspace/install/bullet_utils/lib/python3.8/site-packages/bullet_utils-1.0.0-py3.8.egg-info
[5.951s] running install_scripts
[6.006s] changing mode of /home/roy/odri_dev/workspace/install/bullet_utils/lib/bullet_utils/demo_simulate_a_robot.py to 775
[6.011s] writing list of installed files to '/home/roy/odri_dev/workspace/build/bullet_utils/install.log'
[6.124s] Invoked command in '/home/roy/odri_dev/workspace/src/bullet_utils' returned '0': CMAKE_PREFIX_PATH=/home/roy/odri_dev/workspace/install/mpi_cmake_modules PATH=/home/roy/odri_dev/workspace/install/mpi_cmake_modules/bin:${PATH} PYTHONPATH=/home/roy/odri_dev/workspace/install/bullet_utils/lib/python3.8/site-packages:/home/roy/odri_dev/workspace/install/mpi_cmake_modules/lib/python3.8/site-packages /usr/bin/python3 setup.py egg_info --egg-base ../../build/bullet_utils build --build-base /home/roy/odri_dev/workspace/build/bullet_utils/build install --prefix /home/roy/odri_dev/workspace/install/bullet_utils --record /home/roy/odri_dev/workspace/build/bullet_utils/install.log --single-version-externally-managed
