[0.690s] Invoking command in '/home/roy/odri_dev/workspace/src/robot_properties_solo': PYTHONPATH=/home/roy/odri_dev/workspace/install/robot_properties_solo/lib/python3.8/site-packages:/home/roy/odri_dev/workspace/install/bullet_utils/lib/python3.8/site-packages:/opt/openrobots/lib/python2.7/site-packages:/opt/openrobots/lib/python2.7/site-packages /usr/bin/python3 setup.py egg_info --egg-base ../../build/robot_properties_solo build --build-base /home/roy/odri_dev/workspace/build/robot_properties_solo/build install --prefix /home/roy/odri_dev/workspace/install/robot_properties_solo --record /home/roy/odri_dev/workspace/build/robot_properties_solo/install.log --single-version-externally-managed
[0.984s] resources =  ['resources/impedance_ctrl.yaml', 'resources/dynamic_graph_manager/dgm_parameters_solo12_wireless_mpi_is.yaml', 'resources/dynamic_graph_manager/dgm_parameters_solo12_mpi_is.yaml', 'resources/dynamic_graph_manager/dgm_parameters_solo8.yaml', 'resources/dynamic_graph_manager/dgm_parameters_solo12_nyu.yaml', 'resources/dynamic_graph_manager/dgm_parameters_solo12.yaml', 'resources/dynamic_graph_manager/dgm_parameters_solo8ti.yaml', 'resources/odri_control_interface/solo12_driver.yaml', 'resources/launch/visual_rviz.launch', 'resources/launch/dashboard.launch', 'resources/launch/bringup.launch', 'resources/launch/rviz.launch', 'resources/rviz/display.rviz', 'resources/rviz/solo.rviz', 'resources/rviz/dgbullet_vs_pybullet.rviz', 'resources/srdf/solo.srdf', 'resources/pre_generated_urdf/readme.md', 'resources/xacro/solo8.urdf.xacro', 'resources/xacro/solo12.urdf.xacro', 'resources/xacro/plane_with_restitution.urdf.xacro', 'resources/xacro/leg.xacro', 'resources/rqt/solo.perspective.in', 'resources/meshes/cylinder.obj', 'resources/meshes/checker_blue.png', 'resources/meshes/cube.obj', 'resources/meshes/plane.obj', 'resources/meshes/sphere.obj', 'resources/meshes/plane.mtl', 'resources/meshes/obj/without_foot/solo_body.obj', 'resources/meshes/obj/without_foot/solo_lower_leg_left_side.mtl', 'resources/meshes/obj/without_foot/solo_upper_leg_right_side.obj', 'resources/meshes/obj/without_foot/solo_upper_leg_right_side.mtl', 'resources/meshes/obj/without_foot/solo_lower_leg_right_side.obj', 'resources/meshes/obj/without_foot/solo_lower_leg_right_side.mtl', 'resources/meshes/obj/without_foot/solo_upper_leg_left_side.mtl', 'resources/meshes/obj/without_foot/solo_body.mtl', 'resources/meshes/obj/without_foot/solo_lower_leg_left_side.obj', 'resources/meshes/obj/without_foot/solo_upper_leg_left_side.obj', 'resources/meshes/obj/with_foot/solo_body.obj', 'resources/meshes/obj/with_foot/solo_lower_leg_left_side.mtl', 'resources/meshes/obj/with_foot/solo_upper_leg_right_side.obj', 'resources/meshes/obj/with_foot/solo_foot.obj', 'resources/meshes/obj/with_foot/solo_upper_leg_right_side.mtl', 'resources/meshes/obj/with_foot/solo_lower_leg_right_side.obj', 'resources/meshes/obj/with_foot/solo_lower_leg_right_side.mtl', 'resources/meshes/obj/with_foot/solo_upper_leg_left_side.mtl', 'resources/meshes/obj/with_foot/solo_foot.mtl', 'resources/meshes/obj/with_foot/solo_body.mtl', 'resources/meshes/obj/with_foot/solo_lower_leg_left_side.obj', 'resources/meshes/obj/with_foot/solo_upper_leg_left_side.obj', 'resources/meshes/stl/without_foot/solo_body.stl', 'resources/meshes/stl/without_foot/solo_lower_leg_left_side.stl', 'resources/meshes/stl/without_foot/solo_upper_leg_left_side.stl', 'resources/meshes/stl/without_foot/solo_lower_leg_right_side.stl', 'resources/meshes/stl/without_foot/solo_upper_leg_right_side.stl', 'resources/meshes/stl/solo12/solo12_lower_leg_left_side.stl', 'resources/meshes/stl/solo12/_solo12_visualisation_model.PDF', 'resources/meshes/stl/solo12/solo_12_base.stl', 'resources/meshes/stl/solo12/solo12_hip_fe_hl.stl', 'resources/meshes/stl/solo12/solo12_hip_fe_fr.stl', 'resources/meshes/stl/solo12/solo12_upper_leg_left_side.stl', 'resources/meshes/stl/solo12/solo12_upper_leg_right_side.stl', 'resources/meshes/stl/solo12/solo12_hip_fe_fl.stl', 'resources/meshes/stl/solo12/solo12_hip_fe_hr.stl', 'resources/meshes/stl/solo12/solo12_coordinate_systems_4.png', 'resources/meshes/stl/solo12/solo12_lower_leg_right_side.stl', 'resources/meshes/stl/solo12/solo12_coordinate_systems_2.png', 'resources/meshes/stl/solo12/solo12_coordinate_systems.png', 'resources/meshes/stl/solo12/solo12_coordinate_systems_3.png', 'resources/meshes/stl/with_foot/solo_body.stl', 'resources/meshes/stl/with_foot/solo_lower_leg_left_side.stl', 'resources/meshes/stl/with_foot/solo_upper_leg_left_side.stl', 'resources/meshes/stl/with_foot/solo_lower_leg_right_side.stl', 'resources/meshes/stl/with_foot/solo_foot.stl', 'resources/meshes/stl/with_foot/solo_upper_leg_right_side.stl']
[1.008s] running egg_info
[1.009s] writing ../../build/robot_properties_solo/robot_properties_solo.egg-info/PKG-INFO
[1.009s] writing dependency_links to ../../build/robot_properties_solo/robot_properties_solo.egg-info/dependency_links.txt
[1.009s] writing entry points to ../../build/robot_properties_solo/robot_properties_solo.egg-info/entry_points.txt
[1.009s] writing requirements to ../../build/robot_properties_solo/robot_properties_solo.egg-info/requires.txt
[1.010s] writing top-level names to ../../build/robot_properties_solo/robot_properties_solo.egg-info/top_level.txt
[1.016s] reading manifest file '../../build/robot_properties_solo/robot_properties_solo.egg-info/SOURCES.txt'
[1.019s] writing manifest file '../../build/robot_properties_solo/robot_properties_solo.egg-info/SOURCES.txt'
[1.019s] running build
[1.020s] running build_py
[1.020s] 
[1.032s] building xacro file ( /home/roy/odri_dev/workspace/src/robot_properties_solo/src/robot_properties_solo/resources/xacro/solo8.urdf.xacro ) into ( /home/roy/odri_dev/workspace/build/robot_properties_solo/build/lib/robot_properties_solo/resources/urdf/solo8.urdf )
[1.097s] building xacro file ( /home/roy/odri_dev/workspace/src/robot_properties_solo/src/robot_properties_solo/resources/xacro/solo12.urdf.xacro ) into ( /home/roy/odri_dev/workspace/build/robot_properties_solo/build/lib/robot_properties_solo/resources/urdf/solo12.urdf )
[1.164s] building xacro file ( /home/roy/odri_dev/workspace/src/robot_properties_solo/src/robot_properties_solo/resources/xacro/plane_with_restitution.urdf.xacro ) into ( /home/roy/odri_dev/workspace/build/robot_properties_solo/build/lib/robot_properties_solo/resources/urdf/plane_with_restitution.urdf )
[1.167s] building xacro file ( /home/roy/odri_dev/workspace/src/robot_properties_solo/src/robot_properties_solo/resources/xacro/solo8.urdf.xacro ) into ( /home/roy/odri_dev/workspace/build/robot_properties_solo/build/lib/robot_properties_solo/resources/urdf/solo8.urdf )
[1.249s] building xacro file ( /home/roy/odri_dev/workspace/src/robot_properties_solo/src/robot_properties_solo/resources/xacro/solo12.urdf.xacro ) into ( /home/roy/odri_dev/workspace/build/robot_properties_solo/build/lib/robot_properties_solo/resources/urdf/solo12.urdf )
[1.318s] building xacro file ( /home/roy/odri_dev/workspace/src/robot_properties_solo/src/robot_properties_solo/resources/xacro/plane_with_restitution.urdf.xacro ) into ( /home/roy/odri_dev/workspace/build/robot_properties_solo/build/lib/robot_properties_solo/resources/urdf/plane_with_restitution.urdf )
[1.320s] building xacro file ( /home/roy/odri_dev/workspace/src/robot_properties_solo/src/robot_properties_solo/resources/xacro/solo8.urdf.xacro ) into ( /home/roy/odri_dev/workspace/build/robot_properties_solo/build/lib/robot_properties_solo/resources/urdf/solo8.urdf )
[1.371s] building xacro file ( /home/roy/odri_dev/workspace/src/robot_properties_solo/src/robot_properties_solo/resources/xacro/solo12.urdf.xacro ) into ( /home/roy/odri_dev/workspace/build/robot_properties_solo/build/lib/robot_properties_solo/resources/urdf/solo12.urdf )
[1.430s] building xacro file ( /home/roy/odri_dev/workspace/src/robot_properties_solo/src/robot_properties_solo/resources/xacro/plane_with_restitution.urdf.xacro ) into ( /home/roy/odri_dev/workspace/build/robot_properties_solo/build/lib/robot_properties_solo/resources/urdf/plane_with_restitution.urdf )
[1.435s] running build_scripts
[1.435s] running install
[1.436s] running install_lib
[1.438s] copying /home/roy/odri_dev/workspace/build/robot_properties_solo/build/lib/robot_properties_solo/resources/urdf/solo8.urdf -> /home/roy/odri_dev/workspace/install/robot_properties_solo/lib/python3.8/site-packages/robot_properties_solo/resources/urdf
[1.438s] copying /home/roy/odri_dev/workspace/build/robot_properties_solo/build/lib/robot_properties_solo/resources/urdf/solo12.urdf -> /home/roy/odri_dev/workspace/install/robot_properties_solo/lib/python3.8/site-packages/robot_properties_solo/resources/urdf
[1.438s] copying /home/roy/odri_dev/workspace/build/robot_properties_solo/build/lib/robot_properties_solo/resources/urdf/plane_with_restitution.urdf -> /home/roy/odri_dev/workspace/install/robot_properties_solo/lib/python3.8/site-packages/robot_properties_solo/resources/urdf
[1.441s] running install_data
[1.441s] running install_egg_info
[1.443s] removing '/home/roy/odri_dev/workspace/install/robot_properties_solo/lib/python3.8/site-packages/robot_properties_solo-1.0.0-py3.8.egg-info' (and everything under it)
[1.443s] Copying ../../build/robot_properties_solo/robot_properties_solo.egg-info to /home/roy/odri_dev/workspace/install/robot_properties_solo/lib/python3.8/site-packages/robot_properties_solo-1.0.0-py3.8.egg-info
[1.444s] running install_scripts
[1.464s] changing mode of /home/roy/odri_dev/workspace/install/robot_properties_solo/lib/robot_properties_solo/demo_display_solo12.py to 775
[1.464s] changing mode of /home/roy/odri_dev/workspace/install/robot_properties_solo/lib/robot_properties_solo/demo_simulate_solo8_fixed_base.py to 775
[1.465s] changing mode of /home/roy/odri_dev/workspace/install/robot_properties_solo/lib/robot_properties_solo/demo_solo12_collision_detection.py to 775
[1.465s] changing mode of /home/roy/odri_dev/workspace/install/robot_properties_solo/lib/robot_properties_solo/demo_display_solo8_meshcat.py to 775
[1.465s] changing mode of /home/roy/odri_dev/workspace/install/robot_properties_solo/lib/robot_properties_solo/demo_simulate_solo12.py to 775
[1.465s] changing mode of /home/roy/odri_dev/workspace/install/robot_properties_solo/lib/robot_properties_solo/demo_display_solo12_meshcat.py to 775
[1.465s] changing mode of /home/roy/odri_dev/workspace/install/robot_properties_solo/lib/robot_properties_solo/demo_simulate_solo8.py to 775
[1.465s] changing mode of /home/roy/odri_dev/workspace/install/robot_properties_solo/lib/robot_properties_solo/demo_display_solo8.py to 775
[1.465s] changing mode of /home/roy/odri_dev/workspace/install/robot_properties_solo/lib/robot_properties_solo/demo_simulate_solo12_fixed_base.py to 775
[1.467s] writing list of installed files to '/home/roy/odri_dev/workspace/build/robot_properties_solo/install.log'
[1.538s] Invoked command in '/home/roy/odri_dev/workspace/src/robot_properties_solo' returned '0': PYTHONPATH=/home/roy/odri_dev/workspace/install/robot_properties_solo/lib/python3.8/site-packages:/home/roy/odri_dev/workspace/install/bullet_utils/lib/python3.8/site-packages:/opt/openrobots/lib/python2.7/site-packages:/opt/openrobots/lib/python2.7/site-packages /usr/bin/python3 setup.py egg_info --egg-base ../../build/robot_properties_solo build --build-base /home/roy/odri_dev/workspace/build/robot_properties_solo/build install --prefix /home/roy/odri_dev/workspace/install/robot_properties_solo --record /home/roy/odri_dev/workspace/build/robot_properties_solo/install.log --single-version-externally-managed
