[0.105s] Invoking command in '/home/roy/odri_dev/workspace/build/mpi_cmake_modules': /usr/bin/cmake --build /home/roy/odri_dev/workspace/build/mpi_cmake_modules -- -j8 -l8
[0.186s] Invoked command in '/home/roy/odri_dev/workspace/build/mpi_cmake_modules' returned '0': /usr/bin/cmake --build /home/roy/odri_dev/workspace/build/mpi_cmake_modules -- -j8 -l8
[0.285s] Invoking command in '/home/roy/odri_dev/workspace/build/mpi_cmake_modules': /usr/bin/cmake --install /home/roy/odri_dev/workspace/build/mpi_cmake_modules
[0.325s] -- Install configuration: "Release"
[0.327s] -- Up-to-date: /home/roy/odri_dev/workspace/install/mpi_cmake_modules/share/mpi_cmake_modules/resources
[0.328s] -- Up-to-date: /home/roy/odri_dev/workspace/install/mpi_cmake_modules/share/mpi_cmake_modules/resources/Doxyfile.in
[0.328s] -- Up-to-date: /home/roy/odri_dev/workspace/install/mpi_cmake_modules/share/mpi_cmake_modules/resources/py_filter
[0.329s] -- Up-to-date: /home/roy/odri_dev/workspace/install/mpi_cmake_modules/share/mpi_cmake_modules/resources/_clang-format
[0.329s] -- Up-to-date: /home/roy/odri_dev/workspace/install/mpi_cmake_modules/share/mpi_cmake_modules/resources/sphinx
[0.329s] -- Up-to-date: /home/roy/odri_dev/workspace/install/mpi_cmake_modules/share/mpi_cmake_modules/resources/sphinx/sphinx
[0.329s] -- Up-to-date: /home/roy/odri_dev/workspace/install/mpi_cmake_modules/share/mpi_cmake_modules/resources/sphinx/sphinx/doxygen_index.rst.in
[0.330s] -- Up-to-date: /home/roy/odri_dev/workspace/install/mpi_cmake_modules/share/mpi_cmake_modules/resources/sphinx/sphinx/conf.py.in
[0.330s] -- Up-to-date: /home/roy/odri_dev/workspace/install/mpi_cmake_modules/share/mpi_cmake_modules/resources/sphinx/sphinx/conf.py
[0.330s] -- Up-to-date: /home/roy/odri_dev/workspace/install/mpi_cmake_modules/share/mpi_cmake_modules/resources/sphinx/sphinx/cmake_doc.rst.in
[0.331s] -- Up-to-date: /home/roy/odri_dev/workspace/install/mpi_cmake_modules/share/mpi_cmake_modules/resources/sphinx/sphinx/general_documentation.rst.in
[0.331s] -- Up-to-date: /home/roy/odri_dev/workspace/install/mpi_cmake_modules/share/mpi_cmake_modules/resources/sphinx/sphinx/doxygen_index_one_page.rst.in
[0.331s] -- Up-to-date: /home/roy/odri_dev/workspace/install/mpi_cmake_modules/share/mpi_cmake_modules/resources/sphinx/sphinx/index.rst.in
[0.331s] -- Up-to-date: /home/roy/odri_dev/workspace/install/mpi_cmake_modules/share/mpi_cmake_modules/resources/sphinx/doxygen
[0.332s] -- Up-to-date: /home/roy/odri_dev/workspace/install/mpi_cmake_modules/share/mpi_cmake_modules/resources/sphinx/doxygen/Doxyfile.in
[0.332s] -- Up-to-date: /home/roy/odri_dev/workspace/install/mpi_cmake_modules/share/mpi_cmake_modules/resources/dg_python_module.cc.in
[0.332s] -- Up-to-date: /home/roy/odri_dev/workspace/install/mpi_cmake_modules/share/mpi_cmake_modules/resources/__init__.py.empty.in
[0.333s] -- Up-to-date: /home/roy/odri_dev/workspace/install/mpi_cmake_modules/lib/python3.8/site-packages/mpi_cmake_modules
[0.333s] -- Up-to-date: /home/roy/odri_dev/workspace/install/mpi_cmake_modules/lib/python3.8/site-packages/mpi_cmake_modules/documentation_builder.py
[0.333s] -- Up-to-date: /home/roy/odri_dev/workspace/install/mpi_cmake_modules/lib/python3.8/site-packages/mpi_cmake_modules/cmake_format.py
[0.333s] -- Up-to-date: /home/roy/odri_dev/workspace/install/mpi_cmake_modules/lib/python3.8/site-packages/mpi_cmake_modules/cpp_format.py
[0.334s] -- Up-to-date: /home/roy/odri_dev/workspace/install/mpi_cmake_modules/lib/python3.8/site-packages/mpi_cmake_modules/__init__.py
[0.334s] -- Up-to-date: /home/roy/odri_dev/workspace/install/mpi_cmake_modules/lib/python3.8/site-packages/mpi_cmake_modules/python_format.py
[0.335s] -- Up-to-date: /home/roy/odri_dev/workspace/install/mpi_cmake_modules/lib/python3.8/site-packages/mpi_cmake_modules/utils.py
[0.339s] -- Up-to-date: /home/roy/odri_dev/workspace/install/mpi_cmake_modules/lib/python3.8/site-packages/mpi_cmake_modules/yaml2oneline.py
[0.340s] -- Up-to-date: /home/roy/odri_dev/workspace/install/mpi_cmake_modules/share/mpi_cmake_modules/cmake
[0.340s] -- Up-to-date: /home/roy/odri_dev/workspace/install/mpi_cmake_modules/share/mpi_cmake_modules/cmake/dynamic_graph.cmake
[0.341s] -- Up-to-date: /home/roy/odri_dev/workspace/install/mpi_cmake_modules/share/mpi_cmake_modules/cmake/xacro.cmake
[0.341s] -- Up-to-date: /home/roy/odri_dev/workspace/install/mpi_cmake_modules/share/mpi_cmake_modules/cmake/xenomai.cmake
[0.356s] -- Up-to-date: /home/roy/odri_dev/workspace/install/mpi_cmake_modules/share/mpi_cmake_modules/cmake/get_python_install_dir.cmake
[0.357s] -- Up-to-date: /home/roy/odri_dev/workspace/install/mpi_cmake_modules/share/mpi_cmake_modules/cmake/install_scripts.cmake
[0.358s] -- Up-to-date: /home/roy/odri_dev/workspace/install/mpi_cmake_modules/share/mpi_cmake_modules/cmake/generate_cmake_package.cmake
[0.358s] -- Up-to-date: /home/roy/odri_dev/workspace/install/mpi_cmake_modules/share/mpi_cmake_modules/cmake/sphinx.cmake
[0.358s] -- Up-to-date: /home/roy/odri_dev/workspace/install/mpi_cmake_modules/share/mpi_cmake_modules/cmake/global_calls.cmake
[0.358s] -- Up-to-date: /home/roy/odri_dev/workspace/install/mpi_cmake_modules/share/mpi_cmake_modules/cmake/find_modules
[0.359s] -- Up-to-date: /home/roy/odri_dev/workspace/install/mpi_cmake_modules/share/mpi_cmake_modules/cmake/find_modules/python
[0.359s] -- Up-to-date: /home/roy/odri_dev/workspace/install/mpi_cmake_modules/share/mpi_cmake_modules/cmake/find_modules/python/FindPython.cmake.backup
[0.359s] -- Up-to-date: /home/roy/odri_dev/workspace/install/mpi_cmake_modules/share/mpi_cmake_modules/cmake/find_modules/python/Support.cmake.backup
[0.360s] -- Up-to-date: /home/roy/odri_dev/workspace/install/mpi_cmake_modules/share/mpi_cmake_modules/cmake/find_modules/python/FindPython.cmake
[0.360s] -- Up-to-date: /home/roy/odri_dev/workspace/install/mpi_cmake_modules/share/mpi_cmake_modules/cmake/find_modules/Findrt.cmake
[0.360s] -- Up-to-date: /home/roy/odri_dev/workspace/install/mpi_cmake_modules/share/mpi_cmake_modules/cmake/find_modules/FindZeroMQ.cmake
[0.360s] -- Up-to-date: /home/roy/odri_dev/workspace/install/mpi_cmake_modules/share/mpi_cmake_modules/cmake/find_modules/XenomaiConfig.cmake
[0.361s] -- Up-to-date: /home/roy/odri_dev/workspace/install/mpi_cmake_modules/share/mpi_cmake_modules/cmake/find_modules/Findcereal.cmake
[0.361s] -- Up-to-date: /home/roy/odri_dev/workspace/install/mpi_cmake_modules/share/mpi_cmake_modules/cmake/find_modules/FindZeroMQPP.cmake
[0.361s] -- Up-to-date: /home/roy/odri_dev/workspace/install/mpi_cmake_modules/share/mpi_cmake_modules/cmake/find_modules/FindPythonModules.cmake
[0.361s] -- Up-to-date: /home/roy/odri_dev/workspace/install/mpi_cmake_modules/share/mpi_cmake_modules/cmake/get_python_interpreter.cmake
[0.362s] -- Up-to-date: /home/roy/odri_dev/workspace/install/mpi_cmake_modules/share/mpi_cmake_modules/cmake/doxygen.cmake
[0.362s] -- Up-to-date: /home/roy/odri_dev/workspace/install/mpi_cmake_modules/share/mpi_cmake_modules/cmake/print_target_properties.cmake
[0.362s] -- Up-to-date: /home/roy/odri_dev/workspace/install/mpi_cmake_modules/share/mpi_cmake_modules/cmake/pybind11.cmake
[0.362s] -- Up-to-date: /home/roy/odri_dev/workspace/install/mpi_cmake_modules/share/mpi_cmake_modules/cmake/boost_python.cmake
[0.363s] -- Up-to-date: /home/roy/odri_dev/workspace/install/mpi_cmake_modules/share/mpi_cmake_modules/cmake/os_detection.cmake
[0.363s] -- Up-to-date: /home/roy/odri_dev/workspace/install/mpi_cmake_modules/share/mpi_cmake_modules/cmake/find_modules.cmake
[0.363s] -- Up-to-date: /home/roy/odri_dev/workspace/install/mpi_cmake_modules/share/mpi_cmake_modules/cmake/documentation.cmake
[0.363s] -- Up-to-date: /home/roy/odri_dev/workspace/install/mpi_cmake_modules/bin/mpi_cpp_format
[0.364s] -- Up-to-date: /home/roy/odri_dev/workspace/install/mpi_cmake_modules/bin/mpi_python_format
[0.364s] -- Up-to-date: /home/roy/odri_dev/workspace/install/mpi_cmake_modules/bin/mpi_cmake_format
[0.364s] -- Up-to-date: /home/roy/odri_dev/workspace/install/mpi_cmake_modules/bin/mpi_code_format
[0.365s] -- Up-to-date: /home/roy/odri_dev/workspace/install/mpi_cmake_modules/bin/mpi_doc_build
[0.365s] -- Up-to-date: /home/roy/odri_dev/workspace/install/mpi_cmake_modules/lib/python3.8/site-packages/mpi_cmake_modules/resources
[0.365s] -- Up-to-date: /home/roy/odri_dev/workspace/install/mpi_cmake_modules/lib/python3.8/site-packages/mpi_cmake_modules/resources/Doxyfile.in
[0.365s] -- Up-to-date: /home/roy/odri_dev/workspace/install/mpi_cmake_modules/lib/python3.8/site-packages/mpi_cmake_modules/resources/py_filter
[0.366s] -- Up-to-date: /home/roy/odri_dev/workspace/install/mpi_cmake_modules/lib/python3.8/site-packages/mpi_cmake_modules/resources/_clang-format
[0.366s] -- Up-to-date: /home/roy/odri_dev/workspace/install/mpi_cmake_modules/lib/python3.8/site-packages/mpi_cmake_modules/resources/sphinx
[0.366s] -- Up-to-date: /home/roy/odri_dev/workspace/install/mpi_cmake_modules/lib/python3.8/site-packages/mpi_cmake_modules/resources/sphinx/sphinx
[0.366s] -- Up-to-date: /home/roy/odri_dev/workspace/install/mpi_cmake_modules/lib/python3.8/site-packages/mpi_cmake_modules/resources/sphinx/sphinx/doxygen_index.rst.in
[0.377s] -- Up-to-date: /home/roy/odri_dev/workspace/install/mpi_cmake_modules/lib/python3.8/site-packages/mpi_cmake_modules/resources/sphinx/sphinx/conf.py.in
[0.378s] -- Up-to-date: /home/roy/odri_dev/workspace/install/mpi_cmake_modules/lib/python3.8/site-packages/mpi_cmake_modules/resources/sphinx/sphinx/conf.py
[0.378s] -- Up-to-date: /home/roy/odri_dev/workspace/install/mpi_cmake_modules/lib/python3.8/site-packages/mpi_cmake_modules/resources/sphinx/sphinx/cmake_doc.rst.in
[0.378s] -- Up-to-date: /home/roy/odri_dev/workspace/install/mpi_cmake_modules/lib/python3.8/site-packages/mpi_cmake_modules/resources/sphinx/sphinx/general_documentation.rst.in
[0.378s] -- Up-to-date: /home/roy/odri_dev/workspace/install/mpi_cmake_modules/lib/python3.8/site-packages/mpi_cmake_modules/resources/sphinx/sphinx/doxygen_index_one_page.rst.in
[0.379s] -- Up-to-date: /home/roy/odri_dev/workspace/install/mpi_cmake_modules/lib/python3.8/site-packages/mpi_cmake_modules/resources/sphinx/sphinx/index.rst.in
[0.379s] -- Up-to-date: /home/roy/odri_dev/workspace/install/mpi_cmake_modules/lib/python3.8/site-packages/mpi_cmake_modules/resources/sphinx/doxygen
[0.379s] -- Up-to-date: /home/roy/odri_dev/workspace/install/mpi_cmake_modules/lib/python3.8/site-packages/mpi_cmake_modules/resources/sphinx/doxygen/Doxyfile.in
[0.379s] -- Up-to-date: /home/roy/odri_dev/workspace/install/mpi_cmake_modules/lib/python3.8/site-packages/mpi_cmake_modules/resources/dg_python_module.cc.in
[0.380s] -- Up-to-date: /home/roy/odri_dev/workspace/install/mpi_cmake_modules/lib/python3.8/site-packages/mpi_cmake_modules/resources/__init__.py.empty.in
[0.380s] -- Up-to-date: /home/roy/odri_dev/workspace/install/mpi_cmake_modules/share/mpi_cmake_modules/cmake/mpi_cmake_modulesConfig.cmake
[0.380s] -- Up-to-date: /home/roy/odri_dev/workspace/install/mpi_cmake_modules/share/mpi_cmake_modules/cmake/mpi_cmake_modulesConfigVersion.cmake
[0.381s] Invoked command in '/home/roy/odri_dev/workspace/build/mpi_cmake_modules' returned '0': /usr/bin/cmake --install /home/roy/odri_dev/workspace/build/mpi_cmake_modules
