[0.025s] Invoking command in '/home/roy/odri_dev/workspace/build/mim_control': AMENT_PREFIX_PATH=/home/roy/odri_dev/workspace/install/robot_properties_solo:/home/roy/odri_dev/workspace/install/robot_properties_bolt CMAKE_PREFIX_PATH=/home/roy/odri_dev/workspace/install/yaml_utils:/home/roy/odri_dev/workspace/install/pybind11:/home/roy/odri_dev/workspace/install/mpi_cmake_modules:/home/roy/odri_dev/workspace/install/googletest-distribution:/opt/openrobots:/opt/openrobots PATH=/home/roy/odri_dev/workspace/install/mpi_cmake_modules/bin:${PATH} PYTHONPATH=/home/roy/odri_dev/workspace/install/robot_properties_solo/lib/python3.8/site-packages:/home/roy/odri_dev/workspace/install/robot_properties_bolt/lib/python3.8/site-packages:/home/roy/odri_dev/workspace/install/bullet_utils/lib/python3.8/site-packages:/home/roy/odri_dev/workspace/install/mpi_cmake_modules/lib/python3.8/site-packages:/opt/openrobots/lib/python2.7/site-packages:/opt/openrobots/lib/python2.7/site-packages /usr/bin/cmake /home/roy/odri_dev/workspace/src/mim_control -DCMAKE_BUILD_TYPE=Release -DCMAKE_INSTALL_PREFIX=/home/roy/odri_dev/workspace/install/mim_control
[0.102s] -- The C compiler identification is GNU 9.3.0
[0.179s] -- The CXX compiler identification is GNU 9.3.0
[0.184s] -- Check for working C compiler: /usr/bin/cc
[0.273s] -- Check for working C compiler: /usr/bin/cc -- works
[0.275s] -- Detecting C compiler ABI info
[0.380s] -- Detecting C compiler ABI info - done
[0.403s] -- Detecting C compile features
[0.403s] -- Detecting C compile features - done
[0.406s] -- Check for working CXX compiler: /usr/bin/c++
[0.521s] -- Check for working CXX compiler: /usr/bin/c++ -- works
[0.523s] -- Detecting CXX compiler ABI info
[0.635s] -- Detecting CXX compiler ABI info - done
[0.655s] -- Detecting CXX compile features
[0.656s] -- Detecting CXX compile features - done
[0.664s] -- The OS type is non-real-time
[0.672s] -- pinocchio FOUND. pinocchio at /opt/openrobots/lib/libpinocchio.so
[0.674s] -- boost_filesystem FOUND. boost_filesystem at /usr/lib/x86_64-linux-gnu/libboost_filesystem.so
[0.674s] -- boost_serialization FOUND. boost_serialization at /usr/lib/x86_64-linux-gnu/libboost_serialization.so
[0.674s] -- boost_system FOUND. boost_system at /usr/lib/x86_64-linux-gnu/libboost_system.so
[0.729s] -- Found Boost: /usr/include (found version "1.71.0") found components: filesystem serialization system 
[0.731s] -- hpp-fcl FOUND. hpp-fcl at /opt/openrobots/lib/libhpp-fcl.so
[0.741s] -- Found Boost: /usr/include (found version "1.71.0") found components: chrono serialization 
[1.208s] -- Default C++ standard: 201703
[1.208s] -- C++ standard sufficient: Minimal required 11, currently defined: 17
[1.209s] -- C++ standard sufficient: Minimal required 11, currently defined: 17
[1.218s] CMake Error at CMakeLists.txt:26 (find_package):
[1.218s]   By not providing "Findeiquadprog.cmake" in CMAKE_MODULE_PATH this project
[1.218s]   has asked CMake to find a package configuration file provided by
[1.218s]   "eiquadprog", but CMake did not find one.
[1.218s] 
[1.218s]   Could not find a package configuration file provided by "eiquadprog" with
[1.218s]   any of the following names:
[1.218s] 
[1.218s]     eiquadprogConfig.cmake
[1.219s]     eiquadprog-config.cmake
[1.219s] 
[1.219s]   Add the installation prefix of "eiquadprog" to CMAKE_PREFIX_PATH or set
[1.219s]   "eiquadprog_DIR" to a directory containing one of the above files.  If
[1.219s]   "eiquadprog" provides a separate development package or SDK, be sure it has
[1.219s]   been installed.
[1.219s] 
[1.219s] 
[1.219s] -- Configuring incomplete, errors occurred!
[1.220s] See also "/home/roy/odri_dev/workspace/build/mim_control/CMakeFiles/CMakeOutput.log".
[1.225s] Invoked command in '/home/roy/odri_dev/workspace/build/mim_control' returned '1': AMENT_PREFIX_PATH=/home/roy/odri_dev/workspace/install/robot_properties_solo:/home/roy/odri_dev/workspace/install/robot_properties_bolt CMAKE_PREFIX_PATH=/home/roy/odri_dev/workspace/install/yaml_utils:/home/roy/odri_dev/workspace/install/pybind11:/home/roy/odri_dev/workspace/install/mpi_cmake_modules:/home/roy/odri_dev/workspace/install/googletest-distribution:/opt/openrobots:/opt/openrobots PATH=/home/roy/odri_dev/workspace/install/mpi_cmake_modules/bin:${PATH} PYTHONPATH=/home/roy/odri_dev/workspace/install/robot_properties_solo/lib/python3.8/site-packages:/home/roy/odri_dev/workspace/install/robot_properties_bolt/lib/python3.8/site-packages:/home/roy/odri_dev/workspace/install/bullet_utils/lib/python3.8/site-packages:/home/roy/odri_dev/workspace/install/mpi_cmake_modules/lib/python3.8/site-packages:/opt/openrobots/lib/python2.7/site-packages:/opt/openrobots/lib/python2.7/site-packages /usr/bin/cmake /home/roy/odri_dev/workspace/src/mim_control -DCMAKE_BUILD_TYPE=Release -DCMAKE_INSTALL_PREFIX=/home/roy/odri_dev/workspace/install/mim_control
