[0.020s] Invoking command in '/home/roy/odri_dev/workspace/build/reactive_planners': CMAKE_PREFIX_PATH=/home/roy/odri_dev/workspace/install/yaml_utils:/home/roy/odri_dev/workspace/install/real_time_tools:/home/roy/odri_dev/workspace/install/pybind11:/home/roy/odri_dev/workspace/install/mpi_cmake_modules:/home/roy/odri_dev/workspace/install/googletest-distribution:/opt/openrobots:/opt/openrobots:/opt/openrobots:/opt/openrobots:/opt/openrobots LD_LIBRARY_PATH=/home/roy/odri_dev/workspace/install/real_time_tools/lib:/opt/openrobots/lib:/opt/openrobots/lib:/opt/openrobots/lib:/opt/openrobots/lib:/opt/openrobots/lib PATH=/home/roy/odri_dev/workspace/install/real_time_tools/bin:/home/roy/odri_dev/workspace/install/mpi_cmake_modules/bin:${PATH} PYTHONPATH=/home/roy/odri_dev/workspace/install/real_time_tools/lib/python3.8/site-packages:/home/roy/odri_dev/workspace/install/mpi_cmake_modules/lib/python3.8/site-packages:/opt/openrobots/lib/python2.7/site-packages:/opt/openrobots/lib/python3.8/site-packages:/opt/openrobots/lib/python2.7/site-packages:/opt/openrobots/lib/python2.7/site-packages:/opt/openrobots/lib/python2.7/site-packages:/opt/openrobots/lib/python2.7/site-packages /usr/bin/cmake --build /home/roy/odri_dev/workspace/build/reactive_planners -- -j8 -l8
[0.125s] [ 50%] Built target reactive_planners
[0.196s] [100%] Built target reactive_planners_python_binding
[0.214s] Invoked command in '/home/roy/odri_dev/workspace/build/reactive_planners' returned '0': CMAKE_PREFIX_PATH=/home/roy/odri_dev/workspace/install/yaml_utils:/home/roy/odri_dev/workspace/install/real_time_tools:/home/roy/odri_dev/workspace/install/pybind11:/home/roy/odri_dev/workspace/install/mpi_cmake_modules:/home/roy/odri_dev/workspace/install/googletest-distribution:/opt/openrobots:/opt/openrobots:/opt/openrobots:/opt/openrobots:/opt/openrobots LD_LIBRARY_PATH=/home/roy/odri_dev/workspace/install/real_time_tools/lib:/opt/openrobots/lib:/opt/openrobots/lib:/opt/openrobots/lib:/opt/openrobots/lib:/opt/openrobots/lib PATH=/home/roy/odri_dev/workspace/install/real_time_tools/bin:/home/roy/odri_dev/workspace/install/mpi_cmake_modules/bin:${PATH} PYTHONPATH=/home/roy/odri_dev/workspace/install/real_time_tools/lib/python3.8/site-packages:/home/roy/odri_dev/workspace/install/mpi_cmake_modules/lib/python3.8/site-packages:/opt/openrobots/lib/python2.7/site-packages:/opt/openrobots/lib/python3.8/site-packages:/opt/openrobots/lib/python2.7/site-packages:/opt/openrobots/lib/python2.7/site-packages:/opt/openrobots/lib/python2.7/site-packages:/opt/openrobots/lib/python2.7/site-packages /usr/bin/cmake --build /home/roy/odri_dev/workspace/build/reactive_planners -- -j8 -l8
[0.290s] Invoking command in '/home/roy/odri_dev/workspace/build/reactive_planners': CMAKE_PREFIX_PATH=/home/roy/odri_dev/workspace/install/yaml_utils:/home/roy/odri_dev/workspace/install/real_time_tools:/home/roy/odri_dev/workspace/install/pybind11:/home/roy/odri_dev/workspace/install/mpi_cmake_modules:/home/roy/odri_dev/workspace/install/googletest-distribution:/opt/openrobots:/opt/openrobots:/opt/openrobots:/opt/openrobots:/opt/openrobots LD_LIBRARY_PATH=/home/roy/odri_dev/workspace/install/real_time_tools/lib:/opt/openrobots/lib:/opt/openrobots/lib:/opt/openrobots/lib:/opt/openrobots/lib:/opt/openrobots/lib PATH=/home/roy/odri_dev/workspace/install/real_time_tools/bin:/home/roy/odri_dev/workspace/install/mpi_cmake_modules/bin:${PATH} PYTHONPATH=/home/roy/odri_dev/workspace/install/real_time_tools/lib/python3.8/site-packages:/home/roy/odri_dev/workspace/install/mpi_cmake_modules/lib/python3.8/site-packages:/opt/openrobots/lib/python2.7/site-packages:/opt/openrobots/lib/python3.8/site-packages:/opt/openrobots/lib/python2.7/site-packages:/opt/openrobots/lib/python2.7/site-packages:/opt/openrobots/lib/python2.7/site-packages:/opt/openrobots/lib/python2.7/site-packages /usr/bin/cmake --install /home/roy/odri_dev/workspace/build/reactive_planners
[0.302s] -- Install configuration: "Release"
[0.302s] -- Up-to-date: /home/roy/odri_dev/workspace/install/reactive_planners/bin/demo_reactive_planners_bolt_step_adjustment
[0.303s] -- Up-to-date: /home/roy/odri_dev/workspace/install/reactive_planners/bin/demo_reactive_planners_dcm_reactive_stepper
[0.303s] -- Up-to-date: /home/roy/odri_dev/workspace/install/reactive_planners/bin/demo_reactive_planners_end_effector_trajectory3d
[0.304s] -- Up-to-date: /home/roy/odri_dev/workspace/install/reactive_planners/bin/demo_reactive_planners_stepper_head
[0.304s] -- Up-to-date: /home/roy/odri_dev/workspace/install/reactive_planners/bin/demo_reactive_planners_walking
[0.304s] -- Up-to-date: /home/roy/odri_dev/workspace/install/reactive_planners/bin/demo_reactive_planners_re_split_dcm
[0.304s] -- Up-to-date: /home/roy/odri_dev/workspace/install/reactive_planners/bin/demo_reactive_planners_split_dcm_uneven_terrain
[0.304s] -- Up-to-date: /home/roy/odri_dev/workspace/install/reactive_planners/bin/demo_reactive_planners_step_adaptation_timing_planner
[0.304s] -- Up-to-date: /home/roy/odri_dev/workspace/install/reactive_planners/bin/demo_reactive_planners_step_adjustment
[0.305s] -- Up-to-date: /home/roy/odri_dev/workspace/install/reactive_planners/lib/python3.8/site-packages/reactive_planners_cpp.cpython-38-x86_64-linux-gnu.so
[0.305s] -- Up-to-date: /home/roy/odri_dev/workspace/install/reactive_planners/lib/python3.8/site-packages
[0.305s] -- Up-to-date: /home/roy/odri_dev/workspace/install/reactive_planners/lib/python3.8/site-packages/reactive_planners
[0.305s] -- Up-to-date: /home/roy/odri_dev/workspace/install/reactive_planners/lib/python3.8/site-packages/reactive_planners/dynamic_graph
[0.305s] -- Up-to-date: /home/roy/odri_dev/workspace/install/reactive_planners/lib/python3.8/site-packages/reactive_planners/dynamic_graph/quadruped_stepper.py
[0.306s] -- Up-to-date: /home/roy/odri_dev/workspace/install/reactive_planners/lib/python3.8/site-packages/reactive_planners/lipm_simulator.py
[0.307s] -- Up-to-date: /home/roy/odri_dev/workspace/install/reactive_planners/lib/python3.8/site-packages/reactive_planners/demos
[0.320s] -- Up-to-date: /home/roy/odri_dev/workspace/install/reactive_planners/lib/python3.8/site-packages/reactive_planners/demos/bolt_step_adjustment.py
[0.321s] -- Up-to-date: /home/roy/odri_dev/workspace/install/reactive_planners/lib/python3.8/site-packages/reactive_planners/dcm_vrp_planner
[0.321s] -- Up-to-date: /home/roy/odri_dev/workspace/install/reactive_planners/lib/python3.8/site-packages/reactive_planners/dcm_vrp_planner/planner.py
[0.321s] -- Up-to-date: /home/roy/odri_dev/workspace/install/reactive_planners/lib/python3.8/site-packages/reactive_planners/dcm_vrp_planner/__init__.py
[0.321s] -- Up-to-date: /home/roy/odri_dev/workspace/install/reactive_planners/lib/python3.8/site-packages/reactive_planners/dcm_vrp_planner/re_split_dcm_planner.py
[0.321s] -- Up-to-date: /home/roy/odri_dev/workspace/install/reactive_planners/lib/python3.8/site-packages/reactive_planners/dcm_vrp_planner/uneven_terrain_planner.py
[0.322s] -- Up-to-date: /home/roy/odri_dev/workspace/install/reactive_planners/lib/python3.8/site-packages/reactive_planners/dcm_vrp_planner/solo_step_planner.py
[0.322s] -- Up-to-date: /home/roy/odri_dev/workspace/install/reactive_planners/lib/python3.8/site-packages/reactive_planners/__init__.py
[0.322s] -- Up-to-date: /home/roy/odri_dev/workspace/install/reactive_planners/lib/python3.8/site-packages/reactive_planners/dcm_reactive_stepper.py
[0.322s] -- Up-to-date: /home/roy/odri_dev/workspace/install/reactive_planners/lib/python3.8/site-packages/reactive_planners/centroidal_controller
[0.322s] -- Up-to-date: /home/roy/odri_dev/workspace/install/reactive_planners/lib/python3.8/site-packages/reactive_planners/centroidal_controller/__init__.py
[0.322s] -- Up-to-date: /home/roy/odri_dev/workspace/install/reactive_planners/lib/python3.8/site-packages/reactive_planners/centroidal_controller/lipm_centroidal_controller.py
[0.322s] -- Up-to-date: /home/roy/odri_dev/workspace/install/reactive_planners/lib/python3.8/site-packages/reactive_planners/utils
[0.323s] -- Up-to-date: /home/roy/odri_dev/workspace/install/reactive_planners/lib/python3.8/site-packages/reactive_planners/utils/terrains
[0.323s] -- Up-to-date: /home/roy/odri_dev/workspace/install/reactive_planners/lib/python3.8/site-packages/reactive_planners/utils/terrains/stairs.urdf
[0.323s] -- Up-to-date: /home/roy/odri_dev/workspace/install/reactive_planners/lib/python3.8/site-packages/reactive_planners/utils/__init__.py
[0.330s] -- Up-to-date: /home/roy/odri_dev/workspace/install/reactive_planners/lib/python3.8/site-packages/reactive_planners/utils/qp_solver.py
[0.331s] -- Up-to-date: /home/roy/odri_dev/workspace/install/reactive_planners/lib/python3.8/site-packages/reactive_planners/utils/utils.py
[0.331s] -- Up-to-date: /home/roy/odri_dev/workspace/install/reactive_planners/lib/python3.8/site-packages/reactive_planners/utils/trajectory_generator.py
[0.331s] -- Up-to-date: /home/roy/odri_dev/workspace/install/reactive_planners/lib/python3.8/site-packages/reactive_planners/utils/solo_state_estimator.py
[0.332s] -- Up-to-date: /home/roy/odri_dev/workspace/install/reactive_planners/lib/libreactive_planners.so
[0.332s] -- Up-to-date: /home/roy/odri_dev/workspace/install/reactive_planners/share/reactive_planners/cmake/reactive_plannersConfig.cmake
[0.333s] Invoked command in '/home/roy/odri_dev/workspace/build/reactive_planners' returned '0': CMAKE_PREFIX_PATH=/home/roy/odri_dev/workspace/install/yaml_utils:/home/roy/odri_dev/workspace/install/real_time_tools:/home/roy/odri_dev/workspace/install/pybind11:/home/roy/odri_dev/workspace/install/mpi_cmake_modules:/home/roy/odri_dev/workspace/install/googletest-distribution:/opt/openrobots:/opt/openrobots:/opt/openrobots:/opt/openrobots:/opt/openrobots LD_LIBRARY_PATH=/home/roy/odri_dev/workspace/install/real_time_tools/lib:/opt/openrobots/lib:/opt/openrobots/lib:/opt/openrobots/lib:/opt/openrobots/lib:/opt/openrobots/lib PATH=/home/roy/odri_dev/workspace/install/real_time_tools/bin:/home/roy/odri_dev/workspace/install/mpi_cmake_modules/bin:${PATH} PYTHONPATH=/home/roy/odri_dev/workspace/install/real_time_tools/lib/python3.8/site-packages:/home/roy/odri_dev/workspace/install/mpi_cmake_modules/lib/python3.8/site-packages:/opt/openrobots/lib/python2.7/site-packages:/opt/openrobots/lib/python3.8/site-packages:/opt/openrobots/lib/python2.7/site-packages:/opt/openrobots/lib/python2.7/site-packages:/opt/openrobots/lib/python2.7/site-packages:/opt/openrobots/lib/python2.7/site-packages /usr/bin/cmake --install /home/roy/odri_dev/workspace/build/reactive_planners
