[0.018s] Invoking command in '/home/roy/odri_dev/workspace/build/mim_control': AMENT_PREFIX_PATH=/home/roy/odri_dev/workspace/install/robot_properties_solo:/home/roy/odri_dev/workspace/install/robot_properties_bolt CMAKE_PREFIX_PATH=/home/roy/odri_dev/workspace/install/yaml_utils:/home/roy/odri_dev/workspace/install/pybind11:/home/roy/odri_dev/workspace/install/mpi_cmake_modules:/home/roy/odri_dev/workspace/install/googletest-distribution:/opt/openrobots:/opt/openrobots:/opt/openrobots:/opt/openrobots:/opt/openrobots PATH=/home/roy/odri_dev/workspace/install/mpi_cmake_modules/bin:${PATH} PYTHONPATH=/home/roy/odri_dev/workspace/install/robot_properties_solo/lib/python3.8/site-packages:/home/roy/odri_dev/workspace/install/robot_properties_bolt/lib/python3.8/site-packages:/home/roy/odri_dev/workspace/install/bullet_utils/lib/python3.8/site-packages:/home/roy/odri_dev/workspace/install/mpi_cmake_modules/lib/python3.8/site-packages:/opt/openrobots/lib/python2.7/site-packages:/opt/openrobots/lib/python3.8/site-packages:/opt/openrobots/lib/python2.7/site-packages:/opt/openrobots/lib/python2.7/site-packages:/opt/openrobots/lib/python2.7/site-packages:/opt/openrobots/lib/python2.7/site-packages /usr/bin/cmake --build /home/roy/odri_dev/workspace/build/mim_control -- -j8 -l8
[0.100s] [ 45%] Built target mim_control
[0.164s] [100%] Built target mim_control_cpp
[0.183s] Invoked command in '/home/roy/odri_dev/workspace/build/mim_control' returned '0': AMENT_PREFIX_PATH=/home/roy/odri_dev/workspace/install/robot_properties_solo:/home/roy/odri_dev/workspace/install/robot_properties_bolt CMAKE_PREFIX_PATH=/home/roy/odri_dev/workspace/install/yaml_utils:/home/roy/odri_dev/workspace/install/pybind11:/home/roy/odri_dev/workspace/install/mpi_cmake_modules:/home/roy/odri_dev/workspace/install/googletest-distribution:/opt/openrobots:/opt/openrobots:/opt/openrobots:/opt/openrobots:/opt/openrobots PATH=/home/roy/odri_dev/workspace/install/mpi_cmake_modules/bin:${PATH} PYTHONPATH=/home/roy/odri_dev/workspace/install/robot_properties_solo/lib/python3.8/site-packages:/home/roy/odri_dev/workspace/install/robot_properties_bolt/lib/python3.8/site-packages:/home/roy/odri_dev/workspace/install/bullet_utils/lib/python3.8/site-packages:/home/roy/odri_dev/workspace/install/mpi_cmake_modules/lib/python3.8/site-packages:/opt/openrobots/lib/python2.7/site-packages:/opt/openrobots/lib/python3.8/site-packages:/opt/openrobots/lib/python2.7/site-packages:/opt/openrobots/lib/python2.7/site-packages:/opt/openrobots/lib/python2.7/site-packages:/opt/openrobots/lib/python2.7/site-packages /usr/bin/cmake --build /home/roy/odri_dev/workspace/build/mim_control -- -j8 -l8
[0.233s] Invoking command in '/home/roy/odri_dev/workspace/build/mim_control': AMENT_PREFIX_PATH=/home/roy/odri_dev/workspace/install/robot_properties_solo:/home/roy/odri_dev/workspace/install/robot_properties_bolt CMAKE_PREFIX_PATH=/home/roy/odri_dev/workspace/install/yaml_utils:/home/roy/odri_dev/workspace/install/pybind11:/home/roy/odri_dev/workspace/install/mpi_cmake_modules:/home/roy/odri_dev/workspace/install/googletest-distribution:/opt/openrobots:/opt/openrobots:/opt/openrobots:/opt/openrobots:/opt/openrobots PATH=/home/roy/odri_dev/workspace/install/mpi_cmake_modules/bin:${PATH} PYTHONPATH=/home/roy/odri_dev/workspace/install/robot_properties_solo/lib/python3.8/site-packages:/home/roy/odri_dev/workspace/install/robot_properties_bolt/lib/python3.8/site-packages:/home/roy/odri_dev/workspace/install/bullet_utils/lib/python3.8/site-packages:/home/roy/odri_dev/workspace/install/mpi_cmake_modules/lib/python3.8/site-packages:/opt/openrobots/lib/python2.7/site-packages:/opt/openrobots/lib/python3.8/site-packages:/opt/openrobots/lib/python2.7/site-packages:/opt/openrobots/lib/python2.7/site-packages:/opt/openrobots/lib/python2.7/site-packages:/opt/openrobots/lib/python2.7/site-packages /usr/bin/cmake --install /home/roy/odri_dev/workspace/build/mim_control
[0.248s] -- Install configuration: "Release"
[0.248s] -- Up-to-date: /home/roy/odri_dev/workspace/install/mim_control/lib/libmim_control.so
[0.249s] -- Up-to-date: /home/roy/odri_dev/workspace/install/mim_control/include
[0.249s] -- Up-to-date: /home/roy/odri_dev/workspace/install/mim_control/include/mim_control
[0.249s] -- Up-to-date: /home/roy/odri_dev/workspace/install/mim_control/include/mim_control/dynamic_graph
[0.249s] -- Up-to-date: /home/roy/odri_dev/workspace/install/mim_control/include/mim_control/dynamic_graph/centroidal_force_qp_controller.hpp
[0.250s] -- Up-to-date: /home/roy/odri_dev/workspace/install/mim_control/include/mim_control/dynamic_graph/centroidal_pd_controller.hpp
[0.250s] -- Up-to-date: /home/roy/odri_dev/workspace/install/mim_control/include/mim_control/dynamic_graph/signal_utils.hpp
[0.250s] -- Up-to-date: /home/roy/odri_dev/workspace/install/mim_control/include/mim_control/dynamic_graph/impedance_controller.hpp
[0.250s] -- Up-to-date: /home/roy/odri_dev/workspace/install/mim_control/include/mim_control/centroidal_force_qp_controller.hpp
[0.250s] -- Up-to-date: /home/roy/odri_dev/workspace/install/mim_control/include/mim_control/centroidal_pd_controller.hpp
[0.250s] -- Up-to-date: /home/roy/odri_dev/workspace/install/mim_control/include/mim_control/impedance_controller.hpp
[0.251s] -- Up-to-date: /home/roy/odri_dev/workspace/install/mim_control/include/mim_control/centroidal_impedance_controller.hpp
[0.251s] -- Up-to-date: /home/roy/odri_dev/workspace/install/mim_control/lib/python3.8/site-packages/mim_control_cpp.cpython-38-x86_64-linux-gnu.so
[0.251s] -- Up-to-date: /home/roy/odri_dev/workspace/install/mim_control/lib/python3.8/site-packages/mim_control
[0.252s] -- Up-to-date: /home/roy/odri_dev/workspace/install/mim_control/lib/python3.8/site-packages/mim_control/dynamic_graph
[0.253s] -- Up-to-date: /home/roy/odri_dev/workspace/install/mim_control/lib/python3.8/site-packages/mim_control/dynamic_graph/go_to.py
[0.267s] -- Up-to-date: /home/roy/odri_dev/workspace/install/mim_control/lib/python3.8/site-packages/mim_control/dynamic_graph/wbc_graph.py
[0.267s] -- Up-to-date: /home/roy/odri_dev/workspace/install/mim_control/lib/python3.8/site-packages/mim_control/dynamic_graph/__init__.py
[0.267s] -- Up-to-date: /home/roy/odri_dev/workspace/install/mim_control/lib/python3.8/site-packages/mim_control/robot_centroidal_controller.py
[0.267s] -- Up-to-date: /home/roy/odri_dev/workspace/install/mim_control/lib/python3.8/site-packages/mim_control/impedance_controller.py
[0.268s] -- Up-to-date: /home/roy/odri_dev/workspace/install/mim_control/lib/python3.8/site-packages/mim_control/robot_impedance_controller.py
[0.268s] -- Up-to-date: /home/roy/odri_dev/workspace/install/mim_control/lib/python3.8/site-packages/mim_control/__init__.py
[0.268s] -- Up-to-date: /home/roy/odri_dev/workspace/install/mim_control/lib/python3.8/site-packages/mim_control/qp_solver.py
[0.268s] -- Up-to-date: /home/roy/odri_dev/workspace/install/mim_control/share/mim_control/cmake/mim_controlConfig.cmake
[0.268s] -- Up-to-date: /home/roy/odri_dev/workspace/install/mim_control/share/mim_control/cmake/mim_controlTargets.cmake
[0.268s] -- Up-to-date: /home/roy/odri_dev/workspace/install/mim_control/share/mim_control/cmake/mim_controlTargets-release.cmake
[0.269s] Invoked command in '/home/roy/odri_dev/workspace/build/mim_control' returned '0': AMENT_PREFIX_PATH=/home/roy/odri_dev/workspace/install/robot_properties_solo:/home/roy/odri_dev/workspace/install/robot_properties_bolt CMAKE_PREFIX_PATH=/home/roy/odri_dev/workspace/install/yaml_utils:/home/roy/odri_dev/workspace/install/pybind11:/home/roy/odri_dev/workspace/install/mpi_cmake_modules:/home/roy/odri_dev/workspace/install/googletest-distribution:/opt/openrobots:/opt/openrobots:/opt/openrobots:/opt/openrobots:/opt/openrobots PATH=/home/roy/odri_dev/workspace/install/mpi_cmake_modules/bin:${PATH} PYTHONPATH=/home/roy/odri_dev/workspace/install/robot_properties_solo/lib/python3.8/site-packages:/home/roy/odri_dev/workspace/install/robot_properties_bolt/lib/python3.8/site-packages:/home/roy/odri_dev/workspace/install/bullet_utils/lib/python3.8/site-packages:/home/roy/odri_dev/workspace/install/mpi_cmake_modules/lib/python3.8/site-packages:/opt/openrobots/lib/python2.7/site-packages:/opt/openrobots/lib/python3.8/site-packages:/opt/openrobots/lib/python2.7/site-packages:/opt/openrobots/lib/python2.7/site-packages:/opt/openrobots/lib/python2.7/site-packages:/opt/openrobots/lib/python2.7/site-packages /usr/bin/cmake --install /home/roy/odri_dev/workspace/build/mim_control
