-- The OS type is non-real-time
-- pinocchio FOUND. pinocchio at /opt/openrobots/lib/libpinocchio.so
-- boost_filesystem FOUND. boost_filesystem at /usr/lib/x86_64-linux-gnu/libboost_filesystem.so
-- boost_serialization FOUND. boost_serialization at /usr/lib/x86_64-linux-gnu/libboost_serialization.so
-- boost_system FOUND. boost_system at /usr/lib/x86_64-linux-gnu/libboost_system.so
-- Found Boost: /usr/include (found version "1.71.0") found components: filesystem serialization system 
-- hpp-fcl FOUND. hpp-fcl at /opt/openrobots/lib/libhpp-fcl.so
-- Found Boost: /usr/include (found version "1.71.0") found components: chrono serialization 
-- Default C++ standard: 201703
-- C++ standard sufficient: Minimal required 11, currently defined: 17
-- C++ standard sufficient: Minimal required 11, currently defined: 17
-- Found Python: /usr/bin/python3 (found suitable version "3.8.10", minimum required is "3.8.10") found components: Interpreter 
-- Found Boost: /usr/include (found version "1.71.0") found components: python38 
-- Boost_PYTHON_LIBRARY: /usr/lib/x86_64-linux-gnu/libboost_python38.so
-- eigenpy FOUND. eigenpy at /opt/openrobots/lib/libeigenpy.so
-- Found Python: /usr/bin/python3 (found version "3.8.10") found components: Interpreter 
-- Configuring done
-- Generating done
-- Build files have been written to: /home/roy/odri_dev/workspace/build/reactive_planners
[  7%] [32m[1mLinking CXX shared library libreactive_planners.so[0m
[ 50%] Built target reactive_planners
[ 57%] [32m[1mLinking CXX shared module reactive_planners_cpp.cpython-38-x86_64-linux-gnu.so[0m
[100%] Built target reactive_planners_python_binding
-- Install configuration: "Release"
-- Up-to-date: /home/roy/odri_dev/workspace/install/reactive_planners/bin/demo_reactive_planners_bolt_step_adjustment
-- Up-to-date: /home/roy/odri_dev/workspace/install/reactive_planners/bin/demo_reactive_planners_dcm_reactive_stepper
-- Up-to-date: /home/roy/odri_dev/workspace/install/reactive_planners/bin/demo_reactive_planners_end_effector_trajectory3d
-- Up-to-date: /home/roy/odri_dev/workspace/install/reactive_planners/bin/demo_reactive_planners_stepper_head
-- Up-to-date: /home/roy/odri_dev/workspace/install/reactive_planners/bin/demo_reactive_planners_walking
-- Up-to-date: /home/roy/odri_dev/workspace/install/reactive_planners/bin/demo_reactive_planners_re_split_dcm
-- Up-to-date: /home/roy/odri_dev/workspace/install/reactive_planners/bin/demo_reactive_planners_split_dcm_uneven_terrain
-- Up-to-date: /home/roy/odri_dev/workspace/install/reactive_planners/bin/demo_reactive_planners_step_adaptation_timing_planner
-- Up-to-date: /home/roy/odri_dev/workspace/install/reactive_planners/bin/demo_reactive_planners_step_adjustment
-- Installing: /home/roy/odri_dev/workspace/install/reactive_planners/lib/python3.8/site-packages/reactive_planners_cpp.cpython-38-x86_64-linux-gnu.so
-- Set runtime path of "/home/roy/odri_dev/workspace/install/reactive_planners/lib/python3.8/site-packages/reactive_planners_cpp.cpython-38-x86_64-linux-gnu.so" to "/home/roy/odri_dev/workspace/install/reactive_planners/lib:/home/roy/odri_dev/workspace/install/reactive_planners/lib/dynamic_graph_plugins:/opt/openrobots/lib"
-- Up-to-date: /home/roy/odri_dev/workspace/install/reactive_planners/lib/python3.8/site-packages
-- Up-to-date: /home/roy/odri_dev/workspace/install/reactive_planners/lib/python3.8/site-packages/reactive_planners
-- Up-to-date: /home/roy/odri_dev/workspace/install/reactive_planners/lib/python3.8/site-packages/reactive_planners/dynamic_graph
-- Up-to-date: /home/roy/odri_dev/workspace/install/reactive_planners/lib/python3.8/site-packages/reactive_planners/dynamic_graph/quadruped_stepper.py
-- Up-to-date: /home/roy/odri_dev/workspace/install/reactive_planners/lib/python3.8/site-packages/reactive_planners/lipm_simulator.py
-- Up-to-date: /home/roy/odri_dev/workspace/install/reactive_planners/lib/python3.8/site-packages/reactive_planners/demos
-- Up-to-date: /home/roy/odri_dev/workspace/install/reactive_planners/lib/python3.8/site-packages/reactive_planners/demos/bolt_step_adjustment.py
-- Up-to-date: /home/roy/odri_dev/workspace/install/reactive_planners/lib/python3.8/site-packages/reactive_planners/dcm_vrp_planner
-- Up-to-date: /home/roy/odri_dev/workspace/install/reactive_planners/lib/python3.8/site-packages/reactive_planners/dcm_vrp_planner/planner.py
-- Up-to-date: /home/roy/odri_dev/workspace/install/reactive_planners/lib/python3.8/site-packages/reactive_planners/dcm_vrp_planner/__init__.py
-- Up-to-date: /home/roy/odri_dev/workspace/install/reactive_planners/lib/python3.8/site-packages/reactive_planners/dcm_vrp_planner/re_split_dcm_planner.py
-- Up-to-date: /home/roy/odri_dev/workspace/install/reactive_planners/lib/python3.8/site-packages/reactive_planners/dcm_vrp_planner/uneven_terrain_planner.py
-- Up-to-date: /home/roy/odri_dev/workspace/install/reactive_planners/lib/python3.8/site-packages/reactive_planners/dcm_vrp_planner/solo_step_planner.py
-- Up-to-date: /home/roy/odri_dev/workspace/install/reactive_planners/lib/python3.8/site-packages/reactive_planners/__init__.py
-- Up-to-date: /home/roy/odri_dev/workspace/install/reactive_planners/lib/python3.8/site-packages/reactive_planners/dcm_reactive_stepper.py
-- Up-to-date: /home/roy/odri_dev/workspace/install/reactive_planners/lib/python3.8/site-packages/reactive_planners/centroidal_controller
-- Up-to-date: /home/roy/odri_dev/workspace/install/reactive_planners/lib/python3.8/site-packages/reactive_planners/centroidal_controller/__init__.py
-- Up-to-date: /home/roy/odri_dev/workspace/install/reactive_planners/lib/python3.8/site-packages/reactive_planners/centroidal_controller/lipm_centroidal_controller.py
-- Up-to-date: /home/roy/odri_dev/workspace/install/reactive_planners/lib/python3.8/site-packages/reactive_planners/utils
-- Up-to-date: /home/roy/odri_dev/workspace/install/reactive_planners/lib/python3.8/site-packages/reactive_planners/utils/terrains
-- Up-to-date: /home/roy/odri_dev/workspace/install/reactive_planners/lib/python3.8/site-packages/reactive_planners/utils/terrains/stairs.urdf
-- Up-to-date: /home/roy/odri_dev/workspace/install/reactive_planners/lib/python3.8/site-packages/reactive_planners/utils/__init__.py
-- Up-to-date: /home/roy/odri_dev/workspace/install/reactive_planners/lib/python3.8/site-packages/reactive_planners/utils/qp_solver.py
-- Up-to-date: /home/roy/odri_dev/workspace/install/reactive_planners/lib/python3.8/site-packages/reactive_planners/utils/utils.py
-- Up-to-date: /home/roy/odri_dev/workspace/install/reactive_planners/lib/python3.8/site-packages/reactive_planners/utils/trajectory_generator.py
-- Up-to-date: /home/roy/odri_dev/workspace/install/reactive_planners/lib/python3.8/site-packages/reactive_planners/utils/solo_state_estimator.py
-- Installing: /home/roy/odri_dev/workspace/install/reactive_planners/lib/libreactive_planners.so
-- Set runtime path of "/home/roy/odri_dev/workspace/install/reactive_planners/lib/libreactive_planners.so" to "/home/roy/odri_dev/workspace/install/reactive_planners/lib:/home/roy/odri_dev/workspace/install/reactive_planners/lib/dynamic_graph_plugins:/opt/openrobots/lib"
-- Up-to-date: /home/roy/odri_dev/workspace/install/reactive_planners/share/reactive_planners/cmake/reactive_plannersConfig.cmake
