[0.019s] Invoking command in '/home/roy/odri_dev/workspace/build/reactive_planners': CMAKE_PREFIX_PATH=/home/roy/odri_dev/workspace/install/yaml_utils:/home/roy/odri_dev/workspace/install/real_time_tools:/home/roy/odri_dev/workspace/install/pybind11:/home/roy/odri_dev/workspace/install/mpi_cmake_modules:/home/roy/odri_dev/workspace/install/googletest-distribution:/opt/openrobots:/opt/openrobots:/opt/openrobots:/opt/openrobots:/opt/openrobots LD_LIBRARY_PATH=/home/roy/odri_dev/workspace/install/real_time_tools/lib:/opt/openrobots/lib:/opt/openrobots/lib:/opt/openrobots/lib:/opt/openrobots/lib:/opt/openrobots/lib PATH=/home/roy/odri_dev/workspace/install/real_time_tools/bin:/home/roy/odri_dev/workspace/install/mpi_cmake_modules/bin:${PATH} PYTHONPATH=/home/roy/odri_dev/workspace/install/real_time_tools/lib/python3.8/site-packages:/home/roy/odri_dev/workspace/install/mpi_cmake_modules/lib/python3.8/site-packages:/opt/openrobots/lib/python2.7/site-packages:/opt/openrobots/lib/python3.8/site-packages:/opt/openrobots/lib/python2.7/site-packages:/opt/openrobots/lib/python2.7/site-packages:/opt/openrobots/lib/python2.7/site-packages:/opt/openrobots/lib/python2.7/site-packages /usr/bin/cmake --build /home/roy/odri_dev/workspace/build/reactive_planners -- -j8 -l8
[0.059s] -- The OS type is non-real-time
[0.066s] -- pinocchio FOUND. pinocchio at /opt/openrobots/lib/libpinocchio.so
[0.067s] -- boost_filesystem FOUND. boost_filesystem at /usr/lib/x86_64-linux-gnu/libboost_filesystem.so
[0.067s] -- boost_serialization FOUND. boost_serialization at /usr/lib/x86_64-linux-gnu/libboost_serialization.so
[0.068s] -- boost_system FOUND. boost_system at /usr/lib/x86_64-linux-gnu/libboost_system.so
[0.084s] -- Found Boost: /usr/include (found version "1.71.0") found components: filesystem serialization system 
[0.086s] -- hpp-fcl FOUND. hpp-fcl at /opt/openrobots/lib/libhpp-fcl.so
[0.101s] -- Found Boost: /usr/include (found version "1.71.0") found components: chrono serialization 
[0.571s] -- Default C++ standard: 201703
[0.572s] -- C++ standard sufficient: Minimal required 11, currently defined: 17
[0.574s] -- C++ standard sufficient: Minimal required 11, currently defined: 17
[0.818s] -- Found Python: /usr/bin/python3 (found suitable version "3.8.10", minimum required is "3.8.10") found components: Interpreter 
[0.849s] -- Found Boost: /usr/include (found version "1.71.0") found components: python38 
[0.850s] -- Boost_PYTHON_LIBRARY: /usr/lib/x86_64-linux-gnu/libboost_python38.so
[0.871s] -- eigenpy FOUND. eigenpy at /opt/openrobots/lib/libeigenpy.so
[1.077s] -- Found Python: /usr/bin/python3 (found version "3.8.10") found components: Interpreter 
[1.379s] -- Configuring done
[1.415s] -- Generating done
[1.421s] -- Build files have been written to: /home/roy/odri_dev/workspace/build/reactive_planners
[1.483s] [  7%] [32m[1mLinking CXX shared library libreactive_planners.so[0m
[1.633s] [ 50%] Built target reactive_planners
[1.680s] [ 57%] [32m[1mLinking CXX shared module reactive_planners_cpp.cpython-38-x86_64-linux-gnu.so[0m
[6.701s] [100%] Built target reactive_planners_python_binding
[6.714s] Invoked command in '/home/roy/odri_dev/workspace/build/reactive_planners' returned '0': CMAKE_PREFIX_PATH=/home/roy/odri_dev/workspace/install/yaml_utils:/home/roy/odri_dev/workspace/install/real_time_tools:/home/roy/odri_dev/workspace/install/pybind11:/home/roy/odri_dev/workspace/install/mpi_cmake_modules:/home/roy/odri_dev/workspace/install/googletest-distribution:/opt/openrobots:/opt/openrobots:/opt/openrobots:/opt/openrobots:/opt/openrobots LD_LIBRARY_PATH=/home/roy/odri_dev/workspace/install/real_time_tools/lib:/opt/openrobots/lib:/opt/openrobots/lib:/opt/openrobots/lib:/opt/openrobots/lib:/opt/openrobots/lib PATH=/home/roy/odri_dev/workspace/install/real_time_tools/bin:/home/roy/odri_dev/workspace/install/mpi_cmake_modules/bin:${PATH} PYTHONPATH=/home/roy/odri_dev/workspace/install/real_time_tools/lib/python3.8/site-packages:/home/roy/odri_dev/workspace/install/mpi_cmake_modules/lib/python3.8/site-packages:/opt/openrobots/lib/python2.7/site-packages:/opt/openrobots/lib/python3.8/site-packages:/opt/openrobots/lib/python2.7/site-packages:/opt/openrobots/lib/python2.7/site-packages:/opt/openrobots/lib/python2.7/site-packages:/opt/openrobots/lib/python2.7/site-packages /usr/bin/cmake --build /home/roy/odri_dev/workspace/build/reactive_planners -- -j8 -l8
[6.781s] Invoking command in '/home/roy/odri_dev/workspace/build/reactive_planners': CMAKE_PREFIX_PATH=/home/roy/odri_dev/workspace/install/yaml_utils:/home/roy/odri_dev/workspace/install/real_time_tools:/home/roy/odri_dev/workspace/install/pybind11:/home/roy/odri_dev/workspace/install/mpi_cmake_modules:/home/roy/odri_dev/workspace/install/googletest-distribution:/opt/openrobots:/opt/openrobots:/opt/openrobots:/opt/openrobots:/opt/openrobots LD_LIBRARY_PATH=/home/roy/odri_dev/workspace/install/real_time_tools/lib:/opt/openrobots/lib:/opt/openrobots/lib:/opt/openrobots/lib:/opt/openrobots/lib:/opt/openrobots/lib PATH=/home/roy/odri_dev/workspace/install/real_time_tools/bin:/home/roy/odri_dev/workspace/install/mpi_cmake_modules/bin:${PATH} PYTHONPATH=/home/roy/odri_dev/workspace/install/real_time_tools/lib/python3.8/site-packages:/home/roy/odri_dev/workspace/install/mpi_cmake_modules/lib/python3.8/site-packages:/opt/openrobots/lib/python2.7/site-packages:/opt/openrobots/lib/python3.8/site-packages:/opt/openrobots/lib/python2.7/site-packages:/opt/openrobots/lib/python2.7/site-packages:/opt/openrobots/lib/python2.7/site-packages:/opt/openrobots/lib/python2.7/site-packages /usr/bin/cmake --install /home/roy/odri_dev/workspace/build/reactive_planners
[6.792s] -- Install configuration: "Release"
[6.793s] -- Up-to-date: /home/roy/odri_dev/workspace/install/reactive_planners/bin/demo_reactive_planners_bolt_step_adjustment
[6.793s] -- Up-to-date: /home/roy/odri_dev/workspace/install/reactive_planners/bin/demo_reactive_planners_dcm_reactive_stepper
[6.793s] -- Up-to-date: /home/roy/odri_dev/workspace/install/reactive_planners/bin/demo_reactive_planners_end_effector_trajectory3d
[6.793s] -- Up-to-date: /home/roy/odri_dev/workspace/install/reactive_planners/bin/demo_reactive_planners_stepper_head
[6.794s] -- Up-to-date: /home/roy/odri_dev/workspace/install/reactive_planners/bin/demo_reactive_planners_walking
[6.794s] -- Up-to-date: /home/roy/odri_dev/workspace/install/reactive_planners/bin/demo_reactive_planners_re_split_dcm
[6.794s] -- Up-to-date: /home/roy/odri_dev/workspace/install/reactive_planners/bin/demo_reactive_planners_split_dcm_uneven_terrain
[6.794s] -- Up-to-date: /home/roy/odri_dev/workspace/install/reactive_planners/bin/demo_reactive_planners_step_adaptation_timing_planner
[6.794s] -- Up-to-date: /home/roy/odri_dev/workspace/install/reactive_planners/bin/demo_reactive_planners_step_adjustment
[6.795s] -- Installing: /home/roy/odri_dev/workspace/install/reactive_planners/lib/python3.8/site-packages/reactive_planners_cpp.cpython-38-x86_64-linux-gnu.so
[6.795s] -- Set runtime path of "/home/roy/odri_dev/workspace/install/reactive_planners/lib/python3.8/site-packages/reactive_planners_cpp.cpython-38-x86_64-linux-gnu.so" to "/home/roy/odri_dev/workspace/install/reactive_planners/lib:/home/roy/odri_dev/workspace/install/reactive_planners/lib/dynamic_graph_plugins:/opt/openrobots/lib"
[6.796s] -- Up-to-date: /home/roy/odri_dev/workspace/install/reactive_planners/lib/python3.8/site-packages
[6.796s] -- Up-to-date: /home/roy/odri_dev/workspace/install/reactive_planners/lib/python3.8/site-packages/reactive_planners
[6.796s] -- Up-to-date: /home/roy/odri_dev/workspace/install/reactive_planners/lib/python3.8/site-packages/reactive_planners/dynamic_graph
[6.797s] -- Up-to-date: /home/roy/odri_dev/workspace/install/reactive_planners/lib/python3.8/site-packages/reactive_planners/dynamic_graph/quadruped_stepper.py
[6.797s] -- Up-to-date: /home/roy/odri_dev/workspace/install/reactive_planners/lib/python3.8/site-packages/reactive_planners/lipm_simulator.py
[6.797s] -- Up-to-date: /home/roy/odri_dev/workspace/install/reactive_planners/lib/python3.8/site-packages/reactive_planners/demos
[6.797s] -- Up-to-date: /home/roy/odri_dev/workspace/install/reactive_planners/lib/python3.8/site-packages/reactive_planners/demos/bolt_step_adjustment.py
[6.797s] -- Up-to-date: /home/roy/odri_dev/workspace/install/reactive_planners/lib/python3.8/site-packages/reactive_planners/dcm_vrp_planner
[6.798s] -- Up-to-date: /home/roy/odri_dev/workspace/install/reactive_planners/lib/python3.8/site-packages/reactive_planners/dcm_vrp_planner/planner.py
[6.798s] -- Up-to-date: /home/roy/odri_dev/workspace/install/reactive_planners/lib/python3.8/site-packages/reactive_planners/dcm_vrp_planner/__init__.py
[6.798s] -- Up-to-date: /home/roy/odri_dev/workspace/install/reactive_planners/lib/python3.8/site-packages/reactive_planners/dcm_vrp_planner/re_split_dcm_planner.py
[6.798s] -- Up-to-date: /home/roy/odri_dev/workspace/install/reactive_planners/lib/python3.8/site-packages/reactive_planners/dcm_vrp_planner/uneven_terrain_planner.py
[6.798s] -- Up-to-date: /home/roy/odri_dev/workspace/install/reactive_planners/lib/python3.8/site-packages/reactive_planners/dcm_vrp_planner/solo_step_planner.py
[6.798s] -- Up-to-date: /home/roy/odri_dev/workspace/install/reactive_planners/lib/python3.8/site-packages/reactive_planners/__init__.py
[6.799s] -- Up-to-date: /home/roy/odri_dev/workspace/install/reactive_planners/lib/python3.8/site-packages/reactive_planners/dcm_reactive_stepper.py
[6.799s] -- Up-to-date: /home/roy/odri_dev/workspace/install/reactive_planners/lib/python3.8/site-packages/reactive_planners/centroidal_controller
[6.800s] -- Up-to-date: /home/roy/odri_dev/workspace/install/reactive_planners/lib/python3.8/site-packages/reactive_planners/centroidal_controller/__init__.py
[6.815s] -- Up-to-date: /home/roy/odri_dev/workspace/install/reactive_planners/lib/python3.8/site-packages/reactive_planners/centroidal_controller/lipm_centroidal_controller.py
[6.816s] -- Up-to-date: /home/roy/odri_dev/workspace/install/reactive_planners/lib/python3.8/site-packages/reactive_planners/utils
[6.816s] -- Up-to-date: /home/roy/odri_dev/workspace/install/reactive_planners/lib/python3.8/site-packages/reactive_planners/utils/terrains
[6.816s] -- Up-to-date: /home/roy/odri_dev/workspace/install/reactive_planners/lib/python3.8/site-packages/reactive_planners/utils/terrains/stairs.urdf
[6.817s] -- Up-to-date: /home/roy/odri_dev/workspace/install/reactive_planners/lib/python3.8/site-packages/reactive_planners/utils/__init__.py
[6.817s] -- Up-to-date: /home/roy/odri_dev/workspace/install/reactive_planners/lib/python3.8/site-packages/reactive_planners/utils/qp_solver.py
[6.817s] -- Up-to-date: /home/roy/odri_dev/workspace/install/reactive_planners/lib/python3.8/site-packages/reactive_planners/utils/utils.py
[6.817s] -- Up-to-date: /home/roy/odri_dev/workspace/install/reactive_planners/lib/python3.8/site-packages/reactive_planners/utils/trajectory_generator.py
[6.818s] -- Up-to-date: /home/roy/odri_dev/workspace/install/reactive_planners/lib/python3.8/site-packages/reactive_planners/utils/solo_state_estimator.py
[6.824s] -- Installing: /home/roy/odri_dev/workspace/install/reactive_planners/lib/libreactive_planners.so
[6.825s] -- Set runtime path of "/home/roy/odri_dev/workspace/install/reactive_planners/lib/libreactive_planners.so" to "/home/roy/odri_dev/workspace/install/reactive_planners/lib:/home/roy/odri_dev/workspace/install/reactive_planners/lib/dynamic_graph_plugins:/opt/openrobots/lib"
[6.825s] -- Up-to-date: /home/roy/odri_dev/workspace/install/reactive_planners/share/reactive_planners/cmake/reactive_plannersConfig.cmake
[6.825s] Invoked command in '/home/roy/odri_dev/workspace/build/reactive_planners' returned '0': CMAKE_PREFIX_PATH=/home/roy/odri_dev/workspace/install/yaml_utils:/home/roy/odri_dev/workspace/install/real_time_tools:/home/roy/odri_dev/workspace/install/pybind11:/home/roy/odri_dev/workspace/install/mpi_cmake_modules:/home/roy/odri_dev/workspace/install/googletest-distribution:/opt/openrobots:/opt/openrobots:/opt/openrobots:/opt/openrobots:/opt/openrobots LD_LIBRARY_PATH=/home/roy/odri_dev/workspace/install/real_time_tools/lib:/opt/openrobots/lib:/opt/openrobots/lib:/opt/openrobots/lib:/opt/openrobots/lib:/opt/openrobots/lib PATH=/home/roy/odri_dev/workspace/install/real_time_tools/bin:/home/roy/odri_dev/workspace/install/mpi_cmake_modules/bin:${PATH} PYTHONPATH=/home/roy/odri_dev/workspace/install/real_time_tools/lib/python3.8/site-packages:/home/roy/odri_dev/workspace/install/mpi_cmake_modules/lib/python3.8/site-packages:/opt/openrobots/lib/python2.7/site-packages:/opt/openrobots/lib/python3.8/site-packages:/opt/openrobots/lib/python2.7/site-packages:/opt/openrobots/lib/python2.7/site-packages:/opt/openrobots/lib/python2.7/site-packages:/opt/openrobots/lib/python2.7/site-packages /usr/bin/cmake --install /home/roy/odri_dev/workspace/build/reactive_planners
