[0.018s] Invoking command in '/home/roy/odri_dev/workspace/build/reactive_planners': CMAKE_PREFIX_PATH=/home/roy/odri_dev/workspace/install/yaml_utils:/home/roy/odri_dev/workspace/install/real_time_tools:/home/roy/odri_dev/workspace/install/pybind11:/home/roy/odri_dev/workspace/install/mpi_cmake_modules:/home/roy/odri_dev/workspace/install/googletest-distribution:/opt/openrobots:/opt/openrobots:/opt/openrobots:/opt/openrobots:/opt/openrobots LD_LIBRARY_PATH=/home/roy/odri_dev/workspace/install/real_time_tools/lib:/opt/openrobots/lib:/opt/openrobots/lib:/opt/openrobots/lib:/opt/openrobots/lib:/opt/openrobots/lib PATH=/home/roy/odri_dev/workspace/install/real_time_tools/bin:/home/roy/odri_dev/workspace/install/mpi_cmake_modules/bin:${PATH} PYTHONPATH=/home/roy/odri_dev/workspace/install/real_time_tools/lib/python3.8/site-packages:/home/roy/odri_dev/workspace/install/mpi_cmake_modules/lib/python3.8/site-packages:/opt/openrobots/lib/python2.7/site-packages:/opt/openrobots/lib/python3.8/site-packages:/opt/openrobots/lib/python2.7/site-packages:/opt/openrobots/lib/python2.7/site-packages:/opt/openrobots/lib/python2.7/site-packages:/opt/openrobots/lib/python2.7/site-packages /usr/bin/cmake /home/roy/odri_dev/workspace/src/reactive_planners -DCMAKE_BUILD_TYPE=Release -DCMAKE_INSTALL_PREFIX=/home/roy/odri_dev/workspace/install/reactive_planners
[0.042s] -- The OS type is non-real-time
[0.056s] -- pinocchio FOUND. pinocchio at /opt/openrobots/lib/libpinocchio.so
[0.060s] -- boost_filesystem FOUND. boost_filesystem at /usr/lib/x86_64-linux-gnu/libboost_filesystem.so
[0.061s] -- boost_serialization FOUND. boost_serialization at /usr/lib/x86_64-linux-gnu/libboost_serialization.so
[0.061s] -- boost_system FOUND. boost_system at /usr/lib/x86_64-linux-gnu/libboost_system.so
[0.120s] -- Found Boost: /usr/include (found version "1.71.0") found components: filesystem serialization system 
[0.122s] -- hpp-fcl FOUND. hpp-fcl at /opt/openrobots/lib/libhpp-fcl.so
[0.134s] -- Found Boost: /usr/include (found version "1.71.0") found components: chrono serialization 
[0.652s] -- Default C++ standard: 201703
[0.652s] -- C++ standard sufficient: Minimal required 11, currently defined: 17
[0.653s] -- C++ standard sufficient: Minimal required 11, currently defined: 17
[0.697s] -- Found PythonInterp: /usr/bin/python3.8 (found version "3.8.10") 
[0.744s] -- Found PythonLibs: /usr/lib/x86_64-linux-gnu/libpython3.8.so
[0.930s] -- Found Python: /usr/bin/python3 (found suitable version "3.8.10", minimum required is "3.8.10") found components: Interpreter 
[0.969s] -- Found Boost: /usr/include (found version "1.71.0") found components: python38 
[0.969s] -- Boost_PYTHON_LIBRARY: /usr/lib/x86_64-linux-gnu/libboost_python38.so
[1.562s] -- eigenpy FOUND. eigenpy at /opt/openrobots/lib/libeigenpy.so
[1.573s] -- Performing Test HAS_FLTO
[1.801s] -- Performing Test HAS_FLTO - Success
[1.801s] -- LTO enabled
[1.925s] -- Found Python: /usr/bin/python3 (found version "3.8.10") found components: Interpreter 
[1.972s] -- Found Threads: TRUE  
[2.195s] -- Found Doxygen: /usr/bin/doxygen (found version "1.8.17") found components: doxygen missing components: dot
[2.256s] -- Configuring done
[2.278s] -- Generating done
[2.281s] -- Build files have been written to: /home/roy/odri_dev/workspace/build/reactive_planners
[2.312s] Invoked command in '/home/roy/odri_dev/workspace/build/reactive_planners' returned '0': CMAKE_PREFIX_PATH=/home/roy/odri_dev/workspace/install/yaml_utils:/home/roy/odri_dev/workspace/install/real_time_tools:/home/roy/odri_dev/workspace/install/pybind11:/home/roy/odri_dev/workspace/install/mpi_cmake_modules:/home/roy/odri_dev/workspace/install/googletest-distribution:/opt/openrobots:/opt/openrobots:/opt/openrobots:/opt/openrobots:/opt/openrobots LD_LIBRARY_PATH=/home/roy/odri_dev/workspace/install/real_time_tools/lib:/opt/openrobots/lib:/opt/openrobots/lib:/opt/openrobots/lib:/opt/openrobots/lib:/opt/openrobots/lib PATH=/home/roy/odri_dev/workspace/install/real_time_tools/bin:/home/roy/odri_dev/workspace/install/mpi_cmake_modules/bin:${PATH} PYTHONPATH=/home/roy/odri_dev/workspace/install/real_time_tools/lib/python3.8/site-packages:/home/roy/odri_dev/workspace/install/mpi_cmake_modules/lib/python3.8/site-packages:/opt/openrobots/lib/python2.7/site-packages:/opt/openrobots/lib/python3.8/site-packages:/opt/openrobots/lib/python2.7/site-packages:/opt/openrobots/lib/python2.7/site-packages:/opt/openrobots/lib/python2.7/site-packages:/opt/openrobots/lib/python2.7/site-packages /usr/bin/cmake /home/roy/odri_dev/workspace/src/reactive_planners -DCMAKE_BUILD_TYPE=Release -DCMAKE_INSTALL_PREFIX=/home/roy/odri_dev/workspace/install/reactive_planners
[2.315s] Invoking command in '/home/roy/odri_dev/workspace/build/reactive_planners': CMAKE_PREFIX_PATH=/home/roy/odri_dev/workspace/install/yaml_utils:/home/roy/odri_dev/workspace/install/real_time_tools:/home/roy/odri_dev/workspace/install/pybind11:/home/roy/odri_dev/workspace/install/mpi_cmake_modules:/home/roy/odri_dev/workspace/install/googletest-distribution:/opt/openrobots:/opt/openrobots:/opt/openrobots:/opt/openrobots:/opt/openrobots LD_LIBRARY_PATH=/home/roy/odri_dev/workspace/install/real_time_tools/lib:/opt/openrobots/lib:/opt/openrobots/lib:/opt/openrobots/lib:/opt/openrobots/lib:/opt/openrobots/lib PATH=/home/roy/odri_dev/workspace/install/real_time_tools/bin:/home/roy/odri_dev/workspace/install/mpi_cmake_modules/bin:${PATH} PYTHONPATH=/home/roy/odri_dev/workspace/install/real_time_tools/lib/python3.8/site-packages:/home/roy/odri_dev/workspace/install/mpi_cmake_modules/lib/python3.8/site-packages:/opt/openrobots/lib/python2.7/site-packages:/opt/openrobots/lib/python3.8/site-packages:/opt/openrobots/lib/python2.7/site-packages:/opt/openrobots/lib/python2.7/site-packages:/opt/openrobots/lib/python2.7/site-packages:/opt/openrobots/lib/python2.7/site-packages /usr/bin/cmake --build /home/roy/odri_dev/workspace/build/reactive_planners -- -j8 -l8
[2.372s] [35m[1mScanning dependencies of target reactive_planners[0m
[2.461s] [ 14%] [32mBuilding CXX object CMakeFiles/reactive_planners.dir/src/dcm_reactive_stepper.cpp.o[0m
[2.461s] [ 14%] [32mBuilding CXX object CMakeFiles/reactive_planners.dir/src/dynamically_consistent_end_effector_trajectory.cpp.o[0m
[2.463s] [ 21%] [32mBuilding CXX object CMakeFiles/reactive_planners.dir/src/dcm_vrp_planner.cpp.o[0m
[2.466s] [ 28%] [32mBuilding CXX object CMakeFiles/reactive_planners.dir/src/stepper_head.cpp.o[0m
[2.467s] [ 42%] [32mBuilding CXX object CMakeFiles/reactive_planners.dir/src/quadruped_dcm_reactive_stepper.cpp.o[0m
[2.468s] [ 42%] [32mBuilding CXX object CMakeFiles/reactive_planners.dir/src/polynomial_end_effector_trajectory.cpp.o[0m
[11.699s] [ 50%] [32m[1mLinking CXX shared library libreactive_planners.so[0m
[11.832s] [ 50%] Built target reactive_planners
[11.852s] [35m[1mScanning dependencies of target reactive_planners_python_binding[0m
[11.942s] [ 57%] [32mBuilding CXX object CMakeFiles/reactive_planners_python_binding.dir/srcpy/reactive_planners.cpp.o[0m
[11.943s] [ 71%] [32mBuilding CXX object CMakeFiles/reactive_planners_python_binding.dir/srcpy/stepper_head.cpp.o[0m
[11.943s] [ 71%] [32mBuilding CXX object CMakeFiles/reactive_planners_python_binding.dir/srcpy/dcm_vrp_planner.cpp.o[0m
[11.943s] [ 78%] [32mBuilding CXX object CMakeFiles/reactive_planners_python_binding.dir/srcpy/quadruped_dcm_reactive_stepper.cpp.o[0m
[11.945s] [ 92%] [32mBuilding CXX object CMakeFiles/reactive_planners_python_binding.dir/srcpy/polynomial_end_effector_trajectory.cpp.o[0m
[11.945s] [ 92%] [32mBuilding CXX object CMakeFiles/reactive_planners_python_binding.dir/srcpy/dcm_reactive_stepper.cpp.o[0m
[14.574s] [01m[K/home/roy/odri_dev/workspace/src/reactive_planners/srcpy/stepper_head.cpp:[m[K In function ‘[01m[Kvoid bind_stepper_head(pybind11::module&)[m[K’:
[14.574s] [01m[K/home/roy/odri_dev/workspace/src/reactive_planners/srcpy/stepper_head.cpp:27:31:[m[K [01;35m[Kwarning: [m[Kcast between incompatible pointer to member types from ‘[01m[Kvoid (reactive_planners::StepperHead::*)(const double&, const Vector3d&, const double&)[m[K’ {aka ‘[01m[Kvoid (reactive_planners::StepperHead::*)(const double&, const Eigen::Matrix<double, 3, 1>&, const double&)[m[K’} to ‘[01m[Kvoid (reactive_planners::StepperHead::*)(const double&, const Vector3d&, const double&, bool)[m[K’ {aka ‘[01m[Kvoid (reactive_planners::StepperHead::*)(const double&, const Eigen::Matrix<double, 3, 1>&, const double&, bool)[m[K’} [[01;35m[K-Wcast-function-type[m[K]
[14.574s]    27 |                  StepperHead::[01;35m[Krun[m[K)
[14.574s]       |                               [01;35m[K^~~[m[K
[24.422s] [100%] [32m[1mLinking CXX shared module reactive_planners_cpp.cpython-38-x86_64-linux-gnu.so[0m
[29.680s] [100%] Built target reactive_planners_python_binding
[29.700s] Invoked command in '/home/roy/odri_dev/workspace/build/reactive_planners' returned '0': CMAKE_PREFIX_PATH=/home/roy/odri_dev/workspace/install/yaml_utils:/home/roy/odri_dev/workspace/install/real_time_tools:/home/roy/odri_dev/workspace/install/pybind11:/home/roy/odri_dev/workspace/install/mpi_cmake_modules:/home/roy/odri_dev/workspace/install/googletest-distribution:/opt/openrobots:/opt/openrobots:/opt/openrobots:/opt/openrobots:/opt/openrobots LD_LIBRARY_PATH=/home/roy/odri_dev/workspace/install/real_time_tools/lib:/opt/openrobots/lib:/opt/openrobots/lib:/opt/openrobots/lib:/opt/openrobots/lib:/opt/openrobots/lib PATH=/home/roy/odri_dev/workspace/install/real_time_tools/bin:/home/roy/odri_dev/workspace/install/mpi_cmake_modules/bin:${PATH} PYTHONPATH=/home/roy/odri_dev/workspace/install/real_time_tools/lib/python3.8/site-packages:/home/roy/odri_dev/workspace/install/mpi_cmake_modules/lib/python3.8/site-packages:/opt/openrobots/lib/python2.7/site-packages:/opt/openrobots/lib/python3.8/site-packages:/opt/openrobots/lib/python2.7/site-packages:/opt/openrobots/lib/python2.7/site-packages:/opt/openrobots/lib/python2.7/site-packages:/opt/openrobots/lib/python2.7/site-packages /usr/bin/cmake --build /home/roy/odri_dev/workspace/build/reactive_planners -- -j8 -l8
[29.802s] Invoking command in '/home/roy/odri_dev/workspace/build/reactive_planners': CMAKE_PREFIX_PATH=/home/roy/odri_dev/workspace/install/yaml_utils:/home/roy/odri_dev/workspace/install/real_time_tools:/home/roy/odri_dev/workspace/install/pybind11:/home/roy/odri_dev/workspace/install/mpi_cmake_modules:/home/roy/odri_dev/workspace/install/googletest-distribution:/opt/openrobots:/opt/openrobots:/opt/openrobots:/opt/openrobots:/opt/openrobots LD_LIBRARY_PATH=/home/roy/odri_dev/workspace/install/real_time_tools/lib:/opt/openrobots/lib:/opt/openrobots/lib:/opt/openrobots/lib:/opt/openrobots/lib:/opt/openrobots/lib PATH=/home/roy/odri_dev/workspace/install/real_time_tools/bin:/home/roy/odri_dev/workspace/install/mpi_cmake_modules/bin:${PATH} PYTHONPATH=/home/roy/odri_dev/workspace/install/real_time_tools/lib/python3.8/site-packages:/home/roy/odri_dev/workspace/install/mpi_cmake_modules/lib/python3.8/site-packages:/opt/openrobots/lib/python2.7/site-packages:/opt/openrobots/lib/python3.8/site-packages:/opt/openrobots/lib/python2.7/site-packages:/opt/openrobots/lib/python2.7/site-packages:/opt/openrobots/lib/python2.7/site-packages:/opt/openrobots/lib/python2.7/site-packages /usr/bin/cmake --install /home/roy/odri_dev/workspace/build/reactive_planners
[29.815s] -- Install configuration: "Release"
[29.816s] -- Installing: /home/roy/odri_dev/workspace/install/reactive_planners/bin/demo_reactive_planners_bolt_step_adjustment
[29.816s] -- Installing: /home/roy/odri_dev/workspace/install/reactive_planners/bin/demo_reactive_planners_dcm_reactive_stepper
[29.816s] -- Installing: /home/roy/odri_dev/workspace/install/reactive_planners/bin/demo_reactive_planners_end_effector_trajectory3d
[29.817s] -- Installing: /home/roy/odri_dev/workspace/install/reactive_planners/bin/demo_reactive_planners_stepper_head
[29.817s] -- Installing: /home/roy/odri_dev/workspace/install/reactive_planners/bin/demo_reactive_planners_walking
[29.817s] -- Installing: /home/roy/odri_dev/workspace/install/reactive_planners/bin/demo_reactive_planners_re_split_dcm
[29.817s] -- Installing: /home/roy/odri_dev/workspace/install/reactive_planners/bin/demo_reactive_planners_split_dcm_uneven_terrain
[29.817s] -- Installing: /home/roy/odri_dev/workspace/install/reactive_planners/bin/demo_reactive_planners_step_adaptation_timing_planner
[29.817s] -- Installing: /home/roy/odri_dev/workspace/install/reactive_planners/bin/demo_reactive_planners_step_adjustment
[29.818s] -- Installing: /home/roy/odri_dev/workspace/install/reactive_planners/lib/python3.8/site-packages/reactive_planners_cpp.cpython-38-x86_64-linux-gnu.so
[29.818s] -- Set runtime path of "/home/roy/odri_dev/workspace/install/reactive_planners/lib/python3.8/site-packages/reactive_planners_cpp.cpython-38-x86_64-linux-gnu.so" to "/home/roy/odri_dev/workspace/install/reactive_planners/lib:/home/roy/odri_dev/workspace/install/reactive_planners/lib/dynamic_graph_plugins:/opt/openrobots/lib"
[29.818s] -- Up-to-date: /home/roy/odri_dev/workspace/install/reactive_planners/lib/python3.8/site-packages
[29.819s] -- Installing: /home/roy/odri_dev/workspace/install/reactive_planners/lib/python3.8/site-packages/reactive_planners
[29.819s] -- Installing: /home/roy/odri_dev/workspace/install/reactive_planners/lib/python3.8/site-packages/reactive_planners/dynamic_graph
[29.819s] -- Installing: /home/roy/odri_dev/workspace/install/reactive_planners/lib/python3.8/site-packages/reactive_planners/dynamic_graph/quadruped_stepper.py
[29.820s] -- Installing: /home/roy/odri_dev/workspace/install/reactive_planners/lib/python3.8/site-packages/reactive_planners/lipm_simulator.py
[29.820s] -- Installing: /home/roy/odri_dev/workspace/install/reactive_planners/lib/python3.8/site-packages/reactive_planners/demos
[29.820s] -- Installing: /home/roy/odri_dev/workspace/install/reactive_planners/lib/python3.8/site-packages/reactive_planners/demos/bolt_step_adjustment.py
[29.820s] -- Installing: /home/roy/odri_dev/workspace/install/reactive_planners/lib/python3.8/site-packages/reactive_planners/dcm_vrp_planner
[29.821s] -- Installing: /home/roy/odri_dev/workspace/install/reactive_planners/lib/python3.8/site-packages/reactive_planners/dcm_vrp_planner/planner.py
[29.821s] -- Installing: /home/roy/odri_dev/workspace/install/reactive_planners/lib/python3.8/site-packages/reactive_planners/dcm_vrp_planner/__init__.py
[29.821s] -- Installing: /home/roy/odri_dev/workspace/install/reactive_planners/lib/python3.8/site-packages/reactive_planners/dcm_vrp_planner/re_split_dcm_planner.py
[29.821s] -- Installing: /home/roy/odri_dev/workspace/install/reactive_planners/lib/python3.8/site-packages/reactive_planners/dcm_vrp_planner/uneven_terrain_planner.py
[29.821s] -- Installing: /home/roy/odri_dev/workspace/install/reactive_planners/lib/python3.8/site-packages/reactive_planners/dcm_vrp_planner/solo_step_planner.py
[29.822s] -- Installing: /home/roy/odri_dev/workspace/install/reactive_planners/lib/python3.8/site-packages/reactive_planners/__init__.py
[29.822s] -- Installing: /home/roy/odri_dev/workspace/install/reactive_planners/lib/python3.8/site-packages/reactive_planners/dcm_reactive_stepper.py
[29.822s] -- Installing: /home/roy/odri_dev/workspace/install/reactive_planners/lib/python3.8/site-packages/reactive_planners/centroidal_controller
[29.822s] -- Installing: /home/roy/odri_dev/workspace/install/reactive_planners/lib/python3.8/site-packages/reactive_planners/centroidal_controller/__init__.py
[29.822s] -- Installing: /home/roy/odri_dev/workspace/install/reactive_planners/lib/python3.8/site-packages/reactive_planners/centroidal_controller/lipm_centroidal_controller.py
[29.823s] -- Installing: /home/roy/odri_dev/workspace/install/reactive_planners/lib/python3.8/site-packages/reactive_planners/utils
[29.823s] -- Installing: /home/roy/odri_dev/workspace/install/reactive_planners/lib/python3.8/site-packages/reactive_planners/utils/terrains
[29.824s] -- Installing: /home/roy/odri_dev/workspace/install/reactive_planners/lib/python3.8/site-packages/reactive_planners/utils/terrains/stairs.urdf
[29.833s] -- Installing: /home/roy/odri_dev/workspace/install/reactive_planners/lib/python3.8/site-packages/reactive_planners/utils/__init__.py
[29.834s] -- Installing: /home/roy/odri_dev/workspace/install/reactive_planners/lib/python3.8/site-packages/reactive_planners/utils/qp_solver.py
[29.834s] -- Installing: /home/roy/odri_dev/workspace/install/reactive_planners/lib/python3.8/site-packages/reactive_planners/utils/utils.py
[29.835s] -- Installing: /home/roy/odri_dev/workspace/install/reactive_planners/lib/python3.8/site-packages/reactive_planners/utils/trajectory_generator.py
[29.835s] -- Installing: /home/roy/odri_dev/workspace/install/reactive_planners/lib/python3.8/site-packages/reactive_planners/utils/solo_state_estimator.py
[29.836s] -- Installing: /home/roy/odri_dev/workspace/install/reactive_planners/lib/libreactive_planners.so
[29.836s] -- Set runtime path of "/home/roy/odri_dev/workspace/install/reactive_planners/lib/libreactive_planners.so" to "/home/roy/odri_dev/workspace/install/reactive_planners/lib:/home/roy/odri_dev/workspace/install/reactive_planners/lib/dynamic_graph_plugins:/opt/openrobots/lib"
[29.836s] -- Installing: /home/roy/odri_dev/workspace/install/reactive_planners/share/reactive_planners/cmake/reactive_plannersConfig.cmake
[29.837s] Invoked command in '/home/roy/odri_dev/workspace/build/reactive_planners' returned '0': CMAKE_PREFIX_PATH=/home/roy/odri_dev/workspace/install/yaml_utils:/home/roy/odri_dev/workspace/install/real_time_tools:/home/roy/odri_dev/workspace/install/pybind11:/home/roy/odri_dev/workspace/install/mpi_cmake_modules:/home/roy/odri_dev/workspace/install/googletest-distribution:/opt/openrobots:/opt/openrobots:/opt/openrobots:/opt/openrobots:/opt/openrobots LD_LIBRARY_PATH=/home/roy/odri_dev/workspace/install/real_time_tools/lib:/opt/openrobots/lib:/opt/openrobots/lib:/opt/openrobots/lib:/opt/openrobots/lib:/opt/openrobots/lib PATH=/home/roy/odri_dev/workspace/install/real_time_tools/bin:/home/roy/odri_dev/workspace/install/mpi_cmake_modules/bin:${PATH} PYTHONPATH=/home/roy/odri_dev/workspace/install/real_time_tools/lib/python3.8/site-packages:/home/roy/odri_dev/workspace/install/mpi_cmake_modules/lib/python3.8/site-packages:/opt/openrobots/lib/python2.7/site-packages:/opt/openrobots/lib/python3.8/site-packages:/opt/openrobots/lib/python2.7/site-packages:/opt/openrobots/lib/python2.7/site-packages:/opt/openrobots/lib/python2.7/site-packages:/opt/openrobots/lib/python2.7/site-packages /usr/bin/cmake --install /home/roy/odri_dev/workspace/build/reactive_planners
