[0.078s] Invoking command in '/home/roy/odri_dev/workspace/build/pybind11': /usr/bin/cmake --build /home/roy/odri_dev/workspace/build/pybind11 -- -j8 -l8
[0.190s] [  4%] Built target cross_module_gil_utils
[0.194s] [  7%] [32mBuilding CXX object tests/CMakeFiles/pybind11_cross_module_tests.dir/pybind11_cross_module_tests.cpp.o[0m
[0.269s] [ 11%] [32mBuilding CXX object tests/CMakeFiles/pybind11_tests.dir/test_factory_constructors.cpp.o[0m
[0.269s] [ 11%] [32mBuilding CXX object tests/CMakeFiles/pybind11_tests.dir/test_eigen.cpp.o[0m
[0.271s] [ 14%] [32mBuilding CXX object tests/CMakeFiles/pybind11_tests.dir/test_kwargs_and_defaults.cpp.o[0m
[0.272s] [ 19%] [32mBuilding CXX object tests/CMakeFiles/pybind11_tests.dir/test_methods_and_attributes.cpp.o[0m
[0.272s] [ 19%] [32mBuilding CXX object tests/CMakeFiles/pybind11_tests.dir/test_modules.cpp.o[0m
[0.287s] [ 21%] [32mBuilding CXX object tests/CMakeFiles/pybind11_tests.dir/test_local_bindings.cpp.o[0m
[0.342s] [ 23%] [32mBuilding CXX object tests/CMakeFiles/pybind11_tests.dir/test_multiple_inheritance.cpp.o[0m
[15.524s] [ 26%] [32mBuilding CXX object tests/CMakeFiles/pybind11_tests.dir/test_numpy_array.cpp.o[0m
[16.085s] [ 28%] [32mBuilding CXX object tests/CMakeFiles/pybind11_tests.dir/test_numpy_dtypes.cpp.o[0m
[28.714s] [ 30%] [32mBuilding CXX object tests/CMakeFiles/pybind11_tests.dir/test_numpy_vectorize.cpp.o[0m
[29.035s] [ 33%] [32mBuilding CXX object tests/CMakeFiles/pybind11_tests.dir/test_opaque_types.cpp.o[0m
[29.183s] [ 35%] [32mBuilding CXX object tests/CMakeFiles/pybind11_tests.dir/test_operator_overloading.cpp.o[0m
[35.300s] [ 38%] [32mBuilding CXX object tests/CMakeFiles/pybind11_tests.dir/test_pickling.cpp.o[0m
[38.116s] [ 40%] [32mBuilding CXX object tests/CMakeFiles/pybind11_tests.dir/test_pytypes.cpp.o[0m
[41.606s] [ 42%] [32mBuilding CXX object tests/CMakeFiles/pybind11_tests.dir/test_sequences_and_iterators.cpp.o[0m
[42.159s] [ 45%] [32mBuilding CXX object tests/CMakeFiles/pybind11_tests.dir/test_smart_ptr.cpp.o[0m
[45.546s] [ 47%] [32mBuilding CXX object tests/CMakeFiles/pybind11_tests.dir/test_stl.cpp.o[0m
[46.191s] [ 50%] [32mBuilding CXX object tests/CMakeFiles/pybind11_tests.dir/test_stl_binders.cpp.o[0m
[46.235s] [ 52%] [32m[1mLinking CXX shared module /home/roy/odri_dev/workspace/src/pybind11/tests/pybind11_cross_module_tests.cpython-38-x86_64-linux-gnu.so[0m
[47.224s] [ 54%] [32mBuilding CXX object tests/CMakeFiles/pybind11_tests.dir/test_tagbased_polymorphic.cpp.o[0m
[50.853s] [ 57%] [32mBuilding CXX object tests/CMakeFiles/pybind11_tests.dir/test_union.cpp.o[0m
[51.861s] [ 59%] [32mBuilding CXX object tests/CMakeFiles/pybind11_tests.dir/test_virtual_functions.cpp.o[0m
[76.442s] [ 59%] Built target pybind11_cross_module_tests
[89.336s] [ 61%] [32m[1mLinking CXX shared module /home/roy/odri_dev/workspace/src/pybind11/tests/pybind11_tests.cpython-38-x86_64-linux-gnu.so[0m
[249.722s] ------ pybind11_tests.cpython-38-x86_64-linux-gnu.so file size: 3179136 (change of +270336 bytes = +9.29%)
[249.751s] [100%] Built target pybind11_tests
[249.779s] Invoked command in '/home/roy/odri_dev/workspace/build/pybind11' returned '0': /usr/bin/cmake --build /home/roy/odri_dev/workspace/build/pybind11 -- -j8 -l8
[249.826s] Invoking command in '/home/roy/odri_dev/workspace/build/pybind11': /usr/bin/cmake --install /home/roy/odri_dev/workspace/build/pybind11
[249.847s] -- Install configuration: "Release"
[249.848s] -- Up-to-date: /home/roy/odri_dev/workspace/install/pybind11/include/pybind11
[249.859s] -- Up-to-date: /home/roy/odri_dev/workspace/install/pybind11/include/pybind11/eval.h
[249.860s] -- Up-to-date: /home/roy/odri_dev/workspace/install/pybind11/include/pybind11/stl_bind.h
[249.860s] -- Up-to-date: /home/roy/odri_dev/workspace/install/pybind11/include/pybind11/buffer_info.h
[249.860s] -- Up-to-date: /home/roy/odri_dev/workspace/install/pybind11/include/pybind11/iostream.h
[249.860s] -- Up-to-date: /home/roy/odri_dev/workspace/install/pybind11/include/pybind11/functional.h
[249.860s] -- Up-to-date: /home/roy/odri_dev/workspace/install/pybind11/include/pybind11/options.h
[249.860s] -- Up-to-date: /home/roy/odri_dev/workspace/install/pybind11/include/pybind11/stl.h
[249.861s] -- Up-to-date: /home/roy/odri_dev/workspace/install/pybind11/include/pybind11/pybind11.h
[249.861s] -- Up-to-date: /home/roy/odri_dev/workspace/install/pybind11/include/pybind11/eigen.h
[249.861s] -- Up-to-date: /home/roy/odri_dev/workspace/install/pybind11/include/pybind11/numpy.h
[249.861s] -- Up-to-date: /home/roy/odri_dev/workspace/install/pybind11/include/pybind11/complex.h
[249.861s] -- Up-to-date: /home/roy/odri_dev/workspace/install/pybind11/include/pybind11/detail
[249.873s] -- Up-to-date: /home/roy/odri_dev/workspace/install/pybind11/include/pybind11/detail/typeid.h
[249.874s] -- Up-to-date: /home/roy/odri_dev/workspace/install/pybind11/include/pybind11/detail/internals.h
[249.874s] -- Up-to-date: /home/roy/odri_dev/workspace/install/pybind11/include/pybind11/detail/descr.h
[249.874s] -- Up-to-date: /home/roy/odri_dev/workspace/install/pybind11/include/pybind11/detail/class.h
[249.874s] -- Up-to-date: /home/roy/odri_dev/workspace/install/pybind11/include/pybind11/detail/common.h
[249.874s] -- Up-to-date: /home/roy/odri_dev/workspace/install/pybind11/include/pybind11/detail/init.h
[249.875s] -- Up-to-date: /home/roy/odri_dev/workspace/install/pybind11/include/pybind11/attr.h
[249.875s] -- Up-to-date: /home/roy/odri_dev/workspace/install/pybind11/include/pybind11/chrono.h
[249.875s] -- Up-to-date: /home/roy/odri_dev/workspace/install/pybind11/include/pybind11/cast.h
[249.875s] -- Up-to-date: /home/roy/odri_dev/workspace/install/pybind11/include/pybind11/embed.h
[249.875s] -- Up-to-date: /home/roy/odri_dev/workspace/install/pybind11/include/pybind11/common.h
[249.876s] -- Up-to-date: /home/roy/odri_dev/workspace/install/pybind11/include/pybind11/operators.h
[249.876s] -- Up-to-date: /home/roy/odri_dev/workspace/install/pybind11/include/pybind11/pytypes.h
[249.876s] -- Up-to-date: /home/roy/odri_dev/workspace/install/pybind11/share/cmake/pybind11/pybind11Config.cmake
[249.876s] -- Up-to-date: /home/roy/odri_dev/workspace/install/pybind11/share/cmake/pybind11/pybind11ConfigVersion.cmake
[249.876s] -- Up-to-date: /home/roy/odri_dev/workspace/install/pybind11/share/cmake/pybind11/FindPythonLibsNew.cmake
[249.876s] -- Up-to-date: /home/roy/odri_dev/workspace/install/pybind11/share/cmake/pybind11/pybind11Tools.cmake
[249.877s] -- Up-to-date: /home/roy/odri_dev/workspace/install/pybind11/share/cmake/pybind11/pybind11Targets.cmake
[249.890s] Invoked command in '/home/roy/odri_dev/workspace/build/pybind11' returned '0': /usr/bin/cmake --install /home/roy/odri_dev/workspace/build/pybind11
