[0.038s] Invoking command in '/home/roy/odri_dev/workspace/build/pybind11': /usr/bin/cmake --build /home/roy/odri_dev/workspace/build/pybind11 -- -j8 -l8
[0.099s] [  4%] Built target pybind11_cross_module_tests
[0.105s] [  9%] Built target cross_module_gil_utils
[0.132s] [ 12%] [32m[1mLinking CXX shared module /home/roy/odri_dev/workspace/src/pybind11/tests/pybind11_tests.cpython-38-x86_64-linux-gnu.so[0m
[60.705s] ------ pybind11_tests.cpython-38-x86_64-linux-gnu.so file size: 2908800
[60.727s] [100%] Built target pybind11_tests
[60.739s] Invoked command in '/home/roy/odri_dev/workspace/build/pybind11' returned '0': /usr/bin/cmake --build /home/roy/odri_dev/workspace/build/pybind11 -- -j8 -l8
[60.781s] Invoking command in '/home/roy/odri_dev/workspace/build/pybind11': /usr/bin/cmake --install /home/roy/odri_dev/workspace/build/pybind11
[60.795s] -- Install configuration: "Release"
[60.795s] -- Installing: /home/roy/odri_dev/workspace/install/pybind11/include/pybind11
[60.796s] -- Installing: /home/roy/odri_dev/workspace/install/pybind11/include/pybind11/eval.h
[60.796s] -- Installing: /home/roy/odri_dev/workspace/install/pybind11/include/pybind11/stl_bind.h
[60.796s] -- Installing: /home/roy/odri_dev/workspace/install/pybind11/include/pybind11/buffer_info.h
[60.797s] -- Installing: /home/roy/odri_dev/workspace/install/pybind11/include/pybind11/iostream.h
[60.797s] -- Installing: /home/roy/odri_dev/workspace/install/pybind11/include/pybind11/functional.h
[60.797s] -- Installing: /home/roy/odri_dev/workspace/install/pybind11/include/pybind11/options.h
[60.797s] -- Installing: /home/roy/odri_dev/workspace/install/pybind11/include/pybind11/stl.h
[60.797s] -- Installing: /home/roy/odri_dev/workspace/install/pybind11/include/pybind11/pybind11.h
[60.798s] -- Installing: /home/roy/odri_dev/workspace/install/pybind11/include/pybind11/eigen.h
[60.798s] -- Installing: /home/roy/odri_dev/workspace/install/pybind11/include/pybind11/numpy.h
[60.798s] -- Installing: /home/roy/odri_dev/workspace/install/pybind11/include/pybind11/complex.h
[60.798s] -- Installing: /home/roy/odri_dev/workspace/install/pybind11/include/pybind11/detail
[60.799s] -- Installing: /home/roy/odri_dev/workspace/install/pybind11/include/pybind11/detail/typeid.h
[60.799s] -- Installing: /home/roy/odri_dev/workspace/install/pybind11/include/pybind11/detail/internals.h
[60.799s] -- Installing: /home/roy/odri_dev/workspace/install/pybind11/include/pybind11/detail/descr.h
[60.799s] -- Installing: /home/roy/odri_dev/workspace/install/pybind11/include/pybind11/detail/class.h
[60.799s] -- Installing: /home/roy/odri_dev/workspace/install/pybind11/include/pybind11/detail/common.h
[60.799s] -- Installing: /home/roy/odri_dev/workspace/install/pybind11/include/pybind11/detail/init.h
[60.800s] -- Installing: /home/roy/odri_dev/workspace/install/pybind11/include/pybind11/attr.h
[60.800s] -- Installing: /home/roy/odri_dev/workspace/install/pybind11/include/pybind11/chrono.h
[60.800s] -- Installing: /home/roy/odri_dev/workspace/install/pybind11/include/pybind11/cast.h
[60.800s] -- Installing: /home/roy/odri_dev/workspace/install/pybind11/include/pybind11/embed.h
[60.801s] -- Installing: /home/roy/odri_dev/workspace/install/pybind11/include/pybind11/common.h
[60.801s] -- Installing: /home/roy/odri_dev/workspace/install/pybind11/include/pybind11/operators.h
[60.817s] -- Installing: /home/roy/odri_dev/workspace/install/pybind11/include/pybind11/pytypes.h
[60.818s] -- Installing: /home/roy/odri_dev/workspace/install/pybind11/share/cmake/pybind11/pybind11Config.cmake
[60.818s] -- Installing: /home/roy/odri_dev/workspace/install/pybind11/share/cmake/pybind11/pybind11ConfigVersion.cmake
[60.825s] -- Installing: /home/roy/odri_dev/workspace/install/pybind11/share/cmake/pybind11/FindPythonLibsNew.cmake
[60.825s] -- Installing: /home/roy/odri_dev/workspace/install/pybind11/share/cmake/pybind11/pybind11Tools.cmake
[60.826s] -- Installing: /home/roy/odri_dev/workspace/install/pybind11/share/cmake/pybind11/pybind11Targets.cmake
[60.826s] Invoked command in '/home/roy/odri_dev/workspace/build/pybind11' returned '0': /usr/bin/cmake --install /home/roy/odri_dev/workspace/build/pybind11
