[0.038s] Invoking command in '/home/roy/odri_dev/workspace/build/pybind11': /usr/bin/cmake --build /home/roy/odri_dev/workspace/build/pybind11 -- -j8 -l8
[0.112s] [  4%] Built target pybind11_cross_module_tests
[0.115s] [  9%] Built target cross_module_gil_utils
[0.140s] [100%] Built target pybind11_tests
[0.231s] Invoked command in '/home/roy/odri_dev/workspace/build/pybind11' returned '0': /usr/bin/cmake --build /home/roy/odri_dev/workspace/build/pybind11 -- -j8 -l8
[0.501s] Invoking command in '/home/roy/odri_dev/workspace/build/pybind11': /usr/bin/cmake --install /home/roy/odri_dev/workspace/build/pybind11
[0.520s] -- Install configuration: "Release"
[0.520s] -- Up-to-date: /home/roy/odri_dev/workspace/install/pybind11/include/pybind11
[0.520s] -- Up-to-date: /home/roy/odri_dev/workspace/install/pybind11/include/pybind11/eval.h
[0.521s] -- Up-to-date: /home/roy/odri_dev/workspace/install/pybind11/include/pybind11/stl_bind.h
[0.521s] -- Up-to-date: /home/roy/odri_dev/workspace/install/pybind11/include/pybind11/buffer_info.h
[0.521s] -- Up-to-date: /home/roy/odri_dev/workspace/install/pybind11/include/pybind11/iostream.h
[0.521s] -- Up-to-date: /home/roy/odri_dev/workspace/install/pybind11/include/pybind11/functional.h
[0.521s] -- Up-to-date: /home/roy/odri_dev/workspace/install/pybind11/include/pybind11/options.h
[0.521s] -- Up-to-date: /home/roy/odri_dev/workspace/install/pybind11/include/pybind11/stl.h
[0.522s] -- Up-to-date: /home/roy/odri_dev/workspace/install/pybind11/include/pybind11/pybind11.h
[0.522s] -- Up-to-date: /home/roy/odri_dev/workspace/install/pybind11/include/pybind11/eigen.h
[0.522s] -- Up-to-date: /home/roy/odri_dev/workspace/install/pybind11/include/pybind11/numpy.h
[0.523s] -- Up-to-date: /home/roy/odri_dev/workspace/install/pybind11/include/pybind11/complex.h
[0.532s] -- Up-to-date: /home/roy/odri_dev/workspace/install/pybind11/include/pybind11/detail
[0.539s] -- Up-to-date: /home/roy/odri_dev/workspace/install/pybind11/include/pybind11/detail/typeid.h
[0.540s] -- Up-to-date: /home/roy/odri_dev/workspace/install/pybind11/include/pybind11/detail/internals.h
[0.540s] -- Up-to-date: /home/roy/odri_dev/workspace/install/pybind11/include/pybind11/detail/descr.h
[0.541s] -- Up-to-date: /home/roy/odri_dev/workspace/install/pybind11/include/pybind11/detail/class.h
[0.541s] -- Up-to-date: /home/roy/odri_dev/workspace/install/pybind11/include/pybind11/detail/common.h
[0.541s] -- Up-to-date: /home/roy/odri_dev/workspace/install/pybind11/include/pybind11/detail/init.h
[0.542s] -- Up-to-date: /home/roy/odri_dev/workspace/install/pybind11/include/pybind11/attr.h
[0.542s] -- Up-to-date: /home/roy/odri_dev/workspace/install/pybind11/include/pybind11/chrono.h
[0.543s] -- Up-to-date: /home/roy/odri_dev/workspace/install/pybind11/include/pybind11/cast.h
[0.543s] -- Up-to-date: /home/roy/odri_dev/workspace/install/pybind11/include/pybind11/embed.h
[0.543s] -- Up-to-date: /home/roy/odri_dev/workspace/install/pybind11/include/pybind11/common.h
[0.543s] -- Up-to-date: /home/roy/odri_dev/workspace/install/pybind11/include/pybind11/operators.h
[0.544s] -- Up-to-date: /home/roy/odri_dev/workspace/install/pybind11/include/pybind11/pytypes.h
[0.555s] -- Up-to-date: /home/roy/odri_dev/workspace/install/pybind11/share/cmake/pybind11/pybind11Config.cmake
[0.556s] -- Up-to-date: /home/roy/odri_dev/workspace/install/pybind11/share/cmake/pybind11/pybind11ConfigVersion.cmake
[0.556s] -- Up-to-date: /home/roy/odri_dev/workspace/install/pybind11/share/cmake/pybind11/FindPythonLibsNew.cmake
[0.557s] -- Up-to-date: /home/roy/odri_dev/workspace/install/pybind11/share/cmake/pybind11/pybind11Tools.cmake
[0.557s] -- Up-to-date: /home/roy/odri_dev/workspace/install/pybind11/share/cmake/pybind11/pybind11Targets.cmake
[0.558s] Invoked command in '/home/roy/odri_dev/workspace/build/pybind11' returned '0': /usr/bin/cmake --install /home/roy/odri_dev/workspace/build/pybind11
