[0.734s] Invoking command in '/home/roy/odri_dev/workspace/src/bullet_utils': CMAKE_PREFIX_PATH=/home/roy/odri_dev/workspace/install/mpi_cmake_modules PATH=/home/roy/odri_dev/workspace/install/mpi_cmake_modules/bin:${PATH} PYTHONPATH=/home/roy/odri_dev/workspace/install/bullet_utils/lib/python3.8/site-packages:/home/roy/odri_dev/workspace/install/mpi_cmake_modules/lib/python3.8/site-packages /usr/bin/python3 setup.py egg_info --egg-base ../../build/bullet_utils build --build-base /home/roy/odri_dev/workspace/build/bullet_utils/build install --prefix /home/roy/odri_dev/workspace/install/bullet_utils --record /home/roy/odri_dev/workspace/build/bullet_utils/install.log --single-version-externally-managed
[1.333s] running egg_info
[1.334s] writing ../../build/bullet_utils/bullet_utils.egg-info/PKG-INFO
[1.336s] writing dependency_links to ../../build/bullet_utils/bullet_utils.egg-info/dependency_links.txt
[1.337s] writing entry points to ../../build/bullet_utils/bullet_utils.egg-info/entry_points.txt
[1.338s] writing requirements to ../../build/bullet_utils/bullet_utils.egg-info/requires.txt
[1.338s] writing top-level names to ../../build/bullet_utils/bullet_utils.egg-info/top_level.txt
[1.344s] reading manifest file '../../build/bullet_utils/bullet_utils.egg-info/SOURCES.txt'
[1.346s] writing manifest file '../../build/bullet_utils/bullet_utils.egg-info/SOURCES.txt'
[1.347s] running build
[1.348s] running build_py
[2.376s] sphinx-apidoc output:
[2.376s]  Creating file /home/roy/odri_dev/workspace/build/bullet_utils/build/lib/bullet_utils/doc/bullet_utils.rst.
[2.377s] Creating file /home/roy/odri_dev/workspace/build/bullet_utils/build/lib/bullet_utils/doc/bullet_utils.resources.rst.
[2.377s] Creating file /home/roy/odri_dev/workspace/build/bullet_utils/build/lib/bullet_utils/doc/pinocchio_bullet.rst.
[2.377s] Creating file /home/roy/odri_dev/workspace/build/bullet_utils/build/lib/bullet_utils/doc/py_pinocchio_bullet.rst.
[2.377s] Creating file /home/roy/odri_dev/workspace/build/bullet_utils/build/lib/bullet_utils/doc/modules.rst.
[2.377s] 
[2.377s] sphinx-apidoc error:
[2.378s]  None
[2.378s] 
[3.788s] 
[3.789s] Extension error:
[3.789s] Could not import extension breathe (exception: No module named 'breathe')
[3.980s] sphinx-apidoc output:
[3.980s]  Running Sphinx v4.3.1
[3.980s] 
[3.980s] sphinx-apidoc error:
[3.980s]  None
[3.982s] running build_scripts
[3.983s] running install
[3.986s] running install_lib
[3.989s] copying /home/roy/odri_dev/workspace/build/bullet_utils/build/lib/bullet_utils/doc/modules.rst -> /home/roy/odri_dev/workspace/install/bullet_utils/lib/python3.8/site-packages/bullet_utils/doc
[3.990s] copying /home/roy/odri_dev/workspace/build/bullet_utils/build/lib/bullet_utils/doc/readme.md -> /home/roy/odri_dev/workspace/install/bullet_utils/lib/python3.8/site-packages/bullet_utils/doc
[3.991s] copying /home/roy/odri_dev/workspace/build/bullet_utils/build/lib/bullet_utils/doc/index.rst -> /home/roy/odri_dev/workspace/install/bullet_utils/lib/python3.8/site-packages/bullet_utils/doc
[3.992s] copying /home/roy/odri_dev/workspace/build/bullet_utils/build/lib/bullet_utils/doc/py_pinocchio_bullet.rst -> /home/roy/odri_dev/workspace/install/bullet_utils/lib/python3.8/site-packages/bullet_utils/doc
[3.992s] copying /home/roy/odri_dev/workspace/build/bullet_utils/build/lib/bullet_utils/doc/conf.py -> /home/roy/odri_dev/workspace/install/bullet_utils/lib/python3.8/site-packages/bullet_utils/doc
[3.993s] copying /home/roy/odri_dev/workspace/build/bullet_utils/build/lib/bullet_utils/doc/pinocchio_bullet.rst -> /home/roy/odri_dev/workspace/install/bullet_utils/lib/python3.8/site-packages/bullet_utils/doc
[3.994s] copying /home/roy/odri_dev/workspace/build/bullet_utils/build/lib/bullet_utils/doc/bullet_utils.resources.rst -> /home/roy/odri_dev/workspace/install/bullet_utils/lib/python3.8/site-packages/bullet_utils/doc
[3.995s] copying /home/roy/odri_dev/workspace/build/bullet_utils/build/lib/bullet_utils/doc/license.txt -> /home/roy/odri_dev/workspace/install/bullet_utils/lib/python3.8/site-packages/bullet_utils/doc
[3.996s] copying /home/roy/odri_dev/workspace/build/bullet_utils/build/lib/bullet_utils/doc/bullet_utils.rst -> /home/roy/odri_dev/workspace/install/bullet_utils/lib/python3.8/site-packages/bullet_utils/doc
[3.999s] byte-compiling /home/roy/odri_dev/workspace/install/bullet_utils/lib/python3.8/site-packages/bullet_utils/doc/conf.py to conf.cpython-38.pyc
[4.003s] running install_egg_info
[4.007s] removing '/home/roy/odri_dev/workspace/install/bullet_utils/lib/python3.8/site-packages/bullet_utils-1.0.0-py3.8.egg-info' (and everything under it)
[4.009s] Copying ../../build/bullet_utils/bullet_utils.egg-info to /home/roy/odri_dev/workspace/install/bullet_utils/lib/python3.8/site-packages/bullet_utils-1.0.0-py3.8.egg-info
[4.011s] running install_scripts
[4.048s] changing mode of /home/roy/odri_dev/workspace/install/bullet_utils/lib/bullet_utils/demo_simulate_a_robot.py to 775
[4.052s] writing list of installed files to '/home/roy/odri_dev/workspace/build/bullet_utils/install.log'
[4.141s] Invoked command in '/home/roy/odri_dev/workspace/src/bullet_utils' returned '0': CMAKE_PREFIX_PATH=/home/roy/odri_dev/workspace/install/mpi_cmake_modules PATH=/home/roy/odri_dev/workspace/install/mpi_cmake_modules/bin:${PATH} PYTHONPATH=/home/roy/odri_dev/workspace/install/bullet_utils/lib/python3.8/site-packages:/home/roy/odri_dev/workspace/install/mpi_cmake_modules/lib/python3.8/site-packages /usr/bin/python3 setup.py egg_info --egg-base ../../build/bullet_utils build --build-base /home/roy/odri_dev/workspace/build/bullet_utils/build install --prefix /home/roy/odri_dev/workspace/install/bullet_utils --record /home/roy/odri_dev/workspace/build/bullet_utils/install.log --single-version-externally-managed
