[0.062s] Invoking command in '/home/roy/odri_dev/workspace/build/real_time_tools': CMAKE_PREFIX_PATH=/home/roy/odri_dev/workspace/install/pybind11:/home/roy/odri_dev/workspace/install/mpi_cmake_modules:/home/roy/odri_dev/workspace/install/googletest-distribution:${CMAKE_PREFIX_PATH} PATH=/home/roy/odri_dev/workspace/install/mpi_cmake_modules/bin:${PATH} PYTHONPATH=/home/roy/odri_dev/workspace/install/mpi_cmake_modules/lib/python3.8/site-packages:${PYTHONPATH} /usr/bin/cmake --build /home/roy/odri_dev/workspace/build/real_time_tools -- -j8 -l8
[0.145s] -- The OS type is non-real-time
[0.354s] -- The OS type is non-real-time
[1.414s] -- Found Doxygen: /usr/bin/doxygen (found version "1.8.17") found components: doxygen dot 
[1.553s] -- Configuring done
[1.685s] -- Generating done
[1.700s] -- Build files have been written to: /home/roy/odri_dev/workspace/build/real_time_tools
[1.777s] [ 31%] Built target real_time_tools
[1.856s] [ 37%] Built target demo_checkpoint_timer
[1.856s] [ 44%] Built target demo_usb_stream_imu_3DM_GX3_25
[1.858s] [ 51%] Built target demo_realtime_strict_check
[1.862s] [ 68%] Built target real_time_tools_cpp_bindings
[1.862s] [ 72%] Built target test_real_time_tools
[1.865s] [ 86%] Built target demo_thread
[1.865s] [ 86%] Built target demo_spinner
[1.878s] [ 93%] Built target demo_realtime_check
[1.913s] [100%] Built target demo_timing
[1.937s] Invoked command in '/home/roy/odri_dev/workspace/build/real_time_tools' returned '0': CMAKE_PREFIX_PATH=/home/roy/odri_dev/workspace/install/pybind11:/home/roy/odri_dev/workspace/install/mpi_cmake_modules:/home/roy/odri_dev/workspace/install/googletest-distribution:${CMAKE_PREFIX_PATH} PATH=/home/roy/odri_dev/workspace/install/mpi_cmake_modules/bin:${PATH} PYTHONPATH=/home/roy/odri_dev/workspace/install/mpi_cmake_modules/lib/python3.8/site-packages:${PYTHONPATH} /usr/bin/cmake --build /home/roy/odri_dev/workspace/build/real_time_tools -- -j8 -l8
[2.081s] Invoking command in '/home/roy/odri_dev/workspace/build/real_time_tools': CMAKE_PREFIX_PATH=/home/roy/odri_dev/workspace/install/pybind11:/home/roy/odri_dev/workspace/install/mpi_cmake_modules:/home/roy/odri_dev/workspace/install/googletest-distribution:${CMAKE_PREFIX_PATH} PATH=/home/roy/odri_dev/workspace/install/mpi_cmake_modules/bin:${PATH} PYTHONPATH=/home/roy/odri_dev/workspace/install/mpi_cmake_modules/lib/python3.8/site-packages:${PYTHONPATH} /usr/bin/cmake --install /home/roy/odri_dev/workspace/build/real_time_tools
[2.098s] -- Install configuration: "Release"
[2.127s] -- Up-to-date: /home/roy/odri_dev/workspace/install/real_time_tools/lib/python3.8/site-packages/real_time_tools_cpp_bindings.cpython-38-x86_64-linux-gnu.so
[2.127s] -- Up-to-date: /home/roy/odri_dev/workspace/install/real_time_tools/lib/python3.8/site-packages/real_time_tools/__init__.py
[2.128s] -- Up-to-date: /home/roy/odri_dev/workspace/install/real_time_tools/include
[2.128s] -- Up-to-date: /home/roy/odri_dev/workspace/install/real_time_tools/include/real_time_tools
[2.128s] -- Up-to-date: /home/roy/odri_dev/workspace/install/real_time_tools/include/real_time_tools/usb_stream.hpp
[2.128s] -- Up-to-date: /home/roy/odri_dev/workspace/install/real_time_tools/include/real_time_tools/checkpoint_timer.hpp
[2.129s] -- Up-to-date: /home/roy/odri_dev/workspace/install/real_time_tools/include/real_time_tools/thread.hpp
[2.129s] -- Up-to-date: /home/roy/odri_dev/workspace/install/real_time_tools/include/real_time_tools/spinner.hpp
[2.129s] -- Up-to-date: /home/roy/odri_dev/workspace/install/real_time_tools/include/real_time_tools/timer.hpp
[2.129s] -- Up-to-date: /home/roy/odri_dev/workspace/install/real_time_tools/include/real_time_tools/mutex.hpp
[2.129s] -- Up-to-date: /home/roy/odri_dev/workspace/install/real_time_tools/include/real_time_tools/checkpoint_timer.hxx
[2.129s] -- Up-to-date: /home/roy/odri_dev/workspace/install/real_time_tools/include/real_time_tools/frequency_manager.hpp
[2.130s] -- Up-to-date: /home/roy/odri_dev/workspace/install/real_time_tools/include/real_time_tools/rt_mutex.hpp
[2.130s] -- Up-to-date: /home/roy/odri_dev/workspace/install/real_time_tools/include/real_time_tools/threadsafe
[2.130s] -- Up-to-date: /home/roy/odri_dev/workspace/install/real_time_tools/include/real_time_tools/threadsafe/threadsafe_object.hpp
[2.130s] -- Up-to-date: /home/roy/odri_dev/workspace/install/real_time_tools/include/real_time_tools/threadsafe/threadsafe_object.hxx
[2.130s] -- Up-to-date: /home/roy/odri_dev/workspace/install/real_time_tools/include/real_time_tools/realtime_check.hpp
[2.131s] -- Up-to-date: /home/roy/odri_dev/workspace/install/real_time_tools/include/real_time_tools/iostream.hpp
[2.131s] -- Up-to-date: /home/roy/odri_dev/workspace/install/real_time_tools/include/real_time_tools/process_manager.hpp
[2.131s] -- Up-to-date: /home/roy/odri_dev/workspace/install/real_time_tools/lib/libreal_time_tools.so
[2.132s] -- Up-to-date: /home/roy/odri_dev/workspace/install/real_time_tools/bin/demo_realtime_check
[2.133s] -- Up-to-date: /home/roy/odri_dev/workspace/install/real_time_tools/bin/demo_realtime_strict_check
[2.135s] -- Up-to-date: /home/roy/odri_dev/workspace/install/real_time_tools/bin/demo_spinner
[2.137s] -- Up-to-date: /home/roy/odri_dev/workspace/install/real_time_tools/bin/demo_timing
[2.139s] -- Up-to-date: /home/roy/odri_dev/workspace/install/real_time_tools/bin/demo_thread
[2.141s] -- Up-to-date: /home/roy/odri_dev/workspace/install/real_time_tools/bin/demo_usb_stream_imu_3DM_GX3_25
[2.143s] -- Up-to-date: /home/roy/odri_dev/workspace/install/real_time_tools/bin/demo_checkpoint_timer
[2.144s] -- Up-to-date: /home/roy/odri_dev/workspace/install/real_time_tools/share/real_time_tools/cmake/real_time_toolsConfig.cmake
[2.144s] -- Up-to-date: /home/roy/odri_dev/workspace/install/real_time_tools/share/real_time_tools/cmake/real_time_toolsConfigVersion.cmake
[2.144s] -- Up-to-date: /home/roy/odri_dev/workspace/install/real_time_tools/share/real_time_tools/cmake/real_time_toolsTargets.cmake
[2.145s] -- Installing: /home/roy/odri_dev/workspace/install/real_time_tools/share/real_time_tools/cmake/real_time_toolsTargets-release.cmake
[2.159s] Invoked command in '/home/roy/odri_dev/workspace/build/real_time_tools' returned '0': CMAKE_PREFIX_PATH=/home/roy/odri_dev/workspace/install/pybind11:/home/roy/odri_dev/workspace/install/mpi_cmake_modules:/home/roy/odri_dev/workspace/install/googletest-distribution:${CMAKE_PREFIX_PATH} PATH=/home/roy/odri_dev/workspace/install/mpi_cmake_modules/bin:${PATH} PYTHONPATH=/home/roy/odri_dev/workspace/install/mpi_cmake_modules/lib/python3.8/site-packages:${PYTHONPATH} /usr/bin/cmake --install /home/roy/odri_dev/workspace/build/real_time_tools
